<?xml version="1.0" encoding="UTF-8" ?>
<testsuite tests="18" failures="0" name="com.zl.test.sql.OrderDaoTest" time="1.321" errors="18" skipped="0">
  <properties>
    <property name="java.runtime.name" value="Java(TM) SE Runtime Environment"/>
    <property name="sun.boot.library.path" value="E:\develop\Java\jdk1.8.0_144\jre\bin"/>
    <property name="java.vm.version" value="25.144-b01"/>
    <property name="java.vm.vendor" value="Oracle Corporation"/>
    <property name="maven.multiModuleProjectDirectory" value="$M2_HOME"/>
    <property name="java.vendor.url" value="http://java.oracle.com/"/>
    <property name="path.separator" value=";"/>
    <property name="guice.disable.misplaced.annotation.check" value="true"/>
    <property name="java.vm.name" value="Java HotSpot(TM) 64-Bit Server VM"/>
    <property name="file.encoding.pkg" value="sun.io"/>
    <property name="user.script" value=""/>
    <property name="user.country" value="CN"/>
    <property name="sun.java.launcher" value="SUN_STANDARD"/>
    <property name="sun.os.patch.level" value="Service Pack 1"/>
    <property name="java.vm.specification.name" value="Java Virtual Machine Specification"/>
    <property name="user.dir" value="E:\develop\workSpaceSelf\exercise"/>
    <property name="java.runtime.version" value="1.8.0_144-b01"/>
    <property name="java.awt.graphicsenv" value="sun.awt.Win32GraphicsEnvironment"/>
    <property name="java.endorsed.dirs" value="E:\develop\Java\jdk1.8.0_144\jre\lib\endorsed"/>
    <property name="os.arch" value="amd64"/>
    <property name="java.io.tmpdir" value="C:\Users\Administrator\AppData\Local\Temp\"/>
    <property name="line.separator" value="
"/>
    <property name="java.vm.specification.vendor" value="Oracle Corporation"/>
    <property name="user.variant" value=""/>
    <property name="os.name" value="Windows 7"/>
    <property name="classworlds.conf" value="E:\company\zl\workspaces\.metadata\.plugins\org.eclipse.m2e.launching\launches\m2conf6036741683913704628.tmp"/>
    <property name="sun.jnu.encoding" value="GBK"/>
    <property name="java.library.path" value="E:\develop\Java\jdk1.8.0_144\bin;C:\Windows\Sun\Java\bin;C:\Windows\system32;C:\Windows;E:/develop/Java/jdk1.8.0_144/bin/../jre/bin/server;E:/develop/Java/jdk1.8.0_144/bin/../jre/bin;E:/develop/Java/jdk1.8.0_144/bin/../jre/lib/amd64;E:\develop\Java\jdk1.8.0_144\bin;E:\develop\LocalOrcal\app\oracle\product\11.2.0\server\bin;;E:\apache-maven-3.3.9\bin;C:\Windows\system32;C:\Windows;C:\Windows\System32\Wbem;C:\Windows\System32\WindowsPowerShell\v1.0\;E:\Program Files (x86)\MySQL\MySQL Server 5.5\bin;E:\develop\svn\bin;E:\develop\git\Git\cmd;E:\develop\git\TortoiseGit\bin;E:\develop\version_soft\svn\bin;E:\company\maven_lib\DOCS\tools;E:\develop\sts\sts-bundle\sts-3.6.3.SR1;;."/>
    <property name="java.specification.name" value="Java Platform API Specification"/>
    <property name="java.class.version" value="52.0"/>
    <property name="sun.management.compiler" value="HotSpot 64-Bit Tiered Compilers"/>
    <property name="os.version" value="6.1"/>
    <property name="user.home" value="C:\Users\Administrator"/>
    <property name="user.timezone" value="Asia/Shanghai"/>
    <property name="java.awt.printerjob" value="sun.awt.windows.WPrinterJob"/>
    <property name="java.specification.version" value="1.8"/>
    <property name="file.encoding" value="GBK"/>
    <property name="user.name" value="Administrator"/>
    <property name="java.class.path" value="E:\apache-maven-3.3.9\boot\plexus-classworlds-2.5.2.jar"/>
    <property name="java.vm.specification.version" value="1.8"/>
    <property name="sun.arch.data.model" value="64"/>
    <property name="java.home" value="E:\develop\Java\jdk1.8.0_144\jre"/>
    <property name="sun.java.command" value="org.codehaus.plexus.classworlds.launcher.Launcher -B -s E:\company\maven_lib\settings.xml install"/>
    <property name="java.specification.vendor" value="Oracle Corporation"/>
    <property name="user.language" value="zh"/>
    <property name="awt.toolkit" value="sun.awt.windows.WToolkit"/>
    <property name="java.vm.info" value="mixed mode"/>
    <property name="java.version" value="1.8.0_144"/>
    <property name="java.ext.dirs" value="E:\develop\Java\jdk1.8.0_144\jre\lib\ext;C:\Windows\Sun\Java\lib\ext"/>
    <property name="sun.boot.class.path" value="E:\develop\Java\jdk1.8.0_144\jre\lib\resources.jar;E:\develop\Java\jdk1.8.0_144\jre\lib\rt.jar;E:\develop\Java\jdk1.8.0_144\jre\lib\sunrsasign.jar;E:\develop\Java\jdk1.8.0_144\jre\lib\jsse.jar;E:\develop\Java\jdk1.8.0_144\jre\lib\jce.jar;E:\develop\Java\jdk1.8.0_144\jre\lib\charsets.jar;E:\develop\Java\jdk1.8.0_144\jre\lib\jfr.jar;E:\develop\Java\jdk1.8.0_144\jre\classes"/>
    <property name="java.vendor" value="Oracle Corporation"/>
    <property name="maven.home" value="E:\apache-maven-3.3.9"/>
    <property name="file.separator" value="\"/>
    <property name="java.vendor.url.bug" value="http://bugreport.sun.com/bugreport/"/>
    <property name="sun.cpu.endian" value="little"/>
    <property name="sun.io.unicode.encoding" value="UnicodeLittle"/>
    <property name="sun.desktop" value="windows"/>
    <property name="sun.cpu.isalist" value="amd64"/>
  </properties>
  <testcase classname="com.zl.test.sql.OrderDaoTest" name="test" time="0.099">
    <error message="Could not initialize class org.mybatis.caches.ehcache.EhcacheCache" type="java.lang.NoClassDefFoundError">java.lang.NoClassDefFoundError: Could not initialize class org.mybatis.caches.ehcache.EhcacheCache
	at java.lang.Class.forName0(Native Method)
	at java.lang.Class.forName(Class.java:348)
	at org.apache.ibatis.io.ClassLoaderWrapper.classForName(ClassLoaderWrapper.java:186)
	at org.apache.ibatis.io.ClassLoaderWrapper.classForName(ClassLoaderWrapper.java:89)
	at org.apache.ibatis.io.Resources.classForName(Resources.java:261)
	at org.apache.ibatis.type.TypeAliasRegistry.resolveAlias(TypeAliasRegistry.java:116)
	at org.apache.ibatis.builder.xml.XMLMapperBuilder.cacheElement(XMLMapperBuilder.java:202)
	at org.apache.ibatis.builder.xml.XMLMapperBuilder.configurationElement(XMLMapperBuilder.java:114)
	at org.apache.ibatis.builder.xml.XMLMapperBuilder.parse(XMLMapperBuilder.java:92)
	at org.apache.ibatis.builder.annotation.MapperAnnotationBuilder.loadXmlResource(MapperAnnotationBuilder.java:173)
	at org.apache.ibatis.builder.annotation.MapperAnnotationBuilder.parse(MapperAnnotationBuilder.java:124)
	at org.apache.ibatis.binding.MapperRegistry.addMapper(MapperRegistry.java:72)
	at org.apache.ibatis.binding.MapperRegistry.addMappers(MapperRegistry.java:97)
	at org.apache.ibatis.binding.MapperRegistry.addMappers(MapperRegistry.java:105)
	at org.apache.ibatis.session.Configuration.addMappers(Configuration.java:724)
	at org.apache.ibatis.builder.xml.XMLConfigBuilder.mapperElement(XMLConfigBuilder.java:360)
	at org.apache.ibatis.builder.xml.XMLConfigBuilder.parseConfiguration(XMLConfigBuilder.java:118)
	at org.apache.ibatis.builder.xml.XMLConfigBuilder.parse(XMLConfigBuilder.java:98)
	at org.apache.ibatis.session.SqlSessionFactoryBuilder.build(SqlSessionFactoryBuilder.java:78)
	at org.apache.ibatis.session.SqlSessionFactoryBuilder.build(SqlSessionFactoryBuilder.java:64)
	at com.zl.utils.MyBatisUtils.getnewInstance(MyBatisUtils.java:28)
	at com.zl.test.sql.OrderDaoTest.before(OrderDaoTest.java:44)
	at sun.reflect.NativeMethodAccessorImpl.invoke0(Native Method)
	at sun.reflect.NativeMethodAccessorImpl.invoke(NativeMethodAccessorImpl.java:62)
	at sun.reflect.DelegatingMethodAccessorImpl.invoke(DelegatingMethodAccessorImpl.java:43)
	at java.lang.reflect.Method.invoke(Method.java:498)
	at org.junit.runners.model.FrameworkMethod$1.runReflectiveCall(FrameworkMethod.java:45)
	at org.junit.internal.runners.model.ReflectiveCallable.run(ReflectiveCallable.java:15)
	at org.junit.runners.model.FrameworkMethod.invokeExplosively(FrameworkMethod.java:42)
	at org.junit.internal.runners.statements.RunBefores.evaluate(RunBefores.java:27)
	at org.junit.runners.ParentRunner.runLeaf(ParentRunner.java:263)
	at org.junit.runners.BlockJUnit4ClassRunner.runChild(BlockJUnit4ClassRunner.java:68)
	at org.junit.runners.BlockJUnit4ClassRunner.runChild(BlockJUnit4ClassRunner.java:47)
	at org.junit.runners.ParentRunner$3.run(ParentRunner.java:231)
	at org.junit.runners.ParentRunner$1.schedule(ParentRunner.java:60)
	at org.junit.runners.ParentRunner.runChildren(ParentRunner.java:229)
	at org.junit.runners.ParentRunner.access$000(ParentRunner.java:50)
	at org.junit.runners.ParentRunner$2.evaluate(ParentRunner.java:222)
	at org.junit.runners.ParentRunner.run(ParentRunner.java:300)
	at org.apache.maven.surefire.junit4.JUnit4Provider.execute(JUnit4Provider.java:252)
	at org.apache.maven.surefire.junit4.JUnit4Provider.executeTestSet(JUnit4Provider.java:141)
	at org.apache.maven.surefire.junit4.JUnit4Provider.invoke(JUnit4Provider.java:112)
	at sun.reflect.NativeMethodAccessorImpl.invoke0(Native Method)
	at sun.reflect.NativeMethodAccessorImpl.invoke(NativeMethodAccessorImpl.java:62)
	at sun.reflect.DelegatingMethodAccessorImpl.invoke(DelegatingMethodAccessorImpl.java:43)
	at java.lang.reflect.Method.invoke(Method.java:498)
	at org.apache.maven.surefire.util.ReflectionUtils.invokeMethodWithArray(ReflectionUtils.java:189)
	at org.apache.maven.surefire.booter.ProviderFactory$ProviderProxy.invoke(ProviderFactory.java:165)
	at org.apache.maven.surefire.booter.ProviderFactory.invokeProvider(ProviderFactory.java:85)
	at org.apache.maven.surefire.booter.ForkedBooter.runSuitesInProcess(ForkedBooter.java:115)
	at org.apache.maven.surefire.booter.ForkedBooter.main(ForkedBooter.java:75)
</error>
    <system-out>11:39:20,099 DEBUG DefaultVFS:222 - Find JAR URL: file:/E:/develop/workSpaceSelf/exercise/target/classes/com/zl/mybatis/pojo
11:39:20,099 DEBUG DefaultVFS:248 - Not a JAR: file:/E:/develop/workSpaceSelf/exercise/target/classes/com/zl/mybatis/pojo
11:39:20,104 DEBUG DefaultVFS:102 - Reader entry: Items.class
11:39:20,105 DEBUG DefaultVFS:102 - Reader entry: Orderdetail.class
11:39:20,105 DEBUG DefaultVFS:102 - Reader entry: Orders.class
11:39:20,106 DEBUG DefaultVFS:102 - Reader entry: OrdersCustom.class
11:39:20,106 DEBUG DefaultVFS:102 - Reader entry: QueryVo.class
11:39:20,107 DEBUG DefaultVFS:102 - Reader entry: User.class
11:39:20,107 DEBUG DefaultVFS:102 - Reader entry: UserAnswerRecord.class
11:39:20,107 DEBUG DefaultVFS:102 - Reader entry: UserCustom.class
11:39:20,108 DEBUG DefaultVFS:113 - Listing file:/E:/develop/workSpaceSelf/exercise/target/classes/com/zl/mybatis/pojo
11:39:20,108 DEBUG DefaultVFS:222 - Find JAR URL: file:/E:/develop/workSpaceSelf/exercise/target/classes/com/zl/mybatis/pojo/Items.class
11:39:20,109 DEBUG DefaultVFS:248 - Not a JAR: file:/E:/develop/workSpaceSelf/exercise/target/classes/com/zl/mybatis/pojo/Items.class
11:39:20,109 DEBUG DefaultVFS:102 - Reader entry: 漱壕&amp;#0;&amp;#0;&amp;#0;4&amp;#0;k&amp;#7;&amp;#0;&amp;#2;&amp;#1;&amp;#0;&amp;#25;com/zl/mybatis/pojo/Items&amp;#7;&amp;#0;&amp;#4;&amp;#1;&amp;#0;&amp;#16;java/lang/Object&amp;#7;&amp;#0;&amp;#6;&amp;#1;&amp;#0;&amp;#20;java/io/Serializable&amp;#1;&amp;#0;&amp;#2;id&amp;#1;&amp;#0;&amp;#19;Ljava/lang/Integer;&amp;#1;&amp;#0;&amp;#4;name&amp;#1;&amp;#0;&amp;#18;Ljava/lang/String;&amp;#1;&amp;#0;&amp;#5;price&amp;#1;&amp;#0;&amp;#17;Ljava/lang/Float;&amp;#1;&amp;#0;&amp;#3;pic&amp;#1;&amp;#0;
11:39:20,110 DEBUG DefaultVFS:222 - Find JAR URL: file:/E:/develop/workSpaceSelf/exercise/target/classes/com/zl/mybatis/pojo/Orderdetail.class
11:39:20,110 DEBUG DefaultVFS:248 - Not a JAR: file:/E:/develop/workSpaceSelf/exercise/target/classes/com/zl/mybatis/pojo/Orderdetail.class
11:39:20,111 DEBUG DefaultVFS:102 - Reader entry: 漱壕&amp;#0;&amp;#0;&amp;#0;4&amp;#0;K&amp;#7;&amp;#0;&amp;#2;&amp;#1;&amp;#0;&amp;#31;com/zl/mybatis/pojo/Orderdetail&amp;#7;&amp;#0;&amp;#4;&amp;#1;&amp;#0;&amp;#16;java/lang/Object&amp;#7;&amp;#0;&amp;#6;&amp;#1;&amp;#0;&amp;#20;java/io/Serializable&amp;#1;&amp;#0;&amp;#2;id&amp;#1;&amp;#0;&amp;#19;Ljava/lang/Integer;&amp;#1;&amp;#0;&amp;#8;ordersId&amp;#1;&amp;#0;&amp;#7;itemsId&amp;#1;&amp;#0;&amp;#8;itemsNum&amp;#1;&amp;#0;&amp;#5;items&amp;#1;&amp;#0;&amp;#27;Lcom/zl/mybatis/pojo/Items;&amp;#1;&amp;#0;&amp;#6;&lt;init&gt;&amp;#1;&amp;#0;&amp;#3;()V&amp;#1;&amp;#0;&amp;#4;Code
11:39:20,112 DEBUG DefaultVFS:222 - Find JAR URL: file:/E:/develop/workSpaceSelf/exercise/target/classes/com/zl/mybatis/pojo/Orders.class
11:39:20,113 DEBUG DefaultVFS:248 - Not a JAR: file:/E:/develop/workSpaceSelf/exercise/target/classes/com/zl/mybatis/pojo/Orders.class
11:39:20,113 DEBUG DefaultVFS:102 - Reader entry: 漱壕&amp;#0;&amp;#0;&amp;#0;4&amp;#0;m&amp;#7;&amp;#0;&amp;#2;&amp;#1;&amp;#0;&amp;#26;com/zl/mybatis/pojo/Orders&amp;#7;&amp;#0;&amp;#4;&amp;#1;&amp;#0;&amp;#16;java/lang/Object&amp;#7;&amp;#0;&amp;#6;&amp;#1;&amp;#0;&amp;#20;java/io/Serializable&amp;#1;&amp;#0;&amp;#2;id&amp;#1;&amp;#0;&amp;#19;Ljava/lang/Integer;&amp;#1;&amp;#0;&amp;#6;userId&amp;#1;&amp;#0;&amp;#6;number&amp;#1;&amp;#0;&amp;#18;Ljava/lang/String;&amp;#1;&amp;#0;
11:39:20,114 DEBUG DefaultVFS:222 - Find JAR URL: file:/E:/develop/workSpaceSelf/exercise/target/classes/com/zl/mybatis/pojo/OrdersCustom.class
11:39:20,115 DEBUG DefaultVFS:248 - Not a JAR: file:/E:/develop/workSpaceSelf/exercise/target/classes/com/zl/mybatis/pojo/OrdersCustom.class
11:39:20,116 DEBUG DefaultVFS:102 - Reader entry: 漱壕&amp;#0;&amp;#0;&amp;#0;4&amp;#0;&amp;#29;&amp;#7;&amp;#0;&amp;#2;&amp;#1;&amp;#0; com/zl/mybatis/pojo/OrdersCustom&amp;#7;&amp;#0;&amp;#4;&amp;#1;&amp;#0;&amp;#26;com/zl/mybatis/pojo/Orders&amp;#1;&amp;#0;&amp;#8;username&amp;#1;&amp;#0;&amp;#18;Ljava/lang/String;&amp;#1;&amp;#0;&amp;#7;address&amp;#1;&amp;#0;&amp;#6;&lt;init&gt;&amp;#1;&amp;#0;&amp;#3;()V&amp;#1;&amp;#0;&amp;#4;Code
11:39:20,116 DEBUG DefaultVFS:222 - Find JAR URL: file:/E:/develop/workSpaceSelf/exercise/target/classes/com/zl/mybatis/pojo/QueryVo.class
11:39:20,117 DEBUG DefaultVFS:248 - Not a JAR: file:/E:/develop/workSpaceSelf/exercise/target/classes/com/zl/mybatis/pojo/QueryVo.class
11:39:20,117 DEBUG DefaultVFS:102 - Reader entry: 漱壕&amp;#0;&amp;#0;&amp;#0;4&amp;#0; &amp;#7;&amp;#0;&amp;#2;&amp;#1;&amp;#0;&amp;#27;com/zl/mybatis/pojo/QueryVo&amp;#7;&amp;#0;&amp;#4;&amp;#1;&amp;#0;&amp;#16;java/lang/Object&amp;#1;&amp;#0;&amp;#4;user&amp;#1;&amp;#0;&amp;#26;Lcom/zl/mybatis/pojo/User;&amp;#1;&amp;#0;
11:39:20,118 DEBUG DefaultVFS:222 - Find JAR URL: file:/E:/develop/workSpaceSelf/exercise/target/classes/com/zl/mybatis/pojo/User.class
11:39:20,118 DEBUG DefaultVFS:248 - Not a JAR: file:/E:/develop/workSpaceSelf/exercise/target/classes/com/zl/mybatis/pojo/User.class
11:39:20,119 DEBUG DefaultVFS:102 - Reader entry: 漱壕&amp;#0;&amp;#0;&amp;#0;4&amp;#0;U&amp;#7;&amp;#0;&amp;#2;&amp;#1;&amp;#0;&amp;#24;com/zl/mybatis/pojo/User&amp;#7;&amp;#0;&amp;#4;&amp;#1;&amp;#0;&amp;#16;java/lang/Object&amp;#7;&amp;#0;&amp;#6;&amp;#1;&amp;#0;&amp;#20;java/io/Serializable&amp;#1;&amp;#0;&amp;#2;id&amp;#1;&amp;#0;&amp;#1;I&amp;#1;&amp;#0;&amp;#8;username&amp;#1;&amp;#0;&amp;#18;Ljava/lang/String;&amp;#1;&amp;#0;&amp;#3;sex&amp;#1;&amp;#0;&amp;#8;birthday&amp;#1;&amp;#0;&amp;#16;Ljava/util/Date;&amp;#1;&amp;#0;&amp;#7;address&amp;#1;&amp;#0;&amp;#6;orders&amp;#1;&amp;#0;&amp;#16;Ljava/util/List;&amp;#1;&amp;#0;	Signature&amp;#1;&amp;#0;.Ljava/util/List&lt;Lcom/zl/mybatis/pojo/Orders;&gt;;&amp;#1;&amp;#0;&amp;#6;&lt;init&gt;&amp;#1;&amp;#0;&amp;#3;()V&amp;#1;&amp;#0;&amp;#4;Code
11:39:20,120 DEBUG DefaultVFS:222 - Find JAR URL: file:/E:/develop/workSpaceSelf/exercise/target/classes/com/zl/mybatis/pojo/UserAnswerRecord.class
11:39:20,120 DEBUG DefaultVFS:248 - Not a JAR: file:/E:/develop/workSpaceSelf/exercise/target/classes/com/zl/mybatis/pojo/UserAnswerRecord.class
11:39:20,121 DEBUG DefaultVFS:102 - Reader entry: 漱壕&amp;#0;&amp;#0;&amp;#0;4&amp;#0;?&amp;#7;&amp;#0;&amp;#2;&amp;#1;&amp;#0;$com/zl/mybatis/pojo/UserAnswerRecord&amp;#7;&amp;#0;&amp;#4;&amp;#1;&amp;#0;&amp;#16;java/lang/Object&amp;#1;&amp;#0;&amp;#2;id&amp;#1;&amp;#0;&amp;#18;Ljava/lang/String;&amp;#1;&amp;#0;&amp;#7;eventid&amp;#1;&amp;#0;
11:39:20,121 DEBUG DefaultVFS:222 - Find JAR URL: file:/E:/develop/workSpaceSelf/exercise/target/classes/com/zl/mybatis/pojo/UserCustom.class
11:39:20,122 DEBUG DefaultVFS:248 - Not a JAR: file:/E:/develop/workSpaceSelf/exercise/target/classes/com/zl/mybatis/pojo/UserCustom.class
11:39:20,123 DEBUG DefaultVFS:102 - Reader entry: 漱壕&amp;#0;&amp;#0;&amp;#0;4&amp;#0;&amp;#19;&amp;#7;&amp;#0;&amp;#2;&amp;#1;&amp;#0;&amp;#30;com/zl/mybatis/pojo/UserCustom&amp;#7;&amp;#0;&amp;#4;&amp;#1;&amp;#0;&amp;#24;com/zl/mybatis/pojo/User&amp;#1;&amp;#0;&amp;#14;birthday_start&amp;#1;&amp;#0;&amp;#16;Ljava/util/Date;&amp;#1;&amp;#0;&amp;#12;birthday_end&amp;#1;&amp;#0;&amp;#6;&lt;init&gt;&amp;#1;&amp;#0;&amp;#3;()V&amp;#1;&amp;#0;&amp;#4;Code
11:39:20,123 DEBUG ResolverUtil:256 - Checking to see if class com.zl.mybatis.pojo.Items matches criteria [is assignable to Object]
11:39:20,124 DEBUG ResolverUtil:256 - Checking to see if class com.zl.mybatis.pojo.Orderdetail matches criteria [is assignable to Object]
11:39:20,124 DEBUG ResolverUtil:256 - Checking to see if class com.zl.mybatis.pojo.Orders matches criteria [is assignable to Object]
11:39:20,124 DEBUG ResolverUtil:256 - Checking to see if class com.zl.mybatis.pojo.OrdersCustom matches criteria [is assignable to Object]
11:39:20,124 DEBUG ResolverUtil:256 - Checking to see if class com.zl.mybatis.pojo.QueryVo matches criteria [is assignable to Object]
11:39:20,124 DEBUG ResolverUtil:256 - Checking to see if class com.zl.mybatis.pojo.User matches criteria [is assignable to Object]
11:39:20,124 DEBUG ResolverUtil:256 - Checking to see if class com.zl.mybatis.pojo.UserAnswerRecord matches criteria [is assignable to Object]
11:39:20,125 DEBUG ResolverUtil:256 - Checking to see if class com.zl.mybatis.pojo.UserCustom matches criteria [is assignable to Object]
11:39:20,127 DEBUG LogFactory:135 - Logging initialized using &apos;class org.apache.ibatis.logging.log4j.Log4jImpl&apos; adapter.
11:39:20,128 DEBUG PooledDataSource:316 - PooledDataSource forcefully closed/removed all connections.
11:39:20,128 DEBUG PooledDataSource:316 - PooledDataSource forcefully closed/removed all connections.
11:39:20,129 DEBUG PooledDataSource:316 - PooledDataSource forcefully closed/removed all connections.
11:39:20,129 DEBUG PooledDataSource:316 - PooledDataSource forcefully closed/removed all connections.
11:39:20,130 DEBUG DefaultVFS:222 - Find JAR URL: file:/E:/develop/workSpaceSelf/exercise/target/classes/com/zl/mybatis/dao
11:39:20,130 DEBUG DefaultVFS:248 - Not a JAR: file:/E:/develop/workSpaceSelf/exercise/target/classes/com/zl/mybatis/dao
11:39:20,131 DEBUG DefaultVFS:102 - Reader entry: OrderMapper.class
11:39:20,131 DEBUG DefaultVFS:102 - Reader entry: OrderMapper.xml
11:39:20,131 DEBUG DefaultVFS:102 - Reader entry: OrderResultTypeMapper.class
11:39:20,132 DEBUG DefaultVFS:102 - Reader entry: OrderResultTypeMapper.xml
11:39:20,132 DEBUG DefaultVFS:102 - Reader entry: PromotionMapper.class
11:39:20,132 DEBUG DefaultVFS:102 - Reader entry: PromotionMapper.xml
11:39:20,133 DEBUG DefaultVFS:102 - Reader entry: UserAnswerRecordMapper.class
11:39:20,133 DEBUG DefaultVFS:102 - Reader entry: UserAnswerRecordMapper.xml
11:39:20,134 DEBUG DefaultVFS:102 - Reader entry: UserMapper.class
11:39:20,134 DEBUG DefaultVFS:102 - Reader entry: UserMapper.xml
11:39:20,135 DEBUG DefaultVFS:113 - Listing file:/E:/develop/workSpaceSelf/exercise/target/classes/com/zl/mybatis/dao
11:39:20,135 DEBUG DefaultVFS:222 - Find JAR URL: file:/E:/develop/workSpaceSelf/exercise/target/classes/com/zl/mybatis/dao/OrderMapper.class
11:39:20,136 DEBUG DefaultVFS:248 - Not a JAR: file:/E:/develop/workSpaceSelf/exercise/target/classes/com/zl/mybatis/dao/OrderMapper.class
11:39:20,136 DEBUG DefaultVFS:102 - Reader entry: 漱壕&amp;#0;&amp;#0;&amp;#0;4&amp;#0;&amp;#17;&amp;#7;&amp;#0;&amp;#2;&amp;#1;&amp;#0;&amp;#30;com/zl/mybatis/dao/OrderMapper&amp;#7;&amp;#0;&amp;#4;&amp;#1;&amp;#0;&amp;#16;java/lang/Object&amp;#1;&amp;#0;&amp;#22;findOrderListResultMap&amp;#1;&amp;#0;&amp;#18;()Ljava/util/List;&amp;#1;&amp;#0;
11:39:20,137 DEBUG DefaultVFS:222 - Find JAR URL: file:/E:/develop/workSpaceSelf/exercise/target/classes/com/zl/mybatis/dao/OrderMapper.xml
11:39:20,137 DEBUG DefaultVFS:248 - Not a JAR: file:/E:/develop/workSpaceSelf/exercise/target/classes/com/zl/mybatis/dao/OrderMapper.xml
11:39:20,138 DEBUG DefaultVFS:102 - Reader entry: &lt;?xml version=&quot;1.0&quot; encoding=&quot;UTF-8&quot;?&gt;
11:39:20,138 DEBUG DefaultVFS:222 - Find JAR URL: file:/E:/develop/workSpaceSelf/exercise/target/classes/com/zl/mybatis/dao/OrderResultTypeMapper.class
11:39:20,139 DEBUG DefaultVFS:248 - Not a JAR: file:/E:/develop/workSpaceSelf/exercise/target/classes/com/zl/mybatis/dao/OrderResultTypeMapper.class
11:39:20,139 DEBUG DefaultVFS:102 - Reader entry: 漱壕&amp;#0;&amp;#0;&amp;#0;4&amp;#0;&amp;#14;&amp;#7;&amp;#0;&amp;#2;&amp;#1;&amp;#0;(com/zl/mybatis/dao/OrderResultTypeMapper&amp;#7;&amp;#0;&amp;#4;&amp;#1;&amp;#0;&amp;#16;java/lang/Object&amp;#1;&amp;#0;&amp;#23;findOrderListResultType&amp;#1;&amp;#0;&amp;#18;()Ljava/util/List;&amp;#1;&amp;#0;
11:39:20,140 DEBUG DefaultVFS:222 - Find JAR URL: file:/E:/develop/workSpaceSelf/exercise/target/classes/com/zl/mybatis/dao/OrderResultTypeMapper.xml
11:39:20,140 DEBUG DefaultVFS:248 - Not a JAR: file:/E:/develop/workSpaceSelf/exercise/target/classes/com/zl/mybatis/dao/OrderResultTypeMapper.xml
11:39:20,141 DEBUG DefaultVFS:102 - Reader entry: &lt;?xml version=&quot;1.0&quot; encoding=&quot;UTF-8&quot;?&gt;
11:39:20,141 DEBUG DefaultVFS:222 - Find JAR URL: file:/E:/develop/workSpaceSelf/exercise/target/classes/com/zl/mybatis/dao/PromotionMapper.class
11:39:20,142 DEBUG DefaultVFS:248 - Not a JAR: file:/E:/develop/workSpaceSelf/exercise/target/classes/com/zl/mybatis/dao/PromotionMapper.class
11:39:20,142 DEBUG DefaultVFS:102 - Reader entry: 漱壕&amp;#0;&amp;#0;&amp;#0;4&amp;#0;&amp;#19;&amp;#7;&amp;#0;&amp;#2;&amp;#1;&amp;#0;&quot;com/zl/mybatis/dao/PromotionMapper&amp;#7;&amp;#0;&amp;#4;&amp;#1;&amp;#0;&amp;#16;java/lang/Object&amp;#1;&amp;#0;
11:39:20,142 DEBUG DefaultVFS:222 - Find JAR URL: file:/E:/develop/workSpaceSelf/exercise/target/classes/com/zl/mybatis/dao/PromotionMapper.xml
11:39:20,143 DEBUG DefaultVFS:248 - Not a JAR: file:/E:/develop/workSpaceSelf/exercise/target/classes/com/zl/mybatis/dao/PromotionMapper.xml
11:39:20,143 DEBUG DefaultVFS:102 - Reader entry: &lt;?xml version=&quot;1.0&quot; encoding=&quot;UTF-8&quot;?&gt;
11:39:20,144 DEBUG DefaultVFS:222 - Find JAR URL: file:/E:/develop/workSpaceSelf/exercise/target/classes/com/zl/mybatis/dao/UserAnswerRecordMapper.class
11:39:20,144 DEBUG DefaultVFS:248 - Not a JAR: file:/E:/develop/workSpaceSelf/exercise/target/classes/com/zl/mybatis/dao/UserAnswerRecordMapper.class
11:39:20,145 DEBUG DefaultVFS:102 - Reader entry: 漱壕&amp;#0;&amp;#0;&amp;#0;4&amp;#0;&amp;#20;&amp;#7;&amp;#0;&amp;#2;&amp;#1;&amp;#0;)com/zl/mybatis/dao/UserAnswerRecordMapper&amp;#7;&amp;#0;&amp;#4;&amp;#1;&amp;#0;&amp;#16;java/lang/Object&amp;#1;&amp;#0;&amp;#23;getUserAnswerRecordList&amp;#1;&amp;#0;;(Lcom/zl/mybatis/entity/UserAnswerQueryVo;)Ljava/util/List;&amp;#1;&amp;#0;	Signature&amp;#1;&amp;#0;c(Lcom/zl/mybatis/entity/UserAnswerQueryVo;)Ljava/util/List&lt;Lcom/zl/mybatis/pojo/UserAnswerRecord;&gt;;&amp;#1;&amp;#0;&amp;#22;delAnswerEvertRuleById&amp;#1;&amp;#0;&amp;#21;(Ljava/lang/String;)I&amp;#1;&amp;#0;&amp;#25;selectAnswerEvertRuleById&amp;#1;&amp;#0;$(Ljava/lang/String;)Ljava/util/List;&amp;#1;&amp;#0;9(Ljava/lang/String;)Ljava/util/List&lt;Ljava/lang/Integer;&gt;;&amp;#1;&amp;#0;&amp;#23;delAnswerEventConfnById&amp;#1;&amp;#0;&amp;#24;getUserAnswerRecordList1&amp;#1;&amp;#0;&amp;#15;insertRdoEnitiy&amp;#1;&amp;#0;&apos;(Lcom/zl/mybatis/entity/RdoOrderInfo;)V&amp;#1;&amp;#0;
11:39:20,146 DEBUG DefaultVFS:222 - Find JAR URL: file:/E:/develop/workSpaceSelf/exercise/target/classes/com/zl/mybatis/dao/UserAnswerRecordMapper.xml
11:39:20,146 DEBUG DefaultVFS:248 - Not a JAR: file:/E:/develop/workSpaceSelf/exercise/target/classes/com/zl/mybatis/dao/UserAnswerRecordMapper.xml
11:39:20,147 DEBUG DefaultVFS:102 - Reader entry: &lt;?xml version=&quot;1.0&quot; encoding=&quot;UTF-8&quot;?&gt;
11:39:20,147 DEBUG DefaultVFS:222 - Find JAR URL: file:/E:/develop/workSpaceSelf/exercise/target/classes/com/zl/mybatis/dao/UserMapper.class
11:39:20,147 DEBUG DefaultVFS:248 - Not a JAR: file:/E:/develop/workSpaceSelf/exercise/target/classes/com/zl/mybatis/dao/UserMapper.class
11:39:20,148 DEBUG DefaultVFS:102 - Reader entry: 漱壕&amp;#0;&amp;#0;&amp;#0;4&amp;#0; &amp;#7;&amp;#0;&amp;#2;&amp;#1;&amp;#0;&amp;#29;com/zl/mybatis/dao/UserMapper&amp;#7;&amp;#0;&amp;#4;&amp;#1;&amp;#0;&amp;#16;java/lang/Object&amp;#1;&amp;#0;&amp;#11;getUserById&amp;#1;&amp;#0;&amp;#29;(I)Lcom/zl/mybatis/pojo/User;&amp;#1;&amp;#0;
11:39:20,149 DEBUG DefaultVFS:222 - Find JAR URL: file:/E:/develop/workSpaceSelf/exercise/target/classes/com/zl/mybatis/dao/UserMapper.xml
11:39:20,149 DEBUG DefaultVFS:248 - Not a JAR: file:/E:/develop/workSpaceSelf/exercise/target/classes/com/zl/mybatis/dao/UserMapper.xml
11:39:20,149 DEBUG DefaultVFS:102 - Reader entry: &lt;?xml version=&quot;1.0&quot; encoding=&quot;UTF-8&quot;?&gt;
11:39:20,150 DEBUG ResolverUtil:256 - Checking to see if class com.zl.mybatis.dao.OrderMapper matches criteria [is assignable to Object]
11:39:20,151 DEBUG ResolverUtil:256 - Checking to see if class com.zl.mybatis.dao.OrderResultTypeMapper matches criteria [is assignable to Object]
11:39:20,151 DEBUG ResolverUtil:256 - Checking to see if class com.zl.mybatis.dao.PromotionMapper matches criteria [is assignable to Object]
11:39:20,151 DEBUG ResolverUtil:256 - Checking to see if class com.zl.mybatis.dao.UserAnswerRecordMapper matches criteria [is assignable to Object]
11:39:20,152 DEBUG ResolverUtil:256 - Checking to see if class com.zl.mybatis.dao.UserMapper matches criteria [is assignable to Object]
</system-out>
  </testcase>
  <testcase classname="com.zl.test.sql.OrderDaoTest" name="test22" time="0.078">
    <error message="Could not initialize class org.mybatis.caches.ehcache.EhcacheCache" type="java.lang.NoClassDefFoundError">java.lang.NoClassDefFoundError: Could not initialize class org.mybatis.caches.ehcache.EhcacheCache
	at java.lang.Class.forName0(Native Method)
	at java.lang.Class.forName(Class.java:348)
	at org.apache.ibatis.io.ClassLoaderWrapper.classForName(ClassLoaderWrapper.java:186)
	at org.apache.ibatis.io.ClassLoaderWrapper.classForName(ClassLoaderWrapper.java:89)
	at org.apache.ibatis.io.Resources.classForName(Resources.java:261)
	at org.apache.ibatis.type.TypeAliasRegistry.resolveAlias(TypeAliasRegistry.java:116)
	at org.apache.ibatis.builder.xml.XMLMapperBuilder.cacheElement(XMLMapperBuilder.java:202)
	at org.apache.ibatis.builder.xml.XMLMapperBuilder.configurationElement(XMLMapperBuilder.java:114)
	at org.apache.ibatis.builder.xml.XMLMapperBuilder.parse(XMLMapperBuilder.java:92)
	at org.apache.ibatis.builder.annotation.MapperAnnotationBuilder.loadXmlResource(MapperAnnotationBuilder.java:173)
	at org.apache.ibatis.builder.annotation.MapperAnnotationBuilder.parse(MapperAnnotationBuilder.java:124)
	at org.apache.ibatis.binding.MapperRegistry.addMapper(MapperRegistry.java:72)
	at org.apache.ibatis.binding.MapperRegistry.addMappers(MapperRegistry.java:97)
	at org.apache.ibatis.binding.MapperRegistry.addMappers(MapperRegistry.java:105)
	at org.apache.ibatis.session.Configuration.addMappers(Configuration.java:724)
	at org.apache.ibatis.builder.xml.XMLConfigBuilder.mapperElement(XMLConfigBuilder.java:360)
	at org.apache.ibatis.builder.xml.XMLConfigBuilder.parseConfiguration(XMLConfigBuilder.java:118)
	at org.apache.ibatis.builder.xml.XMLConfigBuilder.parse(XMLConfigBuilder.java:98)
	at org.apache.ibatis.session.SqlSessionFactoryBuilder.build(SqlSessionFactoryBuilder.java:78)
	at org.apache.ibatis.session.SqlSessionFactoryBuilder.build(SqlSessionFactoryBuilder.java:64)
	at com.zl.utils.MyBatisUtils.getnewInstance(MyBatisUtils.java:28)
	at com.zl.test.sql.OrderDaoTest.before(OrderDaoTest.java:44)
	at sun.reflect.NativeMethodAccessorImpl.invoke0(Native Method)
	at sun.reflect.NativeMethodAccessorImpl.invoke(NativeMethodAccessorImpl.java:62)
	at sun.reflect.DelegatingMethodAccessorImpl.invoke(DelegatingMethodAccessorImpl.java:43)
	at java.lang.reflect.Method.invoke(Method.java:498)
	at org.junit.runners.model.FrameworkMethod$1.runReflectiveCall(FrameworkMethod.java:45)
	at org.junit.internal.runners.model.ReflectiveCallable.run(ReflectiveCallable.java:15)
	at org.junit.runners.model.FrameworkMethod.invokeExplosively(FrameworkMethod.java:42)
	at org.junit.internal.runners.statements.RunBefores.evaluate(RunBefores.java:27)
	at org.junit.runners.ParentRunner.runLeaf(ParentRunner.java:263)
	at org.junit.runners.BlockJUnit4ClassRunner.runChild(BlockJUnit4ClassRunner.java:68)
	at org.junit.runners.BlockJUnit4ClassRunner.runChild(BlockJUnit4ClassRunner.java:47)
	at org.junit.runners.ParentRunner$3.run(ParentRunner.java:231)
	at org.junit.runners.ParentRunner$1.schedule(ParentRunner.java:60)
	at org.junit.runners.ParentRunner.runChildren(ParentRunner.java:229)
	at org.junit.runners.ParentRunner.access$000(ParentRunner.java:50)
	at org.junit.runners.ParentRunner$2.evaluate(ParentRunner.java:222)
	at org.junit.runners.ParentRunner.run(ParentRunner.java:300)
	at org.apache.maven.surefire.junit4.JUnit4Provider.execute(JUnit4Provider.java:252)
	at org.apache.maven.surefire.junit4.JUnit4Provider.executeTestSet(JUnit4Provider.java:141)
	at org.apache.maven.surefire.junit4.JUnit4Provider.invoke(JUnit4Provider.java:112)
	at sun.reflect.NativeMethodAccessorImpl.invoke0(Native Method)
	at sun.reflect.NativeMethodAccessorImpl.invoke(NativeMethodAccessorImpl.java:62)
	at sun.reflect.DelegatingMethodAccessorImpl.invoke(DelegatingMethodAccessorImpl.java:43)
	at java.lang.reflect.Method.invoke(Method.java:498)
	at org.apache.maven.surefire.util.ReflectionUtils.invokeMethodWithArray(ReflectionUtils.java:189)
	at org.apache.maven.surefire.booter.ProviderFactory$ProviderProxy.invoke(ProviderFactory.java:165)
	at org.apache.maven.surefire.booter.ProviderFactory.invokeProvider(ProviderFactory.java:85)
	at org.apache.maven.surefire.booter.ForkedBooter.runSuitesInProcess(ForkedBooter.java:115)
	at org.apache.maven.surefire.booter.ForkedBooter.main(ForkedBooter.java:75)
</error>
    <system-out>11:39:20,191 DEBUG DefaultVFS:222 - Find JAR URL: file:/E:/develop/workSpaceSelf/exercise/target/classes/com/zl/mybatis/pojo
11:39:20,191 DEBUG DefaultVFS:248 - Not a JAR: file:/E:/develop/workSpaceSelf/exercise/target/classes/com/zl/mybatis/pojo
11:39:20,193 DEBUG DefaultVFS:102 - Reader entry: Items.class
11:39:20,193 DEBUG DefaultVFS:102 - Reader entry: Orderdetail.class
11:39:20,194 DEBUG DefaultVFS:102 - Reader entry: Orders.class
11:39:20,194 DEBUG DefaultVFS:102 - Reader entry: OrdersCustom.class
11:39:20,195 DEBUG DefaultVFS:102 - Reader entry: QueryVo.class
11:39:20,195 DEBUG DefaultVFS:102 - Reader entry: User.class
11:39:20,195 DEBUG DefaultVFS:102 - Reader entry: UserAnswerRecord.class
11:39:20,196 DEBUG DefaultVFS:102 - Reader entry: UserCustom.class
11:39:20,196 DEBUG DefaultVFS:113 - Listing file:/E:/develop/workSpaceSelf/exercise/target/classes/com/zl/mybatis/pojo
11:39:20,197 DEBUG DefaultVFS:222 - Find JAR URL: file:/E:/develop/workSpaceSelf/exercise/target/classes/com/zl/mybatis/pojo/Items.class
11:39:20,197 DEBUG DefaultVFS:248 - Not a JAR: file:/E:/develop/workSpaceSelf/exercise/target/classes/com/zl/mybatis/pojo/Items.class
11:39:20,197 DEBUG DefaultVFS:102 - Reader entry: 漱壕&amp;#0;&amp;#0;&amp;#0;4&amp;#0;k&amp;#7;&amp;#0;&amp;#2;&amp;#1;&amp;#0;&amp;#25;com/zl/mybatis/pojo/Items&amp;#7;&amp;#0;&amp;#4;&amp;#1;&amp;#0;&amp;#16;java/lang/Object&amp;#7;&amp;#0;&amp;#6;&amp;#1;&amp;#0;&amp;#20;java/io/Serializable&amp;#1;&amp;#0;&amp;#2;id&amp;#1;&amp;#0;&amp;#19;Ljava/lang/Integer;&amp;#1;&amp;#0;&amp;#4;name&amp;#1;&amp;#0;&amp;#18;Ljava/lang/String;&amp;#1;&amp;#0;&amp;#5;price&amp;#1;&amp;#0;&amp;#17;Ljava/lang/Float;&amp;#1;&amp;#0;&amp;#3;pic&amp;#1;&amp;#0;
11:39:20,198 DEBUG DefaultVFS:222 - Find JAR URL: file:/E:/develop/workSpaceSelf/exercise/target/classes/com/zl/mybatis/pojo/Orderdetail.class
11:39:20,198 DEBUG DefaultVFS:248 - Not a JAR: file:/E:/develop/workSpaceSelf/exercise/target/classes/com/zl/mybatis/pojo/Orderdetail.class
11:39:20,199 DEBUG DefaultVFS:102 - Reader entry: 漱壕&amp;#0;&amp;#0;&amp;#0;4&amp;#0;K&amp;#7;&amp;#0;&amp;#2;&amp;#1;&amp;#0;&amp;#31;com/zl/mybatis/pojo/Orderdetail&amp;#7;&amp;#0;&amp;#4;&amp;#1;&amp;#0;&amp;#16;java/lang/Object&amp;#7;&amp;#0;&amp;#6;&amp;#1;&amp;#0;&amp;#20;java/io/Serializable&amp;#1;&amp;#0;&amp;#2;id&amp;#1;&amp;#0;&amp;#19;Ljava/lang/Integer;&amp;#1;&amp;#0;&amp;#8;ordersId&amp;#1;&amp;#0;&amp;#7;itemsId&amp;#1;&amp;#0;&amp;#8;itemsNum&amp;#1;&amp;#0;&amp;#5;items&amp;#1;&amp;#0;&amp;#27;Lcom/zl/mybatis/pojo/Items;&amp;#1;&amp;#0;&amp;#6;&lt;init&gt;&amp;#1;&amp;#0;&amp;#3;()V&amp;#1;&amp;#0;&amp;#4;Code
11:39:20,199 DEBUG DefaultVFS:222 - Find JAR URL: file:/E:/develop/workSpaceSelf/exercise/target/classes/com/zl/mybatis/pojo/Orders.class
11:39:20,200 DEBUG DefaultVFS:248 - Not a JAR: file:/E:/develop/workSpaceSelf/exercise/target/classes/com/zl/mybatis/pojo/Orders.class
11:39:20,201 DEBUG DefaultVFS:102 - Reader entry: 漱壕&amp;#0;&amp;#0;&amp;#0;4&amp;#0;m&amp;#7;&amp;#0;&amp;#2;&amp;#1;&amp;#0;&amp;#26;com/zl/mybatis/pojo/Orders&amp;#7;&amp;#0;&amp;#4;&amp;#1;&amp;#0;&amp;#16;java/lang/Object&amp;#7;&amp;#0;&amp;#6;&amp;#1;&amp;#0;&amp;#20;java/io/Serializable&amp;#1;&amp;#0;&amp;#2;id&amp;#1;&amp;#0;&amp;#19;Ljava/lang/Integer;&amp;#1;&amp;#0;&amp;#6;userId&amp;#1;&amp;#0;&amp;#6;number&amp;#1;&amp;#0;&amp;#18;Ljava/lang/String;&amp;#1;&amp;#0;
11:39:20,201 DEBUG DefaultVFS:222 - Find JAR URL: file:/E:/develop/workSpaceSelf/exercise/target/classes/com/zl/mybatis/pojo/OrdersCustom.class
11:39:20,202 DEBUG DefaultVFS:248 - Not a JAR: file:/E:/develop/workSpaceSelf/exercise/target/classes/com/zl/mybatis/pojo/OrdersCustom.class
11:39:20,202 DEBUG DefaultVFS:102 - Reader entry: 漱壕&amp;#0;&amp;#0;&amp;#0;4&amp;#0;&amp;#29;&amp;#7;&amp;#0;&amp;#2;&amp;#1;&amp;#0; com/zl/mybatis/pojo/OrdersCustom&amp;#7;&amp;#0;&amp;#4;&amp;#1;&amp;#0;&amp;#26;com/zl/mybatis/pojo/Orders&amp;#1;&amp;#0;&amp;#8;username&amp;#1;&amp;#0;&amp;#18;Ljava/lang/String;&amp;#1;&amp;#0;&amp;#7;address&amp;#1;&amp;#0;&amp;#6;&lt;init&gt;&amp;#1;&amp;#0;&amp;#3;()V&amp;#1;&amp;#0;&amp;#4;Code
11:39:20,203 DEBUG DefaultVFS:222 - Find JAR URL: file:/E:/develop/workSpaceSelf/exercise/target/classes/com/zl/mybatis/pojo/QueryVo.class
11:39:20,203 DEBUG DefaultVFS:248 - Not a JAR: file:/E:/develop/workSpaceSelf/exercise/target/classes/com/zl/mybatis/pojo/QueryVo.class
11:39:20,204 DEBUG DefaultVFS:102 - Reader entry: 漱壕&amp;#0;&amp;#0;&amp;#0;4&amp;#0; &amp;#7;&amp;#0;&amp;#2;&amp;#1;&amp;#0;&amp;#27;com/zl/mybatis/pojo/QueryVo&amp;#7;&amp;#0;&amp;#4;&amp;#1;&amp;#0;&amp;#16;java/lang/Object&amp;#1;&amp;#0;&amp;#4;user&amp;#1;&amp;#0;&amp;#26;Lcom/zl/mybatis/pojo/User;&amp;#1;&amp;#0;
11:39:20,204 DEBUG DefaultVFS:222 - Find JAR URL: file:/E:/develop/workSpaceSelf/exercise/target/classes/com/zl/mybatis/pojo/User.class
11:39:20,205 DEBUG DefaultVFS:248 - Not a JAR: file:/E:/develop/workSpaceSelf/exercise/target/classes/com/zl/mybatis/pojo/User.class
11:39:20,205 DEBUG DefaultVFS:102 - Reader entry: 漱壕&amp;#0;&amp;#0;&amp;#0;4&amp;#0;U&amp;#7;&amp;#0;&amp;#2;&amp;#1;&amp;#0;&amp;#24;com/zl/mybatis/pojo/User&amp;#7;&amp;#0;&amp;#4;&amp;#1;&amp;#0;&amp;#16;java/lang/Object&amp;#7;&amp;#0;&amp;#6;&amp;#1;&amp;#0;&amp;#20;java/io/Serializable&amp;#1;&amp;#0;&amp;#2;id&amp;#1;&amp;#0;&amp;#1;I&amp;#1;&amp;#0;&amp;#8;username&amp;#1;&amp;#0;&amp;#18;Ljava/lang/String;&amp;#1;&amp;#0;&amp;#3;sex&amp;#1;&amp;#0;&amp;#8;birthday&amp;#1;&amp;#0;&amp;#16;Ljava/util/Date;&amp;#1;&amp;#0;&amp;#7;address&amp;#1;&amp;#0;&amp;#6;orders&amp;#1;&amp;#0;&amp;#16;Ljava/util/List;&amp;#1;&amp;#0;	Signature&amp;#1;&amp;#0;.Ljava/util/List&lt;Lcom/zl/mybatis/pojo/Orders;&gt;;&amp;#1;&amp;#0;&amp;#6;&lt;init&gt;&amp;#1;&amp;#0;&amp;#3;()V&amp;#1;&amp;#0;&amp;#4;Code
11:39:20,206 DEBUG DefaultVFS:222 - Find JAR URL: file:/E:/develop/workSpaceSelf/exercise/target/classes/com/zl/mybatis/pojo/UserAnswerRecord.class
11:39:20,206 DEBUG DefaultVFS:248 - Not a JAR: file:/E:/develop/workSpaceSelf/exercise/target/classes/com/zl/mybatis/pojo/UserAnswerRecord.class
11:39:20,207 DEBUG DefaultVFS:102 - Reader entry: 漱壕&amp;#0;&amp;#0;&amp;#0;4&amp;#0;?&amp;#7;&amp;#0;&amp;#2;&amp;#1;&amp;#0;$com/zl/mybatis/pojo/UserAnswerRecord&amp;#7;&amp;#0;&amp;#4;&amp;#1;&amp;#0;&amp;#16;java/lang/Object&amp;#1;&amp;#0;&amp;#2;id&amp;#1;&amp;#0;&amp;#18;Ljava/lang/String;&amp;#1;&amp;#0;&amp;#7;eventid&amp;#1;&amp;#0;
11:39:20,208 DEBUG DefaultVFS:222 - Find JAR URL: file:/E:/develop/workSpaceSelf/exercise/target/classes/com/zl/mybatis/pojo/UserCustom.class
11:39:20,208 DEBUG DefaultVFS:248 - Not a JAR: file:/E:/develop/workSpaceSelf/exercise/target/classes/com/zl/mybatis/pojo/UserCustom.class
11:39:20,209 DEBUG DefaultVFS:102 - Reader entry: 漱壕&amp;#0;&amp;#0;&amp;#0;4&amp;#0;&amp;#19;&amp;#7;&amp;#0;&amp;#2;&amp;#1;&amp;#0;&amp;#30;com/zl/mybatis/pojo/UserCustom&amp;#7;&amp;#0;&amp;#4;&amp;#1;&amp;#0;&amp;#24;com/zl/mybatis/pojo/User&amp;#1;&amp;#0;&amp;#14;birthday_start&amp;#1;&amp;#0;&amp;#16;Ljava/util/Date;&amp;#1;&amp;#0;&amp;#12;birthday_end&amp;#1;&amp;#0;&amp;#6;&lt;init&gt;&amp;#1;&amp;#0;&amp;#3;()V&amp;#1;&amp;#0;&amp;#4;Code
11:39:20,209 DEBUG ResolverUtil:256 - Checking to see if class com.zl.mybatis.pojo.Items matches criteria [is assignable to Object]
11:39:20,209 DEBUG ResolverUtil:256 - Checking to see if class com.zl.mybatis.pojo.Orderdetail matches criteria [is assignable to Object]
11:39:20,210 DEBUG ResolverUtil:256 - Checking to see if class com.zl.mybatis.pojo.Orders matches criteria [is assignable to Object]
11:39:20,210 DEBUG ResolverUtil:256 - Checking to see if class com.zl.mybatis.pojo.OrdersCustom matches criteria [is assignable to Object]
11:39:20,210 DEBUG ResolverUtil:256 - Checking to see if class com.zl.mybatis.pojo.QueryVo matches criteria [is assignable to Object]
11:39:20,210 DEBUG ResolverUtil:256 - Checking to see if class com.zl.mybatis.pojo.User matches criteria [is assignable to Object]
11:39:20,210 DEBUG ResolverUtil:256 - Checking to see if class com.zl.mybatis.pojo.UserAnswerRecord matches criteria [is assignable to Object]
11:39:20,211 DEBUG ResolverUtil:256 - Checking to see if class com.zl.mybatis.pojo.UserCustom matches criteria [is assignable to Object]
11:39:20,212 DEBUG LogFactory:135 - Logging initialized using &apos;class org.apache.ibatis.logging.log4j.Log4jImpl&apos; adapter.
11:39:20,214 DEBUG PooledDataSource:316 - PooledDataSource forcefully closed/removed all connections.
11:39:20,214 DEBUG PooledDataSource:316 - PooledDataSource forcefully closed/removed all connections.
11:39:20,215 DEBUG PooledDataSource:316 - PooledDataSource forcefully closed/removed all connections.
11:39:20,215 DEBUG PooledDataSource:316 - PooledDataSource forcefully closed/removed all connections.
11:39:20,216 DEBUG DefaultVFS:222 - Find JAR URL: file:/E:/develop/workSpaceSelf/exercise/target/classes/com/zl/mybatis/dao
11:39:20,216 DEBUG DefaultVFS:248 - Not a JAR: file:/E:/develop/workSpaceSelf/exercise/target/classes/com/zl/mybatis/dao
11:39:20,218 DEBUG DefaultVFS:102 - Reader entry: OrderMapper.class
11:39:20,218 DEBUG DefaultVFS:102 - Reader entry: OrderMapper.xml
11:39:20,218 DEBUG DefaultVFS:102 - Reader entry: OrderResultTypeMapper.class
11:39:20,219 DEBUG DefaultVFS:102 - Reader entry: OrderResultTypeMapper.xml
11:39:20,219 DEBUG DefaultVFS:102 - Reader entry: PromotionMapper.class
11:39:20,220 DEBUG DefaultVFS:102 - Reader entry: PromotionMapper.xml
11:39:20,220 DEBUG DefaultVFS:102 - Reader entry: UserAnswerRecordMapper.class
11:39:20,220 DEBUG DefaultVFS:102 - Reader entry: UserAnswerRecordMapper.xml
11:39:20,221 DEBUG DefaultVFS:102 - Reader entry: UserMapper.class
11:39:20,221 DEBUG DefaultVFS:102 - Reader entry: UserMapper.xml
11:39:20,222 DEBUG DefaultVFS:113 - Listing file:/E:/develop/workSpaceSelf/exercise/target/classes/com/zl/mybatis/dao
11:39:20,222 DEBUG DefaultVFS:222 - Find JAR URL: file:/E:/develop/workSpaceSelf/exercise/target/classes/com/zl/mybatis/dao/OrderMapper.class
11:39:20,223 DEBUG DefaultVFS:248 - Not a JAR: file:/E:/develop/workSpaceSelf/exercise/target/classes/com/zl/mybatis/dao/OrderMapper.class
11:39:20,223 DEBUG DefaultVFS:102 - Reader entry: 漱壕&amp;#0;&amp;#0;&amp;#0;4&amp;#0;&amp;#17;&amp;#7;&amp;#0;&amp;#2;&amp;#1;&amp;#0;&amp;#30;com/zl/mybatis/dao/OrderMapper&amp;#7;&amp;#0;&amp;#4;&amp;#1;&amp;#0;&amp;#16;java/lang/Object&amp;#1;&amp;#0;&amp;#22;findOrderListResultMap&amp;#1;&amp;#0;&amp;#18;()Ljava/util/List;&amp;#1;&amp;#0;
11:39:20,224 DEBUG DefaultVFS:222 - Find JAR URL: file:/E:/develop/workSpaceSelf/exercise/target/classes/com/zl/mybatis/dao/OrderMapper.xml
11:39:20,224 DEBUG DefaultVFS:248 - Not a JAR: file:/E:/develop/workSpaceSelf/exercise/target/classes/com/zl/mybatis/dao/OrderMapper.xml
11:39:20,225 DEBUG DefaultVFS:102 - Reader entry: &lt;?xml version=&quot;1.0&quot; encoding=&quot;UTF-8&quot;?&gt;
11:39:20,225 DEBUG DefaultVFS:222 - Find JAR URL: file:/E:/develop/workSpaceSelf/exercise/target/classes/com/zl/mybatis/dao/OrderResultTypeMapper.class
11:39:20,225 DEBUG DefaultVFS:248 - Not a JAR: file:/E:/develop/workSpaceSelf/exercise/target/classes/com/zl/mybatis/dao/OrderResultTypeMapper.class
11:39:20,226 DEBUG DefaultVFS:102 - Reader entry: 漱壕&amp;#0;&amp;#0;&amp;#0;4&amp;#0;&amp;#14;&amp;#7;&amp;#0;&amp;#2;&amp;#1;&amp;#0;(com/zl/mybatis/dao/OrderResultTypeMapper&amp;#7;&amp;#0;&amp;#4;&amp;#1;&amp;#0;&amp;#16;java/lang/Object&amp;#1;&amp;#0;&amp;#23;findOrderListResultType&amp;#1;&amp;#0;&amp;#18;()Ljava/util/List;&amp;#1;&amp;#0;
11:39:20,226 DEBUG DefaultVFS:222 - Find JAR URL: file:/E:/develop/workSpaceSelf/exercise/target/classes/com/zl/mybatis/dao/OrderResultTypeMapper.xml
11:39:20,227 DEBUG DefaultVFS:248 - Not a JAR: file:/E:/develop/workSpaceSelf/exercise/target/classes/com/zl/mybatis/dao/OrderResultTypeMapper.xml
11:39:20,227 DEBUG DefaultVFS:102 - Reader entry: &lt;?xml version=&quot;1.0&quot; encoding=&quot;UTF-8&quot;?&gt;
11:39:20,228 DEBUG DefaultVFS:222 - Find JAR URL: file:/E:/develop/workSpaceSelf/exercise/target/classes/com/zl/mybatis/dao/PromotionMapper.class
11:39:20,228 DEBUG DefaultVFS:248 - Not a JAR: file:/E:/develop/workSpaceSelf/exercise/target/classes/com/zl/mybatis/dao/PromotionMapper.class
11:39:20,228 DEBUG DefaultVFS:102 - Reader entry: 漱壕&amp;#0;&amp;#0;&amp;#0;4&amp;#0;&amp;#19;&amp;#7;&amp;#0;&amp;#2;&amp;#1;&amp;#0;&quot;com/zl/mybatis/dao/PromotionMapper&amp;#7;&amp;#0;&amp;#4;&amp;#1;&amp;#0;&amp;#16;java/lang/Object&amp;#1;&amp;#0;
11:39:20,229 DEBUG DefaultVFS:222 - Find JAR URL: file:/E:/develop/workSpaceSelf/exercise/target/classes/com/zl/mybatis/dao/PromotionMapper.xml
11:39:20,229 DEBUG DefaultVFS:248 - Not a JAR: file:/E:/develop/workSpaceSelf/exercise/target/classes/com/zl/mybatis/dao/PromotionMapper.xml
11:39:20,229 DEBUG DefaultVFS:102 - Reader entry: &lt;?xml version=&quot;1.0&quot; encoding=&quot;UTF-8&quot;?&gt;
11:39:20,229 DEBUG DefaultVFS:222 - Find JAR URL: file:/E:/develop/workSpaceSelf/exercise/target/classes/com/zl/mybatis/dao/UserAnswerRecordMapper.class
11:39:20,230 DEBUG DefaultVFS:248 - Not a JAR: file:/E:/develop/workSpaceSelf/exercise/target/classes/com/zl/mybatis/dao/UserAnswerRecordMapper.class
11:39:20,230 DEBUG DefaultVFS:102 - Reader entry: 漱壕&amp;#0;&amp;#0;&amp;#0;4&amp;#0;&amp;#20;&amp;#7;&amp;#0;&amp;#2;&amp;#1;&amp;#0;)com/zl/mybatis/dao/UserAnswerRecordMapper&amp;#7;&amp;#0;&amp;#4;&amp;#1;&amp;#0;&amp;#16;java/lang/Object&amp;#1;&amp;#0;&amp;#23;getUserAnswerRecordList&amp;#1;&amp;#0;;(Lcom/zl/mybatis/entity/UserAnswerQueryVo;)Ljava/util/List;&amp;#1;&amp;#0;	Signature&amp;#1;&amp;#0;c(Lcom/zl/mybatis/entity/UserAnswerQueryVo;)Ljava/util/List&lt;Lcom/zl/mybatis/pojo/UserAnswerRecord;&gt;;&amp;#1;&amp;#0;&amp;#22;delAnswerEvertRuleById&amp;#1;&amp;#0;&amp;#21;(Ljava/lang/String;)I&amp;#1;&amp;#0;&amp;#25;selectAnswerEvertRuleById&amp;#1;&amp;#0;$(Ljava/lang/String;)Ljava/util/List;&amp;#1;&amp;#0;9(Ljava/lang/String;)Ljava/util/List&lt;Ljava/lang/Integer;&gt;;&amp;#1;&amp;#0;&amp;#23;delAnswerEventConfnById&amp;#1;&amp;#0;&amp;#24;getUserAnswerRecordList1&amp;#1;&amp;#0;&amp;#15;insertRdoEnitiy&amp;#1;&amp;#0;&apos;(Lcom/zl/mybatis/entity/RdoOrderInfo;)V&amp;#1;&amp;#0;
11:39:20,231 DEBUG DefaultVFS:222 - Find JAR URL: file:/E:/develop/workSpaceSelf/exercise/target/classes/com/zl/mybatis/dao/UserAnswerRecordMapper.xml
11:39:20,231 DEBUG DefaultVFS:248 - Not a JAR: file:/E:/develop/workSpaceSelf/exercise/target/classes/com/zl/mybatis/dao/UserAnswerRecordMapper.xml
11:39:20,231 DEBUG DefaultVFS:102 - Reader entry: &lt;?xml version=&quot;1.0&quot; encoding=&quot;UTF-8&quot;?&gt;
11:39:20,232 DEBUG DefaultVFS:222 - Find JAR URL: file:/E:/develop/workSpaceSelf/exercise/target/classes/com/zl/mybatis/dao/UserMapper.class
11:39:20,232 DEBUG DefaultVFS:248 - Not a JAR: file:/E:/develop/workSpaceSelf/exercise/target/classes/com/zl/mybatis/dao/UserMapper.class
11:39:20,233 DEBUG DefaultVFS:102 - Reader entry: 漱壕&amp;#0;&amp;#0;&amp;#0;4&amp;#0; &amp;#7;&amp;#0;&amp;#2;&amp;#1;&amp;#0;&amp;#29;com/zl/mybatis/dao/UserMapper&amp;#7;&amp;#0;&amp;#4;&amp;#1;&amp;#0;&amp;#16;java/lang/Object&amp;#1;&amp;#0;&amp;#11;getUserById&amp;#1;&amp;#0;&amp;#29;(I)Lcom/zl/mybatis/pojo/User;&amp;#1;&amp;#0;
11:39:20,234 DEBUG DefaultVFS:222 - Find JAR URL: file:/E:/develop/workSpaceSelf/exercise/target/classes/com/zl/mybatis/dao/UserMapper.xml
11:39:20,234 DEBUG DefaultVFS:248 - Not a JAR: file:/E:/develop/workSpaceSelf/exercise/target/classes/com/zl/mybatis/dao/UserMapper.xml
11:39:20,235 DEBUG DefaultVFS:102 - Reader entry: &lt;?xml version=&quot;1.0&quot; encoding=&quot;UTF-8&quot;?&gt;
11:39:20,235 DEBUG ResolverUtil:256 - Checking to see if class com.zl.mybatis.dao.OrderMapper matches criteria [is assignable to Object]
11:39:20,235 DEBUG ResolverUtil:256 - Checking to see if class com.zl.mybatis.dao.OrderResultTypeMapper matches criteria [is assignable to Object]
11:39:20,236 DEBUG ResolverUtil:256 - Checking to see if class com.zl.mybatis.dao.PromotionMapper matches criteria [is assignable to Object]
11:39:20,236 DEBUG ResolverUtil:256 - Checking to see if class com.zl.mybatis.dao.UserAnswerRecordMapper matches criteria [is assignable to Object]
11:39:20,236 DEBUG ResolverUtil:256 - Checking to see if class com.zl.mybatis.dao.UserMapper matches criteria [is assignable to Object]
</system-out>
  </testcase>
  <testcase classname="com.zl.test.sql.OrderDaoTest" name="test33" time="0.081">
    <error message="Could not initialize class org.mybatis.caches.ehcache.EhcacheCache" type="java.lang.NoClassDefFoundError">java.lang.NoClassDefFoundError: Could not initialize class org.mybatis.caches.ehcache.EhcacheCache
	at java.lang.Class.forName0(Native Method)
	at java.lang.Class.forName(Class.java:348)
	at org.apache.ibatis.io.ClassLoaderWrapper.classForName(ClassLoaderWrapper.java:186)
	at org.apache.ibatis.io.ClassLoaderWrapper.classForName(ClassLoaderWrapper.java:89)
	at org.apache.ibatis.io.Resources.classForName(Resources.java:261)
	at org.apache.ibatis.type.TypeAliasRegistry.resolveAlias(TypeAliasRegistry.java:116)
	at org.apache.ibatis.builder.xml.XMLMapperBuilder.cacheElement(XMLMapperBuilder.java:202)
	at org.apache.ibatis.builder.xml.XMLMapperBuilder.configurationElement(XMLMapperBuilder.java:114)
	at org.apache.ibatis.builder.xml.XMLMapperBuilder.parse(XMLMapperBuilder.java:92)
	at org.apache.ibatis.builder.annotation.MapperAnnotationBuilder.loadXmlResource(MapperAnnotationBuilder.java:173)
	at org.apache.ibatis.builder.annotation.MapperAnnotationBuilder.parse(MapperAnnotationBuilder.java:124)
	at org.apache.ibatis.binding.MapperRegistry.addMapper(MapperRegistry.java:72)
	at org.apache.ibatis.binding.MapperRegistry.addMappers(MapperRegistry.java:97)
	at org.apache.ibatis.binding.MapperRegistry.addMappers(MapperRegistry.java:105)
	at org.apache.ibatis.session.Configuration.addMappers(Configuration.java:724)
	at org.apache.ibatis.builder.xml.XMLConfigBuilder.mapperElement(XMLConfigBuilder.java:360)
	at org.apache.ibatis.builder.xml.XMLConfigBuilder.parseConfiguration(XMLConfigBuilder.java:118)
	at org.apache.ibatis.builder.xml.XMLConfigBuilder.parse(XMLConfigBuilder.java:98)
	at org.apache.ibatis.session.SqlSessionFactoryBuilder.build(SqlSessionFactoryBuilder.java:78)
	at org.apache.ibatis.session.SqlSessionFactoryBuilder.build(SqlSessionFactoryBuilder.java:64)
	at com.zl.utils.MyBatisUtils.getnewInstance(MyBatisUtils.java:28)
	at com.zl.test.sql.OrderDaoTest.before(OrderDaoTest.java:44)
	at sun.reflect.NativeMethodAccessorImpl.invoke0(Native Method)
	at sun.reflect.NativeMethodAccessorImpl.invoke(NativeMethodAccessorImpl.java:62)
	at sun.reflect.DelegatingMethodAccessorImpl.invoke(DelegatingMethodAccessorImpl.java:43)
	at java.lang.reflect.Method.invoke(Method.java:498)
	at org.junit.runners.model.FrameworkMethod$1.runReflectiveCall(FrameworkMethod.java:45)
	at org.junit.internal.runners.model.ReflectiveCallable.run(ReflectiveCallable.java:15)
	at org.junit.runners.model.FrameworkMethod.invokeExplosively(FrameworkMethod.java:42)
	at org.junit.internal.runners.statements.RunBefores.evaluate(RunBefores.java:27)
	at org.junit.runners.ParentRunner.runLeaf(ParentRunner.java:263)
	at org.junit.runners.BlockJUnit4ClassRunner.runChild(BlockJUnit4ClassRunner.java:68)
	at org.junit.runners.BlockJUnit4ClassRunner.runChild(BlockJUnit4ClassRunner.java:47)
	at org.junit.runners.ParentRunner$3.run(ParentRunner.java:231)
	at org.junit.runners.ParentRunner$1.schedule(ParentRunner.java:60)
	at org.junit.runners.ParentRunner.runChildren(ParentRunner.java:229)
	at org.junit.runners.ParentRunner.access$000(ParentRunner.java:50)
	at org.junit.runners.ParentRunner$2.evaluate(ParentRunner.java:222)
	at org.junit.runners.ParentRunner.run(ParentRunner.java:300)
	at org.apache.maven.surefire.junit4.JUnit4Provider.execute(JUnit4Provider.java:252)
	at org.apache.maven.surefire.junit4.JUnit4Provider.executeTestSet(JUnit4Provider.java:141)
	at org.apache.maven.surefire.junit4.JUnit4Provider.invoke(JUnit4Provider.java:112)
	at sun.reflect.NativeMethodAccessorImpl.invoke0(Native Method)
	at sun.reflect.NativeMethodAccessorImpl.invoke(NativeMethodAccessorImpl.java:62)
	at sun.reflect.DelegatingMethodAccessorImpl.invoke(DelegatingMethodAccessorImpl.java:43)
	at java.lang.reflect.Method.invoke(Method.java:498)
	at org.apache.maven.surefire.util.ReflectionUtils.invokeMethodWithArray(ReflectionUtils.java:189)
	at org.apache.maven.surefire.booter.ProviderFactory$ProviderProxy.invoke(ProviderFactory.java:165)
	at org.apache.maven.surefire.booter.ProviderFactory.invokeProvider(ProviderFactory.java:85)
	at org.apache.maven.surefire.booter.ForkedBooter.runSuitesInProcess(ForkedBooter.java:115)
	at org.apache.maven.surefire.booter.ForkedBooter.main(ForkedBooter.java:75)
</error>
    <system-out>11:39:20,269 DEBUG DefaultVFS:222 - Find JAR URL: file:/E:/develop/workSpaceSelf/exercise/target/classes/com/zl/mybatis/pojo
11:39:20,269 DEBUG DefaultVFS:248 - Not a JAR: file:/E:/develop/workSpaceSelf/exercise/target/classes/com/zl/mybatis/pojo
11:39:20,270 DEBUG DefaultVFS:102 - Reader entry: Items.class
11:39:20,270 DEBUG DefaultVFS:102 - Reader entry: Orderdetail.class
11:39:20,271 DEBUG DefaultVFS:102 - Reader entry: Orders.class
11:39:20,271 DEBUG DefaultVFS:102 - Reader entry: OrdersCustom.class
11:39:20,272 DEBUG DefaultVFS:102 - Reader entry: QueryVo.class
11:39:20,272 DEBUG DefaultVFS:102 - Reader entry: User.class
11:39:20,272 DEBUG DefaultVFS:102 - Reader entry: UserAnswerRecord.class
11:39:20,273 DEBUG DefaultVFS:102 - Reader entry: UserCustom.class
11:39:20,273 DEBUG DefaultVFS:113 - Listing file:/E:/develop/workSpaceSelf/exercise/target/classes/com/zl/mybatis/pojo
11:39:20,274 DEBUG DefaultVFS:222 - Find JAR URL: file:/E:/develop/workSpaceSelf/exercise/target/classes/com/zl/mybatis/pojo/Items.class
11:39:20,274 DEBUG DefaultVFS:248 - Not a JAR: file:/E:/develop/workSpaceSelf/exercise/target/classes/com/zl/mybatis/pojo/Items.class
11:39:20,274 DEBUG DefaultVFS:102 - Reader entry: 漱壕&amp;#0;&amp;#0;&amp;#0;4&amp;#0;k&amp;#7;&amp;#0;&amp;#2;&amp;#1;&amp;#0;&amp;#25;com/zl/mybatis/pojo/Items&amp;#7;&amp;#0;&amp;#4;&amp;#1;&amp;#0;&amp;#16;java/lang/Object&amp;#7;&amp;#0;&amp;#6;&amp;#1;&amp;#0;&amp;#20;java/io/Serializable&amp;#1;&amp;#0;&amp;#2;id&amp;#1;&amp;#0;&amp;#19;Ljava/lang/Integer;&amp;#1;&amp;#0;&amp;#4;name&amp;#1;&amp;#0;&amp;#18;Ljava/lang/String;&amp;#1;&amp;#0;&amp;#5;price&amp;#1;&amp;#0;&amp;#17;Ljava/lang/Float;&amp;#1;&amp;#0;&amp;#3;pic&amp;#1;&amp;#0;
11:39:20,275 DEBUG DefaultVFS:222 - Find JAR URL: file:/E:/develop/workSpaceSelf/exercise/target/classes/com/zl/mybatis/pojo/Orderdetail.class
11:39:20,275 DEBUG DefaultVFS:248 - Not a JAR: file:/E:/develop/workSpaceSelf/exercise/target/classes/com/zl/mybatis/pojo/Orderdetail.class
11:39:20,276 DEBUG DefaultVFS:102 - Reader entry: 漱壕&amp;#0;&amp;#0;&amp;#0;4&amp;#0;K&amp;#7;&amp;#0;&amp;#2;&amp;#1;&amp;#0;&amp;#31;com/zl/mybatis/pojo/Orderdetail&amp;#7;&amp;#0;&amp;#4;&amp;#1;&amp;#0;&amp;#16;java/lang/Object&amp;#7;&amp;#0;&amp;#6;&amp;#1;&amp;#0;&amp;#20;java/io/Serializable&amp;#1;&amp;#0;&amp;#2;id&amp;#1;&amp;#0;&amp;#19;Ljava/lang/Integer;&amp;#1;&amp;#0;&amp;#8;ordersId&amp;#1;&amp;#0;&amp;#7;itemsId&amp;#1;&amp;#0;&amp;#8;itemsNum&amp;#1;&amp;#0;&amp;#5;items&amp;#1;&amp;#0;&amp;#27;Lcom/zl/mybatis/pojo/Items;&amp;#1;&amp;#0;&amp;#6;&lt;init&gt;&amp;#1;&amp;#0;&amp;#3;()V&amp;#1;&amp;#0;&amp;#4;Code
11:39:20,277 DEBUG DefaultVFS:222 - Find JAR URL: file:/E:/develop/workSpaceSelf/exercise/target/classes/com/zl/mybatis/pojo/Orders.class
11:39:20,277 DEBUG DefaultVFS:248 - Not a JAR: file:/E:/develop/workSpaceSelf/exercise/target/classes/com/zl/mybatis/pojo/Orders.class
11:39:20,277 DEBUG DefaultVFS:102 - Reader entry: 漱壕&amp;#0;&amp;#0;&amp;#0;4&amp;#0;m&amp;#7;&amp;#0;&amp;#2;&amp;#1;&amp;#0;&amp;#26;com/zl/mybatis/pojo/Orders&amp;#7;&amp;#0;&amp;#4;&amp;#1;&amp;#0;&amp;#16;java/lang/Object&amp;#7;&amp;#0;&amp;#6;&amp;#1;&amp;#0;&amp;#20;java/io/Serializable&amp;#1;&amp;#0;&amp;#2;id&amp;#1;&amp;#0;&amp;#19;Ljava/lang/Integer;&amp;#1;&amp;#0;&amp;#6;userId&amp;#1;&amp;#0;&amp;#6;number&amp;#1;&amp;#0;&amp;#18;Ljava/lang/String;&amp;#1;&amp;#0;
11:39:20,278 DEBUG DefaultVFS:222 - Find JAR URL: file:/E:/develop/workSpaceSelf/exercise/target/classes/com/zl/mybatis/pojo/OrdersCustom.class
11:39:20,278 DEBUG DefaultVFS:248 - Not a JAR: file:/E:/develop/workSpaceSelf/exercise/target/classes/com/zl/mybatis/pojo/OrdersCustom.class
11:39:20,279 DEBUG DefaultVFS:102 - Reader entry: 漱壕&amp;#0;&amp;#0;&amp;#0;4&amp;#0;&amp;#29;&amp;#7;&amp;#0;&amp;#2;&amp;#1;&amp;#0; com/zl/mybatis/pojo/OrdersCustom&amp;#7;&amp;#0;&amp;#4;&amp;#1;&amp;#0;&amp;#26;com/zl/mybatis/pojo/Orders&amp;#1;&amp;#0;&amp;#8;username&amp;#1;&amp;#0;&amp;#18;Ljava/lang/String;&amp;#1;&amp;#0;&amp;#7;address&amp;#1;&amp;#0;&amp;#6;&lt;init&gt;&amp;#1;&amp;#0;&amp;#3;()V&amp;#1;&amp;#0;&amp;#4;Code
11:39:20,279 DEBUG DefaultVFS:222 - Find JAR URL: file:/E:/develop/workSpaceSelf/exercise/target/classes/com/zl/mybatis/pojo/QueryVo.class
11:39:20,280 DEBUG DefaultVFS:248 - Not a JAR: file:/E:/develop/workSpaceSelf/exercise/target/classes/com/zl/mybatis/pojo/QueryVo.class
11:39:20,280 DEBUG DefaultVFS:102 - Reader entry: 漱壕&amp;#0;&amp;#0;&amp;#0;4&amp;#0; &amp;#7;&amp;#0;&amp;#2;&amp;#1;&amp;#0;&amp;#27;com/zl/mybatis/pojo/QueryVo&amp;#7;&amp;#0;&amp;#4;&amp;#1;&amp;#0;&amp;#16;java/lang/Object&amp;#1;&amp;#0;&amp;#4;user&amp;#1;&amp;#0;&amp;#26;Lcom/zl/mybatis/pojo/User;&amp;#1;&amp;#0;
11:39:20,281 DEBUG DefaultVFS:222 - Find JAR URL: file:/E:/develop/workSpaceSelf/exercise/target/classes/com/zl/mybatis/pojo/User.class
11:39:20,281 DEBUG DefaultVFS:248 - Not a JAR: file:/E:/develop/workSpaceSelf/exercise/target/classes/com/zl/mybatis/pojo/User.class
11:39:20,281 DEBUG DefaultVFS:102 - Reader entry: 漱壕&amp;#0;&amp;#0;&amp;#0;4&amp;#0;U&amp;#7;&amp;#0;&amp;#2;&amp;#1;&amp;#0;&amp;#24;com/zl/mybatis/pojo/User&amp;#7;&amp;#0;&amp;#4;&amp;#1;&amp;#0;&amp;#16;java/lang/Object&amp;#7;&amp;#0;&amp;#6;&amp;#1;&amp;#0;&amp;#20;java/io/Serializable&amp;#1;&amp;#0;&amp;#2;id&amp;#1;&amp;#0;&amp;#1;I&amp;#1;&amp;#0;&amp;#8;username&amp;#1;&amp;#0;&amp;#18;Ljava/lang/String;&amp;#1;&amp;#0;&amp;#3;sex&amp;#1;&amp;#0;&amp;#8;birthday&amp;#1;&amp;#0;&amp;#16;Ljava/util/Date;&amp;#1;&amp;#0;&amp;#7;address&amp;#1;&amp;#0;&amp;#6;orders&amp;#1;&amp;#0;&amp;#16;Ljava/util/List;&amp;#1;&amp;#0;	Signature&amp;#1;&amp;#0;.Ljava/util/List&lt;Lcom/zl/mybatis/pojo/Orders;&gt;;&amp;#1;&amp;#0;&amp;#6;&lt;init&gt;&amp;#1;&amp;#0;&amp;#3;()V&amp;#1;&amp;#0;&amp;#4;Code
11:39:20,282 DEBUG DefaultVFS:222 - Find JAR URL: file:/E:/develop/workSpaceSelf/exercise/target/classes/com/zl/mybatis/pojo/UserAnswerRecord.class
11:39:20,282 DEBUG DefaultVFS:248 - Not a JAR: file:/E:/develop/workSpaceSelf/exercise/target/classes/com/zl/mybatis/pojo/UserAnswerRecord.class
11:39:20,282 DEBUG DefaultVFS:102 - Reader entry: 漱壕&amp;#0;&amp;#0;&amp;#0;4&amp;#0;?&amp;#7;&amp;#0;&amp;#2;&amp;#1;&amp;#0;$com/zl/mybatis/pojo/UserAnswerRecord&amp;#7;&amp;#0;&amp;#4;&amp;#1;&amp;#0;&amp;#16;java/lang/Object&amp;#1;&amp;#0;&amp;#2;id&amp;#1;&amp;#0;&amp;#18;Ljava/lang/String;&amp;#1;&amp;#0;&amp;#7;eventid&amp;#1;&amp;#0;
11:39:20,283 DEBUG DefaultVFS:222 - Find JAR URL: file:/E:/develop/workSpaceSelf/exercise/target/classes/com/zl/mybatis/pojo/UserCustom.class
11:39:20,283 DEBUG DefaultVFS:248 - Not a JAR: file:/E:/develop/workSpaceSelf/exercise/target/classes/com/zl/mybatis/pojo/UserCustom.class
11:39:20,284 DEBUG DefaultVFS:102 - Reader entry: 漱壕&amp;#0;&amp;#0;&amp;#0;4&amp;#0;&amp;#19;&amp;#7;&amp;#0;&amp;#2;&amp;#1;&amp;#0;&amp;#30;com/zl/mybatis/pojo/UserCustom&amp;#7;&amp;#0;&amp;#4;&amp;#1;&amp;#0;&amp;#24;com/zl/mybatis/pojo/User&amp;#1;&amp;#0;&amp;#14;birthday_start&amp;#1;&amp;#0;&amp;#16;Ljava/util/Date;&amp;#1;&amp;#0;&amp;#12;birthday_end&amp;#1;&amp;#0;&amp;#6;&lt;init&gt;&amp;#1;&amp;#0;&amp;#3;()V&amp;#1;&amp;#0;&amp;#4;Code
11:39:20,284 DEBUG ResolverUtil:256 - Checking to see if class com.zl.mybatis.pojo.Items matches criteria [is assignable to Object]
11:39:20,284 DEBUG ResolverUtil:256 - Checking to see if class com.zl.mybatis.pojo.Orderdetail matches criteria [is assignable to Object]
11:39:20,285 DEBUG ResolverUtil:256 - Checking to see if class com.zl.mybatis.pojo.Orders matches criteria [is assignable to Object]
11:39:20,285 DEBUG ResolverUtil:256 - Checking to see if class com.zl.mybatis.pojo.OrdersCustom matches criteria [is assignable to Object]
11:39:20,285 DEBUG ResolverUtil:256 - Checking to see if class com.zl.mybatis.pojo.QueryVo matches criteria [is assignable to Object]
11:39:20,285 DEBUG ResolverUtil:256 - Checking to see if class com.zl.mybatis.pojo.User matches criteria [is assignable to Object]
11:39:20,286 DEBUG ResolverUtil:256 - Checking to see if class com.zl.mybatis.pojo.UserAnswerRecord matches criteria [is assignable to Object]
11:39:20,286 DEBUG ResolverUtil:256 - Checking to see if class com.zl.mybatis.pojo.UserCustom matches criteria [is assignable to Object]
11:39:20,288 DEBUG LogFactory:135 - Logging initialized using &apos;class org.apache.ibatis.logging.log4j.Log4jImpl&apos; adapter.
11:39:20,289 DEBUG PooledDataSource:316 - PooledDataSource forcefully closed/removed all connections.
11:39:20,290 DEBUG PooledDataSource:316 - PooledDataSource forcefully closed/removed all connections.
11:39:20,290 DEBUG PooledDataSource:316 - PooledDataSource forcefully closed/removed all connections.
11:39:20,290 DEBUG PooledDataSource:316 - PooledDataSource forcefully closed/removed all connections.
11:39:20,291 DEBUG DefaultVFS:222 - Find JAR URL: file:/E:/develop/workSpaceSelf/exercise/target/classes/com/zl/mybatis/dao
11:39:20,292 DEBUG DefaultVFS:248 - Not a JAR: file:/E:/develop/workSpaceSelf/exercise/target/classes/com/zl/mybatis/dao
11:39:20,293 DEBUG DefaultVFS:102 - Reader entry: OrderMapper.class
11:39:20,293 DEBUG DefaultVFS:102 - Reader entry: OrderMapper.xml
11:39:20,293 DEBUG DefaultVFS:102 - Reader entry: OrderResultTypeMapper.class
11:39:20,294 DEBUG DefaultVFS:102 - Reader entry: OrderResultTypeMapper.xml
11:39:20,294 DEBUG DefaultVFS:102 - Reader entry: PromotionMapper.class
11:39:20,294 DEBUG DefaultVFS:102 - Reader entry: PromotionMapper.xml
11:39:20,295 DEBUG DefaultVFS:102 - Reader entry: UserAnswerRecordMapper.class
11:39:20,295 DEBUG DefaultVFS:102 - Reader entry: UserAnswerRecordMapper.xml
11:39:20,295 DEBUG DefaultVFS:102 - Reader entry: UserMapper.class
11:39:20,295 DEBUG DefaultVFS:102 - Reader entry: UserMapper.xml
11:39:20,296 DEBUG DefaultVFS:113 - Listing file:/E:/develop/workSpaceSelf/exercise/target/classes/com/zl/mybatis/dao
11:39:20,296 DEBUG DefaultVFS:222 - Find JAR URL: file:/E:/develop/workSpaceSelf/exercise/target/classes/com/zl/mybatis/dao/OrderMapper.class
11:39:20,296 DEBUG DefaultVFS:248 - Not a JAR: file:/E:/develop/workSpaceSelf/exercise/target/classes/com/zl/mybatis/dao/OrderMapper.class
11:39:20,297 DEBUG DefaultVFS:102 - Reader entry: 漱壕&amp;#0;&amp;#0;&amp;#0;4&amp;#0;&amp;#17;&amp;#7;&amp;#0;&amp;#2;&amp;#1;&amp;#0;&amp;#30;com/zl/mybatis/dao/OrderMapper&amp;#7;&amp;#0;&amp;#4;&amp;#1;&amp;#0;&amp;#16;java/lang/Object&amp;#1;&amp;#0;&amp;#22;findOrderListResultMap&amp;#1;&amp;#0;&amp;#18;()Ljava/util/List;&amp;#1;&amp;#0;
11:39:20,297 DEBUG DefaultVFS:222 - Find JAR URL: file:/E:/develop/workSpaceSelf/exercise/target/classes/com/zl/mybatis/dao/OrderMapper.xml
11:39:20,298 DEBUG DefaultVFS:248 - Not a JAR: file:/E:/develop/workSpaceSelf/exercise/target/classes/com/zl/mybatis/dao/OrderMapper.xml
11:39:20,298 DEBUG DefaultVFS:102 - Reader entry: &lt;?xml version=&quot;1.0&quot; encoding=&quot;UTF-8&quot;?&gt;
11:39:20,299 DEBUG DefaultVFS:222 - Find JAR URL: file:/E:/develop/workSpaceSelf/exercise/target/classes/com/zl/mybatis/dao/OrderResultTypeMapper.class
11:39:20,299 DEBUG DefaultVFS:248 - Not a JAR: file:/E:/develop/workSpaceSelf/exercise/target/classes/com/zl/mybatis/dao/OrderResultTypeMapper.class
11:39:20,300 DEBUG DefaultVFS:102 - Reader entry: 漱壕&amp;#0;&amp;#0;&amp;#0;4&amp;#0;&amp;#14;&amp;#7;&amp;#0;&amp;#2;&amp;#1;&amp;#0;(com/zl/mybatis/dao/OrderResultTypeMapper&amp;#7;&amp;#0;&amp;#4;&amp;#1;&amp;#0;&amp;#16;java/lang/Object&amp;#1;&amp;#0;&amp;#23;findOrderListResultType&amp;#1;&amp;#0;&amp;#18;()Ljava/util/List;&amp;#1;&amp;#0;
11:39:20,300 DEBUG DefaultVFS:222 - Find JAR URL: file:/E:/develop/workSpaceSelf/exercise/target/classes/com/zl/mybatis/dao/OrderResultTypeMapper.xml
11:39:20,301 DEBUG DefaultVFS:248 - Not a JAR: file:/E:/develop/workSpaceSelf/exercise/target/classes/com/zl/mybatis/dao/OrderResultTypeMapper.xml
11:39:20,301 DEBUG DefaultVFS:102 - Reader entry: &lt;?xml version=&quot;1.0&quot; encoding=&quot;UTF-8&quot;?&gt;
11:39:20,302 DEBUG DefaultVFS:222 - Find JAR URL: file:/E:/develop/workSpaceSelf/exercise/target/classes/com/zl/mybatis/dao/PromotionMapper.class
11:39:20,302 DEBUG DefaultVFS:248 - Not a JAR: file:/E:/develop/workSpaceSelf/exercise/target/classes/com/zl/mybatis/dao/PromotionMapper.class
11:39:20,303 DEBUG DefaultVFS:102 - Reader entry: 漱壕&amp;#0;&amp;#0;&amp;#0;4&amp;#0;&amp;#19;&amp;#7;&amp;#0;&amp;#2;&amp;#1;&amp;#0;&quot;com/zl/mybatis/dao/PromotionMapper&amp;#7;&amp;#0;&amp;#4;&amp;#1;&amp;#0;&amp;#16;java/lang/Object&amp;#1;&amp;#0;
11:39:20,303 DEBUG DefaultVFS:222 - Find JAR URL: file:/E:/develop/workSpaceSelf/exercise/target/classes/com/zl/mybatis/dao/PromotionMapper.xml
11:39:20,304 DEBUG DefaultVFS:248 - Not a JAR: file:/E:/develop/workSpaceSelf/exercise/target/classes/com/zl/mybatis/dao/PromotionMapper.xml
11:39:20,304 DEBUG DefaultVFS:102 - Reader entry: &lt;?xml version=&quot;1.0&quot; encoding=&quot;UTF-8&quot;?&gt;
11:39:20,305 DEBUG DefaultVFS:222 - Find JAR URL: file:/E:/develop/workSpaceSelf/exercise/target/classes/com/zl/mybatis/dao/UserAnswerRecordMapper.class
11:39:20,305 DEBUG DefaultVFS:248 - Not a JAR: file:/E:/develop/workSpaceSelf/exercise/target/classes/com/zl/mybatis/dao/UserAnswerRecordMapper.class
11:39:20,306 DEBUG DefaultVFS:102 - Reader entry: 漱壕&amp;#0;&amp;#0;&amp;#0;4&amp;#0;&amp;#20;&amp;#7;&amp;#0;&amp;#2;&amp;#1;&amp;#0;)com/zl/mybatis/dao/UserAnswerRecordMapper&amp;#7;&amp;#0;&amp;#4;&amp;#1;&amp;#0;&amp;#16;java/lang/Object&amp;#1;&amp;#0;&amp;#23;getUserAnswerRecordList&amp;#1;&amp;#0;;(Lcom/zl/mybatis/entity/UserAnswerQueryVo;)Ljava/util/List;&amp;#1;&amp;#0;	Signature&amp;#1;&amp;#0;c(Lcom/zl/mybatis/entity/UserAnswerQueryVo;)Ljava/util/List&lt;Lcom/zl/mybatis/pojo/UserAnswerRecord;&gt;;&amp;#1;&amp;#0;&amp;#22;delAnswerEvertRuleById&amp;#1;&amp;#0;&amp;#21;(Ljava/lang/String;)I&amp;#1;&amp;#0;&amp;#25;selectAnswerEvertRuleById&amp;#1;&amp;#0;$(Ljava/lang/String;)Ljava/util/List;&amp;#1;&amp;#0;9(Ljava/lang/String;)Ljava/util/List&lt;Ljava/lang/Integer;&gt;;&amp;#1;&amp;#0;&amp;#23;delAnswerEventConfnById&amp;#1;&amp;#0;&amp;#24;getUserAnswerRecordList1&amp;#1;&amp;#0;&amp;#15;insertRdoEnitiy&amp;#1;&amp;#0;&apos;(Lcom/zl/mybatis/entity/RdoOrderInfo;)V&amp;#1;&amp;#0;
11:39:20,306 DEBUG DefaultVFS:222 - Find JAR URL: file:/E:/develop/workSpaceSelf/exercise/target/classes/com/zl/mybatis/dao/UserAnswerRecordMapper.xml
11:39:20,307 DEBUG DefaultVFS:248 - Not a JAR: file:/E:/develop/workSpaceSelf/exercise/target/classes/com/zl/mybatis/dao/UserAnswerRecordMapper.xml
11:39:20,307 DEBUG DefaultVFS:102 - Reader entry: &lt;?xml version=&quot;1.0&quot; encoding=&quot;UTF-8&quot;?&gt;
11:39:20,308 DEBUG DefaultVFS:222 - Find JAR URL: file:/E:/develop/workSpaceSelf/exercise/target/classes/com/zl/mybatis/dao/UserMapper.class
11:39:20,308 DEBUG DefaultVFS:248 - Not a JAR: file:/E:/develop/workSpaceSelf/exercise/target/classes/com/zl/mybatis/dao/UserMapper.class
11:39:20,308 DEBUG DefaultVFS:102 - Reader entry: 漱壕&amp;#0;&amp;#0;&amp;#0;4&amp;#0; &amp;#7;&amp;#0;&amp;#2;&amp;#1;&amp;#0;&amp;#29;com/zl/mybatis/dao/UserMapper&amp;#7;&amp;#0;&amp;#4;&amp;#1;&amp;#0;&amp;#16;java/lang/Object&amp;#1;&amp;#0;&amp;#11;getUserById&amp;#1;&amp;#0;&amp;#29;(I)Lcom/zl/mybatis/pojo/User;&amp;#1;&amp;#0;
11:39:20,309 DEBUG DefaultVFS:222 - Find JAR URL: file:/E:/develop/workSpaceSelf/exercise/target/classes/com/zl/mybatis/dao/UserMapper.xml
11:39:20,309 DEBUG DefaultVFS:248 - Not a JAR: file:/E:/develop/workSpaceSelf/exercise/target/classes/com/zl/mybatis/dao/UserMapper.xml
11:39:20,310 DEBUG DefaultVFS:102 - Reader entry: &lt;?xml version=&quot;1.0&quot; encoding=&quot;UTF-8&quot;?&gt;
11:39:20,310 DEBUG ResolverUtil:256 - Checking to see if class com.zl.mybatis.dao.OrderMapper matches criteria [is assignable to Object]
11:39:20,311 DEBUG ResolverUtil:256 - Checking to see if class com.zl.mybatis.dao.OrderResultTypeMapper matches criteria [is assignable to Object]
11:39:20,311 DEBUG ResolverUtil:256 - Checking to see if class com.zl.mybatis.dao.PromotionMapper matches criteria [is assignable to Object]
11:39:20,311 DEBUG ResolverUtil:256 - Checking to see if class com.zl.mybatis.dao.UserAnswerRecordMapper matches criteria [is assignable to Object]
11:39:20,311 DEBUG ResolverUtil:256 - Checking to see if class com.zl.mybatis.dao.UserMapper matches criteria [is assignable to Object]
</system-out>
  </testcase>
  <testcase classname="com.zl.test.sql.OrderDaoTest" name="test3333" time="0.081">
    <error message="Could not initialize class org.mybatis.caches.ehcache.EhcacheCache" type="java.lang.NoClassDefFoundError">java.lang.NoClassDefFoundError: Could not initialize class org.mybatis.caches.ehcache.EhcacheCache
	at java.lang.Class.forName0(Native Method)
	at java.lang.Class.forName(Class.java:348)
	at org.apache.ibatis.io.ClassLoaderWrapper.classForName(ClassLoaderWrapper.java:186)
	at org.apache.ibatis.io.ClassLoaderWrapper.classForName(ClassLoaderWrapper.java:89)
	at org.apache.ibatis.io.Resources.classForName(Resources.java:261)
	at org.apache.ibatis.type.TypeAliasRegistry.resolveAlias(TypeAliasRegistry.java:116)
	at org.apache.ibatis.builder.xml.XMLMapperBuilder.cacheElement(XMLMapperBuilder.java:202)
	at org.apache.ibatis.builder.xml.XMLMapperBuilder.configurationElement(XMLMapperBuilder.java:114)
	at org.apache.ibatis.builder.xml.XMLMapperBuilder.parse(XMLMapperBuilder.java:92)
	at org.apache.ibatis.builder.annotation.MapperAnnotationBuilder.loadXmlResource(MapperAnnotationBuilder.java:173)
	at org.apache.ibatis.builder.annotation.MapperAnnotationBuilder.parse(MapperAnnotationBuilder.java:124)
	at org.apache.ibatis.binding.MapperRegistry.addMapper(MapperRegistry.java:72)
	at org.apache.ibatis.binding.MapperRegistry.addMappers(MapperRegistry.java:97)
	at org.apache.ibatis.binding.MapperRegistry.addMappers(MapperRegistry.java:105)
	at org.apache.ibatis.session.Configuration.addMappers(Configuration.java:724)
	at org.apache.ibatis.builder.xml.XMLConfigBuilder.mapperElement(XMLConfigBuilder.java:360)
	at org.apache.ibatis.builder.xml.XMLConfigBuilder.parseConfiguration(XMLConfigBuilder.java:118)
	at org.apache.ibatis.builder.xml.XMLConfigBuilder.parse(XMLConfigBuilder.java:98)
	at org.apache.ibatis.session.SqlSessionFactoryBuilder.build(SqlSessionFactoryBuilder.java:78)
	at org.apache.ibatis.session.SqlSessionFactoryBuilder.build(SqlSessionFactoryBuilder.java:64)
	at com.zl.utils.MyBatisUtils.getnewInstance(MyBatisUtils.java:28)
	at com.zl.test.sql.OrderDaoTest.before(OrderDaoTest.java:44)
	at sun.reflect.NativeMethodAccessorImpl.invoke0(Native Method)
	at sun.reflect.NativeMethodAccessorImpl.invoke(NativeMethodAccessorImpl.java:62)
	at sun.reflect.DelegatingMethodAccessorImpl.invoke(DelegatingMethodAccessorImpl.java:43)
	at java.lang.reflect.Method.invoke(Method.java:498)
	at org.junit.runners.model.FrameworkMethod$1.runReflectiveCall(FrameworkMethod.java:45)
	at org.junit.internal.runners.model.ReflectiveCallable.run(ReflectiveCallable.java:15)
	at org.junit.runners.model.FrameworkMethod.invokeExplosively(FrameworkMethod.java:42)
	at org.junit.internal.runners.statements.RunBefores.evaluate(RunBefores.java:27)
	at org.junit.runners.ParentRunner.runLeaf(ParentRunner.java:263)
	at org.junit.runners.BlockJUnit4ClassRunner.runChild(BlockJUnit4ClassRunner.java:68)
	at org.junit.runners.BlockJUnit4ClassRunner.runChild(BlockJUnit4ClassRunner.java:47)
	at org.junit.runners.ParentRunner$3.run(ParentRunner.java:231)
	at org.junit.runners.ParentRunner$1.schedule(ParentRunner.java:60)
	at org.junit.runners.ParentRunner.runChildren(ParentRunner.java:229)
	at org.junit.runners.ParentRunner.access$000(ParentRunner.java:50)
	at org.junit.runners.ParentRunner$2.evaluate(ParentRunner.java:222)
	at org.junit.runners.ParentRunner.run(ParentRunner.java:300)
	at org.apache.maven.surefire.junit4.JUnit4Provider.execute(JUnit4Provider.java:252)
	at org.apache.maven.surefire.junit4.JUnit4Provider.executeTestSet(JUnit4Provider.java:141)
	at org.apache.maven.surefire.junit4.JUnit4Provider.invoke(JUnit4Provider.java:112)
	at sun.reflect.NativeMethodAccessorImpl.invoke0(Native Method)
	at sun.reflect.NativeMethodAccessorImpl.invoke(NativeMethodAccessorImpl.java:62)
	at sun.reflect.DelegatingMethodAccessorImpl.invoke(DelegatingMethodAccessorImpl.java:43)
	at java.lang.reflect.Method.invoke(Method.java:498)
	at org.apache.maven.surefire.util.ReflectionUtils.invokeMethodWithArray(ReflectionUtils.java:189)
	at org.apache.maven.surefire.booter.ProviderFactory$ProviderProxy.invoke(ProviderFactory.java:165)
	at org.apache.maven.surefire.booter.ProviderFactory.invokeProvider(ProviderFactory.java:85)
	at org.apache.maven.surefire.booter.ForkedBooter.runSuitesInProcess(ForkedBooter.java:115)
	at org.apache.maven.surefire.booter.ForkedBooter.main(ForkedBooter.java:75)
</error>
    <system-out>11:39:20,348 DEBUG DefaultVFS:222 - Find JAR URL: file:/E:/develop/workSpaceSelf/exercise/target/classes/com/zl/mybatis/pojo
11:39:20,348 DEBUG DefaultVFS:248 - Not a JAR: file:/E:/develop/workSpaceSelf/exercise/target/classes/com/zl/mybatis/pojo
11:39:20,349 DEBUG DefaultVFS:102 - Reader entry: Items.class
11:39:20,350 DEBUG DefaultVFS:102 - Reader entry: Orderdetail.class
11:39:20,350 DEBUG DefaultVFS:102 - Reader entry: Orders.class
11:39:20,351 DEBUG DefaultVFS:102 - Reader entry: OrdersCustom.class
11:39:20,351 DEBUG DefaultVFS:102 - Reader entry: QueryVo.class
11:39:20,351 DEBUG DefaultVFS:102 - Reader entry: User.class
11:39:20,352 DEBUG DefaultVFS:102 - Reader entry: UserAnswerRecord.class
11:39:20,352 DEBUG DefaultVFS:102 - Reader entry: UserCustom.class
11:39:20,352 DEBUG DefaultVFS:113 - Listing file:/E:/develop/workSpaceSelf/exercise/target/classes/com/zl/mybatis/pojo
11:39:20,352 DEBUG DefaultVFS:222 - Find JAR URL: file:/E:/develop/workSpaceSelf/exercise/target/classes/com/zl/mybatis/pojo/Items.class
11:39:20,353 DEBUG DefaultVFS:248 - Not a JAR: file:/E:/develop/workSpaceSelf/exercise/target/classes/com/zl/mybatis/pojo/Items.class
11:39:20,353 DEBUG DefaultVFS:102 - Reader entry: 漱壕&amp;#0;&amp;#0;&amp;#0;4&amp;#0;k&amp;#7;&amp;#0;&amp;#2;&amp;#1;&amp;#0;&amp;#25;com/zl/mybatis/pojo/Items&amp;#7;&amp;#0;&amp;#4;&amp;#1;&amp;#0;&amp;#16;java/lang/Object&amp;#7;&amp;#0;&amp;#6;&amp;#1;&amp;#0;&amp;#20;java/io/Serializable&amp;#1;&amp;#0;&amp;#2;id&amp;#1;&amp;#0;&amp;#19;Ljava/lang/Integer;&amp;#1;&amp;#0;&amp;#4;name&amp;#1;&amp;#0;&amp;#18;Ljava/lang/String;&amp;#1;&amp;#0;&amp;#5;price&amp;#1;&amp;#0;&amp;#17;Ljava/lang/Float;&amp;#1;&amp;#0;&amp;#3;pic&amp;#1;&amp;#0;
11:39:20,354 DEBUG DefaultVFS:222 - Find JAR URL: file:/E:/develop/workSpaceSelf/exercise/target/classes/com/zl/mybatis/pojo/Orderdetail.class
11:39:20,354 DEBUG DefaultVFS:248 - Not a JAR: file:/E:/develop/workSpaceSelf/exercise/target/classes/com/zl/mybatis/pojo/Orderdetail.class
11:39:20,354 DEBUG DefaultVFS:102 - Reader entry: 漱壕&amp;#0;&amp;#0;&amp;#0;4&amp;#0;K&amp;#7;&amp;#0;&amp;#2;&amp;#1;&amp;#0;&amp;#31;com/zl/mybatis/pojo/Orderdetail&amp;#7;&amp;#0;&amp;#4;&amp;#1;&amp;#0;&amp;#16;java/lang/Object&amp;#7;&amp;#0;&amp;#6;&amp;#1;&amp;#0;&amp;#20;java/io/Serializable&amp;#1;&amp;#0;&amp;#2;id&amp;#1;&amp;#0;&amp;#19;Ljava/lang/Integer;&amp;#1;&amp;#0;&amp;#8;ordersId&amp;#1;&amp;#0;&amp;#7;itemsId&amp;#1;&amp;#0;&amp;#8;itemsNum&amp;#1;&amp;#0;&amp;#5;items&amp;#1;&amp;#0;&amp;#27;Lcom/zl/mybatis/pojo/Items;&amp;#1;&amp;#0;&amp;#6;&lt;init&gt;&amp;#1;&amp;#0;&amp;#3;()V&amp;#1;&amp;#0;&amp;#4;Code
11:39:20,355 DEBUG DefaultVFS:222 - Find JAR URL: file:/E:/develop/workSpaceSelf/exercise/target/classes/com/zl/mybatis/pojo/Orders.class
11:39:20,355 DEBUG DefaultVFS:248 - Not a JAR: file:/E:/develop/workSpaceSelf/exercise/target/classes/com/zl/mybatis/pojo/Orders.class
11:39:20,356 DEBUG DefaultVFS:102 - Reader entry: 漱壕&amp;#0;&amp;#0;&amp;#0;4&amp;#0;m&amp;#7;&amp;#0;&amp;#2;&amp;#1;&amp;#0;&amp;#26;com/zl/mybatis/pojo/Orders&amp;#7;&amp;#0;&amp;#4;&amp;#1;&amp;#0;&amp;#16;java/lang/Object&amp;#7;&amp;#0;&amp;#6;&amp;#1;&amp;#0;&amp;#20;java/io/Serializable&amp;#1;&amp;#0;&amp;#2;id&amp;#1;&amp;#0;&amp;#19;Ljava/lang/Integer;&amp;#1;&amp;#0;&amp;#6;userId&amp;#1;&amp;#0;&amp;#6;number&amp;#1;&amp;#0;&amp;#18;Ljava/lang/String;&amp;#1;&amp;#0;
11:39:20,357 DEBUG DefaultVFS:222 - Find JAR URL: file:/E:/develop/workSpaceSelf/exercise/target/classes/com/zl/mybatis/pojo/OrdersCustom.class
11:39:20,357 DEBUG DefaultVFS:248 - Not a JAR: file:/E:/develop/workSpaceSelf/exercise/target/classes/com/zl/mybatis/pojo/OrdersCustom.class
11:39:20,357 DEBUG DefaultVFS:102 - Reader entry: 漱壕&amp;#0;&amp;#0;&amp;#0;4&amp;#0;&amp;#29;&amp;#7;&amp;#0;&amp;#2;&amp;#1;&amp;#0; com/zl/mybatis/pojo/OrdersCustom&amp;#7;&amp;#0;&amp;#4;&amp;#1;&amp;#0;&amp;#26;com/zl/mybatis/pojo/Orders&amp;#1;&amp;#0;&amp;#8;username&amp;#1;&amp;#0;&amp;#18;Ljava/lang/String;&amp;#1;&amp;#0;&amp;#7;address&amp;#1;&amp;#0;&amp;#6;&lt;init&gt;&amp;#1;&amp;#0;&amp;#3;()V&amp;#1;&amp;#0;&amp;#4;Code
11:39:20,358 DEBUG DefaultVFS:222 - Find JAR URL: file:/E:/develop/workSpaceSelf/exercise/target/classes/com/zl/mybatis/pojo/QueryVo.class
11:39:20,358 DEBUG DefaultVFS:248 - Not a JAR: file:/E:/develop/workSpaceSelf/exercise/target/classes/com/zl/mybatis/pojo/QueryVo.class
11:39:20,358 DEBUG DefaultVFS:102 - Reader entry: 漱壕&amp;#0;&amp;#0;&amp;#0;4&amp;#0; &amp;#7;&amp;#0;&amp;#2;&amp;#1;&amp;#0;&amp;#27;com/zl/mybatis/pojo/QueryVo&amp;#7;&amp;#0;&amp;#4;&amp;#1;&amp;#0;&amp;#16;java/lang/Object&amp;#1;&amp;#0;&amp;#4;user&amp;#1;&amp;#0;&amp;#26;Lcom/zl/mybatis/pojo/User;&amp;#1;&amp;#0;
11:39:20,359 DEBUG DefaultVFS:222 - Find JAR URL: file:/E:/develop/workSpaceSelf/exercise/target/classes/com/zl/mybatis/pojo/User.class
11:39:20,359 DEBUG DefaultVFS:248 - Not a JAR: file:/E:/develop/workSpaceSelf/exercise/target/classes/com/zl/mybatis/pojo/User.class
11:39:20,360 DEBUG DefaultVFS:102 - Reader entry: 漱壕&amp;#0;&amp;#0;&amp;#0;4&amp;#0;U&amp;#7;&amp;#0;&amp;#2;&amp;#1;&amp;#0;&amp;#24;com/zl/mybatis/pojo/User&amp;#7;&amp;#0;&amp;#4;&amp;#1;&amp;#0;&amp;#16;java/lang/Object&amp;#7;&amp;#0;&amp;#6;&amp;#1;&amp;#0;&amp;#20;java/io/Serializable&amp;#1;&amp;#0;&amp;#2;id&amp;#1;&amp;#0;&amp;#1;I&amp;#1;&amp;#0;&amp;#8;username&amp;#1;&amp;#0;&amp;#18;Ljava/lang/String;&amp;#1;&amp;#0;&amp;#3;sex&amp;#1;&amp;#0;&amp;#8;birthday&amp;#1;&amp;#0;&amp;#16;Ljava/util/Date;&amp;#1;&amp;#0;&amp;#7;address&amp;#1;&amp;#0;&amp;#6;orders&amp;#1;&amp;#0;&amp;#16;Ljava/util/List;&amp;#1;&amp;#0;	Signature&amp;#1;&amp;#0;.Ljava/util/List&lt;Lcom/zl/mybatis/pojo/Orders;&gt;;&amp;#1;&amp;#0;&amp;#6;&lt;init&gt;&amp;#1;&amp;#0;&amp;#3;()V&amp;#1;&amp;#0;&amp;#4;Code
11:39:20,360 DEBUG DefaultVFS:222 - Find JAR URL: file:/E:/develop/workSpaceSelf/exercise/target/classes/com/zl/mybatis/pojo/UserAnswerRecord.class
11:39:20,360 DEBUG DefaultVFS:248 - Not a JAR: file:/E:/develop/workSpaceSelf/exercise/target/classes/com/zl/mybatis/pojo/UserAnswerRecord.class
11:39:20,361 DEBUG DefaultVFS:102 - Reader entry: 漱壕&amp;#0;&amp;#0;&amp;#0;4&amp;#0;?&amp;#7;&amp;#0;&amp;#2;&amp;#1;&amp;#0;$com/zl/mybatis/pojo/UserAnswerRecord&amp;#7;&amp;#0;&amp;#4;&amp;#1;&amp;#0;&amp;#16;java/lang/Object&amp;#1;&amp;#0;&amp;#2;id&amp;#1;&amp;#0;&amp;#18;Ljava/lang/String;&amp;#1;&amp;#0;&amp;#7;eventid&amp;#1;&amp;#0;
11:39:20,361 DEBUG DefaultVFS:222 - Find JAR URL: file:/E:/develop/workSpaceSelf/exercise/target/classes/com/zl/mybatis/pojo/UserCustom.class
11:39:20,362 DEBUG DefaultVFS:248 - Not a JAR: file:/E:/develop/workSpaceSelf/exercise/target/classes/com/zl/mybatis/pojo/UserCustom.class
11:39:20,362 DEBUG DefaultVFS:102 - Reader entry: 漱壕&amp;#0;&amp;#0;&amp;#0;4&amp;#0;&amp;#19;&amp;#7;&amp;#0;&amp;#2;&amp;#1;&amp;#0;&amp;#30;com/zl/mybatis/pojo/UserCustom&amp;#7;&amp;#0;&amp;#4;&amp;#1;&amp;#0;&amp;#24;com/zl/mybatis/pojo/User&amp;#1;&amp;#0;&amp;#14;birthday_start&amp;#1;&amp;#0;&amp;#16;Ljava/util/Date;&amp;#1;&amp;#0;&amp;#12;birthday_end&amp;#1;&amp;#0;&amp;#6;&lt;init&gt;&amp;#1;&amp;#0;&amp;#3;()V&amp;#1;&amp;#0;&amp;#4;Code
11:39:20,363 DEBUG ResolverUtil:256 - Checking to see if class com.zl.mybatis.pojo.Items matches criteria [is assignable to Object]
11:39:20,363 DEBUG ResolverUtil:256 - Checking to see if class com.zl.mybatis.pojo.Orderdetail matches criteria [is assignable to Object]
11:39:20,363 DEBUG ResolverUtil:256 - Checking to see if class com.zl.mybatis.pojo.Orders matches criteria [is assignable to Object]
11:39:20,363 DEBUG ResolverUtil:256 - Checking to see if class com.zl.mybatis.pojo.OrdersCustom matches criteria [is assignable to Object]
11:39:20,363 DEBUG ResolverUtil:256 - Checking to see if class com.zl.mybatis.pojo.QueryVo matches criteria [is assignable to Object]
11:39:20,364 DEBUG ResolverUtil:256 - Checking to see if class com.zl.mybatis.pojo.User matches criteria [is assignable to Object]
11:39:20,364 DEBUG ResolverUtil:256 - Checking to see if class com.zl.mybatis.pojo.UserAnswerRecord matches criteria [is assignable to Object]
11:39:20,364 DEBUG ResolverUtil:256 - Checking to see if class com.zl.mybatis.pojo.UserCustom matches criteria [is assignable to Object]
11:39:20,365 DEBUG LogFactory:135 - Logging initialized using &apos;class org.apache.ibatis.logging.log4j.Log4jImpl&apos; adapter.
11:39:20,367 DEBUG PooledDataSource:316 - PooledDataSource forcefully closed/removed all connections.
11:39:20,367 DEBUG PooledDataSource:316 - PooledDataSource forcefully closed/removed all connections.
11:39:20,367 DEBUG PooledDataSource:316 - PooledDataSource forcefully closed/removed all connections.
11:39:20,368 DEBUG PooledDataSource:316 - PooledDataSource forcefully closed/removed all connections.
11:39:20,369 DEBUG DefaultVFS:222 - Find JAR URL: file:/E:/develop/workSpaceSelf/exercise/target/classes/com/zl/mybatis/dao
11:39:20,369 DEBUG DefaultVFS:248 - Not a JAR: file:/E:/develop/workSpaceSelf/exercise/target/classes/com/zl/mybatis/dao
11:39:20,370 DEBUG DefaultVFS:102 - Reader entry: OrderMapper.class
11:39:20,370 DEBUG DefaultVFS:102 - Reader entry: OrderMapper.xml
11:39:20,371 DEBUG DefaultVFS:102 - Reader entry: OrderResultTypeMapper.class
11:39:20,371 DEBUG DefaultVFS:102 - Reader entry: OrderResultTypeMapper.xml
11:39:20,372 DEBUG DefaultVFS:102 - Reader entry: PromotionMapper.class
11:39:20,372 DEBUG DefaultVFS:102 - Reader entry: PromotionMapper.xml
11:39:20,372 DEBUG DefaultVFS:102 - Reader entry: UserAnswerRecordMapper.class
11:39:20,373 DEBUG DefaultVFS:102 - Reader entry: UserAnswerRecordMapper.xml
11:39:20,373 DEBUG DefaultVFS:102 - Reader entry: UserMapper.class
11:39:20,374 DEBUG DefaultVFS:102 - Reader entry: UserMapper.xml
11:39:20,374 DEBUG DefaultVFS:113 - Listing file:/E:/develop/workSpaceSelf/exercise/target/classes/com/zl/mybatis/dao
11:39:20,374 DEBUG DefaultVFS:222 - Find JAR URL: file:/E:/develop/workSpaceSelf/exercise/target/classes/com/zl/mybatis/dao/OrderMapper.class
11:39:20,375 DEBUG DefaultVFS:248 - Not a JAR: file:/E:/develop/workSpaceSelf/exercise/target/classes/com/zl/mybatis/dao/OrderMapper.class
11:39:20,375 DEBUG DefaultVFS:102 - Reader entry: 漱壕&amp;#0;&amp;#0;&amp;#0;4&amp;#0;&amp;#17;&amp;#7;&amp;#0;&amp;#2;&amp;#1;&amp;#0;&amp;#30;com/zl/mybatis/dao/OrderMapper&amp;#7;&amp;#0;&amp;#4;&amp;#1;&amp;#0;&amp;#16;java/lang/Object&amp;#1;&amp;#0;&amp;#22;findOrderListResultMap&amp;#1;&amp;#0;&amp;#18;()Ljava/util/List;&amp;#1;&amp;#0;
11:39:20,376 DEBUG DefaultVFS:222 - Find JAR URL: file:/E:/develop/workSpaceSelf/exercise/target/classes/com/zl/mybatis/dao/OrderMapper.xml
11:39:20,376 DEBUG DefaultVFS:248 - Not a JAR: file:/E:/develop/workSpaceSelf/exercise/target/classes/com/zl/mybatis/dao/OrderMapper.xml
11:39:20,377 DEBUG DefaultVFS:102 - Reader entry: &lt;?xml version=&quot;1.0&quot; encoding=&quot;UTF-8&quot;?&gt;
11:39:20,377 DEBUG DefaultVFS:222 - Find JAR URL: file:/E:/develop/workSpaceSelf/exercise/target/classes/com/zl/mybatis/dao/OrderResultTypeMapper.class
11:39:20,378 DEBUG DefaultVFS:248 - Not a JAR: file:/E:/develop/workSpaceSelf/exercise/target/classes/com/zl/mybatis/dao/OrderResultTypeMapper.class
11:39:20,378 DEBUG DefaultVFS:102 - Reader entry: 漱壕&amp;#0;&amp;#0;&amp;#0;4&amp;#0;&amp;#14;&amp;#7;&amp;#0;&amp;#2;&amp;#1;&amp;#0;(com/zl/mybatis/dao/OrderResultTypeMapper&amp;#7;&amp;#0;&amp;#4;&amp;#1;&amp;#0;&amp;#16;java/lang/Object&amp;#1;&amp;#0;&amp;#23;findOrderListResultType&amp;#1;&amp;#0;&amp;#18;()Ljava/util/List;&amp;#1;&amp;#0;
11:39:20,379 DEBUG DefaultVFS:222 - Find JAR URL: file:/E:/develop/workSpaceSelf/exercise/target/classes/com/zl/mybatis/dao/OrderResultTypeMapper.xml
11:39:20,379 DEBUG DefaultVFS:248 - Not a JAR: file:/E:/develop/workSpaceSelf/exercise/target/classes/com/zl/mybatis/dao/OrderResultTypeMapper.xml
11:39:20,380 DEBUG DefaultVFS:102 - Reader entry: &lt;?xml version=&quot;1.0&quot; encoding=&quot;UTF-8&quot;?&gt;
11:39:20,380 DEBUG DefaultVFS:222 - Find JAR URL: file:/E:/develop/workSpaceSelf/exercise/target/classes/com/zl/mybatis/dao/PromotionMapper.class
11:39:20,380 DEBUG DefaultVFS:248 - Not a JAR: file:/E:/develop/workSpaceSelf/exercise/target/classes/com/zl/mybatis/dao/PromotionMapper.class
11:39:20,381 DEBUG DefaultVFS:102 - Reader entry: 漱壕&amp;#0;&amp;#0;&amp;#0;4&amp;#0;&amp;#19;&amp;#7;&amp;#0;&amp;#2;&amp;#1;&amp;#0;&quot;com/zl/mybatis/dao/PromotionMapper&amp;#7;&amp;#0;&amp;#4;&amp;#1;&amp;#0;&amp;#16;java/lang/Object&amp;#1;&amp;#0;
11:39:20,381 DEBUG DefaultVFS:222 - Find JAR URL: file:/E:/develop/workSpaceSelf/exercise/target/classes/com/zl/mybatis/dao/PromotionMapper.xml
11:39:20,381 DEBUG DefaultVFS:248 - Not a JAR: file:/E:/develop/workSpaceSelf/exercise/target/classes/com/zl/mybatis/dao/PromotionMapper.xml
11:39:20,382 DEBUG DefaultVFS:102 - Reader entry: &lt;?xml version=&quot;1.0&quot; encoding=&quot;UTF-8&quot;?&gt;
11:39:20,382 DEBUG DefaultVFS:222 - Find JAR URL: file:/E:/develop/workSpaceSelf/exercise/target/classes/com/zl/mybatis/dao/UserAnswerRecordMapper.class
11:39:20,382 DEBUG DefaultVFS:248 - Not a JAR: file:/E:/develop/workSpaceSelf/exercise/target/classes/com/zl/mybatis/dao/UserAnswerRecordMapper.class
11:39:20,383 DEBUG DefaultVFS:102 - Reader entry: 漱壕&amp;#0;&amp;#0;&amp;#0;4&amp;#0;&amp;#20;&amp;#7;&amp;#0;&amp;#2;&amp;#1;&amp;#0;)com/zl/mybatis/dao/UserAnswerRecordMapper&amp;#7;&amp;#0;&amp;#4;&amp;#1;&amp;#0;&amp;#16;java/lang/Object&amp;#1;&amp;#0;&amp;#23;getUserAnswerRecordList&amp;#1;&amp;#0;;(Lcom/zl/mybatis/entity/UserAnswerQueryVo;)Ljava/util/List;&amp;#1;&amp;#0;	Signature&amp;#1;&amp;#0;c(Lcom/zl/mybatis/entity/UserAnswerQueryVo;)Ljava/util/List&lt;Lcom/zl/mybatis/pojo/UserAnswerRecord;&gt;;&amp;#1;&amp;#0;&amp;#22;delAnswerEvertRuleById&amp;#1;&amp;#0;&amp;#21;(Ljava/lang/String;)I&amp;#1;&amp;#0;&amp;#25;selectAnswerEvertRuleById&amp;#1;&amp;#0;$(Ljava/lang/String;)Ljava/util/List;&amp;#1;&amp;#0;9(Ljava/lang/String;)Ljava/util/List&lt;Ljava/lang/Integer;&gt;;&amp;#1;&amp;#0;&amp;#23;delAnswerEventConfnById&amp;#1;&amp;#0;&amp;#24;getUserAnswerRecordList1&amp;#1;&amp;#0;&amp;#15;insertRdoEnitiy&amp;#1;&amp;#0;&apos;(Lcom/zl/mybatis/entity/RdoOrderInfo;)V&amp;#1;&amp;#0;
11:39:20,384 DEBUG DefaultVFS:222 - Find JAR URL: file:/E:/develop/workSpaceSelf/exercise/target/classes/com/zl/mybatis/dao/UserAnswerRecordMapper.xml
11:39:20,384 DEBUG DefaultVFS:248 - Not a JAR: file:/E:/develop/workSpaceSelf/exercise/target/classes/com/zl/mybatis/dao/UserAnswerRecordMapper.xml
11:39:20,384 DEBUG DefaultVFS:102 - Reader entry: &lt;?xml version=&quot;1.0&quot; encoding=&quot;UTF-8&quot;?&gt;
11:39:20,385 DEBUG DefaultVFS:222 - Find JAR URL: file:/E:/develop/workSpaceSelf/exercise/target/classes/com/zl/mybatis/dao/UserMapper.class
11:39:20,385 DEBUG DefaultVFS:248 - Not a JAR: file:/E:/develop/workSpaceSelf/exercise/target/classes/com/zl/mybatis/dao/UserMapper.class
11:39:20,385 DEBUG DefaultVFS:102 - Reader entry: 漱壕&amp;#0;&amp;#0;&amp;#0;4&amp;#0; &amp;#7;&amp;#0;&amp;#2;&amp;#1;&amp;#0;&amp;#29;com/zl/mybatis/dao/UserMapper&amp;#7;&amp;#0;&amp;#4;&amp;#1;&amp;#0;&amp;#16;java/lang/Object&amp;#1;&amp;#0;&amp;#11;getUserById&amp;#1;&amp;#0;&amp;#29;(I)Lcom/zl/mybatis/pojo/User;&amp;#1;&amp;#0;
11:39:20,386 DEBUG DefaultVFS:222 - Find JAR URL: file:/E:/develop/workSpaceSelf/exercise/target/classes/com/zl/mybatis/dao/UserMapper.xml
11:39:20,386 DEBUG DefaultVFS:248 - Not a JAR: file:/E:/develop/workSpaceSelf/exercise/target/classes/com/zl/mybatis/dao/UserMapper.xml
11:39:20,387 DEBUG DefaultVFS:102 - Reader entry: &lt;?xml version=&quot;1.0&quot; encoding=&quot;UTF-8&quot;?&gt;
11:39:20,387 DEBUG ResolverUtil:256 - Checking to see if class com.zl.mybatis.dao.OrderMapper matches criteria [is assignable to Object]
11:39:20,388 DEBUG ResolverUtil:256 - Checking to see if class com.zl.mybatis.dao.OrderResultTypeMapper matches criteria [is assignable to Object]
11:39:20,388 DEBUG ResolverUtil:256 - Checking to see if class com.zl.mybatis.dao.PromotionMapper matches criteria [is assignable to Object]
11:39:20,388 DEBUG ResolverUtil:256 - Checking to see if class com.zl.mybatis.dao.UserAnswerRecordMapper matches criteria [is assignable to Object]
11:39:20,389 DEBUG ResolverUtil:256 - Checking to see if class com.zl.mybatis.dao.UserMapper matches criteria [is assignable to Object]
</system-out>
  </testcase>
  <testcase classname="com.zl.test.sql.OrderDaoTest" name="test23" time="0.086">
    <error message="Could not initialize class org.mybatis.caches.ehcache.EhcacheCache" type="java.lang.NoClassDefFoundError">java.lang.NoClassDefFoundError: Could not initialize class org.mybatis.caches.ehcache.EhcacheCache
	at java.lang.Class.forName0(Native Method)
	at java.lang.Class.forName(Class.java:348)
	at org.apache.ibatis.io.ClassLoaderWrapper.classForName(ClassLoaderWrapper.java:186)
	at org.apache.ibatis.io.ClassLoaderWrapper.classForName(ClassLoaderWrapper.java:89)
	at org.apache.ibatis.io.Resources.classForName(Resources.java:261)
	at org.apache.ibatis.type.TypeAliasRegistry.resolveAlias(TypeAliasRegistry.java:116)
	at org.apache.ibatis.builder.xml.XMLMapperBuilder.cacheElement(XMLMapperBuilder.java:202)
	at org.apache.ibatis.builder.xml.XMLMapperBuilder.configurationElement(XMLMapperBuilder.java:114)
	at org.apache.ibatis.builder.xml.XMLMapperBuilder.parse(XMLMapperBuilder.java:92)
	at org.apache.ibatis.builder.annotation.MapperAnnotationBuilder.loadXmlResource(MapperAnnotationBuilder.java:173)
	at org.apache.ibatis.builder.annotation.MapperAnnotationBuilder.parse(MapperAnnotationBuilder.java:124)
	at org.apache.ibatis.binding.MapperRegistry.addMapper(MapperRegistry.java:72)
	at org.apache.ibatis.binding.MapperRegistry.addMappers(MapperRegistry.java:97)
	at org.apache.ibatis.binding.MapperRegistry.addMappers(MapperRegistry.java:105)
	at org.apache.ibatis.session.Configuration.addMappers(Configuration.java:724)
	at org.apache.ibatis.builder.xml.XMLConfigBuilder.mapperElement(XMLConfigBuilder.java:360)
	at org.apache.ibatis.builder.xml.XMLConfigBuilder.parseConfiguration(XMLConfigBuilder.java:118)
	at org.apache.ibatis.builder.xml.XMLConfigBuilder.parse(XMLConfigBuilder.java:98)
	at org.apache.ibatis.session.SqlSessionFactoryBuilder.build(SqlSessionFactoryBuilder.java:78)
	at org.apache.ibatis.session.SqlSessionFactoryBuilder.build(SqlSessionFactoryBuilder.java:64)
	at com.zl.utils.MyBatisUtils.getnewInstance(MyBatisUtils.java:28)
	at com.zl.test.sql.OrderDaoTest.before(OrderDaoTest.java:44)
	at sun.reflect.NativeMethodAccessorImpl.invoke0(Native Method)
	at sun.reflect.NativeMethodAccessorImpl.invoke(NativeMethodAccessorImpl.java:62)
	at sun.reflect.DelegatingMethodAccessorImpl.invoke(DelegatingMethodAccessorImpl.java:43)
	at java.lang.reflect.Method.invoke(Method.java:498)
	at org.junit.runners.model.FrameworkMethod$1.runReflectiveCall(FrameworkMethod.java:45)
	at org.junit.internal.runners.model.ReflectiveCallable.run(ReflectiveCallable.java:15)
	at org.junit.runners.model.FrameworkMethod.invokeExplosively(FrameworkMethod.java:42)
	at org.junit.internal.runners.statements.RunBefores.evaluate(RunBefores.java:27)
	at org.junit.runners.ParentRunner.runLeaf(ParentRunner.java:263)
	at org.junit.runners.BlockJUnit4ClassRunner.runChild(BlockJUnit4ClassRunner.java:68)
	at org.junit.runners.BlockJUnit4ClassRunner.runChild(BlockJUnit4ClassRunner.java:47)
	at org.junit.runners.ParentRunner$3.run(ParentRunner.java:231)
	at org.junit.runners.ParentRunner$1.schedule(ParentRunner.java:60)
	at org.junit.runners.ParentRunner.runChildren(ParentRunner.java:229)
	at org.junit.runners.ParentRunner.access$000(ParentRunner.java:50)
	at org.junit.runners.ParentRunner$2.evaluate(ParentRunner.java:222)
	at org.junit.runners.ParentRunner.run(ParentRunner.java:300)
	at org.apache.maven.surefire.junit4.JUnit4Provider.execute(JUnit4Provider.java:252)
	at org.apache.maven.surefire.junit4.JUnit4Provider.executeTestSet(JUnit4Provider.java:141)
	at org.apache.maven.surefire.junit4.JUnit4Provider.invoke(JUnit4Provider.java:112)
	at sun.reflect.NativeMethodAccessorImpl.invoke0(Native Method)
	at sun.reflect.NativeMethodAccessorImpl.invoke(NativeMethodAccessorImpl.java:62)
	at sun.reflect.DelegatingMethodAccessorImpl.invoke(DelegatingMethodAccessorImpl.java:43)
	at java.lang.reflect.Method.invoke(Method.java:498)
	at org.apache.maven.surefire.util.ReflectionUtils.invokeMethodWithArray(ReflectionUtils.java:189)
	at org.apache.maven.surefire.booter.ProviderFactory$ProviderProxy.invoke(ProviderFactory.java:165)
	at org.apache.maven.surefire.booter.ProviderFactory.invokeProvider(ProviderFactory.java:85)
	at org.apache.maven.surefire.booter.ForkedBooter.runSuitesInProcess(ForkedBooter.java:115)
	at org.apache.maven.surefire.booter.ForkedBooter.main(ForkedBooter.java:75)
</error>
    <system-out>11:39:20,431 DEBUG DefaultVFS:222 - Find JAR URL: file:/E:/develop/workSpaceSelf/exercise/target/classes/com/zl/mybatis/pojo
11:39:20,432 DEBUG DefaultVFS:248 - Not a JAR: file:/E:/develop/workSpaceSelf/exercise/target/classes/com/zl/mybatis/pojo
11:39:20,433 DEBUG DefaultVFS:102 - Reader entry: Items.class
11:39:20,433 DEBUG DefaultVFS:102 - Reader entry: Orderdetail.class
11:39:20,434 DEBUG DefaultVFS:102 - Reader entry: Orders.class
11:39:20,434 DEBUG DefaultVFS:102 - Reader entry: OrdersCustom.class
11:39:20,434 DEBUG DefaultVFS:102 - Reader entry: QueryVo.class
11:39:20,435 DEBUG DefaultVFS:102 - Reader entry: User.class
11:39:20,435 DEBUG DefaultVFS:102 - Reader entry: UserAnswerRecord.class
11:39:20,436 DEBUG DefaultVFS:102 - Reader entry: UserCustom.class
11:39:20,436 DEBUG DefaultVFS:113 - Listing file:/E:/develop/workSpaceSelf/exercise/target/classes/com/zl/mybatis/pojo
11:39:20,437 DEBUG DefaultVFS:222 - Find JAR URL: file:/E:/develop/workSpaceSelf/exercise/target/classes/com/zl/mybatis/pojo/Items.class
11:39:20,437 DEBUG DefaultVFS:248 - Not a JAR: file:/E:/develop/workSpaceSelf/exercise/target/classes/com/zl/mybatis/pojo/Items.class
11:39:20,438 DEBUG DefaultVFS:102 - Reader entry: 漱壕&amp;#0;&amp;#0;&amp;#0;4&amp;#0;k&amp;#7;&amp;#0;&amp;#2;&amp;#1;&amp;#0;&amp;#25;com/zl/mybatis/pojo/Items&amp;#7;&amp;#0;&amp;#4;&amp;#1;&amp;#0;&amp;#16;java/lang/Object&amp;#7;&amp;#0;&amp;#6;&amp;#1;&amp;#0;&amp;#20;java/io/Serializable&amp;#1;&amp;#0;&amp;#2;id&amp;#1;&amp;#0;&amp;#19;Ljava/lang/Integer;&amp;#1;&amp;#0;&amp;#4;name&amp;#1;&amp;#0;&amp;#18;Ljava/lang/String;&amp;#1;&amp;#0;&amp;#5;price&amp;#1;&amp;#0;&amp;#17;Ljava/lang/Float;&amp;#1;&amp;#0;&amp;#3;pic&amp;#1;&amp;#0;
11:39:20,438 DEBUG DefaultVFS:222 - Find JAR URL: file:/E:/develop/workSpaceSelf/exercise/target/classes/com/zl/mybatis/pojo/Orderdetail.class
11:39:20,438 DEBUG DefaultVFS:248 - Not a JAR: file:/E:/develop/workSpaceSelf/exercise/target/classes/com/zl/mybatis/pojo/Orderdetail.class
11:39:20,439 DEBUG DefaultVFS:102 - Reader entry: 漱壕&amp;#0;&amp;#0;&amp;#0;4&amp;#0;K&amp;#7;&amp;#0;&amp;#2;&amp;#1;&amp;#0;&amp;#31;com/zl/mybatis/pojo/Orderdetail&amp;#7;&amp;#0;&amp;#4;&amp;#1;&amp;#0;&amp;#16;java/lang/Object&amp;#7;&amp;#0;&amp;#6;&amp;#1;&amp;#0;&amp;#20;java/io/Serializable&amp;#1;&amp;#0;&amp;#2;id&amp;#1;&amp;#0;&amp;#19;Ljava/lang/Integer;&amp;#1;&amp;#0;&amp;#8;ordersId&amp;#1;&amp;#0;&amp;#7;itemsId&amp;#1;&amp;#0;&amp;#8;itemsNum&amp;#1;&amp;#0;&amp;#5;items&amp;#1;&amp;#0;&amp;#27;Lcom/zl/mybatis/pojo/Items;&amp;#1;&amp;#0;&amp;#6;&lt;init&gt;&amp;#1;&amp;#0;&amp;#3;()V&amp;#1;&amp;#0;&amp;#4;Code
11:39:20,440 DEBUG DefaultVFS:222 - Find JAR URL: file:/E:/develop/workSpaceSelf/exercise/target/classes/com/zl/mybatis/pojo/Orders.class
11:39:20,440 DEBUG DefaultVFS:248 - Not a JAR: file:/E:/develop/workSpaceSelf/exercise/target/classes/com/zl/mybatis/pojo/Orders.class
11:39:20,440 DEBUG DefaultVFS:102 - Reader entry: 漱壕&amp;#0;&amp;#0;&amp;#0;4&amp;#0;m&amp;#7;&amp;#0;&amp;#2;&amp;#1;&amp;#0;&amp;#26;com/zl/mybatis/pojo/Orders&amp;#7;&amp;#0;&amp;#4;&amp;#1;&amp;#0;&amp;#16;java/lang/Object&amp;#7;&amp;#0;&amp;#6;&amp;#1;&amp;#0;&amp;#20;java/io/Serializable&amp;#1;&amp;#0;&amp;#2;id&amp;#1;&amp;#0;&amp;#19;Ljava/lang/Integer;&amp;#1;&amp;#0;&amp;#6;userId&amp;#1;&amp;#0;&amp;#6;number&amp;#1;&amp;#0;&amp;#18;Ljava/lang/String;&amp;#1;&amp;#0;
11:39:20,441 DEBUG DefaultVFS:222 - Find JAR URL: file:/E:/develop/workSpaceSelf/exercise/target/classes/com/zl/mybatis/pojo/OrdersCustom.class
11:39:20,441 DEBUG DefaultVFS:248 - Not a JAR: file:/E:/develop/workSpaceSelf/exercise/target/classes/com/zl/mybatis/pojo/OrdersCustom.class
11:39:20,441 DEBUG DefaultVFS:102 - Reader entry: 漱壕&amp;#0;&amp;#0;&amp;#0;4&amp;#0;&amp;#29;&amp;#7;&amp;#0;&amp;#2;&amp;#1;&amp;#0; com/zl/mybatis/pojo/OrdersCustom&amp;#7;&amp;#0;&amp;#4;&amp;#1;&amp;#0;&amp;#26;com/zl/mybatis/pojo/Orders&amp;#1;&amp;#0;&amp;#8;username&amp;#1;&amp;#0;&amp;#18;Ljava/lang/String;&amp;#1;&amp;#0;&amp;#7;address&amp;#1;&amp;#0;&amp;#6;&lt;init&gt;&amp;#1;&amp;#0;&amp;#3;()V&amp;#1;&amp;#0;&amp;#4;Code
11:39:20,442 DEBUG DefaultVFS:222 - Find JAR URL: file:/E:/develop/workSpaceSelf/exercise/target/classes/com/zl/mybatis/pojo/QueryVo.class
11:39:20,442 DEBUG DefaultVFS:248 - Not a JAR: file:/E:/develop/workSpaceSelf/exercise/target/classes/com/zl/mybatis/pojo/QueryVo.class
11:39:20,442 DEBUG DefaultVFS:102 - Reader entry: 漱壕&amp;#0;&amp;#0;&amp;#0;4&amp;#0; &amp;#7;&amp;#0;&amp;#2;&amp;#1;&amp;#0;&amp;#27;com/zl/mybatis/pojo/QueryVo&amp;#7;&amp;#0;&amp;#4;&amp;#1;&amp;#0;&amp;#16;java/lang/Object&amp;#1;&amp;#0;&amp;#4;user&amp;#1;&amp;#0;&amp;#26;Lcom/zl/mybatis/pojo/User;&amp;#1;&amp;#0;
11:39:20,443 DEBUG DefaultVFS:222 - Find JAR URL: file:/E:/develop/workSpaceSelf/exercise/target/classes/com/zl/mybatis/pojo/User.class
11:39:20,443 DEBUG DefaultVFS:248 - Not a JAR: file:/E:/develop/workSpaceSelf/exercise/target/classes/com/zl/mybatis/pojo/User.class
11:39:20,443 DEBUG DefaultVFS:102 - Reader entry: 漱壕&amp;#0;&amp;#0;&amp;#0;4&amp;#0;U&amp;#7;&amp;#0;&amp;#2;&amp;#1;&amp;#0;&amp;#24;com/zl/mybatis/pojo/User&amp;#7;&amp;#0;&amp;#4;&amp;#1;&amp;#0;&amp;#16;java/lang/Object&amp;#7;&amp;#0;&amp;#6;&amp;#1;&amp;#0;&amp;#20;java/io/Serializable&amp;#1;&amp;#0;&amp;#2;id&amp;#1;&amp;#0;&amp;#1;I&amp;#1;&amp;#0;&amp;#8;username&amp;#1;&amp;#0;&amp;#18;Ljava/lang/String;&amp;#1;&amp;#0;&amp;#3;sex&amp;#1;&amp;#0;&amp;#8;birthday&amp;#1;&amp;#0;&amp;#16;Ljava/util/Date;&amp;#1;&amp;#0;&amp;#7;address&amp;#1;&amp;#0;&amp;#6;orders&amp;#1;&amp;#0;&amp;#16;Ljava/util/List;&amp;#1;&amp;#0;	Signature&amp;#1;&amp;#0;.Ljava/util/List&lt;Lcom/zl/mybatis/pojo/Orders;&gt;;&amp;#1;&amp;#0;&amp;#6;&lt;init&gt;&amp;#1;&amp;#0;&amp;#3;()V&amp;#1;&amp;#0;&amp;#4;Code
11:39:20,444 DEBUG DefaultVFS:222 - Find JAR URL: file:/E:/develop/workSpaceSelf/exercise/target/classes/com/zl/mybatis/pojo/UserAnswerRecord.class
11:39:20,444 DEBUG DefaultVFS:248 - Not a JAR: file:/E:/develop/workSpaceSelf/exercise/target/classes/com/zl/mybatis/pojo/UserAnswerRecord.class
11:39:20,445 DEBUG DefaultVFS:102 - Reader entry: 漱壕&amp;#0;&amp;#0;&amp;#0;4&amp;#0;?&amp;#7;&amp;#0;&amp;#2;&amp;#1;&amp;#0;$com/zl/mybatis/pojo/UserAnswerRecord&amp;#7;&amp;#0;&amp;#4;&amp;#1;&amp;#0;&amp;#16;java/lang/Object&amp;#1;&amp;#0;&amp;#2;id&amp;#1;&amp;#0;&amp;#18;Ljava/lang/String;&amp;#1;&amp;#0;&amp;#7;eventid&amp;#1;&amp;#0;
11:39:20,446 DEBUG DefaultVFS:222 - Find JAR URL: file:/E:/develop/workSpaceSelf/exercise/target/classes/com/zl/mybatis/pojo/UserCustom.class
11:39:20,446 DEBUG DefaultVFS:248 - Not a JAR: file:/E:/develop/workSpaceSelf/exercise/target/classes/com/zl/mybatis/pojo/UserCustom.class
11:39:20,447 DEBUG DefaultVFS:102 - Reader entry: 漱壕&amp;#0;&amp;#0;&amp;#0;4&amp;#0;&amp;#19;&amp;#7;&amp;#0;&amp;#2;&amp;#1;&amp;#0;&amp;#30;com/zl/mybatis/pojo/UserCustom&amp;#7;&amp;#0;&amp;#4;&amp;#1;&amp;#0;&amp;#24;com/zl/mybatis/pojo/User&amp;#1;&amp;#0;&amp;#14;birthday_start&amp;#1;&amp;#0;&amp;#16;Ljava/util/Date;&amp;#1;&amp;#0;&amp;#12;birthday_end&amp;#1;&amp;#0;&amp;#6;&lt;init&gt;&amp;#1;&amp;#0;&amp;#3;()V&amp;#1;&amp;#0;&amp;#4;Code
11:39:20,447 DEBUG ResolverUtil:256 - Checking to see if class com.zl.mybatis.pojo.Items matches criteria [is assignable to Object]
11:39:20,447 DEBUG ResolverUtil:256 - Checking to see if class com.zl.mybatis.pojo.Orderdetail matches criteria [is assignable to Object]
11:39:20,448 DEBUG ResolverUtil:256 - Checking to see if class com.zl.mybatis.pojo.Orders matches criteria [is assignable to Object]
11:39:20,448 DEBUG ResolverUtil:256 - Checking to see if class com.zl.mybatis.pojo.OrdersCustom matches criteria [is assignable to Object]
11:39:20,448 DEBUG ResolverUtil:256 - Checking to see if class com.zl.mybatis.pojo.QueryVo matches criteria [is assignable to Object]
11:39:20,449 DEBUG ResolverUtil:256 - Checking to see if class com.zl.mybatis.pojo.User matches criteria [is assignable to Object]
11:39:20,449 DEBUG ResolverUtil:256 - Checking to see if class com.zl.mybatis.pojo.UserAnswerRecord matches criteria [is assignable to Object]
11:39:20,449 DEBUG ResolverUtil:256 - Checking to see if class com.zl.mybatis.pojo.UserCustom matches criteria [is assignable to Object]
11:39:20,451 DEBUG LogFactory:135 - Logging initialized using &apos;class org.apache.ibatis.logging.log4j.Log4jImpl&apos; adapter.
11:39:20,453 DEBUG PooledDataSource:316 - PooledDataSource forcefully closed/removed all connections.
11:39:20,453 DEBUG PooledDataSource:316 - PooledDataSource forcefully closed/removed all connections.
11:39:20,453 DEBUG PooledDataSource:316 - PooledDataSource forcefully closed/removed all connections.
11:39:20,454 DEBUG PooledDataSource:316 - PooledDataSource forcefully closed/removed all connections.
11:39:20,456 DEBUG DefaultVFS:222 - Find JAR URL: file:/E:/develop/workSpaceSelf/exercise/target/classes/com/zl/mybatis/dao
11:39:20,456 DEBUG DefaultVFS:248 - Not a JAR: file:/E:/develop/workSpaceSelf/exercise/target/classes/com/zl/mybatis/dao
11:39:20,457 DEBUG DefaultVFS:102 - Reader entry: OrderMapper.class
11:39:20,457 DEBUG DefaultVFS:102 - Reader entry: OrderMapper.xml
11:39:20,458 DEBUG DefaultVFS:102 - Reader entry: OrderResultTypeMapper.class
11:39:20,458 DEBUG DefaultVFS:102 - Reader entry: OrderResultTypeMapper.xml
11:39:20,459 DEBUG DefaultVFS:102 - Reader entry: PromotionMapper.class
11:39:20,459 DEBUG DefaultVFS:102 - Reader entry: PromotionMapper.xml
11:39:20,460 DEBUG DefaultVFS:102 - Reader entry: UserAnswerRecordMapper.class
11:39:20,460 DEBUG DefaultVFS:102 - Reader entry: UserAnswerRecordMapper.xml
11:39:20,461 DEBUG DefaultVFS:102 - Reader entry: UserMapper.class
11:39:20,461 DEBUG DefaultVFS:102 - Reader entry: UserMapper.xml
11:39:20,461 DEBUG DefaultVFS:113 - Listing file:/E:/develop/workSpaceSelf/exercise/target/classes/com/zl/mybatis/dao
11:39:20,462 DEBUG DefaultVFS:222 - Find JAR URL: file:/E:/develop/workSpaceSelf/exercise/target/classes/com/zl/mybatis/dao/OrderMapper.class
11:39:20,462 DEBUG DefaultVFS:248 - Not a JAR: file:/E:/develop/workSpaceSelf/exercise/target/classes/com/zl/mybatis/dao/OrderMapper.class
11:39:20,462 DEBUG DefaultVFS:102 - Reader entry: 漱壕&amp;#0;&amp;#0;&amp;#0;4&amp;#0;&amp;#17;&amp;#7;&amp;#0;&amp;#2;&amp;#1;&amp;#0;&amp;#30;com/zl/mybatis/dao/OrderMapper&amp;#7;&amp;#0;&amp;#4;&amp;#1;&amp;#0;&amp;#16;java/lang/Object&amp;#1;&amp;#0;&amp;#22;findOrderListResultMap&amp;#1;&amp;#0;&amp;#18;()Ljava/util/List;&amp;#1;&amp;#0;
11:39:20,463 DEBUG DefaultVFS:222 - Find JAR URL: file:/E:/develop/workSpaceSelf/exercise/target/classes/com/zl/mybatis/dao/OrderMapper.xml
11:39:20,463 DEBUG DefaultVFS:248 - Not a JAR: file:/E:/develop/workSpaceSelf/exercise/target/classes/com/zl/mybatis/dao/OrderMapper.xml
11:39:20,463 DEBUG DefaultVFS:102 - Reader entry: &lt;?xml version=&quot;1.0&quot; encoding=&quot;UTF-8&quot;?&gt;
11:39:20,464 DEBUG DefaultVFS:222 - Find JAR URL: file:/E:/develop/workSpaceSelf/exercise/target/classes/com/zl/mybatis/dao/OrderResultTypeMapper.class
11:39:20,464 DEBUG DefaultVFS:248 - Not a JAR: file:/E:/develop/workSpaceSelf/exercise/target/classes/com/zl/mybatis/dao/OrderResultTypeMapper.class
11:39:20,464 DEBUG DefaultVFS:102 - Reader entry: 漱壕&amp;#0;&amp;#0;&amp;#0;4&amp;#0;&amp;#14;&amp;#7;&amp;#0;&amp;#2;&amp;#1;&amp;#0;(com/zl/mybatis/dao/OrderResultTypeMapper&amp;#7;&amp;#0;&amp;#4;&amp;#1;&amp;#0;&amp;#16;java/lang/Object&amp;#1;&amp;#0;&amp;#23;findOrderListResultType&amp;#1;&amp;#0;&amp;#18;()Ljava/util/List;&amp;#1;&amp;#0;
11:39:20,465 DEBUG DefaultVFS:222 - Find JAR URL: file:/E:/develop/workSpaceSelf/exercise/target/classes/com/zl/mybatis/dao/OrderResultTypeMapper.xml
11:39:20,465 DEBUG DefaultVFS:248 - Not a JAR: file:/E:/develop/workSpaceSelf/exercise/target/classes/com/zl/mybatis/dao/OrderResultTypeMapper.xml
11:39:20,465 DEBUG DefaultVFS:102 - Reader entry: &lt;?xml version=&quot;1.0&quot; encoding=&quot;UTF-8&quot;?&gt;
11:39:20,466 DEBUG DefaultVFS:222 - Find JAR URL: file:/E:/develop/workSpaceSelf/exercise/target/classes/com/zl/mybatis/dao/PromotionMapper.class
11:39:20,466 DEBUG DefaultVFS:248 - Not a JAR: file:/E:/develop/workSpaceSelf/exercise/target/classes/com/zl/mybatis/dao/PromotionMapper.class
11:39:20,467 DEBUG DefaultVFS:102 - Reader entry: 漱壕&amp;#0;&amp;#0;&amp;#0;4&amp;#0;&amp;#19;&amp;#7;&amp;#0;&amp;#2;&amp;#1;&amp;#0;&quot;com/zl/mybatis/dao/PromotionMapper&amp;#7;&amp;#0;&amp;#4;&amp;#1;&amp;#0;&amp;#16;java/lang/Object&amp;#1;&amp;#0;
11:39:20,468 DEBUG DefaultVFS:222 - Find JAR URL: file:/E:/develop/workSpaceSelf/exercise/target/classes/com/zl/mybatis/dao/PromotionMapper.xml
11:39:20,468 DEBUG DefaultVFS:248 - Not a JAR: file:/E:/develop/workSpaceSelf/exercise/target/classes/com/zl/mybatis/dao/PromotionMapper.xml
11:39:20,469 DEBUG DefaultVFS:102 - Reader entry: &lt;?xml version=&quot;1.0&quot; encoding=&quot;UTF-8&quot;?&gt;
11:39:20,469 DEBUG DefaultVFS:222 - Find JAR URL: file:/E:/develop/workSpaceSelf/exercise/target/classes/com/zl/mybatis/dao/UserAnswerRecordMapper.class
11:39:20,470 DEBUG DefaultVFS:248 - Not a JAR: file:/E:/develop/workSpaceSelf/exercise/target/classes/com/zl/mybatis/dao/UserAnswerRecordMapper.class
11:39:20,470 DEBUG DefaultVFS:102 - Reader entry: 漱壕&amp;#0;&amp;#0;&amp;#0;4&amp;#0;&amp;#20;&amp;#7;&amp;#0;&amp;#2;&amp;#1;&amp;#0;)com/zl/mybatis/dao/UserAnswerRecordMapper&amp;#7;&amp;#0;&amp;#4;&amp;#1;&amp;#0;&amp;#16;java/lang/Object&amp;#1;&amp;#0;&amp;#23;getUserAnswerRecordList&amp;#1;&amp;#0;;(Lcom/zl/mybatis/entity/UserAnswerQueryVo;)Ljava/util/List;&amp;#1;&amp;#0;	Signature&amp;#1;&amp;#0;c(Lcom/zl/mybatis/entity/UserAnswerQueryVo;)Ljava/util/List&lt;Lcom/zl/mybatis/pojo/UserAnswerRecord;&gt;;&amp;#1;&amp;#0;&amp;#22;delAnswerEvertRuleById&amp;#1;&amp;#0;&amp;#21;(Ljava/lang/String;)I&amp;#1;&amp;#0;&amp;#25;selectAnswerEvertRuleById&amp;#1;&amp;#0;$(Ljava/lang/String;)Ljava/util/List;&amp;#1;&amp;#0;9(Ljava/lang/String;)Ljava/util/List&lt;Ljava/lang/Integer;&gt;;&amp;#1;&amp;#0;&amp;#23;delAnswerEventConfnById&amp;#1;&amp;#0;&amp;#24;getUserAnswerRecordList1&amp;#1;&amp;#0;&amp;#15;insertRdoEnitiy&amp;#1;&amp;#0;&apos;(Lcom/zl/mybatis/entity/RdoOrderInfo;)V&amp;#1;&amp;#0;
11:39:20,471 DEBUG DefaultVFS:222 - Find JAR URL: file:/E:/develop/workSpaceSelf/exercise/target/classes/com/zl/mybatis/dao/UserAnswerRecordMapper.xml
11:39:20,472 DEBUG DefaultVFS:248 - Not a JAR: file:/E:/develop/workSpaceSelf/exercise/target/classes/com/zl/mybatis/dao/UserAnswerRecordMapper.xml
11:39:20,472 DEBUG DefaultVFS:102 - Reader entry: &lt;?xml version=&quot;1.0&quot; encoding=&quot;UTF-8&quot;?&gt;
11:39:20,473 DEBUG DefaultVFS:222 - Find JAR URL: file:/E:/develop/workSpaceSelf/exercise/target/classes/com/zl/mybatis/dao/UserMapper.class
11:39:20,473 DEBUG DefaultVFS:248 - Not a JAR: file:/E:/develop/workSpaceSelf/exercise/target/classes/com/zl/mybatis/dao/UserMapper.class
11:39:20,474 DEBUG DefaultVFS:102 - Reader entry: 漱壕&amp;#0;&amp;#0;&amp;#0;4&amp;#0; &amp;#7;&amp;#0;&amp;#2;&amp;#1;&amp;#0;&amp;#29;com/zl/mybatis/dao/UserMapper&amp;#7;&amp;#0;&amp;#4;&amp;#1;&amp;#0;&amp;#16;java/lang/Object&amp;#1;&amp;#0;&amp;#11;getUserById&amp;#1;&amp;#0;&amp;#29;(I)Lcom/zl/mybatis/pojo/User;&amp;#1;&amp;#0;
11:39:20,474 DEBUG DefaultVFS:222 - Find JAR URL: file:/E:/develop/workSpaceSelf/exercise/target/classes/com/zl/mybatis/dao/UserMapper.xml
11:39:20,475 DEBUG DefaultVFS:248 - Not a JAR: file:/E:/develop/workSpaceSelf/exercise/target/classes/com/zl/mybatis/dao/UserMapper.xml
11:39:20,475 DEBUG DefaultVFS:102 - Reader entry: &lt;?xml version=&quot;1.0&quot; encoding=&quot;UTF-8&quot;?&gt;
11:39:20,476 DEBUG ResolverUtil:256 - Checking to see if class com.zl.mybatis.dao.OrderMapper matches criteria [is assignable to Object]
11:39:20,476 DEBUG ResolverUtil:256 - Checking to see if class com.zl.mybatis.dao.OrderResultTypeMapper matches criteria [is assignable to Object]
11:39:20,477 DEBUG ResolverUtil:256 - Checking to see if class com.zl.mybatis.dao.PromotionMapper matches criteria [is assignable to Object]
11:39:20,477 DEBUG ResolverUtil:256 - Checking to see if class com.zl.mybatis.dao.UserAnswerRecordMapper matches criteria [is assignable to Object]
11:39:20,477 DEBUG ResolverUtil:256 - Checking to see if class com.zl.mybatis.dao.UserMapper matches criteria [is assignable to Object]
</system-out>
  </testcase>
  <testcase classname="com.zl.test.sql.OrderDaoTest" name="findOrdersDetailList" time="0.113">
    <error message="Could not initialize class org.mybatis.caches.ehcache.EhcacheCache" type="java.lang.NoClassDefFoundError">java.lang.NoClassDefFoundError: Could not initialize class org.mybatis.caches.ehcache.EhcacheCache
	at java.lang.Class.forName0(Native Method)
	at java.lang.Class.forName(Class.java:348)
	at org.apache.ibatis.io.ClassLoaderWrapper.classForName(ClassLoaderWrapper.java:186)
	at org.apache.ibatis.io.ClassLoaderWrapper.classForName(ClassLoaderWrapper.java:89)
	at org.apache.ibatis.io.Resources.classForName(Resources.java:261)
	at org.apache.ibatis.type.TypeAliasRegistry.resolveAlias(TypeAliasRegistry.java:116)
	at org.apache.ibatis.builder.xml.XMLMapperBuilder.cacheElement(XMLMapperBuilder.java:202)
	at org.apache.ibatis.builder.xml.XMLMapperBuilder.configurationElement(XMLMapperBuilder.java:114)
	at org.apache.ibatis.builder.xml.XMLMapperBuilder.parse(XMLMapperBuilder.java:92)
	at org.apache.ibatis.builder.annotation.MapperAnnotationBuilder.loadXmlResource(MapperAnnotationBuilder.java:173)
	at org.apache.ibatis.builder.annotation.MapperAnnotationBuilder.parse(MapperAnnotationBuilder.java:124)
	at org.apache.ibatis.binding.MapperRegistry.addMapper(MapperRegistry.java:72)
	at org.apache.ibatis.binding.MapperRegistry.addMappers(MapperRegistry.java:97)
	at org.apache.ibatis.binding.MapperRegistry.addMappers(MapperRegistry.java:105)
	at org.apache.ibatis.session.Configuration.addMappers(Configuration.java:724)
	at org.apache.ibatis.builder.xml.XMLConfigBuilder.mapperElement(XMLConfigBuilder.java:360)
	at org.apache.ibatis.builder.xml.XMLConfigBuilder.parseConfiguration(XMLConfigBuilder.java:118)
	at org.apache.ibatis.builder.xml.XMLConfigBuilder.parse(XMLConfigBuilder.java:98)
	at org.apache.ibatis.session.SqlSessionFactoryBuilder.build(SqlSessionFactoryBuilder.java:78)
	at org.apache.ibatis.session.SqlSessionFactoryBuilder.build(SqlSessionFactoryBuilder.java:64)
	at com.zl.utils.MyBatisUtils.getnewInstance(MyBatisUtils.java:28)
	at com.zl.test.sql.OrderDaoTest.before(OrderDaoTest.java:44)
	at sun.reflect.NativeMethodAccessorImpl.invoke0(Native Method)
	at sun.reflect.NativeMethodAccessorImpl.invoke(NativeMethodAccessorImpl.java:62)
	at sun.reflect.DelegatingMethodAccessorImpl.invoke(DelegatingMethodAccessorImpl.java:43)
	at java.lang.reflect.Method.invoke(Method.java:498)
	at org.junit.runners.model.FrameworkMethod$1.runReflectiveCall(FrameworkMethod.java:45)
	at org.junit.internal.runners.model.ReflectiveCallable.run(ReflectiveCallable.java:15)
	at org.junit.runners.model.FrameworkMethod.invokeExplosively(FrameworkMethod.java:42)
	at org.junit.internal.runners.statements.RunBefores.evaluate(RunBefores.java:27)
	at org.junit.runners.ParentRunner.runLeaf(ParentRunner.java:263)
	at org.junit.runners.BlockJUnit4ClassRunner.runChild(BlockJUnit4ClassRunner.java:68)
	at org.junit.runners.BlockJUnit4ClassRunner.runChild(BlockJUnit4ClassRunner.java:47)
	at org.junit.runners.ParentRunner$3.run(ParentRunner.java:231)
	at org.junit.runners.ParentRunner$1.schedule(ParentRunner.java:60)
	at org.junit.runners.ParentRunner.runChildren(ParentRunner.java:229)
	at org.junit.runners.ParentRunner.access$000(ParentRunner.java:50)
	at org.junit.runners.ParentRunner$2.evaluate(ParentRunner.java:222)
	at org.junit.runners.ParentRunner.run(ParentRunner.java:300)
	at org.apache.maven.surefire.junit4.JUnit4Provider.execute(JUnit4Provider.java:252)
	at org.apache.maven.surefire.junit4.JUnit4Provider.executeTestSet(JUnit4Provider.java:141)
	at org.apache.maven.surefire.junit4.JUnit4Provider.invoke(JUnit4Provider.java:112)
	at sun.reflect.NativeMethodAccessorImpl.invoke0(Native Method)
	at sun.reflect.NativeMethodAccessorImpl.invoke(NativeMethodAccessorImpl.java:62)
	at sun.reflect.DelegatingMethodAccessorImpl.invoke(DelegatingMethodAccessorImpl.java:43)
	at java.lang.reflect.Method.invoke(Method.java:498)
	at org.apache.maven.surefire.util.ReflectionUtils.invokeMethodWithArray(ReflectionUtils.java:189)
	at org.apache.maven.surefire.booter.ProviderFactory$ProviderProxy.invoke(ProviderFactory.java:165)
	at org.apache.maven.surefire.booter.ProviderFactory.invokeProvider(ProviderFactory.java:85)
	at org.apache.maven.surefire.booter.ForkedBooter.runSuitesInProcess(ForkedBooter.java:115)
	at org.apache.maven.surefire.booter.ForkedBooter.main(ForkedBooter.java:75)
</error>
    <system-out>11:39:20,516 DEBUG DefaultVFS:222 - Find JAR URL: file:/E:/develop/workSpaceSelf/exercise/target/classes/com/zl/mybatis/pojo
11:39:20,516 DEBUG DefaultVFS:248 - Not a JAR: file:/E:/develop/workSpaceSelf/exercise/target/classes/com/zl/mybatis/pojo
11:39:20,517 DEBUG DefaultVFS:102 - Reader entry: Items.class
11:39:20,518 DEBUG DefaultVFS:102 - Reader entry: Orderdetail.class
11:39:20,518 DEBUG DefaultVFS:102 - Reader entry: Orders.class
11:39:20,519 DEBUG DefaultVFS:102 - Reader entry: OrdersCustom.class
11:39:20,519 DEBUG DefaultVFS:102 - Reader entry: QueryVo.class
11:39:20,520 DEBUG DefaultVFS:102 - Reader entry: User.class
11:39:20,520 DEBUG DefaultVFS:102 - Reader entry: UserAnswerRecord.class
11:39:20,520 DEBUG DefaultVFS:102 - Reader entry: UserCustom.class
11:39:20,521 DEBUG DefaultVFS:113 - Listing file:/E:/develop/workSpaceSelf/exercise/target/classes/com/zl/mybatis/pojo
11:39:20,521 DEBUG DefaultVFS:222 - Find JAR URL: file:/E:/develop/workSpaceSelf/exercise/target/classes/com/zl/mybatis/pojo/Items.class
11:39:20,522 DEBUG DefaultVFS:248 - Not a JAR: file:/E:/develop/workSpaceSelf/exercise/target/classes/com/zl/mybatis/pojo/Items.class
11:39:20,522 DEBUG DefaultVFS:102 - Reader entry: 漱壕&amp;#0;&amp;#0;&amp;#0;4&amp;#0;k&amp;#7;&amp;#0;&amp;#2;&amp;#1;&amp;#0;&amp;#25;com/zl/mybatis/pojo/Items&amp;#7;&amp;#0;&amp;#4;&amp;#1;&amp;#0;&amp;#16;java/lang/Object&amp;#7;&amp;#0;&amp;#6;&amp;#1;&amp;#0;&amp;#20;java/io/Serializable&amp;#1;&amp;#0;&amp;#2;id&amp;#1;&amp;#0;&amp;#19;Ljava/lang/Integer;&amp;#1;&amp;#0;&amp;#4;name&amp;#1;&amp;#0;&amp;#18;Ljava/lang/String;&amp;#1;&amp;#0;&amp;#5;price&amp;#1;&amp;#0;&amp;#17;Ljava/lang/Float;&amp;#1;&amp;#0;&amp;#3;pic&amp;#1;&amp;#0;
11:39:20,523 DEBUG DefaultVFS:222 - Find JAR URL: file:/E:/develop/workSpaceSelf/exercise/target/classes/com/zl/mybatis/pojo/Orderdetail.class
11:39:20,523 DEBUG DefaultVFS:248 - Not a JAR: file:/E:/develop/workSpaceSelf/exercise/target/classes/com/zl/mybatis/pojo/Orderdetail.class
11:39:20,524 DEBUG DefaultVFS:102 - Reader entry: 漱壕&amp;#0;&amp;#0;&amp;#0;4&amp;#0;K&amp;#7;&amp;#0;&amp;#2;&amp;#1;&amp;#0;&amp;#31;com/zl/mybatis/pojo/Orderdetail&amp;#7;&amp;#0;&amp;#4;&amp;#1;&amp;#0;&amp;#16;java/lang/Object&amp;#7;&amp;#0;&amp;#6;&amp;#1;&amp;#0;&amp;#20;java/io/Serializable&amp;#1;&amp;#0;&amp;#2;id&amp;#1;&amp;#0;&amp;#19;Ljava/lang/Integer;&amp;#1;&amp;#0;&amp;#8;ordersId&amp;#1;&amp;#0;&amp;#7;itemsId&amp;#1;&amp;#0;&amp;#8;itemsNum&amp;#1;&amp;#0;&amp;#5;items&amp;#1;&amp;#0;&amp;#27;Lcom/zl/mybatis/pojo/Items;&amp;#1;&amp;#0;&amp;#6;&lt;init&gt;&amp;#1;&amp;#0;&amp;#3;()V&amp;#1;&amp;#0;&amp;#4;Code
11:39:20,524 DEBUG DefaultVFS:222 - Find JAR URL: file:/E:/develop/workSpaceSelf/exercise/target/classes/com/zl/mybatis/pojo/Orders.class
11:39:20,525 DEBUG DefaultVFS:248 - Not a JAR: file:/E:/develop/workSpaceSelf/exercise/target/classes/com/zl/mybatis/pojo/Orders.class
11:39:20,525 DEBUG DefaultVFS:102 - Reader entry: 漱壕&amp;#0;&amp;#0;&amp;#0;4&amp;#0;m&amp;#7;&amp;#0;&amp;#2;&amp;#1;&amp;#0;&amp;#26;com/zl/mybatis/pojo/Orders&amp;#7;&amp;#0;&amp;#4;&amp;#1;&amp;#0;&amp;#16;java/lang/Object&amp;#7;&amp;#0;&amp;#6;&amp;#1;&amp;#0;&amp;#20;java/io/Serializable&amp;#1;&amp;#0;&amp;#2;id&amp;#1;&amp;#0;&amp;#19;Ljava/lang/Integer;&amp;#1;&amp;#0;&amp;#6;userId&amp;#1;&amp;#0;&amp;#6;number&amp;#1;&amp;#0;&amp;#18;Ljava/lang/String;&amp;#1;&amp;#0;
11:39:20,526 DEBUG DefaultVFS:222 - Find JAR URL: file:/E:/develop/workSpaceSelf/exercise/target/classes/com/zl/mybatis/pojo/OrdersCustom.class
11:39:20,526 DEBUG DefaultVFS:248 - Not a JAR: file:/E:/develop/workSpaceSelf/exercise/target/classes/com/zl/mybatis/pojo/OrdersCustom.class
11:39:20,527 DEBUG DefaultVFS:102 - Reader entry: 漱壕&amp;#0;&amp;#0;&amp;#0;4&amp;#0;&amp;#29;&amp;#7;&amp;#0;&amp;#2;&amp;#1;&amp;#0; com/zl/mybatis/pojo/OrdersCustom&amp;#7;&amp;#0;&amp;#4;&amp;#1;&amp;#0;&amp;#26;com/zl/mybatis/pojo/Orders&amp;#1;&amp;#0;&amp;#8;username&amp;#1;&amp;#0;&amp;#18;Ljava/lang/String;&amp;#1;&amp;#0;&amp;#7;address&amp;#1;&amp;#0;&amp;#6;&lt;init&gt;&amp;#1;&amp;#0;&amp;#3;()V&amp;#1;&amp;#0;&amp;#4;Code
11:39:20,527 DEBUG DefaultVFS:222 - Find JAR URL: file:/E:/develop/workSpaceSelf/exercise/target/classes/com/zl/mybatis/pojo/QueryVo.class
11:39:20,527 DEBUG DefaultVFS:248 - Not a JAR: file:/E:/develop/workSpaceSelf/exercise/target/classes/com/zl/mybatis/pojo/QueryVo.class
11:39:20,528 DEBUG DefaultVFS:102 - Reader entry: 漱壕&amp;#0;&amp;#0;&amp;#0;4&amp;#0; &amp;#7;&amp;#0;&amp;#2;&amp;#1;&amp;#0;&amp;#27;com/zl/mybatis/pojo/QueryVo&amp;#7;&amp;#0;&amp;#4;&amp;#1;&amp;#0;&amp;#16;java/lang/Object&amp;#1;&amp;#0;&amp;#4;user&amp;#1;&amp;#0;&amp;#26;Lcom/zl/mybatis/pojo/User;&amp;#1;&amp;#0;
11:39:20,528 DEBUG DefaultVFS:222 - Find JAR URL: file:/E:/develop/workSpaceSelf/exercise/target/classes/com/zl/mybatis/pojo/User.class
11:39:20,529 DEBUG DefaultVFS:248 - Not a JAR: file:/E:/develop/workSpaceSelf/exercise/target/classes/com/zl/mybatis/pojo/User.class
11:39:20,529 DEBUG DefaultVFS:102 - Reader entry: 漱壕&amp;#0;&amp;#0;&amp;#0;4&amp;#0;U&amp;#7;&amp;#0;&amp;#2;&amp;#1;&amp;#0;&amp;#24;com/zl/mybatis/pojo/User&amp;#7;&amp;#0;&amp;#4;&amp;#1;&amp;#0;&amp;#16;java/lang/Object&amp;#7;&amp;#0;&amp;#6;&amp;#1;&amp;#0;&amp;#20;java/io/Serializable&amp;#1;&amp;#0;&amp;#2;id&amp;#1;&amp;#0;&amp;#1;I&amp;#1;&amp;#0;&amp;#8;username&amp;#1;&amp;#0;&amp;#18;Ljava/lang/String;&amp;#1;&amp;#0;&amp;#3;sex&amp;#1;&amp;#0;&amp;#8;birthday&amp;#1;&amp;#0;&amp;#16;Ljava/util/Date;&amp;#1;&amp;#0;&amp;#7;address&amp;#1;&amp;#0;&amp;#6;orders&amp;#1;&amp;#0;&amp;#16;Ljava/util/List;&amp;#1;&amp;#0;	Signature&amp;#1;&amp;#0;.Ljava/util/List&lt;Lcom/zl/mybatis/pojo/Orders;&gt;;&amp;#1;&amp;#0;&amp;#6;&lt;init&gt;&amp;#1;&amp;#0;&amp;#3;()V&amp;#1;&amp;#0;&amp;#4;Code
11:39:20,530 DEBUG DefaultVFS:222 - Find JAR URL: file:/E:/develop/workSpaceSelf/exercise/target/classes/com/zl/mybatis/pojo/UserAnswerRecord.class
11:39:20,530 DEBUG DefaultVFS:248 - Not a JAR: file:/E:/develop/workSpaceSelf/exercise/target/classes/com/zl/mybatis/pojo/UserAnswerRecord.class
11:39:20,531 DEBUG DefaultVFS:102 - Reader entry: 漱壕&amp;#0;&amp;#0;&amp;#0;4&amp;#0;?&amp;#7;&amp;#0;&amp;#2;&amp;#1;&amp;#0;$com/zl/mybatis/pojo/UserAnswerRecord&amp;#7;&amp;#0;&amp;#4;&amp;#1;&amp;#0;&amp;#16;java/lang/Object&amp;#1;&amp;#0;&amp;#2;id&amp;#1;&amp;#0;&amp;#18;Ljava/lang/String;&amp;#1;&amp;#0;&amp;#7;eventid&amp;#1;&amp;#0;
11:39:20,531 DEBUG DefaultVFS:222 - Find JAR URL: file:/E:/develop/workSpaceSelf/exercise/target/classes/com/zl/mybatis/pojo/UserCustom.class
11:39:20,531 DEBUG DefaultVFS:248 - Not a JAR: file:/E:/develop/workSpaceSelf/exercise/target/classes/com/zl/mybatis/pojo/UserCustom.class
11:39:20,532 DEBUG DefaultVFS:102 - Reader entry: 漱壕&amp;#0;&amp;#0;&amp;#0;4&amp;#0;&amp;#19;&amp;#7;&amp;#0;&amp;#2;&amp;#1;&amp;#0;&amp;#30;com/zl/mybatis/pojo/UserCustom&amp;#7;&amp;#0;&amp;#4;&amp;#1;&amp;#0;&amp;#24;com/zl/mybatis/pojo/User&amp;#1;&amp;#0;&amp;#14;birthday_start&amp;#1;&amp;#0;&amp;#16;Ljava/util/Date;&amp;#1;&amp;#0;&amp;#12;birthday_end&amp;#1;&amp;#0;&amp;#6;&lt;init&gt;&amp;#1;&amp;#0;&amp;#3;()V&amp;#1;&amp;#0;&amp;#4;Code
11:39:20,533 DEBUG ResolverUtil:256 - Checking to see if class com.zl.mybatis.pojo.Items matches criteria [is assignable to Object]
11:39:20,533 DEBUG ResolverUtil:256 - Checking to see if class com.zl.mybatis.pojo.Orderdetail matches criteria [is assignable to Object]
11:39:20,533 DEBUG ResolverUtil:256 - Checking to see if class com.zl.mybatis.pojo.Orders matches criteria [is assignable to Object]
11:39:20,533 DEBUG ResolverUtil:256 - Checking to see if class com.zl.mybatis.pojo.OrdersCustom matches criteria [is assignable to Object]
11:39:20,534 DEBUG ResolverUtil:256 - Checking to see if class com.zl.mybatis.pojo.QueryVo matches criteria [is assignable to Object]
11:39:20,534 DEBUG ResolverUtil:256 - Checking to see if class com.zl.mybatis.pojo.User matches criteria [is assignable to Object]
11:39:20,534 DEBUG ResolverUtil:256 - Checking to see if class com.zl.mybatis.pojo.UserAnswerRecord matches criteria [is assignable to Object]
11:39:20,534 DEBUG ResolverUtil:256 - Checking to see if class com.zl.mybatis.pojo.UserCustom matches criteria [is assignable to Object]
11:39:20,537 DEBUG LogFactory:135 - Logging initialized using &apos;class org.apache.ibatis.logging.log4j.Log4jImpl&apos; adapter.
11:39:20,539 DEBUG PooledDataSource:316 - PooledDataSource forcefully closed/removed all connections.
11:39:20,540 DEBUG PooledDataSource:316 - PooledDataSource forcefully closed/removed all connections.
11:39:20,540 DEBUG PooledDataSource:316 - PooledDataSource forcefully closed/removed all connections.
11:39:20,540 DEBUG PooledDataSource:316 - PooledDataSource forcefully closed/removed all connections.
11:39:20,551 DEBUG PooledDataSource:316 - PooledDataSource forcefully closed/removed all connections.
11:39:20,552 DEBUG DefaultVFS:222 - Find JAR URL: file:/E:/develop/workSpaceSelf/exercise/target/classes/com/zl/mybatis/dao
11:39:20,552 DEBUG PooledDataSource:316 - PooledDataSource forcefully closed/removed all connections.
11:39:20,553 DEBUG DefaultVFS:248 - Not a JAR: file:/E:/develop/workSpaceSelf/exercise/target/classes/com/zl/mybatis/dao
11:39:20,553 DEBUG PooledDataSource:316 - PooledDataSource forcefully closed/removed all connections.
11:39:20,554 DEBUG DefaultVFS:102 - Reader entry: OrderMapper.class
11:39:20,556 DEBUG PooledDataSource:316 - PooledDataSource forcefully closed/removed all connections.
11:39:20,556 DEBUG DefaultVFS:102 - Reader entry: OrderMapper.xml
11:39:20,556 DEBUG PooledDataSource:316 - PooledDataSource forcefully closed/removed all connections.
11:39:20,556 DEBUG PooledDataSource:316 - PooledDataSource forcefully closed/removed all connections.
11:39:20,556 DEBUG DefaultVFS:102 - Reader entry: OrderResultTypeMapper.class
11:39:20,557 DEBUG DefaultVFS:102 - Reader entry: OrderResultTypeMapper.xml
11:39:20,557 DEBUG DefaultVFS:102 - Reader entry: PromotionMapper.class
11:39:20,557 DEBUG DefaultVFS:102 - Reader entry: PromotionMapper.xml
11:39:20,558 DEBUG DefaultVFS:102 - Reader entry: UserAnswerRecordMapper.class
11:39:20,558 DEBUG DefaultVFS:102 - Reader entry: UserAnswerRecordMapper.xml
11:39:20,558 DEBUG DefaultVFS:102 - Reader entry: UserMapper.class
11:39:20,558 DEBUG DefaultVFS:102 - Reader entry: UserMapper.xml
11:39:20,559 DEBUG DefaultVFS:113 - Listing file:/E:/develop/workSpaceSelf/exercise/target/classes/com/zl/mybatis/dao
11:39:20,559 DEBUG DefaultVFS:222 - Find JAR URL: file:/E:/develop/workSpaceSelf/exercise/target/classes/com/zl/mybatis/dao/OrderMapper.class
11:39:20,559 DEBUG DefaultVFS:248 - Not a JAR: file:/E:/develop/workSpaceSelf/exercise/target/classes/com/zl/mybatis/dao/OrderMapper.class
11:39:20,560 DEBUG DefaultVFS:102 - Reader entry: 漱壕&amp;#0;&amp;#0;&amp;#0;4&amp;#0;&amp;#17;&amp;#7;&amp;#0;&amp;#2;&amp;#1;&amp;#0;&amp;#30;com/zl/mybatis/dao/OrderMapper&amp;#7;&amp;#0;&amp;#4;&amp;#1;&amp;#0;&amp;#16;java/lang/Object&amp;#1;&amp;#0;&amp;#22;findOrderListResultMap&amp;#1;&amp;#0;&amp;#18;()Ljava/util/List;&amp;#1;&amp;#0;
11:39:20,560 DEBUG DefaultVFS:222 - Find JAR URL: file:/E:/develop/workSpaceSelf/exercise/target/classes/com/zl/mybatis/dao/OrderMapper.xml
11:39:20,560 DEBUG DefaultVFS:248 - Not a JAR: file:/E:/develop/workSpaceSelf/exercise/target/classes/com/zl/mybatis/dao/OrderMapper.xml
11:39:20,561 DEBUG DefaultVFS:102 - Reader entry: &lt;?xml version=&quot;1.0&quot; encoding=&quot;UTF-8&quot;?&gt;
11:39:20,561 DEBUG DefaultVFS:222 - Find JAR URL: file:/E:/develop/workSpaceSelf/exercise/target/classes/com/zl/mybatis/dao/OrderResultTypeMapper.class
11:39:20,561 DEBUG DefaultVFS:248 - Not a JAR: file:/E:/develop/workSpaceSelf/exercise/target/classes/com/zl/mybatis/dao/OrderResultTypeMapper.class
11:39:20,562 DEBUG DefaultVFS:102 - Reader entry: 漱壕&amp;#0;&amp;#0;&amp;#0;4&amp;#0;&amp;#14;&amp;#7;&amp;#0;&amp;#2;&amp;#1;&amp;#0;(com/zl/mybatis/dao/OrderResultTypeMapper&amp;#7;&amp;#0;&amp;#4;&amp;#1;&amp;#0;&amp;#16;java/lang/Object&amp;#1;&amp;#0;&amp;#23;findOrderListResultType&amp;#1;&amp;#0;&amp;#18;()Ljava/util/List;&amp;#1;&amp;#0;
11:39:20,562 DEBUG DefaultVFS:222 - Find JAR URL: file:/E:/develop/workSpaceSelf/exercise/target/classes/com/zl/mybatis/dao/OrderResultTypeMapper.xml
11:39:20,562 DEBUG DefaultVFS:248 - Not a JAR: file:/E:/develop/workSpaceSelf/exercise/target/classes/com/zl/mybatis/dao/OrderResultTypeMapper.xml
11:39:20,562 DEBUG DefaultVFS:102 - Reader entry: &lt;?xml version=&quot;1.0&quot; encoding=&quot;UTF-8&quot;?&gt;
11:39:20,563 DEBUG DefaultVFS:222 - Find JAR URL: file:/E:/develop/workSpaceSelf/exercise/target/classes/com/zl/mybatis/dao/PromotionMapper.class
11:39:20,563 DEBUG DefaultVFS:248 - Not a JAR: file:/E:/develop/workSpaceSelf/exercise/target/classes/com/zl/mybatis/dao/PromotionMapper.class
11:39:20,563 DEBUG DefaultVFS:102 - Reader entry: 漱壕&amp;#0;&amp;#0;&amp;#0;4&amp;#0;&amp;#19;&amp;#7;&amp;#0;&amp;#2;&amp;#1;&amp;#0;&quot;com/zl/mybatis/dao/PromotionMapper&amp;#7;&amp;#0;&amp;#4;&amp;#1;&amp;#0;&amp;#16;java/lang/Object&amp;#1;&amp;#0;
11:39:20,563 DEBUG DefaultVFS:222 - Find JAR URL: file:/E:/develop/workSpaceSelf/exercise/target/classes/com/zl/mybatis/dao/PromotionMapper.xml
11:39:20,563 DEBUG DefaultVFS:248 - Not a JAR: file:/E:/develop/workSpaceSelf/exercise/target/classes/com/zl/mybatis/dao/PromotionMapper.xml
11:39:20,564 DEBUG DefaultVFS:102 - Reader entry: &lt;?xml version=&quot;1.0&quot; encoding=&quot;UTF-8&quot;?&gt;
11:39:20,564 DEBUG DefaultVFS:222 - Find JAR URL: file:/E:/develop/workSpaceSelf/exercise/target/classes/com/zl/mybatis/dao/UserAnswerRecordMapper.class
11:39:20,564 DEBUG DefaultVFS:248 - Not a JAR: file:/E:/develop/workSpaceSelf/exercise/target/classes/com/zl/mybatis/dao/UserAnswerRecordMapper.class
11:39:20,565 DEBUG DefaultVFS:102 - Reader entry: 漱壕&amp;#0;&amp;#0;&amp;#0;4&amp;#0;&amp;#20;&amp;#7;&amp;#0;&amp;#2;&amp;#1;&amp;#0;)com/zl/mybatis/dao/UserAnswerRecordMapper&amp;#7;&amp;#0;&amp;#4;&amp;#1;&amp;#0;&amp;#16;java/lang/Object&amp;#1;&amp;#0;&amp;#23;getUserAnswerRecordList&amp;#1;&amp;#0;;(Lcom/zl/mybatis/entity/UserAnswerQueryVo;)Ljava/util/List;&amp;#1;&amp;#0;	Signature&amp;#1;&amp;#0;c(Lcom/zl/mybatis/entity/UserAnswerQueryVo;)Ljava/util/List&lt;Lcom/zl/mybatis/pojo/UserAnswerRecord;&gt;;&amp;#1;&amp;#0;&amp;#22;delAnswerEvertRuleById&amp;#1;&amp;#0;&amp;#21;(Ljava/lang/String;)I&amp;#1;&amp;#0;&amp;#25;selectAnswerEvertRuleById&amp;#1;&amp;#0;$(Ljava/lang/String;)Ljava/util/List;&amp;#1;&amp;#0;9(Ljava/lang/String;)Ljava/util/List&lt;Ljava/lang/Integer;&gt;;&amp;#1;&amp;#0;&amp;#23;delAnswerEventConfnById&amp;#1;&amp;#0;&amp;#24;getUserAnswerRecordList1&amp;#1;&amp;#0;&amp;#15;insertRdoEnitiy&amp;#1;&amp;#0;&apos;(Lcom/zl/mybatis/entity/RdoOrderInfo;)V&amp;#1;&amp;#0;
11:39:20,565 DEBUG DefaultVFS:222 - Find JAR URL: file:/E:/develop/workSpaceSelf/exercise/target/classes/com/zl/mybatis/dao/UserAnswerRecordMapper.xml
11:39:20,565 DEBUG DefaultVFS:248 - Not a JAR: file:/E:/develop/workSpaceSelf/exercise/target/classes/com/zl/mybatis/dao/UserAnswerRecordMapper.xml
11:39:20,566 DEBUG DefaultVFS:102 - Reader entry: &lt;?xml version=&quot;1.0&quot; encoding=&quot;UTF-8&quot;?&gt;
11:39:20,566 DEBUG DefaultVFS:222 - Find JAR URL: file:/E:/develop/workSpaceSelf/exercise/target/classes/com/zl/mybatis/dao/UserMapper.class
11:39:20,566 DEBUG DefaultVFS:248 - Not a JAR: file:/E:/develop/workSpaceSelf/exercise/target/classes/com/zl/mybatis/dao/UserMapper.class
11:39:20,566 DEBUG DefaultVFS:102 - Reader entry: 漱壕&amp;#0;&amp;#0;&amp;#0;4&amp;#0; &amp;#7;&amp;#0;&amp;#2;&amp;#1;&amp;#0;&amp;#29;com/zl/mybatis/dao/UserMapper&amp;#7;&amp;#0;&amp;#4;&amp;#1;&amp;#0;&amp;#16;java/lang/Object&amp;#1;&amp;#0;&amp;#11;getUserById&amp;#1;&amp;#0;&amp;#29;(I)Lcom/zl/mybatis/pojo/User;&amp;#1;&amp;#0;
11:39:20,567 DEBUG DefaultVFS:222 - Find JAR URL: file:/E:/develop/workSpaceSelf/exercise/target/classes/com/zl/mybatis/dao/UserMapper.xml
11:39:20,567 DEBUG DefaultVFS:248 - Not a JAR: file:/E:/develop/workSpaceSelf/exercise/target/classes/com/zl/mybatis/dao/UserMapper.xml
11:39:20,567 DEBUG DefaultVFS:102 - Reader entry: &lt;?xml version=&quot;1.0&quot; encoding=&quot;UTF-8&quot;?&gt;
11:39:20,568 DEBUG ResolverUtil:256 - Checking to see if class com.zl.mybatis.dao.OrderMapper matches criteria [is assignable to Object]
11:39:20,568 DEBUG ResolverUtil:256 - Checking to see if class com.zl.mybatis.dao.OrderResultTypeMapper matches criteria [is assignable to Object]
11:39:20,568 DEBUG ResolverUtil:256 - Checking to see if class com.zl.mybatis.dao.PromotionMapper matches criteria [is assignable to Object]
11:39:20,568 DEBUG ResolverUtil:256 - Checking to see if class com.zl.mybatis.dao.UserAnswerRecordMapper matches criteria [is assignable to Object]
11:39:20,568 DEBUG ResolverUtil:256 - Checking to see if class com.zl.mybatis.dao.UserMapper matches criteria [is assignable to Object]
</system-out>
  </testcase>
  <testcase classname="com.zl.test.sql.OrderDaoTest" name="findOrderDetailToItem" time="0.038">
    <error message="Could not initialize class org.mybatis.caches.ehcache.EhcacheCache" type="java.lang.NoClassDefFoundError">java.lang.NoClassDefFoundError: Could not initialize class org.mybatis.caches.ehcache.EhcacheCache
	at java.lang.Class.forName0(Native Method)
	at java.lang.Class.forName(Class.java:348)
	at org.apache.ibatis.io.ClassLoaderWrapper.classForName(ClassLoaderWrapper.java:186)
	at org.apache.ibatis.io.ClassLoaderWrapper.classForName(ClassLoaderWrapper.java:89)
	at org.apache.ibatis.io.Resources.classForName(Resources.java:261)
	at org.apache.ibatis.type.TypeAliasRegistry.resolveAlias(TypeAliasRegistry.java:116)
	at org.apache.ibatis.builder.xml.XMLMapperBuilder.cacheElement(XMLMapperBuilder.java:202)
	at org.apache.ibatis.builder.xml.XMLMapperBuilder.configurationElement(XMLMapperBuilder.java:114)
	at org.apache.ibatis.builder.xml.XMLMapperBuilder.parse(XMLMapperBuilder.java:92)
	at org.apache.ibatis.builder.annotation.MapperAnnotationBuilder.loadXmlResource(MapperAnnotationBuilder.java:173)
	at org.apache.ibatis.builder.annotation.MapperAnnotationBuilder.parse(MapperAnnotationBuilder.java:124)
	at org.apache.ibatis.binding.MapperRegistry.addMapper(MapperRegistry.java:72)
	at org.apache.ibatis.binding.MapperRegistry.addMappers(MapperRegistry.java:97)
	at org.apache.ibatis.binding.MapperRegistry.addMappers(MapperRegistry.java:105)
	at org.apache.ibatis.session.Configuration.addMappers(Configuration.java:724)
	at org.apache.ibatis.builder.xml.XMLConfigBuilder.mapperElement(XMLConfigBuilder.java:360)
	at org.apache.ibatis.builder.xml.XMLConfigBuilder.parseConfiguration(XMLConfigBuilder.java:118)
	at org.apache.ibatis.builder.xml.XMLConfigBuilder.parse(XMLConfigBuilder.java:98)
	at org.apache.ibatis.session.SqlSessionFactoryBuilder.build(SqlSessionFactoryBuilder.java:78)
	at org.apache.ibatis.session.SqlSessionFactoryBuilder.build(SqlSessionFactoryBuilder.java:64)
	at com.zl.utils.MyBatisUtils.getnewInstance(MyBatisUtils.java:28)
	at com.zl.test.sql.OrderDaoTest.before(OrderDaoTest.java:44)
	at sun.reflect.NativeMethodAccessorImpl.invoke0(Native Method)
	at sun.reflect.NativeMethodAccessorImpl.invoke(NativeMethodAccessorImpl.java:62)
	at sun.reflect.DelegatingMethodAccessorImpl.invoke(DelegatingMethodAccessorImpl.java:43)
	at java.lang.reflect.Method.invoke(Method.java:498)
	at org.junit.runners.model.FrameworkMethod$1.runReflectiveCall(FrameworkMethod.java:45)
	at org.junit.internal.runners.model.ReflectiveCallable.run(ReflectiveCallable.java:15)
	at org.junit.runners.model.FrameworkMethod.invokeExplosively(FrameworkMethod.java:42)
	at org.junit.internal.runners.statements.RunBefores.evaluate(RunBefores.java:27)
	at org.junit.runners.ParentRunner.runLeaf(ParentRunner.java:263)
	at org.junit.runners.BlockJUnit4ClassRunner.runChild(BlockJUnit4ClassRunner.java:68)
	at org.junit.runners.BlockJUnit4ClassRunner.runChild(BlockJUnit4ClassRunner.java:47)
	at org.junit.runners.ParentRunner$3.run(ParentRunner.java:231)
	at org.junit.runners.ParentRunner$1.schedule(ParentRunner.java:60)
	at org.junit.runners.ParentRunner.runChildren(ParentRunner.java:229)
	at org.junit.runners.ParentRunner.access$000(ParentRunner.java:50)
	at org.junit.runners.ParentRunner$2.evaluate(ParentRunner.java:222)
	at org.junit.runners.ParentRunner.run(ParentRunner.java:300)
	at org.apache.maven.surefire.junit4.JUnit4Provider.execute(JUnit4Provider.java:252)
	at org.apache.maven.surefire.junit4.JUnit4Provider.executeTestSet(JUnit4Provider.java:141)
	at org.apache.maven.surefire.junit4.JUnit4Provider.invoke(JUnit4Provider.java:112)
	at sun.reflect.NativeMethodAccessorImpl.invoke0(Native Method)
	at sun.reflect.NativeMethodAccessorImpl.invoke(NativeMethodAccessorImpl.java:62)
	at sun.reflect.DelegatingMethodAccessorImpl.invoke(DelegatingMethodAccessorImpl.java:43)
	at java.lang.reflect.Method.invoke(Method.java:498)
	at org.apache.maven.surefire.util.ReflectionUtils.invokeMethodWithArray(ReflectionUtils.java:189)
	at org.apache.maven.surefire.booter.ProviderFactory$ProviderProxy.invoke(ProviderFactory.java:165)
	at org.apache.maven.surefire.booter.ProviderFactory.invokeProvider(ProviderFactory.java:85)
	at org.apache.maven.surefire.booter.ForkedBooter.runSuitesInProcess(ForkedBooter.java:115)
	at org.apache.maven.surefire.booter.ForkedBooter.main(ForkedBooter.java:75)
</error>
    <system-out>11:39:20,601 DEBUG DefaultVFS:222 - Find JAR URL: file:/E:/develop/workSpaceSelf/exercise/target/classes/com/zl/mybatis/pojo
11:39:20,601 DEBUG DefaultVFS:248 - Not a JAR: file:/E:/develop/workSpaceSelf/exercise/target/classes/com/zl/mybatis/pojo
11:39:20,602 DEBUG DefaultVFS:102 - Reader entry: Items.class
11:39:20,602 DEBUG DefaultVFS:102 - Reader entry: Orderdetail.class
11:39:20,603 DEBUG DefaultVFS:102 - Reader entry: Orders.class
11:39:20,603 DEBUG DefaultVFS:102 - Reader entry: OrdersCustom.class
11:39:20,603 DEBUG DefaultVFS:102 - Reader entry: QueryVo.class
11:39:20,604 DEBUG DefaultVFS:102 - Reader entry: User.class
11:39:20,604 DEBUG DefaultVFS:102 - Reader entry: UserAnswerRecord.class
11:39:20,605 DEBUG DefaultVFS:102 - Reader entry: UserCustom.class
11:39:20,605 DEBUG DefaultVFS:113 - Listing file:/E:/develop/workSpaceSelf/exercise/target/classes/com/zl/mybatis/pojo
11:39:20,605 DEBUG DefaultVFS:222 - Find JAR URL: file:/E:/develop/workSpaceSelf/exercise/target/classes/com/zl/mybatis/pojo/Items.class
11:39:20,605 DEBUG DefaultVFS:248 - Not a JAR: file:/E:/develop/workSpaceSelf/exercise/target/classes/com/zl/mybatis/pojo/Items.class
11:39:20,606 DEBUG DefaultVFS:102 - Reader entry: 漱壕&amp;#0;&amp;#0;&amp;#0;4&amp;#0;k&amp;#7;&amp;#0;&amp;#2;&amp;#1;&amp;#0;&amp;#25;com/zl/mybatis/pojo/Items&amp;#7;&amp;#0;&amp;#4;&amp;#1;&amp;#0;&amp;#16;java/lang/Object&amp;#7;&amp;#0;&amp;#6;&amp;#1;&amp;#0;&amp;#20;java/io/Serializable&amp;#1;&amp;#0;&amp;#2;id&amp;#1;&amp;#0;&amp;#19;Ljava/lang/Integer;&amp;#1;&amp;#0;&amp;#4;name&amp;#1;&amp;#0;&amp;#18;Ljava/lang/String;&amp;#1;&amp;#0;&amp;#5;price&amp;#1;&amp;#0;&amp;#17;Ljava/lang/Float;&amp;#1;&amp;#0;&amp;#3;pic&amp;#1;&amp;#0;
11:39:20,607 DEBUG DefaultVFS:222 - Find JAR URL: file:/E:/develop/workSpaceSelf/exercise/target/classes/com/zl/mybatis/pojo/Orderdetail.class
11:39:20,607 DEBUG DefaultVFS:248 - Not a JAR: file:/E:/develop/workSpaceSelf/exercise/target/classes/com/zl/mybatis/pojo/Orderdetail.class
11:39:20,607 DEBUG DefaultVFS:102 - Reader entry: 漱壕&amp;#0;&amp;#0;&amp;#0;4&amp;#0;K&amp;#7;&amp;#0;&amp;#2;&amp;#1;&amp;#0;&amp;#31;com/zl/mybatis/pojo/Orderdetail&amp;#7;&amp;#0;&amp;#4;&amp;#1;&amp;#0;&amp;#16;java/lang/Object&amp;#7;&amp;#0;&amp;#6;&amp;#1;&amp;#0;&amp;#20;java/io/Serializable&amp;#1;&amp;#0;&amp;#2;id&amp;#1;&amp;#0;&amp;#19;Ljava/lang/Integer;&amp;#1;&amp;#0;&amp;#8;ordersId&amp;#1;&amp;#0;&amp;#7;itemsId&amp;#1;&amp;#0;&amp;#8;itemsNum&amp;#1;&amp;#0;&amp;#5;items&amp;#1;&amp;#0;&amp;#27;Lcom/zl/mybatis/pojo/Items;&amp;#1;&amp;#0;&amp;#6;&lt;init&gt;&amp;#1;&amp;#0;&amp;#3;()V&amp;#1;&amp;#0;&amp;#4;Code
11:39:20,608 DEBUG DefaultVFS:222 - Find JAR URL: file:/E:/develop/workSpaceSelf/exercise/target/classes/com/zl/mybatis/pojo/Orders.class
11:39:20,608 DEBUG DefaultVFS:248 - Not a JAR: file:/E:/develop/workSpaceSelf/exercise/target/classes/com/zl/mybatis/pojo/Orders.class
11:39:20,609 DEBUG DefaultVFS:102 - Reader entry: 漱壕&amp;#0;&amp;#0;&amp;#0;4&amp;#0;m&amp;#7;&amp;#0;&amp;#2;&amp;#1;&amp;#0;&amp;#26;com/zl/mybatis/pojo/Orders&amp;#7;&amp;#0;&amp;#4;&amp;#1;&amp;#0;&amp;#16;java/lang/Object&amp;#7;&amp;#0;&amp;#6;&amp;#1;&amp;#0;&amp;#20;java/io/Serializable&amp;#1;&amp;#0;&amp;#2;id&amp;#1;&amp;#0;&amp;#19;Ljava/lang/Integer;&amp;#1;&amp;#0;&amp;#6;userId&amp;#1;&amp;#0;&amp;#6;number&amp;#1;&amp;#0;&amp;#18;Ljava/lang/String;&amp;#1;&amp;#0;
11:39:20,610 DEBUG DefaultVFS:222 - Find JAR URL: file:/E:/develop/workSpaceSelf/exercise/target/classes/com/zl/mybatis/pojo/OrdersCustom.class
11:39:20,610 DEBUG DefaultVFS:248 - Not a JAR: file:/E:/develop/workSpaceSelf/exercise/target/classes/com/zl/mybatis/pojo/OrdersCustom.class
11:39:20,610 DEBUG DefaultVFS:102 - Reader entry: 漱壕&amp;#0;&amp;#0;&amp;#0;4&amp;#0;&amp;#29;&amp;#7;&amp;#0;&amp;#2;&amp;#1;&amp;#0; com/zl/mybatis/pojo/OrdersCustom&amp;#7;&amp;#0;&amp;#4;&amp;#1;&amp;#0;&amp;#26;com/zl/mybatis/pojo/Orders&amp;#1;&amp;#0;&amp;#8;username&amp;#1;&amp;#0;&amp;#18;Ljava/lang/String;&amp;#1;&amp;#0;&amp;#7;address&amp;#1;&amp;#0;&amp;#6;&lt;init&gt;&amp;#1;&amp;#0;&amp;#3;()V&amp;#1;&amp;#0;&amp;#4;Code
11:39:20,611 DEBUG DefaultVFS:222 - Find JAR URL: file:/E:/develop/workSpaceSelf/exercise/target/classes/com/zl/mybatis/pojo/QueryVo.class
11:39:20,611 DEBUG DefaultVFS:248 - Not a JAR: file:/E:/develop/workSpaceSelf/exercise/target/classes/com/zl/mybatis/pojo/QueryVo.class
11:39:20,612 DEBUG DefaultVFS:102 - Reader entry: 漱壕&amp;#0;&amp;#0;&amp;#0;4&amp;#0; &amp;#7;&amp;#0;&amp;#2;&amp;#1;&amp;#0;&amp;#27;com/zl/mybatis/pojo/QueryVo&amp;#7;&amp;#0;&amp;#4;&amp;#1;&amp;#0;&amp;#16;java/lang/Object&amp;#1;&amp;#0;&amp;#4;user&amp;#1;&amp;#0;&amp;#26;Lcom/zl/mybatis/pojo/User;&amp;#1;&amp;#0;
11:39:20,612 DEBUG DefaultVFS:222 - Find JAR URL: file:/E:/develop/workSpaceSelf/exercise/target/classes/com/zl/mybatis/pojo/User.class
11:39:20,612 DEBUG DefaultVFS:248 - Not a JAR: file:/E:/develop/workSpaceSelf/exercise/target/classes/com/zl/mybatis/pojo/User.class
11:39:20,613 DEBUG DefaultVFS:102 - Reader entry: 漱壕&amp;#0;&amp;#0;&amp;#0;4&amp;#0;U&amp;#7;&amp;#0;&amp;#2;&amp;#1;&amp;#0;&amp;#24;com/zl/mybatis/pojo/User&amp;#7;&amp;#0;&amp;#4;&amp;#1;&amp;#0;&amp;#16;java/lang/Object&amp;#7;&amp;#0;&amp;#6;&amp;#1;&amp;#0;&amp;#20;java/io/Serializable&amp;#1;&amp;#0;&amp;#2;id&amp;#1;&amp;#0;&amp;#1;I&amp;#1;&amp;#0;&amp;#8;username&amp;#1;&amp;#0;&amp;#18;Ljava/lang/String;&amp;#1;&amp;#0;&amp;#3;sex&amp;#1;&amp;#0;&amp;#8;birthday&amp;#1;&amp;#0;&amp;#16;Ljava/util/Date;&amp;#1;&amp;#0;&amp;#7;address&amp;#1;&amp;#0;&amp;#6;orders&amp;#1;&amp;#0;&amp;#16;Ljava/util/List;&amp;#1;&amp;#0;	Signature&amp;#1;&amp;#0;.Ljava/util/List&lt;Lcom/zl/mybatis/pojo/Orders;&gt;;&amp;#1;&amp;#0;&amp;#6;&lt;init&gt;&amp;#1;&amp;#0;&amp;#3;()V&amp;#1;&amp;#0;&amp;#4;Code
11:39:20,614 DEBUG DefaultVFS:222 - Find JAR URL: file:/E:/develop/workSpaceSelf/exercise/target/classes/com/zl/mybatis/pojo/UserAnswerRecord.class
11:39:20,614 DEBUG DefaultVFS:248 - Not a JAR: file:/E:/develop/workSpaceSelf/exercise/target/classes/com/zl/mybatis/pojo/UserAnswerRecord.class
11:39:20,614 DEBUG DefaultVFS:102 - Reader entry: 漱壕&amp;#0;&amp;#0;&amp;#0;4&amp;#0;?&amp;#7;&amp;#0;&amp;#2;&amp;#1;&amp;#0;$com/zl/mybatis/pojo/UserAnswerRecord&amp;#7;&amp;#0;&amp;#4;&amp;#1;&amp;#0;&amp;#16;java/lang/Object&amp;#1;&amp;#0;&amp;#2;id&amp;#1;&amp;#0;&amp;#18;Ljava/lang/String;&amp;#1;&amp;#0;&amp;#7;eventid&amp;#1;&amp;#0;
11:39:20,615 DEBUG DefaultVFS:222 - Find JAR URL: file:/E:/develop/workSpaceSelf/exercise/target/classes/com/zl/mybatis/pojo/UserCustom.class
11:39:20,615 DEBUG DefaultVFS:248 - Not a JAR: file:/E:/develop/workSpaceSelf/exercise/target/classes/com/zl/mybatis/pojo/UserCustom.class
11:39:20,616 DEBUG DefaultVFS:102 - Reader entry: 漱壕&amp;#0;&amp;#0;&amp;#0;4&amp;#0;&amp;#19;&amp;#7;&amp;#0;&amp;#2;&amp;#1;&amp;#0;&amp;#30;com/zl/mybatis/pojo/UserCustom&amp;#7;&amp;#0;&amp;#4;&amp;#1;&amp;#0;&amp;#24;com/zl/mybatis/pojo/User&amp;#1;&amp;#0;&amp;#14;birthday_start&amp;#1;&amp;#0;&amp;#16;Ljava/util/Date;&amp;#1;&amp;#0;&amp;#12;birthday_end&amp;#1;&amp;#0;&amp;#6;&lt;init&gt;&amp;#1;&amp;#0;&amp;#3;()V&amp;#1;&amp;#0;&amp;#4;Code
11:39:20,616 DEBUG ResolverUtil:256 - Checking to see if class com.zl.mybatis.pojo.Items matches criteria [is assignable to Object]
11:39:20,616 DEBUG ResolverUtil:256 - Checking to see if class com.zl.mybatis.pojo.Orderdetail matches criteria [is assignable to Object]
11:39:20,617 DEBUG ResolverUtil:256 - Checking to see if class com.zl.mybatis.pojo.Orders matches criteria [is assignable to Object]
11:39:20,617 DEBUG ResolverUtil:256 - Checking to see if class com.zl.mybatis.pojo.OrdersCustom matches criteria [is assignable to Object]
11:39:20,617 DEBUG ResolverUtil:256 - Checking to see if class com.zl.mybatis.pojo.QueryVo matches criteria [is assignable to Object]
11:39:20,618 DEBUG ResolverUtil:256 - Checking to see if class com.zl.mybatis.pojo.User matches criteria [is assignable to Object]
11:39:20,618 DEBUG ResolverUtil:256 - Checking to see if class com.zl.mybatis.pojo.UserAnswerRecord matches criteria [is assignable to Object]
11:39:20,618 DEBUG ResolverUtil:256 - Checking to see if class com.zl.mybatis.pojo.UserCustom matches criteria [is assignable to Object]
11:39:20,619 DEBUG LogFactory:135 - Logging initialized using &apos;class org.apache.ibatis.logging.log4j.Log4jImpl&apos; adapter.
11:39:20,622 DEBUG PooledDataSource:316 - PooledDataSource forcefully closed/removed all connections.
11:39:20,622 DEBUG PooledDataSource:316 - PooledDataSource forcefully closed/removed all connections.
11:39:20,623 DEBUG PooledDataSource:316 - PooledDataSource forcefully closed/removed all connections.
11:39:20,623 DEBUG PooledDataSource:316 - PooledDataSource forcefully closed/removed all connections.
11:39:20,624 DEBUG DefaultVFS:222 - Find JAR URL: file:/E:/develop/workSpaceSelf/exercise/target/classes/com/zl/mybatis/dao
11:39:20,624 DEBUG DefaultVFS:248 - Not a JAR: file:/E:/develop/workSpaceSelf/exercise/target/classes/com/zl/mybatis/dao
11:39:20,625 DEBUG DefaultVFS:102 - Reader entry: OrderMapper.class
11:39:20,626 DEBUG DefaultVFS:102 - Reader entry: OrderMapper.xml
11:39:20,626 DEBUG DefaultVFS:102 - Reader entry: OrderResultTypeMapper.class
11:39:20,626 DEBUG DefaultVFS:102 - Reader entry: OrderResultTypeMapper.xml
11:39:20,626 DEBUG DefaultVFS:102 - Reader entry: PromotionMapper.class
11:39:20,627 DEBUG DefaultVFS:102 - Reader entry: PromotionMapper.xml
11:39:20,627 DEBUG DefaultVFS:102 - Reader entry: UserAnswerRecordMapper.class
11:39:20,627 DEBUG DefaultVFS:102 - Reader entry: UserAnswerRecordMapper.xml
11:39:20,628 DEBUG DefaultVFS:102 - Reader entry: UserMapper.class
11:39:20,628 DEBUG DefaultVFS:102 - Reader entry: UserMapper.xml
11:39:20,628 DEBUG DefaultVFS:113 - Listing file:/E:/develop/workSpaceSelf/exercise/target/classes/com/zl/mybatis/dao
11:39:20,629 DEBUG DefaultVFS:222 - Find JAR URL: file:/E:/develop/workSpaceSelf/exercise/target/classes/com/zl/mybatis/dao/OrderMapper.class
11:39:20,629 DEBUG DefaultVFS:248 - Not a JAR: file:/E:/develop/workSpaceSelf/exercise/target/classes/com/zl/mybatis/dao/OrderMapper.class
11:39:20,629 DEBUG DefaultVFS:102 - Reader entry: 漱壕&amp;#0;&amp;#0;&amp;#0;4&amp;#0;&amp;#17;&amp;#7;&amp;#0;&amp;#2;&amp;#1;&amp;#0;&amp;#30;com/zl/mybatis/dao/OrderMapper&amp;#7;&amp;#0;&amp;#4;&amp;#1;&amp;#0;&amp;#16;java/lang/Object&amp;#1;&amp;#0;&amp;#22;findOrderListResultMap&amp;#1;&amp;#0;&amp;#18;()Ljava/util/List;&amp;#1;&amp;#0;
11:39:20,630 DEBUG DefaultVFS:222 - Find JAR URL: file:/E:/develop/workSpaceSelf/exercise/target/classes/com/zl/mybatis/dao/OrderMapper.xml
11:39:20,630 DEBUG DefaultVFS:248 - Not a JAR: file:/E:/develop/workSpaceSelf/exercise/target/classes/com/zl/mybatis/dao/OrderMapper.xml
11:39:20,630 DEBUG DefaultVFS:102 - Reader entry: &lt;?xml version=&quot;1.0&quot; encoding=&quot;UTF-8&quot;?&gt;
11:39:20,631 DEBUG DefaultVFS:222 - Find JAR URL: file:/E:/develop/workSpaceSelf/exercise/target/classes/com/zl/mybatis/dao/OrderResultTypeMapper.class
11:39:20,631 DEBUG DefaultVFS:248 - Not a JAR: file:/E:/develop/workSpaceSelf/exercise/target/classes/com/zl/mybatis/dao/OrderResultTypeMapper.class
11:39:20,631 DEBUG DefaultVFS:102 - Reader entry: 漱壕&amp;#0;&amp;#0;&amp;#0;4&amp;#0;&amp;#14;&amp;#7;&amp;#0;&amp;#2;&amp;#1;&amp;#0;(com/zl/mybatis/dao/OrderResultTypeMapper&amp;#7;&amp;#0;&amp;#4;&amp;#1;&amp;#0;&amp;#16;java/lang/Object&amp;#1;&amp;#0;&amp;#23;findOrderListResultType&amp;#1;&amp;#0;&amp;#18;()Ljava/util/List;&amp;#1;&amp;#0;
11:39:20,631 DEBUG DefaultVFS:222 - Find JAR URL: file:/E:/develop/workSpaceSelf/exercise/target/classes/com/zl/mybatis/dao/OrderResultTypeMapper.xml
11:39:20,632 DEBUG DefaultVFS:248 - Not a JAR: file:/E:/develop/workSpaceSelf/exercise/target/classes/com/zl/mybatis/dao/OrderResultTypeMapper.xml
11:39:20,632 DEBUG DefaultVFS:102 - Reader entry: &lt;?xml version=&quot;1.0&quot; encoding=&quot;UTF-8&quot;?&gt;
11:39:20,632 DEBUG DefaultVFS:222 - Find JAR URL: file:/E:/develop/workSpaceSelf/exercise/target/classes/com/zl/mybatis/dao/PromotionMapper.class
11:39:20,633 DEBUG DefaultVFS:248 - Not a JAR: file:/E:/develop/workSpaceSelf/exercise/target/classes/com/zl/mybatis/dao/PromotionMapper.class
11:39:20,633 DEBUG DefaultVFS:102 - Reader entry: 漱壕&amp;#0;&amp;#0;&amp;#0;4&amp;#0;&amp;#19;&amp;#7;&amp;#0;&amp;#2;&amp;#1;&amp;#0;&quot;com/zl/mybatis/dao/PromotionMapper&amp;#7;&amp;#0;&amp;#4;&amp;#1;&amp;#0;&amp;#16;java/lang/Object&amp;#1;&amp;#0;
11:39:20,633 DEBUG DefaultVFS:222 - Find JAR URL: file:/E:/develop/workSpaceSelf/exercise/target/classes/com/zl/mybatis/dao/PromotionMapper.xml
11:39:20,634 DEBUG DefaultVFS:248 - Not a JAR: file:/E:/develop/workSpaceSelf/exercise/target/classes/com/zl/mybatis/dao/PromotionMapper.xml
11:39:20,634 DEBUG DefaultVFS:102 - Reader entry: &lt;?xml version=&quot;1.0&quot; encoding=&quot;UTF-8&quot;?&gt;
11:39:20,634 DEBUG DefaultVFS:222 - Find JAR URL: file:/E:/develop/workSpaceSelf/exercise/target/classes/com/zl/mybatis/dao/UserAnswerRecordMapper.class
11:39:20,635 DEBUG DefaultVFS:248 - Not a JAR: file:/E:/develop/workSpaceSelf/exercise/target/classes/com/zl/mybatis/dao/UserAnswerRecordMapper.class
11:39:20,635 DEBUG DefaultVFS:102 - Reader entry: 漱壕&amp;#0;&amp;#0;&amp;#0;4&amp;#0;&amp;#20;&amp;#7;&amp;#0;&amp;#2;&amp;#1;&amp;#0;)com/zl/mybatis/dao/UserAnswerRecordMapper&amp;#7;&amp;#0;&amp;#4;&amp;#1;&amp;#0;&amp;#16;java/lang/Object&amp;#1;&amp;#0;&amp;#23;getUserAnswerRecordList&amp;#1;&amp;#0;;(Lcom/zl/mybatis/entity/UserAnswerQueryVo;)Ljava/util/List;&amp;#1;&amp;#0;	Signature&amp;#1;&amp;#0;c(Lcom/zl/mybatis/entity/UserAnswerQueryVo;)Ljava/util/List&lt;Lcom/zl/mybatis/pojo/UserAnswerRecord;&gt;;&amp;#1;&amp;#0;&amp;#22;delAnswerEvertRuleById&amp;#1;&amp;#0;&amp;#21;(Ljava/lang/String;)I&amp;#1;&amp;#0;&amp;#25;selectAnswerEvertRuleById&amp;#1;&amp;#0;$(Ljava/lang/String;)Ljava/util/List;&amp;#1;&amp;#0;9(Ljava/lang/String;)Ljava/util/List&lt;Ljava/lang/Integer;&gt;;&amp;#1;&amp;#0;&amp;#23;delAnswerEventConfnById&amp;#1;&amp;#0;&amp;#24;getUserAnswerRecordList1&amp;#1;&amp;#0;&amp;#15;insertRdoEnitiy&amp;#1;&amp;#0;&apos;(Lcom/zl/mybatis/entity/RdoOrderInfo;)V&amp;#1;&amp;#0;
11:39:20,635 DEBUG DefaultVFS:222 - Find JAR URL: file:/E:/develop/workSpaceSelf/exercise/target/classes/com/zl/mybatis/dao/UserAnswerRecordMapper.xml
11:39:20,636 DEBUG DefaultVFS:248 - Not a JAR: file:/E:/develop/workSpaceSelf/exercise/target/classes/com/zl/mybatis/dao/UserAnswerRecordMapper.xml
11:39:20,636 DEBUG DefaultVFS:102 - Reader entry: &lt;?xml version=&quot;1.0&quot; encoding=&quot;UTF-8&quot;?&gt;
11:39:20,637 DEBUG DefaultVFS:222 - Find JAR URL: file:/E:/develop/workSpaceSelf/exercise/target/classes/com/zl/mybatis/dao/UserMapper.class
11:39:20,637 DEBUG DefaultVFS:248 - Not a JAR: file:/E:/develop/workSpaceSelf/exercise/target/classes/com/zl/mybatis/dao/UserMapper.class
11:39:20,637 DEBUG DefaultVFS:102 - Reader entry: 漱壕&amp;#0;&amp;#0;&amp;#0;4&amp;#0; &amp;#7;&amp;#0;&amp;#2;&amp;#1;&amp;#0;&amp;#29;com/zl/mybatis/dao/UserMapper&amp;#7;&amp;#0;&amp;#4;&amp;#1;&amp;#0;&amp;#16;java/lang/Object&amp;#1;&amp;#0;&amp;#11;getUserById&amp;#1;&amp;#0;&amp;#29;(I)Lcom/zl/mybatis/pojo/User;&amp;#1;&amp;#0;
11:39:20,637 DEBUG DefaultVFS:222 - Find JAR URL: file:/E:/develop/workSpaceSelf/exercise/target/classes/com/zl/mybatis/dao/UserMapper.xml
11:39:20,637 DEBUG DefaultVFS:248 - Not a JAR: file:/E:/develop/workSpaceSelf/exercise/target/classes/com/zl/mybatis/dao/UserMapper.xml
11:39:20,638 DEBUG DefaultVFS:102 - Reader entry: &lt;?xml version=&quot;1.0&quot; encoding=&quot;UTF-8&quot;?&gt;
11:39:20,638 DEBUG ResolverUtil:256 - Checking to see if class com.zl.mybatis.dao.OrderMapper matches criteria [is assignable to Object]
11:39:20,638 DEBUG ResolverUtil:256 - Checking to see if class com.zl.mybatis.dao.OrderResultTypeMapper matches criteria [is assignable to Object]
11:39:20,638 DEBUG ResolverUtil:256 - Checking to see if class com.zl.mybatis.dao.PromotionMapper matches criteria [is assignable to Object]
11:39:20,639 DEBUG ResolverUtil:256 - Checking to see if class com.zl.mybatis.dao.UserAnswerRecordMapper matches criteria [is assignable to Object]
11:39:20,639 DEBUG ResolverUtil:256 - Checking to see if class com.zl.mybatis.dao.UserMapper matches criteria [is assignable to Object]
</system-out>
  </testcase>
  <testcase classname="com.zl.test.sql.OrderDaoTest" name="findOrdersOrderLazyLoadingUser" time="0.085">
    <error message="Could not initialize class org.mybatis.caches.ehcache.EhcacheCache" type="java.lang.NoClassDefFoundError">java.lang.NoClassDefFoundError: Could not initialize class org.mybatis.caches.ehcache.EhcacheCache
	at java.lang.Class.forName0(Native Method)
	at java.lang.Class.forName(Class.java:348)
	at org.apache.ibatis.io.ClassLoaderWrapper.classForName(ClassLoaderWrapper.java:186)
	at org.apache.ibatis.io.ClassLoaderWrapper.classForName(ClassLoaderWrapper.java:89)
	at org.apache.ibatis.io.Resources.classForName(Resources.java:261)
	at org.apache.ibatis.type.TypeAliasRegistry.resolveAlias(TypeAliasRegistry.java:116)
	at org.apache.ibatis.builder.xml.XMLMapperBuilder.cacheElement(XMLMapperBuilder.java:202)
	at org.apache.ibatis.builder.xml.XMLMapperBuilder.configurationElement(XMLMapperBuilder.java:114)
	at org.apache.ibatis.builder.xml.XMLMapperBuilder.parse(XMLMapperBuilder.java:92)
	at org.apache.ibatis.builder.annotation.MapperAnnotationBuilder.loadXmlResource(MapperAnnotationBuilder.java:173)
	at org.apache.ibatis.builder.annotation.MapperAnnotationBuilder.parse(MapperAnnotationBuilder.java:124)
	at org.apache.ibatis.binding.MapperRegistry.addMapper(MapperRegistry.java:72)
	at org.apache.ibatis.binding.MapperRegistry.addMappers(MapperRegistry.java:97)
	at org.apache.ibatis.binding.MapperRegistry.addMappers(MapperRegistry.java:105)
	at org.apache.ibatis.session.Configuration.addMappers(Configuration.java:724)
	at org.apache.ibatis.builder.xml.XMLConfigBuilder.mapperElement(XMLConfigBuilder.java:360)
	at org.apache.ibatis.builder.xml.XMLConfigBuilder.parseConfiguration(XMLConfigBuilder.java:118)
	at org.apache.ibatis.builder.xml.XMLConfigBuilder.parse(XMLConfigBuilder.java:98)
	at org.apache.ibatis.session.SqlSessionFactoryBuilder.build(SqlSessionFactoryBuilder.java:78)
	at org.apache.ibatis.session.SqlSessionFactoryBuilder.build(SqlSessionFactoryBuilder.java:64)
	at com.zl.utils.MyBatisUtils.getnewInstance(MyBatisUtils.java:28)
	at com.zl.test.sql.OrderDaoTest.before(OrderDaoTest.java:44)
	at sun.reflect.NativeMethodAccessorImpl.invoke0(Native Method)
	at sun.reflect.NativeMethodAccessorImpl.invoke(NativeMethodAccessorImpl.java:62)
	at sun.reflect.DelegatingMethodAccessorImpl.invoke(DelegatingMethodAccessorImpl.java:43)
	at java.lang.reflect.Method.invoke(Method.java:498)
	at org.junit.runners.model.FrameworkMethod$1.runReflectiveCall(FrameworkMethod.java:45)
	at org.junit.internal.runners.model.ReflectiveCallable.run(ReflectiveCallable.java:15)
	at org.junit.runners.model.FrameworkMethod.invokeExplosively(FrameworkMethod.java:42)
	at org.junit.internal.runners.statements.RunBefores.evaluate(RunBefores.java:27)
	at org.junit.runners.ParentRunner.runLeaf(ParentRunner.java:263)
	at org.junit.runners.BlockJUnit4ClassRunner.runChild(BlockJUnit4ClassRunner.java:68)
	at org.junit.runners.BlockJUnit4ClassRunner.runChild(BlockJUnit4ClassRunner.java:47)
	at org.junit.runners.ParentRunner$3.run(ParentRunner.java:231)
	at org.junit.runners.ParentRunner$1.schedule(ParentRunner.java:60)
	at org.junit.runners.ParentRunner.runChildren(ParentRunner.java:229)
	at org.junit.runners.ParentRunner.access$000(ParentRunner.java:50)
	at org.junit.runners.ParentRunner$2.evaluate(ParentRunner.java:222)
	at org.junit.runners.ParentRunner.run(ParentRunner.java:300)
	at org.apache.maven.surefire.junit4.JUnit4Provider.execute(JUnit4Provider.java:252)
	at org.apache.maven.surefire.junit4.JUnit4Provider.executeTestSet(JUnit4Provider.java:141)
	at org.apache.maven.surefire.junit4.JUnit4Provider.invoke(JUnit4Provider.java:112)
	at sun.reflect.NativeMethodAccessorImpl.invoke0(Native Method)
	at sun.reflect.NativeMethodAccessorImpl.invoke(NativeMethodAccessorImpl.java:62)
	at sun.reflect.DelegatingMethodAccessorImpl.invoke(DelegatingMethodAccessorImpl.java:43)
	at java.lang.reflect.Method.invoke(Method.java:498)
	at org.apache.maven.surefire.util.ReflectionUtils.invokeMethodWithArray(ReflectionUtils.java:189)
	at org.apache.maven.surefire.booter.ProviderFactory$ProviderProxy.invoke(ProviderFactory.java:165)
	at org.apache.maven.surefire.booter.ProviderFactory.invokeProvider(ProviderFactory.java:85)
	at org.apache.maven.surefire.booter.ForkedBooter.runSuitesInProcess(ForkedBooter.java:115)
	at org.apache.maven.surefire.booter.ForkedBooter.main(ForkedBooter.java:75)
</error>
    <system-out>11:39:20,669 DEBUG DefaultVFS:222 - Find JAR URL: file:/E:/develop/workSpaceSelf/exercise/target/classes/com/zl/mybatis/pojo
11:39:20,669 DEBUG DefaultVFS:248 - Not a JAR: file:/E:/develop/workSpaceSelf/exercise/target/classes/com/zl/mybatis/pojo
11:39:20,670 DEBUG DefaultVFS:102 - Reader entry: Items.class
11:39:20,671 DEBUG DefaultVFS:102 - Reader entry: Orderdetail.class
11:39:20,671 DEBUG DefaultVFS:102 - Reader entry: Orders.class
11:39:20,672 DEBUG DefaultVFS:102 - Reader entry: OrdersCustom.class
11:39:20,672 DEBUG DefaultVFS:102 - Reader entry: QueryVo.class
11:39:20,672 DEBUG DefaultVFS:102 - Reader entry: User.class
11:39:20,673 DEBUG DefaultVFS:102 - Reader entry: UserAnswerRecord.class
11:39:20,673 DEBUG DefaultVFS:102 - Reader entry: UserCustom.class
11:39:20,674 DEBUG DefaultVFS:113 - Listing file:/E:/develop/workSpaceSelf/exercise/target/classes/com/zl/mybatis/pojo
11:39:20,674 DEBUG DefaultVFS:222 - Find JAR URL: file:/E:/develop/workSpaceSelf/exercise/target/classes/com/zl/mybatis/pojo/Items.class
11:39:20,674 DEBUG DefaultVFS:248 - Not a JAR: file:/E:/develop/workSpaceSelf/exercise/target/classes/com/zl/mybatis/pojo/Items.class
11:39:20,675 DEBUG DefaultVFS:102 - Reader entry: 漱壕&amp;#0;&amp;#0;&amp;#0;4&amp;#0;k&amp;#7;&amp;#0;&amp;#2;&amp;#1;&amp;#0;&amp;#25;com/zl/mybatis/pojo/Items&amp;#7;&amp;#0;&amp;#4;&amp;#1;&amp;#0;&amp;#16;java/lang/Object&amp;#7;&amp;#0;&amp;#6;&amp;#1;&amp;#0;&amp;#20;java/io/Serializable&amp;#1;&amp;#0;&amp;#2;id&amp;#1;&amp;#0;&amp;#19;Ljava/lang/Integer;&amp;#1;&amp;#0;&amp;#4;name&amp;#1;&amp;#0;&amp;#18;Ljava/lang/String;&amp;#1;&amp;#0;&amp;#5;price&amp;#1;&amp;#0;&amp;#17;Ljava/lang/Float;&amp;#1;&amp;#0;&amp;#3;pic&amp;#1;&amp;#0;
11:39:20,675 DEBUG DefaultVFS:222 - Find JAR URL: file:/E:/develop/workSpaceSelf/exercise/target/classes/com/zl/mybatis/pojo/Orderdetail.class
11:39:20,675 DEBUG DefaultVFS:248 - Not a JAR: file:/E:/develop/workSpaceSelf/exercise/target/classes/com/zl/mybatis/pojo/Orderdetail.class
11:39:20,676 DEBUG DefaultVFS:102 - Reader entry: 漱壕&amp;#0;&amp;#0;&amp;#0;4&amp;#0;K&amp;#7;&amp;#0;&amp;#2;&amp;#1;&amp;#0;&amp;#31;com/zl/mybatis/pojo/Orderdetail&amp;#7;&amp;#0;&amp;#4;&amp;#1;&amp;#0;&amp;#16;java/lang/Object&amp;#7;&amp;#0;&amp;#6;&amp;#1;&amp;#0;&amp;#20;java/io/Serializable&amp;#1;&amp;#0;&amp;#2;id&amp;#1;&amp;#0;&amp;#19;Ljava/lang/Integer;&amp;#1;&amp;#0;&amp;#8;ordersId&amp;#1;&amp;#0;&amp;#7;itemsId&amp;#1;&amp;#0;&amp;#8;itemsNum&amp;#1;&amp;#0;&amp;#5;items&amp;#1;&amp;#0;&amp;#27;Lcom/zl/mybatis/pojo/Items;&amp;#1;&amp;#0;&amp;#6;&lt;init&gt;&amp;#1;&amp;#0;&amp;#3;()V&amp;#1;&amp;#0;&amp;#4;Code
11:39:20,677 DEBUG DefaultVFS:222 - Find JAR URL: file:/E:/develop/workSpaceSelf/exercise/target/classes/com/zl/mybatis/pojo/Orders.class
11:39:20,677 DEBUG DefaultVFS:248 - Not a JAR: file:/E:/develop/workSpaceSelf/exercise/target/classes/com/zl/mybatis/pojo/Orders.class
11:39:20,677 DEBUG DefaultVFS:102 - Reader entry: 漱壕&amp;#0;&amp;#0;&amp;#0;4&amp;#0;m&amp;#7;&amp;#0;&amp;#2;&amp;#1;&amp;#0;&amp;#26;com/zl/mybatis/pojo/Orders&amp;#7;&amp;#0;&amp;#4;&amp;#1;&amp;#0;&amp;#16;java/lang/Object&amp;#7;&amp;#0;&amp;#6;&amp;#1;&amp;#0;&amp;#20;java/io/Serializable&amp;#1;&amp;#0;&amp;#2;id&amp;#1;&amp;#0;&amp;#19;Ljava/lang/Integer;&amp;#1;&amp;#0;&amp;#6;userId&amp;#1;&amp;#0;&amp;#6;number&amp;#1;&amp;#0;&amp;#18;Ljava/lang/String;&amp;#1;&amp;#0;
11:39:20,678 DEBUG DefaultVFS:222 - Find JAR URL: file:/E:/develop/workSpaceSelf/exercise/target/classes/com/zl/mybatis/pojo/OrdersCustom.class
11:39:20,678 DEBUG DefaultVFS:248 - Not a JAR: file:/E:/develop/workSpaceSelf/exercise/target/classes/com/zl/mybatis/pojo/OrdersCustom.class
11:39:20,679 DEBUG DefaultVFS:102 - Reader entry: 漱壕&amp;#0;&amp;#0;&amp;#0;4&amp;#0;&amp;#29;&amp;#7;&amp;#0;&amp;#2;&amp;#1;&amp;#0; com/zl/mybatis/pojo/OrdersCustom&amp;#7;&amp;#0;&amp;#4;&amp;#1;&amp;#0;&amp;#26;com/zl/mybatis/pojo/Orders&amp;#1;&amp;#0;&amp;#8;username&amp;#1;&amp;#0;&amp;#18;Ljava/lang/String;&amp;#1;&amp;#0;&amp;#7;address&amp;#1;&amp;#0;&amp;#6;&lt;init&gt;&amp;#1;&amp;#0;&amp;#3;()V&amp;#1;&amp;#0;&amp;#4;Code
11:39:20,679 DEBUG DefaultVFS:222 - Find JAR URL: file:/E:/develop/workSpaceSelf/exercise/target/classes/com/zl/mybatis/pojo/QueryVo.class
11:39:20,679 DEBUG DefaultVFS:248 - Not a JAR: file:/E:/develop/workSpaceSelf/exercise/target/classes/com/zl/mybatis/pojo/QueryVo.class
11:39:20,680 DEBUG DefaultVFS:102 - Reader entry: 漱壕&amp;#0;&amp;#0;&amp;#0;4&amp;#0; &amp;#7;&amp;#0;&amp;#2;&amp;#1;&amp;#0;&amp;#27;com/zl/mybatis/pojo/QueryVo&amp;#7;&amp;#0;&amp;#4;&amp;#1;&amp;#0;&amp;#16;java/lang/Object&amp;#1;&amp;#0;&amp;#4;user&amp;#1;&amp;#0;&amp;#26;Lcom/zl/mybatis/pojo/User;&amp;#1;&amp;#0;
11:39:20,680 DEBUG DefaultVFS:222 - Find JAR URL: file:/E:/develop/workSpaceSelf/exercise/target/classes/com/zl/mybatis/pojo/User.class
11:39:20,681 DEBUG DefaultVFS:248 - Not a JAR: file:/E:/develop/workSpaceSelf/exercise/target/classes/com/zl/mybatis/pojo/User.class
11:39:20,681 DEBUG DefaultVFS:102 - Reader entry: 漱壕&amp;#0;&amp;#0;&amp;#0;4&amp;#0;U&amp;#7;&amp;#0;&amp;#2;&amp;#1;&amp;#0;&amp;#24;com/zl/mybatis/pojo/User&amp;#7;&amp;#0;&amp;#4;&amp;#1;&amp;#0;&amp;#16;java/lang/Object&amp;#7;&amp;#0;&amp;#6;&amp;#1;&amp;#0;&amp;#20;java/io/Serializable&amp;#1;&amp;#0;&amp;#2;id&amp;#1;&amp;#0;&amp;#1;I&amp;#1;&amp;#0;&amp;#8;username&amp;#1;&amp;#0;&amp;#18;Ljava/lang/String;&amp;#1;&amp;#0;&amp;#3;sex&amp;#1;&amp;#0;&amp;#8;birthday&amp;#1;&amp;#0;&amp;#16;Ljava/util/Date;&amp;#1;&amp;#0;&amp;#7;address&amp;#1;&amp;#0;&amp;#6;orders&amp;#1;&amp;#0;&amp;#16;Ljava/util/List;&amp;#1;&amp;#0;	Signature&amp;#1;&amp;#0;.Ljava/util/List&lt;Lcom/zl/mybatis/pojo/Orders;&gt;;&amp;#1;&amp;#0;&amp;#6;&lt;init&gt;&amp;#1;&amp;#0;&amp;#3;()V&amp;#1;&amp;#0;&amp;#4;Code
11:39:20,682 DEBUG DefaultVFS:222 - Find JAR URL: file:/E:/develop/workSpaceSelf/exercise/target/classes/com/zl/mybatis/pojo/UserAnswerRecord.class
11:39:20,682 DEBUG DefaultVFS:248 - Not a JAR: file:/E:/develop/workSpaceSelf/exercise/target/classes/com/zl/mybatis/pojo/UserAnswerRecord.class
11:39:20,683 DEBUG DefaultVFS:102 - Reader entry: 漱壕&amp;#0;&amp;#0;&amp;#0;4&amp;#0;?&amp;#7;&amp;#0;&amp;#2;&amp;#1;&amp;#0;$com/zl/mybatis/pojo/UserAnswerRecord&amp;#7;&amp;#0;&amp;#4;&amp;#1;&amp;#0;&amp;#16;java/lang/Object&amp;#1;&amp;#0;&amp;#2;id&amp;#1;&amp;#0;&amp;#18;Ljava/lang/String;&amp;#1;&amp;#0;&amp;#7;eventid&amp;#1;&amp;#0;
11:39:20,683 DEBUG DefaultVFS:222 - Find JAR URL: file:/E:/develop/workSpaceSelf/exercise/target/classes/com/zl/mybatis/pojo/UserCustom.class
11:39:20,684 DEBUG DefaultVFS:248 - Not a JAR: file:/E:/develop/workSpaceSelf/exercise/target/classes/com/zl/mybatis/pojo/UserCustom.class
11:39:20,684 DEBUG DefaultVFS:102 - Reader entry: 漱壕&amp;#0;&amp;#0;&amp;#0;4&amp;#0;&amp;#19;&amp;#7;&amp;#0;&amp;#2;&amp;#1;&amp;#0;&amp;#30;com/zl/mybatis/pojo/UserCustom&amp;#7;&amp;#0;&amp;#4;&amp;#1;&amp;#0;&amp;#24;com/zl/mybatis/pojo/User&amp;#1;&amp;#0;&amp;#14;birthday_start&amp;#1;&amp;#0;&amp;#16;Ljava/util/Date;&amp;#1;&amp;#0;&amp;#12;birthday_end&amp;#1;&amp;#0;&amp;#6;&lt;init&gt;&amp;#1;&amp;#0;&amp;#3;()V&amp;#1;&amp;#0;&amp;#4;Code
11:39:20,685 DEBUG ResolverUtil:256 - Checking to see if class com.zl.mybatis.pojo.Items matches criteria [is assignable to Object]
11:39:20,685 DEBUG ResolverUtil:256 - Checking to see if class com.zl.mybatis.pojo.Orderdetail matches criteria [is assignable to Object]
11:39:20,685 DEBUG ResolverUtil:256 - Checking to see if class com.zl.mybatis.pojo.Orders matches criteria [is assignable to Object]
11:39:20,685 DEBUG ResolverUtil:256 - Checking to see if class com.zl.mybatis.pojo.OrdersCustom matches criteria [is assignable to Object]
11:39:20,686 DEBUG ResolverUtil:256 - Checking to see if class com.zl.mybatis.pojo.QueryVo matches criteria [is assignable to Object]
11:39:20,686 DEBUG ResolverUtil:256 - Checking to see if class com.zl.mybatis.pojo.User matches criteria [is assignable to Object]
11:39:20,686 DEBUG ResolverUtil:256 - Checking to see if class com.zl.mybatis.pojo.UserAnswerRecord matches criteria [is assignable to Object]
11:39:20,686 DEBUG ResolverUtil:256 - Checking to see if class com.zl.mybatis.pojo.UserCustom matches criteria [is assignable to Object]
11:39:20,688 DEBUG LogFactory:135 - Logging initialized using &apos;class org.apache.ibatis.logging.log4j.Log4jImpl&apos; adapter.
11:39:20,692 DEBUG PooledDataSource:316 - PooledDataSource forcefully closed/removed all connections.
11:39:20,693 DEBUG PooledDataSource:316 - PooledDataSource forcefully closed/removed all connections.
11:39:20,693 DEBUG PooledDataSource:316 - PooledDataSource forcefully closed/removed all connections.
11:39:20,694 DEBUG PooledDataSource:316 - PooledDataSource forcefully closed/removed all connections.
11:39:20,695 DEBUG DefaultVFS:222 - Find JAR URL: file:/E:/develop/workSpaceSelf/exercise/target/classes/com/zl/mybatis/dao
11:39:20,696 DEBUG DefaultVFS:248 - Not a JAR: file:/E:/develop/workSpaceSelf/exercise/target/classes/com/zl/mybatis/dao
11:39:20,697 DEBUG DefaultVFS:102 - Reader entry: OrderMapper.class
11:39:20,697 DEBUG DefaultVFS:102 - Reader entry: OrderMapper.xml
11:39:20,697 DEBUG DefaultVFS:102 - Reader entry: OrderResultTypeMapper.class
11:39:20,698 DEBUG DefaultVFS:102 - Reader entry: OrderResultTypeMapper.xml
11:39:20,698 DEBUG DefaultVFS:102 - Reader entry: PromotionMapper.class
11:39:20,699 DEBUG DefaultVFS:102 - Reader entry: PromotionMapper.xml
11:39:20,699 DEBUG DefaultVFS:102 - Reader entry: UserAnswerRecordMapper.class
11:39:20,699 DEBUG DefaultVFS:102 - Reader entry: UserAnswerRecordMapper.xml
11:39:20,700 DEBUG DefaultVFS:102 - Reader entry: UserMapper.class
11:39:20,700 DEBUG DefaultVFS:102 - Reader entry: UserMapper.xml
11:39:20,701 DEBUG DefaultVFS:113 - Listing file:/E:/develop/workSpaceSelf/exercise/target/classes/com/zl/mybatis/dao
11:39:20,701 DEBUG DefaultVFS:222 - Find JAR URL: file:/E:/develop/workSpaceSelf/exercise/target/classes/com/zl/mybatis/dao/OrderMapper.class
11:39:20,701 DEBUG DefaultVFS:248 - Not a JAR: file:/E:/develop/workSpaceSelf/exercise/target/classes/com/zl/mybatis/dao/OrderMapper.class
11:39:20,702 DEBUG DefaultVFS:102 - Reader entry: 漱壕&amp;#0;&amp;#0;&amp;#0;4&amp;#0;&amp;#17;&amp;#7;&amp;#0;&amp;#2;&amp;#1;&amp;#0;&amp;#30;com/zl/mybatis/dao/OrderMapper&amp;#7;&amp;#0;&amp;#4;&amp;#1;&amp;#0;&amp;#16;java/lang/Object&amp;#1;&amp;#0;&amp;#22;findOrderListResultMap&amp;#1;&amp;#0;&amp;#18;()Ljava/util/List;&amp;#1;&amp;#0;
11:39:20,702 DEBUG DefaultVFS:222 - Find JAR URL: file:/E:/develop/workSpaceSelf/exercise/target/classes/com/zl/mybatis/dao/OrderMapper.xml
11:39:20,703 DEBUG DefaultVFS:248 - Not a JAR: file:/E:/develop/workSpaceSelf/exercise/target/classes/com/zl/mybatis/dao/OrderMapper.xml
11:39:20,703 DEBUG DefaultVFS:102 - Reader entry: &lt;?xml version=&quot;1.0&quot; encoding=&quot;UTF-8&quot;?&gt;
11:39:20,704 DEBUG DefaultVFS:222 - Find JAR URL: file:/E:/develop/workSpaceSelf/exercise/target/classes/com/zl/mybatis/dao/OrderResultTypeMapper.class
11:39:20,704 DEBUG DefaultVFS:248 - Not a JAR: file:/E:/develop/workSpaceSelf/exercise/target/classes/com/zl/mybatis/dao/OrderResultTypeMapper.class
11:39:20,704 DEBUG DefaultVFS:102 - Reader entry: 漱壕&amp;#0;&amp;#0;&amp;#0;4&amp;#0;&amp;#14;&amp;#7;&amp;#0;&amp;#2;&amp;#1;&amp;#0;(com/zl/mybatis/dao/OrderResultTypeMapper&amp;#7;&amp;#0;&amp;#4;&amp;#1;&amp;#0;&amp;#16;java/lang/Object&amp;#1;&amp;#0;&amp;#23;findOrderListResultType&amp;#1;&amp;#0;&amp;#18;()Ljava/util/List;&amp;#1;&amp;#0;
11:39:20,705 DEBUG DefaultVFS:222 - Find JAR URL: file:/E:/develop/workSpaceSelf/exercise/target/classes/com/zl/mybatis/dao/OrderResultTypeMapper.xml
11:39:20,705 DEBUG DefaultVFS:248 - Not a JAR: file:/E:/develop/workSpaceSelf/exercise/target/classes/com/zl/mybatis/dao/OrderResultTypeMapper.xml
11:39:20,706 DEBUG DefaultVFS:102 - Reader entry: &lt;?xml version=&quot;1.0&quot; encoding=&quot;UTF-8&quot;?&gt;
11:39:20,706 DEBUG DefaultVFS:222 - Find JAR URL: file:/E:/develop/workSpaceSelf/exercise/target/classes/com/zl/mybatis/dao/PromotionMapper.class
11:39:20,707 DEBUG DefaultVFS:248 - Not a JAR: file:/E:/develop/workSpaceSelf/exercise/target/classes/com/zl/mybatis/dao/PromotionMapper.class
11:39:20,707 DEBUG DefaultVFS:102 - Reader entry: 漱壕&amp;#0;&amp;#0;&amp;#0;4&amp;#0;&amp;#19;&amp;#7;&amp;#0;&amp;#2;&amp;#1;&amp;#0;&quot;com/zl/mybatis/dao/PromotionMapper&amp;#7;&amp;#0;&amp;#4;&amp;#1;&amp;#0;&amp;#16;java/lang/Object&amp;#1;&amp;#0;
11:39:20,708 DEBUG DefaultVFS:222 - Find JAR URL: file:/E:/develop/workSpaceSelf/exercise/target/classes/com/zl/mybatis/dao/PromotionMapper.xml
11:39:20,708 DEBUG DefaultVFS:248 - Not a JAR: file:/E:/develop/workSpaceSelf/exercise/target/classes/com/zl/mybatis/dao/PromotionMapper.xml
11:39:20,708 DEBUG DefaultVFS:102 - Reader entry: &lt;?xml version=&quot;1.0&quot; encoding=&quot;UTF-8&quot;?&gt;
11:39:20,709 DEBUG DefaultVFS:222 - Find JAR URL: file:/E:/develop/workSpaceSelf/exercise/target/classes/com/zl/mybatis/dao/UserAnswerRecordMapper.class
11:39:20,709 DEBUG DefaultVFS:248 - Not a JAR: file:/E:/develop/workSpaceSelf/exercise/target/classes/com/zl/mybatis/dao/UserAnswerRecordMapper.class
11:39:20,710 DEBUG DefaultVFS:102 - Reader entry: 漱壕&amp;#0;&amp;#0;&amp;#0;4&amp;#0;&amp;#20;&amp;#7;&amp;#0;&amp;#2;&amp;#1;&amp;#0;)com/zl/mybatis/dao/UserAnswerRecordMapper&amp;#7;&amp;#0;&amp;#4;&amp;#1;&amp;#0;&amp;#16;java/lang/Object&amp;#1;&amp;#0;&amp;#23;getUserAnswerRecordList&amp;#1;&amp;#0;;(Lcom/zl/mybatis/entity/UserAnswerQueryVo;)Ljava/util/List;&amp;#1;&amp;#0;	Signature&amp;#1;&amp;#0;c(Lcom/zl/mybatis/entity/UserAnswerQueryVo;)Ljava/util/List&lt;Lcom/zl/mybatis/pojo/UserAnswerRecord;&gt;;&amp;#1;&amp;#0;&amp;#22;delAnswerEvertRuleById&amp;#1;&amp;#0;&amp;#21;(Ljava/lang/String;)I&amp;#1;&amp;#0;&amp;#25;selectAnswerEvertRuleById&amp;#1;&amp;#0;$(Ljava/lang/String;)Ljava/util/List;&amp;#1;&amp;#0;9(Ljava/lang/String;)Ljava/util/List&lt;Ljava/lang/Integer;&gt;;&amp;#1;&amp;#0;&amp;#23;delAnswerEventConfnById&amp;#1;&amp;#0;&amp;#24;getUserAnswerRecordList1&amp;#1;&amp;#0;&amp;#15;insertRdoEnitiy&amp;#1;&amp;#0;&apos;(Lcom/zl/mybatis/entity/RdoOrderInfo;)V&amp;#1;&amp;#0;
11:39:20,711 DEBUG DefaultVFS:222 - Find JAR URL: file:/E:/develop/workSpaceSelf/exercise/target/classes/com/zl/mybatis/dao/UserAnswerRecordMapper.xml
11:39:20,711 DEBUG DefaultVFS:248 - Not a JAR: file:/E:/develop/workSpaceSelf/exercise/target/classes/com/zl/mybatis/dao/UserAnswerRecordMapper.xml
11:39:20,711 DEBUG DefaultVFS:102 - Reader entry: &lt;?xml version=&quot;1.0&quot; encoding=&quot;UTF-8&quot;?&gt;
11:39:20,712 DEBUG DefaultVFS:222 - Find JAR URL: file:/E:/develop/workSpaceSelf/exercise/target/classes/com/zl/mybatis/dao/UserMapper.class
11:39:20,712 DEBUG DefaultVFS:248 - Not a JAR: file:/E:/develop/workSpaceSelf/exercise/target/classes/com/zl/mybatis/dao/UserMapper.class
11:39:20,713 DEBUG DefaultVFS:102 - Reader entry: 漱壕&amp;#0;&amp;#0;&amp;#0;4&amp;#0; &amp;#7;&amp;#0;&amp;#2;&amp;#1;&amp;#0;&amp;#29;com/zl/mybatis/dao/UserMapper&amp;#7;&amp;#0;&amp;#4;&amp;#1;&amp;#0;&amp;#16;java/lang/Object&amp;#1;&amp;#0;&amp;#11;getUserById&amp;#1;&amp;#0;&amp;#29;(I)Lcom/zl/mybatis/pojo/User;&amp;#1;&amp;#0;
11:39:20,713 DEBUG DefaultVFS:222 - Find JAR URL: file:/E:/develop/workSpaceSelf/exercise/target/classes/com/zl/mybatis/dao/UserMapper.xml
11:39:20,714 DEBUG DefaultVFS:248 - Not a JAR: file:/E:/develop/workSpaceSelf/exercise/target/classes/com/zl/mybatis/dao/UserMapper.xml
11:39:20,714 DEBUG DefaultVFS:102 - Reader entry: &lt;?xml version=&quot;1.0&quot; encoding=&quot;UTF-8&quot;?&gt;
11:39:20,715 DEBUG ResolverUtil:256 - Checking to see if class com.zl.mybatis.dao.OrderMapper matches criteria [is assignable to Object]
11:39:20,715 DEBUG ResolverUtil:256 - Checking to see if class com.zl.mybatis.dao.OrderResultTypeMapper matches criteria [is assignable to Object]
11:39:20,715 DEBUG ResolverUtil:256 - Checking to see if class com.zl.mybatis.dao.PromotionMapper matches criteria [is assignable to Object]
11:39:20,715 DEBUG ResolverUtil:256 - Checking to see if class com.zl.mybatis.dao.UserAnswerRecordMapper matches criteria [is assignable to Object]
11:39:20,716 DEBUG ResolverUtil:256 - Checking to see if class com.zl.mybatis.dao.UserMapper matches criteria [is assignable to Object]
</system-out>
  </testcase>
  <testcase classname="com.zl.test.sql.OrderDaoTest" name="findOrderList" time="0.065">
    <error message="Could not initialize class org.mybatis.caches.ehcache.EhcacheCache" type="java.lang.NoClassDefFoundError">java.lang.NoClassDefFoundError: Could not initialize class org.mybatis.caches.ehcache.EhcacheCache
	at java.lang.Class.forName0(Native Method)
	at java.lang.Class.forName(Class.java:348)
	at org.apache.ibatis.io.ClassLoaderWrapper.classForName(ClassLoaderWrapper.java:186)
	at org.apache.ibatis.io.ClassLoaderWrapper.classForName(ClassLoaderWrapper.java:89)
	at org.apache.ibatis.io.Resources.classForName(Resources.java:261)
	at org.apache.ibatis.type.TypeAliasRegistry.resolveAlias(TypeAliasRegistry.java:116)
	at org.apache.ibatis.builder.xml.XMLMapperBuilder.cacheElement(XMLMapperBuilder.java:202)
	at org.apache.ibatis.builder.xml.XMLMapperBuilder.configurationElement(XMLMapperBuilder.java:114)
	at org.apache.ibatis.builder.xml.XMLMapperBuilder.parse(XMLMapperBuilder.java:92)
	at org.apache.ibatis.builder.annotation.MapperAnnotationBuilder.loadXmlResource(MapperAnnotationBuilder.java:173)
	at org.apache.ibatis.builder.annotation.MapperAnnotationBuilder.parse(MapperAnnotationBuilder.java:124)
	at org.apache.ibatis.binding.MapperRegistry.addMapper(MapperRegistry.java:72)
	at org.apache.ibatis.binding.MapperRegistry.addMappers(MapperRegistry.java:97)
	at org.apache.ibatis.binding.MapperRegistry.addMappers(MapperRegistry.java:105)
	at org.apache.ibatis.session.Configuration.addMappers(Configuration.java:724)
	at org.apache.ibatis.builder.xml.XMLConfigBuilder.mapperElement(XMLConfigBuilder.java:360)
	at org.apache.ibatis.builder.xml.XMLConfigBuilder.parseConfiguration(XMLConfigBuilder.java:118)
	at org.apache.ibatis.builder.xml.XMLConfigBuilder.parse(XMLConfigBuilder.java:98)
	at org.apache.ibatis.session.SqlSessionFactoryBuilder.build(SqlSessionFactoryBuilder.java:78)
	at org.apache.ibatis.session.SqlSessionFactoryBuilder.build(SqlSessionFactoryBuilder.java:64)
	at com.zl.utils.MyBatisUtils.getnewInstance(MyBatisUtils.java:28)
	at com.zl.test.sql.OrderDaoTest.before(OrderDaoTest.java:44)
	at sun.reflect.NativeMethodAccessorImpl.invoke0(Native Method)
	at sun.reflect.NativeMethodAccessorImpl.invoke(NativeMethodAccessorImpl.java:62)
	at sun.reflect.DelegatingMethodAccessorImpl.invoke(DelegatingMethodAccessorImpl.java:43)
	at java.lang.reflect.Method.invoke(Method.java:498)
	at org.junit.runners.model.FrameworkMethod$1.runReflectiveCall(FrameworkMethod.java:45)
	at org.junit.internal.runners.model.ReflectiveCallable.run(ReflectiveCallable.java:15)
	at org.junit.runners.model.FrameworkMethod.invokeExplosively(FrameworkMethod.java:42)
	at org.junit.internal.runners.statements.RunBefores.evaluate(RunBefores.java:27)
	at org.junit.runners.ParentRunner.runLeaf(ParentRunner.java:263)
	at org.junit.runners.BlockJUnit4ClassRunner.runChild(BlockJUnit4ClassRunner.java:68)
	at org.junit.runners.BlockJUnit4ClassRunner.runChild(BlockJUnit4ClassRunner.java:47)
	at org.junit.runners.ParentRunner$3.run(ParentRunner.java:231)
	at org.junit.runners.ParentRunner$1.schedule(ParentRunner.java:60)
	at org.junit.runners.ParentRunner.runChildren(ParentRunner.java:229)
	at org.junit.runners.ParentRunner.access$000(ParentRunner.java:50)
	at org.junit.runners.ParentRunner$2.evaluate(ParentRunner.java:222)
	at org.junit.runners.ParentRunner.run(ParentRunner.java:300)
	at org.apache.maven.surefire.junit4.JUnit4Provider.execute(JUnit4Provider.java:252)
	at org.apache.maven.surefire.junit4.JUnit4Provider.executeTestSet(JUnit4Provider.java:141)
	at org.apache.maven.surefire.junit4.JUnit4Provider.invoke(JUnit4Provider.java:112)
	at sun.reflect.NativeMethodAccessorImpl.invoke0(Native Method)
	at sun.reflect.NativeMethodAccessorImpl.invoke(NativeMethodAccessorImpl.java:62)
	at sun.reflect.DelegatingMethodAccessorImpl.invoke(DelegatingMethodAccessorImpl.java:43)
	at java.lang.reflect.Method.invoke(Method.java:498)
	at org.apache.maven.surefire.util.ReflectionUtils.invokeMethodWithArray(ReflectionUtils.java:189)
	at org.apache.maven.surefire.booter.ProviderFactory$ProviderProxy.invoke(ProviderFactory.java:165)
	at org.apache.maven.surefire.booter.ProviderFactory.invokeProvider(ProviderFactory.java:85)
	at org.apache.maven.surefire.booter.ForkedBooter.runSuitesInProcess(ForkedBooter.java:115)
	at org.apache.maven.surefire.booter.ForkedBooter.main(ForkedBooter.java:75)
</error>
    <system-out>11:39:20,752 DEBUG DefaultVFS:222 - Find JAR URL: file:/E:/develop/workSpaceSelf/exercise/target/classes/com/zl/mybatis/pojo
11:39:20,753 DEBUG DefaultVFS:248 - Not a JAR: file:/E:/develop/workSpaceSelf/exercise/target/classes/com/zl/mybatis/pojo
11:39:20,754 DEBUG DefaultVFS:102 - Reader entry: Items.class
11:39:20,754 DEBUG DefaultVFS:102 - Reader entry: Orderdetail.class
11:39:20,755 DEBUG DefaultVFS:102 - Reader entry: Orders.class
11:39:20,755 DEBUG DefaultVFS:102 - Reader entry: OrdersCustom.class
11:39:20,756 DEBUG DefaultVFS:102 - Reader entry: QueryVo.class
11:39:20,756 DEBUG DefaultVFS:102 - Reader entry: User.class
11:39:20,756 DEBUG DefaultVFS:102 - Reader entry: UserAnswerRecord.class
11:39:20,757 DEBUG DefaultVFS:102 - Reader entry: UserCustom.class
11:39:20,757 DEBUG DefaultVFS:113 - Listing file:/E:/develop/workSpaceSelf/exercise/target/classes/com/zl/mybatis/pojo
11:39:20,758 DEBUG DefaultVFS:222 - Find JAR URL: file:/E:/develop/workSpaceSelf/exercise/target/classes/com/zl/mybatis/pojo/Items.class
11:39:20,758 DEBUG DefaultVFS:248 - Not a JAR: file:/E:/develop/workSpaceSelf/exercise/target/classes/com/zl/mybatis/pojo/Items.class
11:39:20,758 DEBUG DefaultVFS:102 - Reader entry: 漱壕&amp;#0;&amp;#0;&amp;#0;4&amp;#0;k&amp;#7;&amp;#0;&amp;#2;&amp;#1;&amp;#0;&amp;#25;com/zl/mybatis/pojo/Items&amp;#7;&amp;#0;&amp;#4;&amp;#1;&amp;#0;&amp;#16;java/lang/Object&amp;#7;&amp;#0;&amp;#6;&amp;#1;&amp;#0;&amp;#20;java/io/Serializable&amp;#1;&amp;#0;&amp;#2;id&amp;#1;&amp;#0;&amp;#19;Ljava/lang/Integer;&amp;#1;&amp;#0;&amp;#4;name&amp;#1;&amp;#0;&amp;#18;Ljava/lang/String;&amp;#1;&amp;#0;&amp;#5;price&amp;#1;&amp;#0;&amp;#17;Ljava/lang/Float;&amp;#1;&amp;#0;&amp;#3;pic&amp;#1;&amp;#0;
11:39:20,759 DEBUG DefaultVFS:222 - Find JAR URL: file:/E:/develop/workSpaceSelf/exercise/target/classes/com/zl/mybatis/pojo/Orderdetail.class
11:39:20,759 DEBUG DefaultVFS:248 - Not a JAR: file:/E:/develop/workSpaceSelf/exercise/target/classes/com/zl/mybatis/pojo/Orderdetail.class
11:39:20,760 DEBUG DefaultVFS:102 - Reader entry: 漱壕&amp;#0;&amp;#0;&amp;#0;4&amp;#0;K&amp;#7;&amp;#0;&amp;#2;&amp;#1;&amp;#0;&amp;#31;com/zl/mybatis/pojo/Orderdetail&amp;#7;&amp;#0;&amp;#4;&amp;#1;&amp;#0;&amp;#16;java/lang/Object&amp;#7;&amp;#0;&amp;#6;&amp;#1;&amp;#0;&amp;#20;java/io/Serializable&amp;#1;&amp;#0;&amp;#2;id&amp;#1;&amp;#0;&amp;#19;Ljava/lang/Integer;&amp;#1;&amp;#0;&amp;#8;ordersId&amp;#1;&amp;#0;&amp;#7;itemsId&amp;#1;&amp;#0;&amp;#8;itemsNum&amp;#1;&amp;#0;&amp;#5;items&amp;#1;&amp;#0;&amp;#27;Lcom/zl/mybatis/pojo/Items;&amp;#1;&amp;#0;&amp;#6;&lt;init&gt;&amp;#1;&amp;#0;&amp;#3;()V&amp;#1;&amp;#0;&amp;#4;Code
11:39:20,760 DEBUG DefaultVFS:222 - Find JAR URL: file:/E:/develop/workSpaceSelf/exercise/target/classes/com/zl/mybatis/pojo/Orders.class
11:39:20,761 DEBUG DefaultVFS:248 - Not a JAR: file:/E:/develop/workSpaceSelf/exercise/target/classes/com/zl/mybatis/pojo/Orders.class
11:39:20,761 DEBUG DefaultVFS:102 - Reader entry: 漱壕&amp;#0;&amp;#0;&amp;#0;4&amp;#0;m&amp;#7;&amp;#0;&amp;#2;&amp;#1;&amp;#0;&amp;#26;com/zl/mybatis/pojo/Orders&amp;#7;&amp;#0;&amp;#4;&amp;#1;&amp;#0;&amp;#16;java/lang/Object&amp;#7;&amp;#0;&amp;#6;&amp;#1;&amp;#0;&amp;#20;java/io/Serializable&amp;#1;&amp;#0;&amp;#2;id&amp;#1;&amp;#0;&amp;#19;Ljava/lang/Integer;&amp;#1;&amp;#0;&amp;#6;userId&amp;#1;&amp;#0;&amp;#6;number&amp;#1;&amp;#0;&amp;#18;Ljava/lang/String;&amp;#1;&amp;#0;
11:39:20,762 DEBUG DefaultVFS:222 - Find JAR URL: file:/E:/develop/workSpaceSelf/exercise/target/classes/com/zl/mybatis/pojo/OrdersCustom.class
11:39:20,762 DEBUG DefaultVFS:248 - Not a JAR: file:/E:/develop/workSpaceSelf/exercise/target/classes/com/zl/mybatis/pojo/OrdersCustom.class
11:39:20,762 DEBUG DefaultVFS:102 - Reader entry: 漱壕&amp;#0;&amp;#0;&amp;#0;4&amp;#0;&amp;#29;&amp;#7;&amp;#0;&amp;#2;&amp;#1;&amp;#0; com/zl/mybatis/pojo/OrdersCustom&amp;#7;&amp;#0;&amp;#4;&amp;#1;&amp;#0;&amp;#26;com/zl/mybatis/pojo/Orders&amp;#1;&amp;#0;&amp;#8;username&amp;#1;&amp;#0;&amp;#18;Ljava/lang/String;&amp;#1;&amp;#0;&amp;#7;address&amp;#1;&amp;#0;&amp;#6;&lt;init&gt;&amp;#1;&amp;#0;&amp;#3;()V&amp;#1;&amp;#0;&amp;#4;Code
11:39:20,763 DEBUG DefaultVFS:222 - Find JAR URL: file:/E:/develop/workSpaceSelf/exercise/target/classes/com/zl/mybatis/pojo/QueryVo.class
11:39:20,763 DEBUG DefaultVFS:248 - Not a JAR: file:/E:/develop/workSpaceSelf/exercise/target/classes/com/zl/mybatis/pojo/QueryVo.class
11:39:20,763 DEBUG DefaultVFS:102 - Reader entry: 漱壕&amp;#0;&amp;#0;&amp;#0;4&amp;#0; &amp;#7;&amp;#0;&amp;#2;&amp;#1;&amp;#0;&amp;#27;com/zl/mybatis/pojo/QueryVo&amp;#7;&amp;#0;&amp;#4;&amp;#1;&amp;#0;&amp;#16;java/lang/Object&amp;#1;&amp;#0;&amp;#4;user&amp;#1;&amp;#0;&amp;#26;Lcom/zl/mybatis/pojo/User;&amp;#1;&amp;#0;
11:39:20,764 DEBUG DefaultVFS:222 - Find JAR URL: file:/E:/develop/workSpaceSelf/exercise/target/classes/com/zl/mybatis/pojo/User.class
11:39:20,764 DEBUG DefaultVFS:248 - Not a JAR: file:/E:/develop/workSpaceSelf/exercise/target/classes/com/zl/mybatis/pojo/User.class
11:39:20,765 DEBUG DefaultVFS:102 - Reader entry: 漱壕&amp;#0;&amp;#0;&amp;#0;4&amp;#0;U&amp;#7;&amp;#0;&amp;#2;&amp;#1;&amp;#0;&amp;#24;com/zl/mybatis/pojo/User&amp;#7;&amp;#0;&amp;#4;&amp;#1;&amp;#0;&amp;#16;java/lang/Object&amp;#7;&amp;#0;&amp;#6;&amp;#1;&amp;#0;&amp;#20;java/io/Serializable&amp;#1;&amp;#0;&amp;#2;id&amp;#1;&amp;#0;&amp;#1;I&amp;#1;&amp;#0;&amp;#8;username&amp;#1;&amp;#0;&amp;#18;Ljava/lang/String;&amp;#1;&amp;#0;&amp;#3;sex&amp;#1;&amp;#0;&amp;#8;birthday&amp;#1;&amp;#0;&amp;#16;Ljava/util/Date;&amp;#1;&amp;#0;&amp;#7;address&amp;#1;&amp;#0;&amp;#6;orders&amp;#1;&amp;#0;&amp;#16;Ljava/util/List;&amp;#1;&amp;#0;	Signature&amp;#1;&amp;#0;.Ljava/util/List&lt;Lcom/zl/mybatis/pojo/Orders;&gt;;&amp;#1;&amp;#0;&amp;#6;&lt;init&gt;&amp;#1;&amp;#0;&amp;#3;()V&amp;#1;&amp;#0;&amp;#4;Code
11:39:20,765 DEBUG DefaultVFS:222 - Find JAR URL: file:/E:/develop/workSpaceSelf/exercise/target/classes/com/zl/mybatis/pojo/UserAnswerRecord.class
11:39:20,765 DEBUG DefaultVFS:248 - Not a JAR: file:/E:/develop/workSpaceSelf/exercise/target/classes/com/zl/mybatis/pojo/UserAnswerRecord.class
11:39:20,766 DEBUG DefaultVFS:102 - Reader entry: 漱壕&amp;#0;&amp;#0;&amp;#0;4&amp;#0;?&amp;#7;&amp;#0;&amp;#2;&amp;#1;&amp;#0;$com/zl/mybatis/pojo/UserAnswerRecord&amp;#7;&amp;#0;&amp;#4;&amp;#1;&amp;#0;&amp;#16;java/lang/Object&amp;#1;&amp;#0;&amp;#2;id&amp;#1;&amp;#0;&amp;#18;Ljava/lang/String;&amp;#1;&amp;#0;&amp;#7;eventid&amp;#1;&amp;#0;
11:39:20,766 DEBUG DefaultVFS:222 - Find JAR URL: file:/E:/develop/workSpaceSelf/exercise/target/classes/com/zl/mybatis/pojo/UserCustom.class
11:39:20,767 DEBUG DefaultVFS:248 - Not a JAR: file:/E:/develop/workSpaceSelf/exercise/target/classes/com/zl/mybatis/pojo/UserCustom.class
11:39:20,767 DEBUG DefaultVFS:102 - Reader entry: 漱壕&amp;#0;&amp;#0;&amp;#0;4&amp;#0;&amp;#19;&amp;#7;&amp;#0;&amp;#2;&amp;#1;&amp;#0;&amp;#30;com/zl/mybatis/pojo/UserCustom&amp;#7;&amp;#0;&amp;#4;&amp;#1;&amp;#0;&amp;#24;com/zl/mybatis/pojo/User&amp;#1;&amp;#0;&amp;#14;birthday_start&amp;#1;&amp;#0;&amp;#16;Ljava/util/Date;&amp;#1;&amp;#0;&amp;#12;birthday_end&amp;#1;&amp;#0;&amp;#6;&lt;init&gt;&amp;#1;&amp;#0;&amp;#3;()V&amp;#1;&amp;#0;&amp;#4;Code
11:39:20,768 DEBUG ResolverUtil:256 - Checking to see if class com.zl.mybatis.pojo.Items matches criteria [is assignable to Object]
11:39:20,768 DEBUG ResolverUtil:256 - Checking to see if class com.zl.mybatis.pojo.Orderdetail matches criteria [is assignable to Object]
11:39:20,769 DEBUG ResolverUtil:256 - Checking to see if class com.zl.mybatis.pojo.Orders matches criteria [is assignable to Object]
11:39:20,769 DEBUG ResolverUtil:256 - Checking to see if class com.zl.mybatis.pojo.OrdersCustom matches criteria [is assignable to Object]
11:39:20,769 DEBUG ResolverUtil:256 - Checking to see if class com.zl.mybatis.pojo.QueryVo matches criteria [is assignable to Object]
11:39:20,769 DEBUG ResolverUtil:256 - Checking to see if class com.zl.mybatis.pojo.User matches criteria [is assignable to Object]
11:39:20,770 DEBUG ResolverUtil:256 - Checking to see if class com.zl.mybatis.pojo.UserAnswerRecord matches criteria [is assignable to Object]
11:39:20,770 DEBUG ResolverUtil:256 - Checking to see if class com.zl.mybatis.pojo.UserCustom matches criteria [is assignable to Object]
11:39:20,771 DEBUG LogFactory:135 - Logging initialized using &apos;class org.apache.ibatis.logging.log4j.Log4jImpl&apos; adapter.
11:39:20,773 DEBUG PooledDataSource:316 - PooledDataSource forcefully closed/removed all connections.
11:39:20,773 DEBUG PooledDataSource:316 - PooledDataSource forcefully closed/removed all connections.
11:39:20,773 DEBUG PooledDataSource:316 - PooledDataSource forcefully closed/removed all connections.
11:39:20,774 DEBUG PooledDataSource:316 - PooledDataSource forcefully closed/removed all connections.
11:39:20,775 DEBUG DefaultVFS:222 - Find JAR URL: file:/E:/develop/workSpaceSelf/exercise/target/classes/com/zl/mybatis/dao
11:39:20,775 DEBUG DefaultVFS:248 - Not a JAR: file:/E:/develop/workSpaceSelf/exercise/target/classes/com/zl/mybatis/dao
11:39:20,776 DEBUG DefaultVFS:102 - Reader entry: OrderMapper.class
11:39:20,777 DEBUG DefaultVFS:102 - Reader entry: OrderMapper.xml
11:39:20,777 DEBUG DefaultVFS:102 - Reader entry: OrderResultTypeMapper.class
11:39:20,777 DEBUG DefaultVFS:102 - Reader entry: OrderResultTypeMapper.xml
11:39:20,778 DEBUG DefaultVFS:102 - Reader entry: PromotionMapper.class
11:39:20,778 DEBUG DefaultVFS:102 - Reader entry: PromotionMapper.xml
11:39:20,779 DEBUG DefaultVFS:102 - Reader entry: UserAnswerRecordMapper.class
11:39:20,779 DEBUG DefaultVFS:102 - Reader entry: UserAnswerRecordMapper.xml
11:39:20,779 DEBUG DefaultVFS:102 - Reader entry: UserMapper.class
11:39:20,780 DEBUG DefaultVFS:102 - Reader entry: UserMapper.xml
11:39:20,780 DEBUG DefaultVFS:113 - Listing file:/E:/develop/workSpaceSelf/exercise/target/classes/com/zl/mybatis/dao
11:39:20,780 DEBUG DefaultVFS:222 - Find JAR URL: file:/E:/develop/workSpaceSelf/exercise/target/classes/com/zl/mybatis/dao/OrderMapper.class
11:39:20,781 DEBUG DefaultVFS:248 - Not a JAR: file:/E:/develop/workSpaceSelf/exercise/target/classes/com/zl/mybatis/dao/OrderMapper.class
11:39:20,781 DEBUG DefaultVFS:102 - Reader entry: 漱壕&amp;#0;&amp;#0;&amp;#0;4&amp;#0;&amp;#17;&amp;#7;&amp;#0;&amp;#2;&amp;#1;&amp;#0;&amp;#30;com/zl/mybatis/dao/OrderMapper&amp;#7;&amp;#0;&amp;#4;&amp;#1;&amp;#0;&amp;#16;java/lang/Object&amp;#1;&amp;#0;&amp;#22;findOrderListResultMap&amp;#1;&amp;#0;&amp;#18;()Ljava/util/List;&amp;#1;&amp;#0;
11:39:20,782 DEBUG DefaultVFS:222 - Find JAR URL: file:/E:/develop/workSpaceSelf/exercise/target/classes/com/zl/mybatis/dao/OrderMapper.xml
11:39:20,782 DEBUG DefaultVFS:248 - Not a JAR: file:/E:/develop/workSpaceSelf/exercise/target/classes/com/zl/mybatis/dao/OrderMapper.xml
11:39:20,783 DEBUG DefaultVFS:102 - Reader entry: &lt;?xml version=&quot;1.0&quot; encoding=&quot;UTF-8&quot;?&gt;
11:39:20,783 DEBUG DefaultVFS:222 - Find JAR URL: file:/E:/develop/workSpaceSelf/exercise/target/classes/com/zl/mybatis/dao/OrderResultTypeMapper.class
11:39:20,783 DEBUG DefaultVFS:248 - Not a JAR: file:/E:/develop/workSpaceSelf/exercise/target/classes/com/zl/mybatis/dao/OrderResultTypeMapper.class
11:39:20,784 DEBUG DefaultVFS:102 - Reader entry: 漱壕&amp;#0;&amp;#0;&amp;#0;4&amp;#0;&amp;#14;&amp;#7;&amp;#0;&amp;#2;&amp;#1;&amp;#0;(com/zl/mybatis/dao/OrderResultTypeMapper&amp;#7;&amp;#0;&amp;#4;&amp;#1;&amp;#0;&amp;#16;java/lang/Object&amp;#1;&amp;#0;&amp;#23;findOrderListResultType&amp;#1;&amp;#0;&amp;#18;()Ljava/util/List;&amp;#1;&amp;#0;
11:39:20,784 DEBUG DefaultVFS:222 - Find JAR URL: file:/E:/develop/workSpaceSelf/exercise/target/classes/com/zl/mybatis/dao/OrderResultTypeMapper.xml
11:39:20,785 DEBUG DefaultVFS:248 - Not a JAR: file:/E:/develop/workSpaceSelf/exercise/target/classes/com/zl/mybatis/dao/OrderResultTypeMapper.xml
11:39:20,785 DEBUG DefaultVFS:102 - Reader entry: &lt;?xml version=&quot;1.0&quot; encoding=&quot;UTF-8&quot;?&gt;
11:39:20,785 DEBUG DefaultVFS:222 - Find JAR URL: file:/E:/develop/workSpaceSelf/exercise/target/classes/com/zl/mybatis/dao/PromotionMapper.class
11:39:20,785 DEBUG DefaultVFS:248 - Not a JAR: file:/E:/develop/workSpaceSelf/exercise/target/classes/com/zl/mybatis/dao/PromotionMapper.class
11:39:20,786 DEBUG DefaultVFS:102 - Reader entry: 漱壕&amp;#0;&amp;#0;&amp;#0;4&amp;#0;&amp;#19;&amp;#7;&amp;#0;&amp;#2;&amp;#1;&amp;#0;&quot;com/zl/mybatis/dao/PromotionMapper&amp;#7;&amp;#0;&amp;#4;&amp;#1;&amp;#0;&amp;#16;java/lang/Object&amp;#1;&amp;#0;
11:39:20,786 DEBUG DefaultVFS:222 - Find JAR URL: file:/E:/develop/workSpaceSelf/exercise/target/classes/com/zl/mybatis/dao/PromotionMapper.xml
11:39:20,786 DEBUG DefaultVFS:248 - Not a JAR: file:/E:/develop/workSpaceSelf/exercise/target/classes/com/zl/mybatis/dao/PromotionMapper.xml
11:39:20,786 DEBUG DefaultVFS:102 - Reader entry: &lt;?xml version=&quot;1.0&quot; encoding=&quot;UTF-8&quot;?&gt;
11:39:20,787 DEBUG DefaultVFS:222 - Find JAR URL: file:/E:/develop/workSpaceSelf/exercise/target/classes/com/zl/mybatis/dao/UserAnswerRecordMapper.class
11:39:20,787 DEBUG DefaultVFS:248 - Not a JAR: file:/E:/develop/workSpaceSelf/exercise/target/classes/com/zl/mybatis/dao/UserAnswerRecordMapper.class
11:39:20,787 DEBUG DefaultVFS:102 - Reader entry: 漱壕&amp;#0;&amp;#0;&amp;#0;4&amp;#0;&amp;#20;&amp;#7;&amp;#0;&amp;#2;&amp;#1;&amp;#0;)com/zl/mybatis/dao/UserAnswerRecordMapper&amp;#7;&amp;#0;&amp;#4;&amp;#1;&amp;#0;&amp;#16;java/lang/Object&amp;#1;&amp;#0;&amp;#23;getUserAnswerRecordList&amp;#1;&amp;#0;;(Lcom/zl/mybatis/entity/UserAnswerQueryVo;)Ljava/util/List;&amp;#1;&amp;#0;	Signature&amp;#1;&amp;#0;c(Lcom/zl/mybatis/entity/UserAnswerQueryVo;)Ljava/util/List&lt;Lcom/zl/mybatis/pojo/UserAnswerRecord;&gt;;&amp;#1;&amp;#0;&amp;#22;delAnswerEvertRuleById&amp;#1;&amp;#0;&amp;#21;(Ljava/lang/String;)I&amp;#1;&amp;#0;&amp;#25;selectAnswerEvertRuleById&amp;#1;&amp;#0;$(Ljava/lang/String;)Ljava/util/List;&amp;#1;&amp;#0;9(Ljava/lang/String;)Ljava/util/List&lt;Ljava/lang/Integer;&gt;;&amp;#1;&amp;#0;&amp;#23;delAnswerEventConfnById&amp;#1;&amp;#0;&amp;#24;getUserAnswerRecordList1&amp;#1;&amp;#0;&amp;#15;insertRdoEnitiy&amp;#1;&amp;#0;&apos;(Lcom/zl/mybatis/entity/RdoOrderInfo;)V&amp;#1;&amp;#0;
11:39:20,788 DEBUG DefaultVFS:222 - Find JAR URL: file:/E:/develop/workSpaceSelf/exercise/target/classes/com/zl/mybatis/dao/UserAnswerRecordMapper.xml
11:39:20,788 DEBUG DefaultVFS:248 - Not a JAR: file:/E:/develop/workSpaceSelf/exercise/target/classes/com/zl/mybatis/dao/UserAnswerRecordMapper.xml
11:39:20,788 DEBUG DefaultVFS:102 - Reader entry: &lt;?xml version=&quot;1.0&quot; encoding=&quot;UTF-8&quot;?&gt;
11:39:20,788 DEBUG DefaultVFS:222 - Find JAR URL: file:/E:/develop/workSpaceSelf/exercise/target/classes/com/zl/mybatis/dao/UserMapper.class
11:39:20,789 DEBUG DefaultVFS:248 - Not a JAR: file:/E:/develop/workSpaceSelf/exercise/target/classes/com/zl/mybatis/dao/UserMapper.class
11:39:20,789 DEBUG DefaultVFS:102 - Reader entry: 漱壕&amp;#0;&amp;#0;&amp;#0;4&amp;#0; &amp;#7;&amp;#0;&amp;#2;&amp;#1;&amp;#0;&amp;#29;com/zl/mybatis/dao/UserMapper&amp;#7;&amp;#0;&amp;#4;&amp;#1;&amp;#0;&amp;#16;java/lang/Object&amp;#1;&amp;#0;&amp;#11;getUserById&amp;#1;&amp;#0;&amp;#29;(I)Lcom/zl/mybatis/pojo/User;&amp;#1;&amp;#0;
11:39:20,789 DEBUG DefaultVFS:222 - Find JAR URL: file:/E:/develop/workSpaceSelf/exercise/target/classes/com/zl/mybatis/dao/UserMapper.xml
11:39:20,789 DEBUG DefaultVFS:248 - Not a JAR: file:/E:/develop/workSpaceSelf/exercise/target/classes/com/zl/mybatis/dao/UserMapper.xml
11:39:20,790 DEBUG DefaultVFS:102 - Reader entry: &lt;?xml version=&quot;1.0&quot; encoding=&quot;UTF-8&quot;?&gt;
11:39:20,790 DEBUG ResolverUtil:256 - Checking to see if class com.zl.mybatis.dao.OrderMapper matches criteria [is assignable to Object]
11:39:20,790 DEBUG ResolverUtil:256 - Checking to see if class com.zl.mybatis.dao.OrderResultTypeMapper matches criteria [is assignable to Object]
11:39:20,791 DEBUG ResolverUtil:256 - Checking to see if class com.zl.mybatis.dao.PromotionMapper matches criteria [is assignable to Object]
11:39:20,791 DEBUG ResolverUtil:256 - Checking to see if class com.zl.mybatis.dao.UserAnswerRecordMapper matches criteria [is assignable to Object]
11:39:20,791 DEBUG ResolverUtil:256 - Checking to see if class com.zl.mybatis.dao.UserMapper matches criteria [is assignable to Object]
</system-out>
  </testcase>
  <testcase classname="com.zl.test.sql.OrderDaoTest" name="testgetUserById" time="0.061">
    <error message="Could not initialize class org.mybatis.caches.ehcache.EhcacheCache" type="java.lang.NoClassDefFoundError">java.lang.NoClassDefFoundError: Could not initialize class org.mybatis.caches.ehcache.EhcacheCache
	at java.lang.Class.forName0(Native Method)
	at java.lang.Class.forName(Class.java:348)
	at org.apache.ibatis.io.ClassLoaderWrapper.classForName(ClassLoaderWrapper.java:186)
	at org.apache.ibatis.io.ClassLoaderWrapper.classForName(ClassLoaderWrapper.java:89)
	at org.apache.ibatis.io.Resources.classForName(Resources.java:261)
	at org.apache.ibatis.type.TypeAliasRegistry.resolveAlias(TypeAliasRegistry.java:116)
	at org.apache.ibatis.builder.xml.XMLMapperBuilder.cacheElement(XMLMapperBuilder.java:202)
	at org.apache.ibatis.builder.xml.XMLMapperBuilder.configurationElement(XMLMapperBuilder.java:114)
	at org.apache.ibatis.builder.xml.XMLMapperBuilder.parse(XMLMapperBuilder.java:92)
	at org.apache.ibatis.builder.annotation.MapperAnnotationBuilder.loadXmlResource(MapperAnnotationBuilder.java:173)
	at org.apache.ibatis.builder.annotation.MapperAnnotationBuilder.parse(MapperAnnotationBuilder.java:124)
	at org.apache.ibatis.binding.MapperRegistry.addMapper(MapperRegistry.java:72)
	at org.apache.ibatis.binding.MapperRegistry.addMappers(MapperRegistry.java:97)
	at org.apache.ibatis.binding.MapperRegistry.addMappers(MapperRegistry.java:105)
	at org.apache.ibatis.session.Configuration.addMappers(Configuration.java:724)
	at org.apache.ibatis.builder.xml.XMLConfigBuilder.mapperElement(XMLConfigBuilder.java:360)
	at org.apache.ibatis.builder.xml.XMLConfigBuilder.parseConfiguration(XMLConfigBuilder.java:118)
	at org.apache.ibatis.builder.xml.XMLConfigBuilder.parse(XMLConfigBuilder.java:98)
	at org.apache.ibatis.session.SqlSessionFactoryBuilder.build(SqlSessionFactoryBuilder.java:78)
	at org.apache.ibatis.session.SqlSessionFactoryBuilder.build(SqlSessionFactoryBuilder.java:64)
	at com.zl.utils.MyBatisUtils.getnewInstance(MyBatisUtils.java:28)
	at com.zl.test.sql.OrderDaoTest.before(OrderDaoTest.java:44)
	at sun.reflect.NativeMethodAccessorImpl.invoke0(Native Method)
	at sun.reflect.NativeMethodAccessorImpl.invoke(NativeMethodAccessorImpl.java:62)
	at sun.reflect.DelegatingMethodAccessorImpl.invoke(DelegatingMethodAccessorImpl.java:43)
	at java.lang.reflect.Method.invoke(Method.java:498)
	at org.junit.runners.model.FrameworkMethod$1.runReflectiveCall(FrameworkMethod.java:45)
	at org.junit.internal.runners.model.ReflectiveCallable.run(ReflectiveCallable.java:15)
	at org.junit.runners.model.FrameworkMethod.invokeExplosively(FrameworkMethod.java:42)
	at org.junit.internal.runners.statements.RunBefores.evaluate(RunBefores.java:27)
	at org.junit.runners.ParentRunner.runLeaf(ParentRunner.java:263)
	at org.junit.runners.BlockJUnit4ClassRunner.runChild(BlockJUnit4ClassRunner.java:68)
	at org.junit.runners.BlockJUnit4ClassRunner.runChild(BlockJUnit4ClassRunner.java:47)
	at org.junit.runners.ParentRunner$3.run(ParentRunner.java:231)
	at org.junit.runners.ParentRunner$1.schedule(ParentRunner.java:60)
	at org.junit.runners.ParentRunner.runChildren(ParentRunner.java:229)
	at org.junit.runners.ParentRunner.access$000(ParentRunner.java:50)
	at org.junit.runners.ParentRunner$2.evaluate(ParentRunner.java:222)
	at org.junit.runners.ParentRunner.run(ParentRunner.java:300)
	at org.apache.maven.surefire.junit4.JUnit4Provider.execute(JUnit4Provider.java:252)
	at org.apache.maven.surefire.junit4.JUnit4Provider.executeTestSet(JUnit4Provider.java:141)
	at org.apache.maven.surefire.junit4.JUnit4Provider.invoke(JUnit4Provider.java:112)
	at sun.reflect.NativeMethodAccessorImpl.invoke0(Native Method)
	at sun.reflect.NativeMethodAccessorImpl.invoke(NativeMethodAccessorImpl.java:62)
	at sun.reflect.DelegatingMethodAccessorImpl.invoke(DelegatingMethodAccessorImpl.java:43)
	at java.lang.reflect.Method.invoke(Method.java:498)
	at org.apache.maven.surefire.util.ReflectionUtils.invokeMethodWithArray(ReflectionUtils.java:189)
	at org.apache.maven.surefire.booter.ProviderFactory$ProviderProxy.invoke(ProviderFactory.java:165)
	at org.apache.maven.surefire.booter.ProviderFactory.invokeProvider(ProviderFactory.java:85)
	at org.apache.maven.surefire.booter.ForkedBooter.runSuitesInProcess(ForkedBooter.java:115)
	at org.apache.maven.surefire.booter.ForkedBooter.main(ForkedBooter.java:75)
</error>
    <system-out>11:39:20,815 DEBUG DefaultVFS:222 - Find JAR URL: file:/E:/develop/workSpaceSelf/exercise/target/classes/com/zl/mybatis/pojo
11:39:20,815 DEBUG DefaultVFS:248 - Not a JAR: file:/E:/develop/workSpaceSelf/exercise/target/classes/com/zl/mybatis/pojo
11:39:20,816 DEBUG DefaultVFS:102 - Reader entry: Items.class
11:39:20,816 DEBUG DefaultVFS:102 - Reader entry: Orderdetail.class
11:39:20,817 DEBUG DefaultVFS:102 - Reader entry: Orders.class
11:39:20,817 DEBUG DefaultVFS:102 - Reader entry: OrdersCustom.class
11:39:20,817 DEBUG DefaultVFS:102 - Reader entry: QueryVo.class
11:39:20,817 DEBUG DefaultVFS:102 - Reader entry: User.class
11:39:20,818 DEBUG DefaultVFS:102 - Reader entry: UserAnswerRecord.class
11:39:20,818 DEBUG DefaultVFS:102 - Reader entry: UserCustom.class
11:39:20,818 DEBUG DefaultVFS:113 - Listing file:/E:/develop/workSpaceSelf/exercise/target/classes/com/zl/mybatis/pojo
11:39:20,818 DEBUG DefaultVFS:222 - Find JAR URL: file:/E:/develop/workSpaceSelf/exercise/target/classes/com/zl/mybatis/pojo/Items.class
11:39:20,819 DEBUG DefaultVFS:248 - Not a JAR: file:/E:/develop/workSpaceSelf/exercise/target/classes/com/zl/mybatis/pojo/Items.class
11:39:20,819 DEBUG DefaultVFS:102 - Reader entry: 漱壕&amp;#0;&amp;#0;&amp;#0;4&amp;#0;k&amp;#7;&amp;#0;&amp;#2;&amp;#1;&amp;#0;&amp;#25;com/zl/mybatis/pojo/Items&amp;#7;&amp;#0;&amp;#4;&amp;#1;&amp;#0;&amp;#16;java/lang/Object&amp;#7;&amp;#0;&amp;#6;&amp;#1;&amp;#0;&amp;#20;java/io/Serializable&amp;#1;&amp;#0;&amp;#2;id&amp;#1;&amp;#0;&amp;#19;Ljava/lang/Integer;&amp;#1;&amp;#0;&amp;#4;name&amp;#1;&amp;#0;&amp;#18;Ljava/lang/String;&amp;#1;&amp;#0;&amp;#5;price&amp;#1;&amp;#0;&amp;#17;Ljava/lang/Float;&amp;#1;&amp;#0;&amp;#3;pic&amp;#1;&amp;#0;
11:39:20,819 DEBUG DefaultVFS:222 - Find JAR URL: file:/E:/develop/workSpaceSelf/exercise/target/classes/com/zl/mybatis/pojo/Orderdetail.class
11:39:20,819 DEBUG DefaultVFS:248 - Not a JAR: file:/E:/develop/workSpaceSelf/exercise/target/classes/com/zl/mybatis/pojo/Orderdetail.class
11:39:20,820 DEBUG DefaultVFS:102 - Reader entry: 漱壕&amp;#0;&amp;#0;&amp;#0;4&amp;#0;K&amp;#7;&amp;#0;&amp;#2;&amp;#1;&amp;#0;&amp;#31;com/zl/mybatis/pojo/Orderdetail&amp;#7;&amp;#0;&amp;#4;&amp;#1;&amp;#0;&amp;#16;java/lang/Object&amp;#7;&amp;#0;&amp;#6;&amp;#1;&amp;#0;&amp;#20;java/io/Serializable&amp;#1;&amp;#0;&amp;#2;id&amp;#1;&amp;#0;&amp;#19;Ljava/lang/Integer;&amp;#1;&amp;#0;&amp;#8;ordersId&amp;#1;&amp;#0;&amp;#7;itemsId&amp;#1;&amp;#0;&amp;#8;itemsNum&amp;#1;&amp;#0;&amp;#5;items&amp;#1;&amp;#0;&amp;#27;Lcom/zl/mybatis/pojo/Items;&amp;#1;&amp;#0;&amp;#6;&lt;init&gt;&amp;#1;&amp;#0;&amp;#3;()V&amp;#1;&amp;#0;&amp;#4;Code
11:39:20,820 DEBUG DefaultVFS:222 - Find JAR URL: file:/E:/develop/workSpaceSelf/exercise/target/classes/com/zl/mybatis/pojo/Orders.class
11:39:20,820 DEBUG DefaultVFS:248 - Not a JAR: file:/E:/develop/workSpaceSelf/exercise/target/classes/com/zl/mybatis/pojo/Orders.class
11:39:20,821 DEBUG DefaultVFS:102 - Reader entry: 漱壕&amp;#0;&amp;#0;&amp;#0;4&amp;#0;m&amp;#7;&amp;#0;&amp;#2;&amp;#1;&amp;#0;&amp;#26;com/zl/mybatis/pojo/Orders&amp;#7;&amp;#0;&amp;#4;&amp;#1;&amp;#0;&amp;#16;java/lang/Object&amp;#7;&amp;#0;&amp;#6;&amp;#1;&amp;#0;&amp;#20;java/io/Serializable&amp;#1;&amp;#0;&amp;#2;id&amp;#1;&amp;#0;&amp;#19;Ljava/lang/Integer;&amp;#1;&amp;#0;&amp;#6;userId&amp;#1;&amp;#0;&amp;#6;number&amp;#1;&amp;#0;&amp;#18;Ljava/lang/String;&amp;#1;&amp;#0;
11:39:20,821 DEBUG DefaultVFS:222 - Find JAR URL: file:/E:/develop/workSpaceSelf/exercise/target/classes/com/zl/mybatis/pojo/OrdersCustom.class
11:39:20,821 DEBUG DefaultVFS:248 - Not a JAR: file:/E:/develop/workSpaceSelf/exercise/target/classes/com/zl/mybatis/pojo/OrdersCustom.class
11:39:20,822 DEBUG DefaultVFS:102 - Reader entry: 漱壕&amp;#0;&amp;#0;&amp;#0;4&amp;#0;&amp;#29;&amp;#7;&amp;#0;&amp;#2;&amp;#1;&amp;#0; com/zl/mybatis/pojo/OrdersCustom&amp;#7;&amp;#0;&amp;#4;&amp;#1;&amp;#0;&amp;#26;com/zl/mybatis/pojo/Orders&amp;#1;&amp;#0;&amp;#8;username&amp;#1;&amp;#0;&amp;#18;Ljava/lang/String;&amp;#1;&amp;#0;&amp;#7;address&amp;#1;&amp;#0;&amp;#6;&lt;init&gt;&amp;#1;&amp;#0;&amp;#3;()V&amp;#1;&amp;#0;&amp;#4;Code
11:39:20,822 DEBUG DefaultVFS:222 - Find JAR URL: file:/E:/develop/workSpaceSelf/exercise/target/classes/com/zl/mybatis/pojo/QueryVo.class
11:39:20,822 DEBUG DefaultVFS:248 - Not a JAR: file:/E:/develop/workSpaceSelf/exercise/target/classes/com/zl/mybatis/pojo/QueryVo.class
11:39:20,822 DEBUG DefaultVFS:102 - Reader entry: 漱壕&amp;#0;&amp;#0;&amp;#0;4&amp;#0; &amp;#7;&amp;#0;&amp;#2;&amp;#1;&amp;#0;&amp;#27;com/zl/mybatis/pojo/QueryVo&amp;#7;&amp;#0;&amp;#4;&amp;#1;&amp;#0;&amp;#16;java/lang/Object&amp;#1;&amp;#0;&amp;#4;user&amp;#1;&amp;#0;&amp;#26;Lcom/zl/mybatis/pojo/User;&amp;#1;&amp;#0;
11:39:20,823 DEBUG DefaultVFS:222 - Find JAR URL: file:/E:/develop/workSpaceSelf/exercise/target/classes/com/zl/mybatis/pojo/User.class
11:39:20,823 DEBUG DefaultVFS:248 - Not a JAR: file:/E:/develop/workSpaceSelf/exercise/target/classes/com/zl/mybatis/pojo/User.class
11:39:20,823 DEBUG DefaultVFS:102 - Reader entry: 漱壕&amp;#0;&amp;#0;&amp;#0;4&amp;#0;U&amp;#7;&amp;#0;&amp;#2;&amp;#1;&amp;#0;&amp;#24;com/zl/mybatis/pojo/User&amp;#7;&amp;#0;&amp;#4;&amp;#1;&amp;#0;&amp;#16;java/lang/Object&amp;#7;&amp;#0;&amp;#6;&amp;#1;&amp;#0;&amp;#20;java/io/Serializable&amp;#1;&amp;#0;&amp;#2;id&amp;#1;&amp;#0;&amp;#1;I&amp;#1;&amp;#0;&amp;#8;username&amp;#1;&amp;#0;&amp;#18;Ljava/lang/String;&amp;#1;&amp;#0;&amp;#3;sex&amp;#1;&amp;#0;&amp;#8;birthday&amp;#1;&amp;#0;&amp;#16;Ljava/util/Date;&amp;#1;&amp;#0;&amp;#7;address&amp;#1;&amp;#0;&amp;#6;orders&amp;#1;&amp;#0;&amp;#16;Ljava/util/List;&amp;#1;&amp;#0;	Signature&amp;#1;&amp;#0;.Ljava/util/List&lt;Lcom/zl/mybatis/pojo/Orders;&gt;;&amp;#1;&amp;#0;&amp;#6;&lt;init&gt;&amp;#1;&amp;#0;&amp;#3;()V&amp;#1;&amp;#0;&amp;#4;Code
11:39:20,823 DEBUG DefaultVFS:222 - Find JAR URL: file:/E:/develop/workSpaceSelf/exercise/target/classes/com/zl/mybatis/pojo/UserAnswerRecord.class
11:39:20,823 DEBUG DefaultVFS:248 - Not a JAR: file:/E:/develop/workSpaceSelf/exercise/target/classes/com/zl/mybatis/pojo/UserAnswerRecord.class
11:39:20,824 DEBUG DefaultVFS:102 - Reader entry: 漱壕&amp;#0;&amp;#0;&amp;#0;4&amp;#0;?&amp;#7;&amp;#0;&amp;#2;&amp;#1;&amp;#0;$com/zl/mybatis/pojo/UserAnswerRecord&amp;#7;&amp;#0;&amp;#4;&amp;#1;&amp;#0;&amp;#16;java/lang/Object&amp;#1;&amp;#0;&amp;#2;id&amp;#1;&amp;#0;&amp;#18;Ljava/lang/String;&amp;#1;&amp;#0;&amp;#7;eventid&amp;#1;&amp;#0;
11:39:20,824 DEBUG DefaultVFS:222 - Find JAR URL: file:/E:/develop/workSpaceSelf/exercise/target/classes/com/zl/mybatis/pojo/UserCustom.class
11:39:20,824 DEBUG DefaultVFS:248 - Not a JAR: file:/E:/develop/workSpaceSelf/exercise/target/classes/com/zl/mybatis/pojo/UserCustom.class
11:39:20,825 DEBUG DefaultVFS:102 - Reader entry: 漱壕&amp;#0;&amp;#0;&amp;#0;4&amp;#0;&amp;#19;&amp;#7;&amp;#0;&amp;#2;&amp;#1;&amp;#0;&amp;#30;com/zl/mybatis/pojo/UserCustom&amp;#7;&amp;#0;&amp;#4;&amp;#1;&amp;#0;&amp;#24;com/zl/mybatis/pojo/User&amp;#1;&amp;#0;&amp;#14;birthday_start&amp;#1;&amp;#0;&amp;#16;Ljava/util/Date;&amp;#1;&amp;#0;&amp;#12;birthday_end&amp;#1;&amp;#0;&amp;#6;&lt;init&gt;&amp;#1;&amp;#0;&amp;#3;()V&amp;#1;&amp;#0;&amp;#4;Code
11:39:20,825 DEBUG ResolverUtil:256 - Checking to see if class com.zl.mybatis.pojo.Items matches criteria [is assignable to Object]
11:39:20,825 DEBUG ResolverUtil:256 - Checking to see if class com.zl.mybatis.pojo.Orderdetail matches criteria [is assignable to Object]
11:39:20,825 DEBUG ResolverUtil:256 - Checking to see if class com.zl.mybatis.pojo.Orders matches criteria [is assignable to Object]
11:39:20,825 DEBUG ResolverUtil:256 - Checking to see if class com.zl.mybatis.pojo.OrdersCustom matches criteria [is assignable to Object]
11:39:20,825 DEBUG ResolverUtil:256 - Checking to see if class com.zl.mybatis.pojo.QueryVo matches criteria [is assignable to Object]
11:39:20,826 DEBUG ResolverUtil:256 - Checking to see if class com.zl.mybatis.pojo.User matches criteria [is assignable to Object]
11:39:20,826 DEBUG ResolverUtil:256 - Checking to see if class com.zl.mybatis.pojo.UserAnswerRecord matches criteria [is assignable to Object]
11:39:20,826 DEBUG ResolverUtil:256 - Checking to see if class com.zl.mybatis.pojo.UserCustom matches criteria [is assignable to Object]
11:39:20,827 DEBUG LogFactory:135 - Logging initialized using &apos;class org.apache.ibatis.logging.log4j.Log4jImpl&apos; adapter.
11:39:20,828 DEBUG PooledDataSource:316 - PooledDataSource forcefully closed/removed all connections.
11:39:20,828 DEBUG PooledDataSource:316 - PooledDataSource forcefully closed/removed all connections.
11:39:20,828 DEBUG PooledDataSource:316 - PooledDataSource forcefully closed/removed all connections.
11:39:20,828 DEBUG PooledDataSource:316 - PooledDataSource forcefully closed/removed all connections.
11:39:20,829 DEBUG DefaultVFS:222 - Find JAR URL: file:/E:/develop/workSpaceSelf/exercise/target/classes/com/zl/mybatis/dao
11:39:20,830 DEBUG DefaultVFS:248 - Not a JAR: file:/E:/develop/workSpaceSelf/exercise/target/classes/com/zl/mybatis/dao
11:39:20,830 DEBUG DefaultVFS:102 - Reader entry: OrderMapper.class
11:39:20,831 DEBUG DefaultVFS:102 - Reader entry: OrderMapper.xml
11:39:20,831 DEBUG DefaultVFS:102 - Reader entry: OrderResultTypeMapper.class
11:39:20,832 DEBUG DefaultVFS:102 - Reader entry: OrderResultTypeMapper.xml
11:39:20,832 DEBUG DefaultVFS:102 - Reader entry: PromotionMapper.class
11:39:20,832 DEBUG DefaultVFS:102 - Reader entry: PromotionMapper.xml
11:39:20,833 DEBUG DefaultVFS:102 - Reader entry: UserAnswerRecordMapper.class
11:39:20,833 DEBUG DefaultVFS:102 - Reader entry: UserAnswerRecordMapper.xml
11:39:20,833 DEBUG DefaultVFS:102 - Reader entry: UserMapper.class
11:39:20,834 DEBUG DefaultVFS:102 - Reader entry: UserMapper.xml
11:39:20,834 DEBUG DefaultVFS:113 - Listing file:/E:/develop/workSpaceSelf/exercise/target/classes/com/zl/mybatis/dao
11:39:20,834 DEBUG DefaultVFS:222 - Find JAR URL: file:/E:/develop/workSpaceSelf/exercise/target/classes/com/zl/mybatis/dao/OrderMapper.class
11:39:20,835 DEBUG DefaultVFS:248 - Not a JAR: file:/E:/develop/workSpaceSelf/exercise/target/classes/com/zl/mybatis/dao/OrderMapper.class
11:39:20,835 DEBUG DefaultVFS:102 - Reader entry: 漱壕&amp;#0;&amp;#0;&amp;#0;4&amp;#0;&amp;#17;&amp;#7;&amp;#0;&amp;#2;&amp;#1;&amp;#0;&amp;#30;com/zl/mybatis/dao/OrderMapper&amp;#7;&amp;#0;&amp;#4;&amp;#1;&amp;#0;&amp;#16;java/lang/Object&amp;#1;&amp;#0;&amp;#22;findOrderListResultMap&amp;#1;&amp;#0;&amp;#18;()Ljava/util/List;&amp;#1;&amp;#0;
11:39:20,836 DEBUG DefaultVFS:222 - Find JAR URL: file:/E:/develop/workSpaceSelf/exercise/target/classes/com/zl/mybatis/dao/OrderMapper.xml
11:39:20,836 DEBUG DefaultVFS:248 - Not a JAR: file:/E:/develop/workSpaceSelf/exercise/target/classes/com/zl/mybatis/dao/OrderMapper.xml
11:39:20,836 DEBUG DefaultVFS:102 - Reader entry: &lt;?xml version=&quot;1.0&quot; encoding=&quot;UTF-8&quot;?&gt;
11:39:20,837 DEBUG DefaultVFS:222 - Find JAR URL: file:/E:/develop/workSpaceSelf/exercise/target/classes/com/zl/mybatis/dao/OrderResultTypeMapper.class
11:39:20,837 DEBUG DefaultVFS:248 - Not a JAR: file:/E:/develop/workSpaceSelf/exercise/target/classes/com/zl/mybatis/dao/OrderResultTypeMapper.class
11:39:20,837 DEBUG DefaultVFS:102 - Reader entry: 漱壕&amp;#0;&amp;#0;&amp;#0;4&amp;#0;&amp;#14;&amp;#7;&amp;#0;&amp;#2;&amp;#1;&amp;#0;(com/zl/mybatis/dao/OrderResultTypeMapper&amp;#7;&amp;#0;&amp;#4;&amp;#1;&amp;#0;&amp;#16;java/lang/Object&amp;#1;&amp;#0;&amp;#23;findOrderListResultType&amp;#1;&amp;#0;&amp;#18;()Ljava/util/List;&amp;#1;&amp;#0;
11:39:20,838 DEBUG DefaultVFS:222 - Find JAR URL: file:/E:/develop/workSpaceSelf/exercise/target/classes/com/zl/mybatis/dao/OrderResultTypeMapper.xml
11:39:20,838 DEBUG DefaultVFS:248 - Not a JAR: file:/E:/develop/workSpaceSelf/exercise/target/classes/com/zl/mybatis/dao/OrderResultTypeMapper.xml
11:39:20,839 DEBUG DefaultVFS:102 - Reader entry: &lt;?xml version=&quot;1.0&quot; encoding=&quot;UTF-8&quot;?&gt;
11:39:20,839 DEBUG DefaultVFS:222 - Find JAR URL: file:/E:/develop/workSpaceSelf/exercise/target/classes/com/zl/mybatis/dao/PromotionMapper.class
11:39:20,839 DEBUG DefaultVFS:248 - Not a JAR: file:/E:/develop/workSpaceSelf/exercise/target/classes/com/zl/mybatis/dao/PromotionMapper.class
11:39:20,840 DEBUG DefaultVFS:102 - Reader entry: 漱壕&amp;#0;&amp;#0;&amp;#0;4&amp;#0;&amp;#19;&amp;#7;&amp;#0;&amp;#2;&amp;#1;&amp;#0;&quot;com/zl/mybatis/dao/PromotionMapper&amp;#7;&amp;#0;&amp;#4;&amp;#1;&amp;#0;&amp;#16;java/lang/Object&amp;#1;&amp;#0;
11:39:20,840 DEBUG DefaultVFS:222 - Find JAR URL: file:/E:/develop/workSpaceSelf/exercise/target/classes/com/zl/mybatis/dao/PromotionMapper.xml
11:39:20,840 DEBUG DefaultVFS:248 - Not a JAR: file:/E:/develop/workSpaceSelf/exercise/target/classes/com/zl/mybatis/dao/PromotionMapper.xml
11:39:20,841 DEBUG DefaultVFS:102 - Reader entry: &lt;?xml version=&quot;1.0&quot; encoding=&quot;UTF-8&quot;?&gt;
11:39:20,841 DEBUG DefaultVFS:222 - Find JAR URL: file:/E:/develop/workSpaceSelf/exercise/target/classes/com/zl/mybatis/dao/UserAnswerRecordMapper.class
11:39:20,841 DEBUG DefaultVFS:248 - Not a JAR: file:/E:/develop/workSpaceSelf/exercise/target/classes/com/zl/mybatis/dao/UserAnswerRecordMapper.class
11:39:20,842 DEBUG DefaultVFS:102 - Reader entry: 漱壕&amp;#0;&amp;#0;&amp;#0;4&amp;#0;&amp;#20;&amp;#7;&amp;#0;&amp;#2;&amp;#1;&amp;#0;)com/zl/mybatis/dao/UserAnswerRecordMapper&amp;#7;&amp;#0;&amp;#4;&amp;#1;&amp;#0;&amp;#16;java/lang/Object&amp;#1;&amp;#0;&amp;#23;getUserAnswerRecordList&amp;#1;&amp;#0;;(Lcom/zl/mybatis/entity/UserAnswerQueryVo;)Ljava/util/List;&amp;#1;&amp;#0;	Signature&amp;#1;&amp;#0;c(Lcom/zl/mybatis/entity/UserAnswerQueryVo;)Ljava/util/List&lt;Lcom/zl/mybatis/pojo/UserAnswerRecord;&gt;;&amp;#1;&amp;#0;&amp;#22;delAnswerEvertRuleById&amp;#1;&amp;#0;&amp;#21;(Ljava/lang/String;)I&amp;#1;&amp;#0;&amp;#25;selectAnswerEvertRuleById&amp;#1;&amp;#0;$(Ljava/lang/String;)Ljava/util/List;&amp;#1;&amp;#0;9(Ljava/lang/String;)Ljava/util/List&lt;Ljava/lang/Integer;&gt;;&amp;#1;&amp;#0;&amp;#23;delAnswerEventConfnById&amp;#1;&amp;#0;&amp;#24;getUserAnswerRecordList1&amp;#1;&amp;#0;&amp;#15;insertRdoEnitiy&amp;#1;&amp;#0;&apos;(Lcom/zl/mybatis/entity/RdoOrderInfo;)V&amp;#1;&amp;#0;
11:39:20,843 DEBUG DefaultVFS:222 - Find JAR URL: file:/E:/develop/workSpaceSelf/exercise/target/classes/com/zl/mybatis/dao/UserAnswerRecordMapper.xml
11:39:20,843 DEBUG DefaultVFS:248 - Not a JAR: file:/E:/develop/workSpaceSelf/exercise/target/classes/com/zl/mybatis/dao/UserAnswerRecordMapper.xml
11:39:20,843 DEBUG DefaultVFS:102 - Reader entry: &lt;?xml version=&quot;1.0&quot; encoding=&quot;UTF-8&quot;?&gt;
11:39:20,844 DEBUG DefaultVFS:222 - Find JAR URL: file:/E:/develop/workSpaceSelf/exercise/target/classes/com/zl/mybatis/dao/UserMapper.class
11:39:20,844 DEBUG DefaultVFS:248 - Not a JAR: file:/E:/develop/workSpaceSelf/exercise/target/classes/com/zl/mybatis/dao/UserMapper.class
11:39:20,845 DEBUG DefaultVFS:102 - Reader entry: 漱壕&amp;#0;&amp;#0;&amp;#0;4&amp;#0; &amp;#7;&amp;#0;&amp;#2;&amp;#1;&amp;#0;&amp;#29;com/zl/mybatis/dao/UserMapper&amp;#7;&amp;#0;&amp;#4;&amp;#1;&amp;#0;&amp;#16;java/lang/Object&amp;#1;&amp;#0;&amp;#11;getUserById&amp;#1;&amp;#0;&amp;#29;(I)Lcom/zl/mybatis/pojo/User;&amp;#1;&amp;#0;
11:39:20,845 DEBUG DefaultVFS:222 - Find JAR URL: file:/E:/develop/workSpaceSelf/exercise/target/classes/com/zl/mybatis/dao/UserMapper.xml
11:39:20,845 DEBUG DefaultVFS:248 - Not a JAR: file:/E:/develop/workSpaceSelf/exercise/target/classes/com/zl/mybatis/dao/UserMapper.xml
11:39:20,846 DEBUG DefaultVFS:102 - Reader entry: &lt;?xml version=&quot;1.0&quot; encoding=&quot;UTF-8&quot;?&gt;
11:39:20,846 DEBUG ResolverUtil:256 - Checking to see if class com.zl.mybatis.dao.OrderMapper matches criteria [is assignable to Object]
11:39:20,847 DEBUG ResolverUtil:256 - Checking to see if class com.zl.mybatis.dao.OrderResultTypeMapper matches criteria [is assignable to Object]
11:39:20,847 DEBUG ResolverUtil:256 - Checking to see if class com.zl.mybatis.dao.PromotionMapper matches criteria [is assignable to Object]
11:39:20,847 DEBUG ResolverUtil:256 - Checking to see if class com.zl.mybatis.dao.UserAnswerRecordMapper matches criteria [is assignable to Object]
11:39:20,847 DEBUG ResolverUtil:256 - Checking to see if class com.zl.mybatis.dao.UserMapper matches criteria [is assignable to Object]
</system-out>
  </testcase>
  <testcase classname="com.zl.test.sql.OrderDaoTest" name="test3" time="0.049">
    <error message="Could not initialize class org.mybatis.caches.ehcache.EhcacheCache" type="java.lang.NoClassDefFoundError">java.lang.NoClassDefFoundError: Could not initialize class org.mybatis.caches.ehcache.EhcacheCache
	at java.lang.Class.forName0(Native Method)
	at java.lang.Class.forName(Class.java:348)
	at org.apache.ibatis.io.ClassLoaderWrapper.classForName(ClassLoaderWrapper.java:186)
	at org.apache.ibatis.io.ClassLoaderWrapper.classForName(ClassLoaderWrapper.java:89)
	at org.apache.ibatis.io.Resources.classForName(Resources.java:261)
	at org.apache.ibatis.type.TypeAliasRegistry.resolveAlias(TypeAliasRegistry.java:116)
	at org.apache.ibatis.builder.xml.XMLMapperBuilder.cacheElement(XMLMapperBuilder.java:202)
	at org.apache.ibatis.builder.xml.XMLMapperBuilder.configurationElement(XMLMapperBuilder.java:114)
	at org.apache.ibatis.builder.xml.XMLMapperBuilder.parse(XMLMapperBuilder.java:92)
	at org.apache.ibatis.builder.annotation.MapperAnnotationBuilder.loadXmlResource(MapperAnnotationBuilder.java:173)
	at org.apache.ibatis.builder.annotation.MapperAnnotationBuilder.parse(MapperAnnotationBuilder.java:124)
	at org.apache.ibatis.binding.MapperRegistry.addMapper(MapperRegistry.java:72)
	at org.apache.ibatis.binding.MapperRegistry.addMappers(MapperRegistry.java:97)
	at org.apache.ibatis.binding.MapperRegistry.addMappers(MapperRegistry.java:105)
	at org.apache.ibatis.session.Configuration.addMappers(Configuration.java:724)
	at org.apache.ibatis.builder.xml.XMLConfigBuilder.mapperElement(XMLConfigBuilder.java:360)
	at org.apache.ibatis.builder.xml.XMLConfigBuilder.parseConfiguration(XMLConfigBuilder.java:118)
	at org.apache.ibatis.builder.xml.XMLConfigBuilder.parse(XMLConfigBuilder.java:98)
	at org.apache.ibatis.session.SqlSessionFactoryBuilder.build(SqlSessionFactoryBuilder.java:78)
	at org.apache.ibatis.session.SqlSessionFactoryBuilder.build(SqlSessionFactoryBuilder.java:64)
	at com.zl.utils.MyBatisUtils.getnewInstance(MyBatisUtils.java:28)
	at com.zl.test.sql.OrderDaoTest.before(OrderDaoTest.java:44)
	at sun.reflect.NativeMethodAccessorImpl.invoke0(Native Method)
	at sun.reflect.NativeMethodAccessorImpl.invoke(NativeMethodAccessorImpl.java:62)
	at sun.reflect.DelegatingMethodAccessorImpl.invoke(DelegatingMethodAccessorImpl.java:43)
	at java.lang.reflect.Method.invoke(Method.java:498)
	at org.junit.runners.model.FrameworkMethod$1.runReflectiveCall(FrameworkMethod.java:45)
	at org.junit.internal.runners.model.ReflectiveCallable.run(ReflectiveCallable.java:15)
	at org.junit.runners.model.FrameworkMethod.invokeExplosively(FrameworkMethod.java:42)
	at org.junit.internal.runners.statements.RunBefores.evaluate(RunBefores.java:27)
	at org.junit.runners.ParentRunner.runLeaf(ParentRunner.java:263)
	at org.junit.runners.BlockJUnit4ClassRunner.runChild(BlockJUnit4ClassRunner.java:68)
	at org.junit.runners.BlockJUnit4ClassRunner.runChild(BlockJUnit4ClassRunner.java:47)
	at org.junit.runners.ParentRunner$3.run(ParentRunner.java:231)
	at org.junit.runners.ParentRunner$1.schedule(ParentRunner.java:60)
	at org.junit.runners.ParentRunner.runChildren(ParentRunner.java:229)
	at org.junit.runners.ParentRunner.access$000(ParentRunner.java:50)
	at org.junit.runners.ParentRunner$2.evaluate(ParentRunner.java:222)
	at org.junit.runners.ParentRunner.run(ParentRunner.java:300)
	at org.apache.maven.surefire.junit4.JUnit4Provider.execute(JUnit4Provider.java:252)
	at org.apache.maven.surefire.junit4.JUnit4Provider.executeTestSet(JUnit4Provider.java:141)
	at org.apache.maven.surefire.junit4.JUnit4Provider.invoke(JUnit4Provider.java:112)
	at sun.reflect.NativeMethodAccessorImpl.invoke0(Native Method)
	at sun.reflect.NativeMethodAccessorImpl.invoke(NativeMethodAccessorImpl.java:62)
	at sun.reflect.DelegatingMethodAccessorImpl.invoke(DelegatingMethodAccessorImpl.java:43)
	at java.lang.reflect.Method.invoke(Method.java:498)
	at org.apache.maven.surefire.util.ReflectionUtils.invokeMethodWithArray(ReflectionUtils.java:189)
	at org.apache.maven.surefire.booter.ProviderFactory$ProviderProxy.invoke(ProviderFactory.java:165)
	at org.apache.maven.surefire.booter.ProviderFactory.invokeProvider(ProviderFactory.java:85)
	at org.apache.maven.surefire.booter.ForkedBooter.runSuitesInProcess(ForkedBooter.java:115)
	at org.apache.maven.surefire.booter.ForkedBooter.main(ForkedBooter.java:75)
</error>
    <system-out>11:39:20,876 DEBUG DefaultVFS:222 - Find JAR URL: file:/E:/develop/workSpaceSelf/exercise/target/classes/com/zl/mybatis/pojo
11:39:20,876 DEBUG DefaultVFS:248 - Not a JAR: file:/E:/develop/workSpaceSelf/exercise/target/classes/com/zl/mybatis/pojo
11:39:20,877 DEBUG DefaultVFS:102 - Reader entry: Items.class
11:39:20,877 DEBUG DefaultVFS:102 - Reader entry: Orderdetail.class
11:39:20,878 DEBUG DefaultVFS:102 - Reader entry: Orders.class
11:39:20,878 DEBUG DefaultVFS:102 - Reader entry: OrdersCustom.class
11:39:20,878 DEBUG DefaultVFS:102 - Reader entry: QueryVo.class
11:39:20,878 DEBUG DefaultVFS:102 - Reader entry: User.class
11:39:20,879 DEBUG DefaultVFS:102 - Reader entry: UserAnswerRecord.class
11:39:20,879 DEBUG DefaultVFS:102 - Reader entry: UserCustom.class
11:39:20,879 DEBUG DefaultVFS:113 - Listing file:/E:/develop/workSpaceSelf/exercise/target/classes/com/zl/mybatis/pojo
11:39:20,879 DEBUG DefaultVFS:222 - Find JAR URL: file:/E:/develop/workSpaceSelf/exercise/target/classes/com/zl/mybatis/pojo/Items.class
11:39:20,879 DEBUG DefaultVFS:248 - Not a JAR: file:/E:/develop/workSpaceSelf/exercise/target/classes/com/zl/mybatis/pojo/Items.class
11:39:20,880 DEBUG DefaultVFS:102 - Reader entry: 漱壕&amp;#0;&amp;#0;&amp;#0;4&amp;#0;k&amp;#7;&amp;#0;&amp;#2;&amp;#1;&amp;#0;&amp;#25;com/zl/mybatis/pojo/Items&amp;#7;&amp;#0;&amp;#4;&amp;#1;&amp;#0;&amp;#16;java/lang/Object&amp;#7;&amp;#0;&amp;#6;&amp;#1;&amp;#0;&amp;#20;java/io/Serializable&amp;#1;&amp;#0;&amp;#2;id&amp;#1;&amp;#0;&amp;#19;Ljava/lang/Integer;&amp;#1;&amp;#0;&amp;#4;name&amp;#1;&amp;#0;&amp;#18;Ljava/lang/String;&amp;#1;&amp;#0;&amp;#5;price&amp;#1;&amp;#0;&amp;#17;Ljava/lang/Float;&amp;#1;&amp;#0;&amp;#3;pic&amp;#1;&amp;#0;
11:39:20,880 DEBUG DefaultVFS:222 - Find JAR URL: file:/E:/develop/workSpaceSelf/exercise/target/classes/com/zl/mybatis/pojo/Orderdetail.class
11:39:20,880 DEBUG DefaultVFS:248 - Not a JAR: file:/E:/develop/workSpaceSelf/exercise/target/classes/com/zl/mybatis/pojo/Orderdetail.class
11:39:20,881 DEBUG DefaultVFS:102 - Reader entry: 漱壕&amp;#0;&amp;#0;&amp;#0;4&amp;#0;K&amp;#7;&amp;#0;&amp;#2;&amp;#1;&amp;#0;&amp;#31;com/zl/mybatis/pojo/Orderdetail&amp;#7;&amp;#0;&amp;#4;&amp;#1;&amp;#0;&amp;#16;java/lang/Object&amp;#7;&amp;#0;&amp;#6;&amp;#1;&amp;#0;&amp;#20;java/io/Serializable&amp;#1;&amp;#0;&amp;#2;id&amp;#1;&amp;#0;&amp;#19;Ljava/lang/Integer;&amp;#1;&amp;#0;&amp;#8;ordersId&amp;#1;&amp;#0;&amp;#7;itemsId&amp;#1;&amp;#0;&amp;#8;itemsNum&amp;#1;&amp;#0;&amp;#5;items&amp;#1;&amp;#0;&amp;#27;Lcom/zl/mybatis/pojo/Items;&amp;#1;&amp;#0;&amp;#6;&lt;init&gt;&amp;#1;&amp;#0;&amp;#3;()V&amp;#1;&amp;#0;&amp;#4;Code
11:39:20,881 DEBUG DefaultVFS:222 - Find JAR URL: file:/E:/develop/workSpaceSelf/exercise/target/classes/com/zl/mybatis/pojo/Orders.class
11:39:20,881 DEBUG DefaultVFS:248 - Not a JAR: file:/E:/develop/workSpaceSelf/exercise/target/classes/com/zl/mybatis/pojo/Orders.class
11:39:20,881 DEBUG DefaultVFS:102 - Reader entry: 漱壕&amp;#0;&amp;#0;&amp;#0;4&amp;#0;m&amp;#7;&amp;#0;&amp;#2;&amp;#1;&amp;#0;&amp;#26;com/zl/mybatis/pojo/Orders&amp;#7;&amp;#0;&amp;#4;&amp;#1;&amp;#0;&amp;#16;java/lang/Object&amp;#7;&amp;#0;&amp;#6;&amp;#1;&amp;#0;&amp;#20;java/io/Serializable&amp;#1;&amp;#0;&amp;#2;id&amp;#1;&amp;#0;&amp;#19;Ljava/lang/Integer;&amp;#1;&amp;#0;&amp;#6;userId&amp;#1;&amp;#0;&amp;#6;number&amp;#1;&amp;#0;&amp;#18;Ljava/lang/String;&amp;#1;&amp;#0;
11:39:20,882 DEBUG DefaultVFS:222 - Find JAR URL: file:/E:/develop/workSpaceSelf/exercise/target/classes/com/zl/mybatis/pojo/OrdersCustom.class
11:39:20,882 DEBUG DefaultVFS:248 - Not a JAR: file:/E:/develop/workSpaceSelf/exercise/target/classes/com/zl/mybatis/pojo/OrdersCustom.class
11:39:20,882 DEBUG DefaultVFS:102 - Reader entry: 漱壕&amp;#0;&amp;#0;&amp;#0;4&amp;#0;&amp;#29;&amp;#7;&amp;#0;&amp;#2;&amp;#1;&amp;#0; com/zl/mybatis/pojo/OrdersCustom&amp;#7;&amp;#0;&amp;#4;&amp;#1;&amp;#0;&amp;#26;com/zl/mybatis/pojo/Orders&amp;#1;&amp;#0;&amp;#8;username&amp;#1;&amp;#0;&amp;#18;Ljava/lang/String;&amp;#1;&amp;#0;&amp;#7;address&amp;#1;&amp;#0;&amp;#6;&lt;init&gt;&amp;#1;&amp;#0;&amp;#3;()V&amp;#1;&amp;#0;&amp;#4;Code
11:39:20,882 DEBUG DefaultVFS:222 - Find JAR URL: file:/E:/develop/workSpaceSelf/exercise/target/classes/com/zl/mybatis/pojo/QueryVo.class
11:39:20,883 DEBUG DefaultVFS:248 - Not a JAR: file:/E:/develop/workSpaceSelf/exercise/target/classes/com/zl/mybatis/pojo/QueryVo.class
11:39:20,883 DEBUG DefaultVFS:102 - Reader entry: 漱壕&amp;#0;&amp;#0;&amp;#0;4&amp;#0; &amp;#7;&amp;#0;&amp;#2;&amp;#1;&amp;#0;&amp;#27;com/zl/mybatis/pojo/QueryVo&amp;#7;&amp;#0;&amp;#4;&amp;#1;&amp;#0;&amp;#16;java/lang/Object&amp;#1;&amp;#0;&amp;#4;user&amp;#1;&amp;#0;&amp;#26;Lcom/zl/mybatis/pojo/User;&amp;#1;&amp;#0;
11:39:20,883 DEBUG DefaultVFS:222 - Find JAR URL: file:/E:/develop/workSpaceSelf/exercise/target/classes/com/zl/mybatis/pojo/User.class
11:39:20,884 DEBUG DefaultVFS:248 - Not a JAR: file:/E:/develop/workSpaceSelf/exercise/target/classes/com/zl/mybatis/pojo/User.class
11:39:20,884 DEBUG DefaultVFS:102 - Reader entry: 漱壕&amp;#0;&amp;#0;&amp;#0;4&amp;#0;U&amp;#7;&amp;#0;&amp;#2;&amp;#1;&amp;#0;&amp;#24;com/zl/mybatis/pojo/User&amp;#7;&amp;#0;&amp;#4;&amp;#1;&amp;#0;&amp;#16;java/lang/Object&amp;#7;&amp;#0;&amp;#6;&amp;#1;&amp;#0;&amp;#20;java/io/Serializable&amp;#1;&amp;#0;&amp;#2;id&amp;#1;&amp;#0;&amp;#1;I&amp;#1;&amp;#0;&amp;#8;username&amp;#1;&amp;#0;&amp;#18;Ljava/lang/String;&amp;#1;&amp;#0;&amp;#3;sex&amp;#1;&amp;#0;&amp;#8;birthday&amp;#1;&amp;#0;&amp;#16;Ljava/util/Date;&amp;#1;&amp;#0;&amp;#7;address&amp;#1;&amp;#0;&amp;#6;orders&amp;#1;&amp;#0;&amp;#16;Ljava/util/List;&amp;#1;&amp;#0;	Signature&amp;#1;&amp;#0;.Ljava/util/List&lt;Lcom/zl/mybatis/pojo/Orders;&gt;;&amp;#1;&amp;#0;&amp;#6;&lt;init&gt;&amp;#1;&amp;#0;&amp;#3;()V&amp;#1;&amp;#0;&amp;#4;Code
11:39:20,884 DEBUG DefaultVFS:222 - Find JAR URL: file:/E:/develop/workSpaceSelf/exercise/target/classes/com/zl/mybatis/pojo/UserAnswerRecord.class
11:39:20,885 DEBUG DefaultVFS:248 - Not a JAR: file:/E:/develop/workSpaceSelf/exercise/target/classes/com/zl/mybatis/pojo/UserAnswerRecord.class
11:39:20,885 DEBUG DefaultVFS:102 - Reader entry: 漱壕&amp;#0;&amp;#0;&amp;#0;4&amp;#0;?&amp;#7;&amp;#0;&amp;#2;&amp;#1;&amp;#0;$com/zl/mybatis/pojo/UserAnswerRecord&amp;#7;&amp;#0;&amp;#4;&amp;#1;&amp;#0;&amp;#16;java/lang/Object&amp;#1;&amp;#0;&amp;#2;id&amp;#1;&amp;#0;&amp;#18;Ljava/lang/String;&amp;#1;&amp;#0;&amp;#7;eventid&amp;#1;&amp;#0;
11:39:20,885 DEBUG DefaultVFS:222 - Find JAR URL: file:/E:/develop/workSpaceSelf/exercise/target/classes/com/zl/mybatis/pojo/UserCustom.class
11:39:20,885 DEBUG DefaultVFS:248 - Not a JAR: file:/E:/develop/workSpaceSelf/exercise/target/classes/com/zl/mybatis/pojo/UserCustom.class
11:39:20,886 DEBUG DefaultVFS:102 - Reader entry: 漱壕&amp;#0;&amp;#0;&amp;#0;4&amp;#0;&amp;#19;&amp;#7;&amp;#0;&amp;#2;&amp;#1;&amp;#0;&amp;#30;com/zl/mybatis/pojo/UserCustom&amp;#7;&amp;#0;&amp;#4;&amp;#1;&amp;#0;&amp;#24;com/zl/mybatis/pojo/User&amp;#1;&amp;#0;&amp;#14;birthday_start&amp;#1;&amp;#0;&amp;#16;Ljava/util/Date;&amp;#1;&amp;#0;&amp;#12;birthday_end&amp;#1;&amp;#0;&amp;#6;&lt;init&gt;&amp;#1;&amp;#0;&amp;#3;()V&amp;#1;&amp;#0;&amp;#4;Code
11:39:20,886 DEBUG ResolverUtil:256 - Checking to see if class com.zl.mybatis.pojo.Items matches criteria [is assignable to Object]
11:39:20,886 DEBUG ResolverUtil:256 - Checking to see if class com.zl.mybatis.pojo.Orderdetail matches criteria [is assignable to Object]
11:39:20,886 DEBUG ResolverUtil:256 - Checking to see if class com.zl.mybatis.pojo.Orders matches criteria [is assignable to Object]
11:39:20,886 DEBUG ResolverUtil:256 - Checking to see if class com.zl.mybatis.pojo.OrdersCustom matches criteria [is assignable to Object]
11:39:20,887 DEBUG ResolverUtil:256 - Checking to see if class com.zl.mybatis.pojo.QueryVo matches criteria [is assignable to Object]
11:39:20,887 DEBUG ResolverUtil:256 - Checking to see if class com.zl.mybatis.pojo.User matches criteria [is assignable to Object]
11:39:20,887 DEBUG ResolverUtil:256 - Checking to see if class com.zl.mybatis.pojo.UserAnswerRecord matches criteria [is assignable to Object]
11:39:20,887 DEBUG ResolverUtil:256 - Checking to see if class com.zl.mybatis.pojo.UserCustom matches criteria [is assignable to Object]
11:39:20,888 DEBUG LogFactory:135 - Logging initialized using &apos;class org.apache.ibatis.logging.log4j.Log4jImpl&apos; adapter.
11:39:20,889 DEBUG PooledDataSource:316 - PooledDataSource forcefully closed/removed all connections.
11:39:20,889 DEBUG PooledDataSource:316 - PooledDataSource forcefully closed/removed all connections.
11:39:20,889 DEBUG PooledDataSource:316 - PooledDataSource forcefully closed/removed all connections.
11:39:20,890 DEBUG PooledDataSource:316 - PooledDataSource forcefully closed/removed all connections.
11:39:20,890 DEBUG DefaultVFS:222 - Find JAR URL: file:/E:/develop/workSpaceSelf/exercise/target/classes/com/zl/mybatis/dao
11:39:20,890 DEBUG DefaultVFS:248 - Not a JAR: file:/E:/develop/workSpaceSelf/exercise/target/classes/com/zl/mybatis/dao
11:39:20,891 DEBUG DefaultVFS:102 - Reader entry: OrderMapper.class
11:39:20,891 DEBUG DefaultVFS:102 - Reader entry: OrderMapper.xml
11:39:20,891 DEBUG DefaultVFS:102 - Reader entry: OrderResultTypeMapper.class
11:39:20,892 DEBUG DefaultVFS:102 - Reader entry: OrderResultTypeMapper.xml
11:39:20,892 DEBUG DefaultVFS:102 - Reader entry: PromotionMapper.class
11:39:20,892 DEBUG DefaultVFS:102 - Reader entry: PromotionMapper.xml
11:39:20,892 DEBUG DefaultVFS:102 - Reader entry: UserAnswerRecordMapper.class
11:39:20,893 DEBUG DefaultVFS:102 - Reader entry: UserAnswerRecordMapper.xml
11:39:20,893 DEBUG DefaultVFS:102 - Reader entry: UserMapper.class
11:39:20,893 DEBUG DefaultVFS:102 - Reader entry: UserMapper.xml
11:39:20,894 DEBUG DefaultVFS:113 - Listing file:/E:/develop/workSpaceSelf/exercise/target/classes/com/zl/mybatis/dao
11:39:20,894 DEBUG DefaultVFS:222 - Find JAR URL: file:/E:/develop/workSpaceSelf/exercise/target/classes/com/zl/mybatis/dao/OrderMapper.class
11:39:20,894 DEBUG DefaultVFS:248 - Not a JAR: file:/E:/develop/workSpaceSelf/exercise/target/classes/com/zl/mybatis/dao/OrderMapper.class
11:39:20,894 DEBUG DefaultVFS:102 - Reader entry: 漱壕&amp;#0;&amp;#0;&amp;#0;4&amp;#0;&amp;#17;&amp;#7;&amp;#0;&amp;#2;&amp;#1;&amp;#0;&amp;#30;com/zl/mybatis/dao/OrderMapper&amp;#7;&amp;#0;&amp;#4;&amp;#1;&amp;#0;&amp;#16;java/lang/Object&amp;#1;&amp;#0;&amp;#22;findOrderListResultMap&amp;#1;&amp;#0;&amp;#18;()Ljava/util/List;&amp;#1;&amp;#0;
11:39:20,895 DEBUG DefaultVFS:222 - Find JAR URL: file:/E:/develop/workSpaceSelf/exercise/target/classes/com/zl/mybatis/dao/OrderMapper.xml
11:39:20,895 DEBUG DefaultVFS:248 - Not a JAR: file:/E:/develop/workSpaceSelf/exercise/target/classes/com/zl/mybatis/dao/OrderMapper.xml
11:39:20,895 DEBUG DefaultVFS:102 - Reader entry: &lt;?xml version=&quot;1.0&quot; encoding=&quot;UTF-8&quot;?&gt;
11:39:20,896 DEBUG DefaultVFS:222 - Find JAR URL: file:/E:/develop/workSpaceSelf/exercise/target/classes/com/zl/mybatis/dao/OrderResultTypeMapper.class
11:39:20,896 DEBUG DefaultVFS:248 - Not a JAR: file:/E:/develop/workSpaceSelf/exercise/target/classes/com/zl/mybatis/dao/OrderResultTypeMapper.class
11:39:20,896 DEBUG DefaultVFS:102 - Reader entry: 漱壕&amp;#0;&amp;#0;&amp;#0;4&amp;#0;&amp;#14;&amp;#7;&amp;#0;&amp;#2;&amp;#1;&amp;#0;(com/zl/mybatis/dao/OrderResultTypeMapper&amp;#7;&amp;#0;&amp;#4;&amp;#1;&amp;#0;&amp;#16;java/lang/Object&amp;#1;&amp;#0;&amp;#23;findOrderListResultType&amp;#1;&amp;#0;&amp;#18;()Ljava/util/List;&amp;#1;&amp;#0;
11:39:20,897 DEBUG DefaultVFS:222 - Find JAR URL: file:/E:/develop/workSpaceSelf/exercise/target/classes/com/zl/mybatis/dao/OrderResultTypeMapper.xml
11:39:20,897 DEBUG DefaultVFS:248 - Not a JAR: file:/E:/develop/workSpaceSelf/exercise/target/classes/com/zl/mybatis/dao/OrderResultTypeMapper.xml
11:39:20,897 DEBUG DefaultVFS:102 - Reader entry: &lt;?xml version=&quot;1.0&quot; encoding=&quot;UTF-8&quot;?&gt;
11:39:20,898 DEBUG DefaultVFS:222 - Find JAR URL: file:/E:/develop/workSpaceSelf/exercise/target/classes/com/zl/mybatis/dao/PromotionMapper.class
11:39:20,898 DEBUG DefaultVFS:248 - Not a JAR: file:/E:/develop/workSpaceSelf/exercise/target/classes/com/zl/mybatis/dao/PromotionMapper.class
11:39:20,898 DEBUG DefaultVFS:102 - Reader entry: 漱壕&amp;#0;&amp;#0;&amp;#0;4&amp;#0;&amp;#19;&amp;#7;&amp;#0;&amp;#2;&amp;#1;&amp;#0;&quot;com/zl/mybatis/dao/PromotionMapper&amp;#7;&amp;#0;&amp;#4;&amp;#1;&amp;#0;&amp;#16;java/lang/Object&amp;#1;&amp;#0;
11:39:20,899 DEBUG DefaultVFS:222 - Find JAR URL: file:/E:/develop/workSpaceSelf/exercise/target/classes/com/zl/mybatis/dao/PromotionMapper.xml
11:39:20,899 DEBUG DefaultVFS:248 - Not a JAR: file:/E:/develop/workSpaceSelf/exercise/target/classes/com/zl/mybatis/dao/PromotionMapper.xml
11:39:20,899 DEBUG DefaultVFS:102 - Reader entry: &lt;?xml version=&quot;1.0&quot; encoding=&quot;UTF-8&quot;?&gt;
11:39:20,900 DEBUG DefaultVFS:222 - Find JAR URL: file:/E:/develop/workSpaceSelf/exercise/target/classes/com/zl/mybatis/dao/UserAnswerRecordMapper.class
11:39:20,900 DEBUG DefaultVFS:248 - Not a JAR: file:/E:/develop/workSpaceSelf/exercise/target/classes/com/zl/mybatis/dao/UserAnswerRecordMapper.class
11:39:20,900 DEBUG DefaultVFS:102 - Reader entry: 漱壕&amp;#0;&amp;#0;&amp;#0;4&amp;#0;&amp;#20;&amp;#7;&amp;#0;&amp;#2;&amp;#1;&amp;#0;)com/zl/mybatis/dao/UserAnswerRecordMapper&amp;#7;&amp;#0;&amp;#4;&amp;#1;&amp;#0;&amp;#16;java/lang/Object&amp;#1;&amp;#0;&amp;#23;getUserAnswerRecordList&amp;#1;&amp;#0;;(Lcom/zl/mybatis/entity/UserAnswerQueryVo;)Ljava/util/List;&amp;#1;&amp;#0;	Signature&amp;#1;&amp;#0;c(Lcom/zl/mybatis/entity/UserAnswerQueryVo;)Ljava/util/List&lt;Lcom/zl/mybatis/pojo/UserAnswerRecord;&gt;;&amp;#1;&amp;#0;&amp;#22;delAnswerEvertRuleById&amp;#1;&amp;#0;&amp;#21;(Ljava/lang/String;)I&amp;#1;&amp;#0;&amp;#25;selectAnswerEvertRuleById&amp;#1;&amp;#0;$(Ljava/lang/String;)Ljava/util/List;&amp;#1;&amp;#0;9(Ljava/lang/String;)Ljava/util/List&lt;Ljava/lang/Integer;&gt;;&amp;#1;&amp;#0;&amp;#23;delAnswerEventConfnById&amp;#1;&amp;#0;&amp;#24;getUserAnswerRecordList1&amp;#1;&amp;#0;&amp;#15;insertRdoEnitiy&amp;#1;&amp;#0;&apos;(Lcom/zl/mybatis/entity/RdoOrderInfo;)V&amp;#1;&amp;#0;
11:39:20,901 DEBUG DefaultVFS:222 - Find JAR URL: file:/E:/develop/workSpaceSelf/exercise/target/classes/com/zl/mybatis/dao/UserAnswerRecordMapper.xml
11:39:20,901 DEBUG DefaultVFS:248 - Not a JAR: file:/E:/develop/workSpaceSelf/exercise/target/classes/com/zl/mybatis/dao/UserAnswerRecordMapper.xml
11:39:20,901 DEBUG DefaultVFS:102 - Reader entry: &lt;?xml version=&quot;1.0&quot; encoding=&quot;UTF-8&quot;?&gt;
11:39:20,902 DEBUG DefaultVFS:222 - Find JAR URL: file:/E:/develop/workSpaceSelf/exercise/target/classes/com/zl/mybatis/dao/UserMapper.class
11:39:20,902 DEBUG DefaultVFS:248 - Not a JAR: file:/E:/develop/workSpaceSelf/exercise/target/classes/com/zl/mybatis/dao/UserMapper.class
11:39:20,902 DEBUG DefaultVFS:102 - Reader entry: 漱壕&amp;#0;&amp;#0;&amp;#0;4&amp;#0; &amp;#7;&amp;#0;&amp;#2;&amp;#1;&amp;#0;&amp;#29;com/zl/mybatis/dao/UserMapper&amp;#7;&amp;#0;&amp;#4;&amp;#1;&amp;#0;&amp;#16;java/lang/Object&amp;#1;&amp;#0;&amp;#11;getUserById&amp;#1;&amp;#0;&amp;#29;(I)Lcom/zl/mybatis/pojo/User;&amp;#1;&amp;#0;
11:39:20,903 DEBUG DefaultVFS:222 - Find JAR URL: file:/E:/develop/workSpaceSelf/exercise/target/classes/com/zl/mybatis/dao/UserMapper.xml
11:39:20,903 DEBUG DefaultVFS:248 - Not a JAR: file:/E:/develop/workSpaceSelf/exercise/target/classes/com/zl/mybatis/dao/UserMapper.xml
11:39:20,903 DEBUG DefaultVFS:102 - Reader entry: &lt;?xml version=&quot;1.0&quot; encoding=&quot;UTF-8&quot;?&gt;
11:39:20,903 DEBUG ResolverUtil:256 - Checking to see if class com.zl.mybatis.dao.OrderMapper matches criteria [is assignable to Object]
11:39:20,904 DEBUG ResolverUtil:256 - Checking to see if class com.zl.mybatis.dao.OrderResultTypeMapper matches criteria [is assignable to Object]
11:39:20,904 DEBUG ResolverUtil:256 - Checking to see if class com.zl.mybatis.dao.PromotionMapper matches criteria [is assignable to Object]
11:39:20,904 DEBUG ResolverUtil:256 - Checking to see if class com.zl.mybatis.dao.UserAnswerRecordMapper matches criteria [is assignable to Object]
11:39:20,904 DEBUG ResolverUtil:256 - Checking to see if class com.zl.mybatis.dao.UserMapper matches criteria [is assignable to Object]
</system-out>
  </testcase>
  <testcase classname="com.zl.test.sql.OrderDaoTest" name="test2" time="0.066">
    <error message="Could not initialize class org.mybatis.caches.ehcache.EhcacheCache" type="java.lang.NoClassDefFoundError">java.lang.NoClassDefFoundError: Could not initialize class org.mybatis.caches.ehcache.EhcacheCache
	at java.lang.Class.forName0(Native Method)
	at java.lang.Class.forName(Class.java:348)
	at org.apache.ibatis.io.ClassLoaderWrapper.classForName(ClassLoaderWrapper.java:186)
	at org.apache.ibatis.io.ClassLoaderWrapper.classForName(ClassLoaderWrapper.java:89)
	at org.apache.ibatis.io.Resources.classForName(Resources.java:261)
	at org.apache.ibatis.type.TypeAliasRegistry.resolveAlias(TypeAliasRegistry.java:116)
	at org.apache.ibatis.builder.xml.XMLMapperBuilder.cacheElement(XMLMapperBuilder.java:202)
	at org.apache.ibatis.builder.xml.XMLMapperBuilder.configurationElement(XMLMapperBuilder.java:114)
	at org.apache.ibatis.builder.xml.XMLMapperBuilder.parse(XMLMapperBuilder.java:92)
	at org.apache.ibatis.builder.annotation.MapperAnnotationBuilder.loadXmlResource(MapperAnnotationBuilder.java:173)
	at org.apache.ibatis.builder.annotation.MapperAnnotationBuilder.parse(MapperAnnotationBuilder.java:124)
	at org.apache.ibatis.binding.MapperRegistry.addMapper(MapperRegistry.java:72)
	at org.apache.ibatis.binding.MapperRegistry.addMappers(MapperRegistry.java:97)
	at org.apache.ibatis.binding.MapperRegistry.addMappers(MapperRegistry.java:105)
	at org.apache.ibatis.session.Configuration.addMappers(Configuration.java:724)
	at org.apache.ibatis.builder.xml.XMLConfigBuilder.mapperElement(XMLConfigBuilder.java:360)
	at org.apache.ibatis.builder.xml.XMLConfigBuilder.parseConfiguration(XMLConfigBuilder.java:118)
	at org.apache.ibatis.builder.xml.XMLConfigBuilder.parse(XMLConfigBuilder.java:98)
	at org.apache.ibatis.session.SqlSessionFactoryBuilder.build(SqlSessionFactoryBuilder.java:78)
	at org.apache.ibatis.session.SqlSessionFactoryBuilder.build(SqlSessionFactoryBuilder.java:64)
	at com.zl.utils.MyBatisUtils.getnewInstance(MyBatisUtils.java:28)
	at com.zl.test.sql.OrderDaoTest.before(OrderDaoTest.java:44)
	at sun.reflect.NativeMethodAccessorImpl.invoke0(Native Method)
	at sun.reflect.NativeMethodAccessorImpl.invoke(NativeMethodAccessorImpl.java:62)
	at sun.reflect.DelegatingMethodAccessorImpl.invoke(DelegatingMethodAccessorImpl.java:43)
	at java.lang.reflect.Method.invoke(Method.java:498)
	at org.junit.runners.model.FrameworkMethod$1.runReflectiveCall(FrameworkMethod.java:45)
	at org.junit.internal.runners.model.ReflectiveCallable.run(ReflectiveCallable.java:15)
	at org.junit.runners.model.FrameworkMethod.invokeExplosively(FrameworkMethod.java:42)
	at org.junit.internal.runners.statements.RunBefores.evaluate(RunBefores.java:27)
	at org.junit.runners.ParentRunner.runLeaf(ParentRunner.java:263)
	at org.junit.runners.BlockJUnit4ClassRunner.runChild(BlockJUnit4ClassRunner.java:68)
	at org.junit.runners.BlockJUnit4ClassRunner.runChild(BlockJUnit4ClassRunner.java:47)
	at org.junit.runners.ParentRunner$3.run(ParentRunner.java:231)
	at org.junit.runners.ParentRunner$1.schedule(ParentRunner.java:60)
	at org.junit.runners.ParentRunner.runChildren(ParentRunner.java:229)
	at org.junit.runners.ParentRunner.access$000(ParentRunner.java:50)
	at org.junit.runners.ParentRunner$2.evaluate(ParentRunner.java:222)
	at org.junit.runners.ParentRunner.run(ParentRunner.java:300)
	at org.apache.maven.surefire.junit4.JUnit4Provider.execute(JUnit4Provider.java:252)
	at org.apache.maven.surefire.junit4.JUnit4Provider.executeTestSet(JUnit4Provider.java:141)
	at org.apache.maven.surefire.junit4.JUnit4Provider.invoke(JUnit4Provider.java:112)
	at sun.reflect.NativeMethodAccessorImpl.invoke0(Native Method)
	at sun.reflect.NativeMethodAccessorImpl.invoke(NativeMethodAccessorImpl.java:62)
	at sun.reflect.DelegatingMethodAccessorImpl.invoke(DelegatingMethodAccessorImpl.java:43)
	at java.lang.reflect.Method.invoke(Method.java:498)
	at org.apache.maven.surefire.util.ReflectionUtils.invokeMethodWithArray(ReflectionUtils.java:189)
	at org.apache.maven.surefire.booter.ProviderFactory$ProviderProxy.invoke(ProviderFactory.java:165)
	at org.apache.maven.surefire.booter.ProviderFactory.invokeProvider(ProviderFactory.java:85)
	at org.apache.maven.surefire.booter.ForkedBooter.runSuitesInProcess(ForkedBooter.java:115)
	at org.apache.maven.surefire.booter.ForkedBooter.main(ForkedBooter.java:75)
</error>
    <system-out>11:39:20,926 DEBUG DefaultVFS:222 - Find JAR URL: file:/E:/develop/workSpaceSelf/exercise/target/classes/com/zl/mybatis/pojo
11:39:20,926 DEBUG DefaultVFS:248 - Not a JAR: file:/E:/develop/workSpaceSelf/exercise/target/classes/com/zl/mybatis/pojo
11:39:20,927 DEBUG DefaultVFS:102 - Reader entry: Items.class
11:39:20,927 DEBUG DefaultVFS:102 - Reader entry: Orderdetail.class
11:39:20,927 DEBUG DefaultVFS:102 - Reader entry: Orders.class
11:39:20,927 DEBUG DefaultVFS:102 - Reader entry: OrdersCustom.class
11:39:20,928 DEBUG DefaultVFS:102 - Reader entry: QueryVo.class
11:39:20,928 DEBUG DefaultVFS:102 - Reader entry: User.class
11:39:20,928 DEBUG DefaultVFS:102 - Reader entry: UserAnswerRecord.class
11:39:20,928 DEBUG DefaultVFS:102 - Reader entry: UserCustom.class
11:39:20,929 DEBUG DefaultVFS:113 - Listing file:/E:/develop/workSpaceSelf/exercise/target/classes/com/zl/mybatis/pojo
11:39:20,929 DEBUG DefaultVFS:222 - Find JAR URL: file:/E:/develop/workSpaceSelf/exercise/target/classes/com/zl/mybatis/pojo/Items.class
11:39:20,929 DEBUG DefaultVFS:248 - Not a JAR: file:/E:/develop/workSpaceSelf/exercise/target/classes/com/zl/mybatis/pojo/Items.class
11:39:20,929 DEBUG DefaultVFS:102 - Reader entry: 漱壕&amp;#0;&amp;#0;&amp;#0;4&amp;#0;k&amp;#7;&amp;#0;&amp;#2;&amp;#1;&amp;#0;&amp;#25;com/zl/mybatis/pojo/Items&amp;#7;&amp;#0;&amp;#4;&amp;#1;&amp;#0;&amp;#16;java/lang/Object&amp;#7;&amp;#0;&amp;#6;&amp;#1;&amp;#0;&amp;#20;java/io/Serializable&amp;#1;&amp;#0;&amp;#2;id&amp;#1;&amp;#0;&amp;#19;Ljava/lang/Integer;&amp;#1;&amp;#0;&amp;#4;name&amp;#1;&amp;#0;&amp;#18;Ljava/lang/String;&amp;#1;&amp;#0;&amp;#5;price&amp;#1;&amp;#0;&amp;#17;Ljava/lang/Float;&amp;#1;&amp;#0;&amp;#3;pic&amp;#1;&amp;#0;
11:39:20,929 DEBUG DefaultVFS:222 - Find JAR URL: file:/E:/develop/workSpaceSelf/exercise/target/classes/com/zl/mybatis/pojo/Orderdetail.class
11:39:20,930 DEBUG DefaultVFS:248 - Not a JAR: file:/E:/develop/workSpaceSelf/exercise/target/classes/com/zl/mybatis/pojo/Orderdetail.class
11:39:20,930 DEBUG DefaultVFS:102 - Reader entry: 漱壕&amp;#0;&amp;#0;&amp;#0;4&amp;#0;K&amp;#7;&amp;#0;&amp;#2;&amp;#1;&amp;#0;&amp;#31;com/zl/mybatis/pojo/Orderdetail&amp;#7;&amp;#0;&amp;#4;&amp;#1;&amp;#0;&amp;#16;java/lang/Object&amp;#7;&amp;#0;&amp;#6;&amp;#1;&amp;#0;&amp;#20;java/io/Serializable&amp;#1;&amp;#0;&amp;#2;id&amp;#1;&amp;#0;&amp;#19;Ljava/lang/Integer;&amp;#1;&amp;#0;&amp;#8;ordersId&amp;#1;&amp;#0;&amp;#7;itemsId&amp;#1;&amp;#0;&amp;#8;itemsNum&amp;#1;&amp;#0;&amp;#5;items&amp;#1;&amp;#0;&amp;#27;Lcom/zl/mybatis/pojo/Items;&amp;#1;&amp;#0;&amp;#6;&lt;init&gt;&amp;#1;&amp;#0;&amp;#3;()V&amp;#1;&amp;#0;&amp;#4;Code
11:39:20,930 DEBUG DefaultVFS:222 - Find JAR URL: file:/E:/develop/workSpaceSelf/exercise/target/classes/com/zl/mybatis/pojo/Orders.class
11:39:20,931 DEBUG DefaultVFS:248 - Not a JAR: file:/E:/develop/workSpaceSelf/exercise/target/classes/com/zl/mybatis/pojo/Orders.class
11:39:20,931 DEBUG DefaultVFS:102 - Reader entry: 漱壕&amp;#0;&amp;#0;&amp;#0;4&amp;#0;m&amp;#7;&amp;#0;&amp;#2;&amp;#1;&amp;#0;&amp;#26;com/zl/mybatis/pojo/Orders&amp;#7;&amp;#0;&amp;#4;&amp;#1;&amp;#0;&amp;#16;java/lang/Object&amp;#7;&amp;#0;&amp;#6;&amp;#1;&amp;#0;&amp;#20;java/io/Serializable&amp;#1;&amp;#0;&amp;#2;id&amp;#1;&amp;#0;&amp;#19;Ljava/lang/Integer;&amp;#1;&amp;#0;&amp;#6;userId&amp;#1;&amp;#0;&amp;#6;number&amp;#1;&amp;#0;&amp;#18;Ljava/lang/String;&amp;#1;&amp;#0;
11:39:20,931 DEBUG DefaultVFS:222 - Find JAR URL: file:/E:/develop/workSpaceSelf/exercise/target/classes/com/zl/mybatis/pojo/OrdersCustom.class
11:39:20,931 DEBUG DefaultVFS:248 - Not a JAR: file:/E:/develop/workSpaceSelf/exercise/target/classes/com/zl/mybatis/pojo/OrdersCustom.class
11:39:20,932 DEBUG DefaultVFS:102 - Reader entry: 漱壕&amp;#0;&amp;#0;&amp;#0;4&amp;#0;&amp;#29;&amp;#7;&amp;#0;&amp;#2;&amp;#1;&amp;#0; com/zl/mybatis/pojo/OrdersCustom&amp;#7;&amp;#0;&amp;#4;&amp;#1;&amp;#0;&amp;#26;com/zl/mybatis/pojo/Orders&amp;#1;&amp;#0;&amp;#8;username&amp;#1;&amp;#0;&amp;#18;Ljava/lang/String;&amp;#1;&amp;#0;&amp;#7;address&amp;#1;&amp;#0;&amp;#6;&lt;init&gt;&amp;#1;&amp;#0;&amp;#3;()V&amp;#1;&amp;#0;&amp;#4;Code
11:39:20,932 DEBUG DefaultVFS:222 - Find JAR URL: file:/E:/develop/workSpaceSelf/exercise/target/classes/com/zl/mybatis/pojo/QueryVo.class
11:39:20,932 DEBUG DefaultVFS:248 - Not a JAR: file:/E:/develop/workSpaceSelf/exercise/target/classes/com/zl/mybatis/pojo/QueryVo.class
11:39:20,933 DEBUG DefaultVFS:102 - Reader entry: 漱壕&amp;#0;&amp;#0;&amp;#0;4&amp;#0; &amp;#7;&amp;#0;&amp;#2;&amp;#1;&amp;#0;&amp;#27;com/zl/mybatis/pojo/QueryVo&amp;#7;&amp;#0;&amp;#4;&amp;#1;&amp;#0;&amp;#16;java/lang/Object&amp;#1;&amp;#0;&amp;#4;user&amp;#1;&amp;#0;&amp;#26;Lcom/zl/mybatis/pojo/User;&amp;#1;&amp;#0;
11:39:20,933 DEBUG DefaultVFS:222 - Find JAR URL: file:/E:/develop/workSpaceSelf/exercise/target/classes/com/zl/mybatis/pojo/User.class
11:39:20,933 DEBUG DefaultVFS:248 - Not a JAR: file:/E:/develop/workSpaceSelf/exercise/target/classes/com/zl/mybatis/pojo/User.class
11:39:20,933 DEBUG DefaultVFS:102 - Reader entry: 漱壕&amp;#0;&amp;#0;&amp;#0;4&amp;#0;U&amp;#7;&amp;#0;&amp;#2;&amp;#1;&amp;#0;&amp;#24;com/zl/mybatis/pojo/User&amp;#7;&amp;#0;&amp;#4;&amp;#1;&amp;#0;&amp;#16;java/lang/Object&amp;#7;&amp;#0;&amp;#6;&amp;#1;&amp;#0;&amp;#20;java/io/Serializable&amp;#1;&amp;#0;&amp;#2;id&amp;#1;&amp;#0;&amp;#1;I&amp;#1;&amp;#0;&amp;#8;username&amp;#1;&amp;#0;&amp;#18;Ljava/lang/String;&amp;#1;&amp;#0;&amp;#3;sex&amp;#1;&amp;#0;&amp;#8;birthday&amp;#1;&amp;#0;&amp;#16;Ljava/util/Date;&amp;#1;&amp;#0;&amp;#7;address&amp;#1;&amp;#0;&amp;#6;orders&amp;#1;&amp;#0;&amp;#16;Ljava/util/List;&amp;#1;&amp;#0;	Signature&amp;#1;&amp;#0;.Ljava/util/List&lt;Lcom/zl/mybatis/pojo/Orders;&gt;;&amp;#1;&amp;#0;&amp;#6;&lt;init&gt;&amp;#1;&amp;#0;&amp;#3;()V&amp;#1;&amp;#0;&amp;#4;Code
11:39:20,934 DEBUG DefaultVFS:222 - Find JAR URL: file:/E:/develop/workSpaceSelf/exercise/target/classes/com/zl/mybatis/pojo/UserAnswerRecord.class
11:39:20,934 DEBUG DefaultVFS:248 - Not a JAR: file:/E:/develop/workSpaceSelf/exercise/target/classes/com/zl/mybatis/pojo/UserAnswerRecord.class
11:39:20,934 DEBUG DefaultVFS:102 - Reader entry: 漱壕&amp;#0;&amp;#0;&amp;#0;4&amp;#0;?&amp;#7;&amp;#0;&amp;#2;&amp;#1;&amp;#0;$com/zl/mybatis/pojo/UserAnswerRecord&amp;#7;&amp;#0;&amp;#4;&amp;#1;&amp;#0;&amp;#16;java/lang/Object&amp;#1;&amp;#0;&amp;#2;id&amp;#1;&amp;#0;&amp;#18;Ljava/lang/String;&amp;#1;&amp;#0;&amp;#7;eventid&amp;#1;&amp;#0;
11:39:20,935 DEBUG DefaultVFS:222 - Find JAR URL: file:/E:/develop/workSpaceSelf/exercise/target/classes/com/zl/mybatis/pojo/UserCustom.class
11:39:20,935 DEBUG DefaultVFS:248 - Not a JAR: file:/E:/develop/workSpaceSelf/exercise/target/classes/com/zl/mybatis/pojo/UserCustom.class
11:39:20,935 DEBUG DefaultVFS:102 - Reader entry: 漱壕&amp;#0;&amp;#0;&amp;#0;4&amp;#0;&amp;#19;&amp;#7;&amp;#0;&amp;#2;&amp;#1;&amp;#0;&amp;#30;com/zl/mybatis/pojo/UserCustom&amp;#7;&amp;#0;&amp;#4;&amp;#1;&amp;#0;&amp;#24;com/zl/mybatis/pojo/User&amp;#1;&amp;#0;&amp;#14;birthday_start&amp;#1;&amp;#0;&amp;#16;Ljava/util/Date;&amp;#1;&amp;#0;&amp;#12;birthday_end&amp;#1;&amp;#0;&amp;#6;&lt;init&gt;&amp;#1;&amp;#0;&amp;#3;()V&amp;#1;&amp;#0;&amp;#4;Code
11:39:20,935 DEBUG ResolverUtil:256 - Checking to see if class com.zl.mybatis.pojo.Items matches criteria [is assignable to Object]
11:39:20,936 DEBUG ResolverUtil:256 - Checking to see if class com.zl.mybatis.pojo.Orderdetail matches criteria [is assignable to Object]
11:39:20,936 DEBUG ResolverUtil:256 - Checking to see if class com.zl.mybatis.pojo.Orders matches criteria [is assignable to Object]
11:39:20,936 DEBUG ResolverUtil:256 - Checking to see if class com.zl.mybatis.pojo.OrdersCustom matches criteria [is assignable to Object]
11:39:20,936 DEBUG ResolverUtil:256 - Checking to see if class com.zl.mybatis.pojo.QueryVo matches criteria [is assignable to Object]
11:39:20,936 DEBUG ResolverUtil:256 - Checking to see if class com.zl.mybatis.pojo.User matches criteria [is assignable to Object]
11:39:20,936 DEBUG ResolverUtil:256 - Checking to see if class com.zl.mybatis.pojo.UserAnswerRecord matches criteria [is assignable to Object]
11:39:20,937 DEBUG ResolverUtil:256 - Checking to see if class com.zl.mybatis.pojo.UserCustom matches criteria [is assignable to Object]
11:39:20,938 DEBUG LogFactory:135 - Logging initialized using &apos;class org.apache.ibatis.logging.log4j.Log4jImpl&apos; adapter.
11:39:20,939 DEBUG PooledDataSource:316 - PooledDataSource forcefully closed/removed all connections.
11:39:20,939 DEBUG PooledDataSource:316 - PooledDataSource forcefully closed/removed all connections.
11:39:20,939 DEBUG PooledDataSource:316 - PooledDataSource forcefully closed/removed all connections.
11:39:20,939 DEBUG PooledDataSource:316 - PooledDataSource forcefully closed/removed all connections.
11:39:20,940 DEBUG DefaultVFS:222 - Find JAR URL: file:/E:/develop/workSpaceSelf/exercise/target/classes/com/zl/mybatis/dao
11:39:20,940 DEBUG DefaultVFS:248 - Not a JAR: file:/E:/develop/workSpaceSelf/exercise/target/classes/com/zl/mybatis/dao
11:39:20,941 DEBUG DefaultVFS:102 - Reader entry: OrderMapper.class
11:39:20,941 DEBUG DefaultVFS:102 - Reader entry: OrderMapper.xml
11:39:20,941 DEBUG DefaultVFS:102 - Reader entry: OrderResultTypeMapper.class
11:39:20,942 DEBUG DefaultVFS:102 - Reader entry: OrderResultTypeMapper.xml
11:39:20,942 DEBUG DefaultVFS:102 - Reader entry: PromotionMapper.class
11:39:20,942 DEBUG DefaultVFS:102 - Reader entry: PromotionMapper.xml
11:39:20,942 DEBUG DefaultVFS:102 - Reader entry: UserAnswerRecordMapper.class
11:39:20,943 DEBUG DefaultVFS:102 - Reader entry: UserAnswerRecordMapper.xml
11:39:20,943 DEBUG DefaultVFS:102 - Reader entry: UserMapper.class
11:39:20,943 DEBUG DefaultVFS:102 - Reader entry: UserMapper.xml
11:39:20,943 DEBUG DefaultVFS:113 - Listing file:/E:/develop/workSpaceSelf/exercise/target/classes/com/zl/mybatis/dao
11:39:20,943 DEBUG DefaultVFS:222 - Find JAR URL: file:/E:/develop/workSpaceSelf/exercise/target/classes/com/zl/mybatis/dao/OrderMapper.class
11:39:20,944 DEBUG DefaultVFS:248 - Not a JAR: file:/E:/develop/workSpaceSelf/exercise/target/classes/com/zl/mybatis/dao/OrderMapper.class
11:39:20,944 DEBUG DefaultVFS:102 - Reader entry: 漱壕&amp;#0;&amp;#0;&amp;#0;4&amp;#0;&amp;#17;&amp;#7;&amp;#0;&amp;#2;&amp;#1;&amp;#0;&amp;#30;com/zl/mybatis/dao/OrderMapper&amp;#7;&amp;#0;&amp;#4;&amp;#1;&amp;#0;&amp;#16;java/lang/Object&amp;#1;&amp;#0;&amp;#22;findOrderListResultMap&amp;#1;&amp;#0;&amp;#18;()Ljava/util/List;&amp;#1;&amp;#0;
11:39:20,944 DEBUG DefaultVFS:222 - Find JAR URL: file:/E:/develop/workSpaceSelf/exercise/target/classes/com/zl/mybatis/dao/OrderMapper.xml
11:39:20,944 DEBUG DefaultVFS:248 - Not a JAR: file:/E:/develop/workSpaceSelf/exercise/target/classes/com/zl/mybatis/dao/OrderMapper.xml
11:39:20,945 DEBUG DefaultVFS:102 - Reader entry: &lt;?xml version=&quot;1.0&quot; encoding=&quot;UTF-8&quot;?&gt;
11:39:20,945 DEBUG DefaultVFS:222 - Find JAR URL: file:/E:/develop/workSpaceSelf/exercise/target/classes/com/zl/mybatis/dao/OrderResultTypeMapper.class
11:39:20,945 DEBUG DefaultVFS:248 - Not a JAR: file:/E:/develop/workSpaceSelf/exercise/target/classes/com/zl/mybatis/dao/OrderResultTypeMapper.class
11:39:20,946 DEBUG DefaultVFS:102 - Reader entry: 漱壕&amp;#0;&amp;#0;&amp;#0;4&amp;#0;&amp;#14;&amp;#7;&amp;#0;&amp;#2;&amp;#1;&amp;#0;(com/zl/mybatis/dao/OrderResultTypeMapper&amp;#7;&amp;#0;&amp;#4;&amp;#1;&amp;#0;&amp;#16;java/lang/Object&amp;#1;&amp;#0;&amp;#23;findOrderListResultType&amp;#1;&amp;#0;&amp;#18;()Ljava/util/List;&amp;#1;&amp;#0;
11:39:20,946 DEBUG DefaultVFS:222 - Find JAR URL: file:/E:/develop/workSpaceSelf/exercise/target/classes/com/zl/mybatis/dao/OrderResultTypeMapper.xml
11:39:20,946 DEBUG DefaultVFS:248 - Not a JAR: file:/E:/develop/workSpaceSelf/exercise/target/classes/com/zl/mybatis/dao/OrderResultTypeMapper.xml
11:39:20,946 DEBUG DefaultVFS:102 - Reader entry: &lt;?xml version=&quot;1.0&quot; encoding=&quot;UTF-8&quot;?&gt;
11:39:20,947 DEBUG DefaultVFS:222 - Find JAR URL: file:/E:/develop/workSpaceSelf/exercise/target/classes/com/zl/mybatis/dao/PromotionMapper.class
11:39:20,947 DEBUG DefaultVFS:248 - Not a JAR: file:/E:/develop/workSpaceSelf/exercise/target/classes/com/zl/mybatis/dao/PromotionMapper.class
11:39:20,947 DEBUG DefaultVFS:102 - Reader entry: 漱壕&amp;#0;&amp;#0;&amp;#0;4&amp;#0;&amp;#19;&amp;#7;&amp;#0;&amp;#2;&amp;#1;&amp;#0;&quot;com/zl/mybatis/dao/PromotionMapper&amp;#7;&amp;#0;&amp;#4;&amp;#1;&amp;#0;&amp;#16;java/lang/Object&amp;#1;&amp;#0;
11:39:20,947 DEBUG DefaultVFS:222 - Find JAR URL: file:/E:/develop/workSpaceSelf/exercise/target/classes/com/zl/mybatis/dao/PromotionMapper.xml
11:39:20,947 DEBUG DefaultVFS:248 - Not a JAR: file:/E:/develop/workSpaceSelf/exercise/target/classes/com/zl/mybatis/dao/PromotionMapper.xml
11:39:20,948 DEBUG DefaultVFS:102 - Reader entry: &lt;?xml version=&quot;1.0&quot; encoding=&quot;UTF-8&quot;?&gt;
11:39:20,948 DEBUG DefaultVFS:222 - Find JAR URL: file:/E:/develop/workSpaceSelf/exercise/target/classes/com/zl/mybatis/dao/UserAnswerRecordMapper.class
11:39:20,948 DEBUG DefaultVFS:248 - Not a JAR: file:/E:/develop/workSpaceSelf/exercise/target/classes/com/zl/mybatis/dao/UserAnswerRecordMapper.class
11:39:20,948 DEBUG DefaultVFS:102 - Reader entry: 漱壕&amp;#0;&amp;#0;&amp;#0;4&amp;#0;&amp;#20;&amp;#7;&amp;#0;&amp;#2;&amp;#1;&amp;#0;)com/zl/mybatis/dao/UserAnswerRecordMapper&amp;#7;&amp;#0;&amp;#4;&amp;#1;&amp;#0;&amp;#16;java/lang/Object&amp;#1;&amp;#0;&amp;#23;getUserAnswerRecordList&amp;#1;&amp;#0;;(Lcom/zl/mybatis/entity/UserAnswerQueryVo;)Ljava/util/List;&amp;#1;&amp;#0;	Signature&amp;#1;&amp;#0;c(Lcom/zl/mybatis/entity/UserAnswerQueryVo;)Ljava/util/List&lt;Lcom/zl/mybatis/pojo/UserAnswerRecord;&gt;;&amp;#1;&amp;#0;&amp;#22;delAnswerEvertRuleById&amp;#1;&amp;#0;&amp;#21;(Ljava/lang/String;)I&amp;#1;&amp;#0;&amp;#25;selectAnswerEvertRuleById&amp;#1;&amp;#0;$(Ljava/lang/String;)Ljava/util/List;&amp;#1;&amp;#0;9(Ljava/lang/String;)Ljava/util/List&lt;Ljava/lang/Integer;&gt;;&amp;#1;&amp;#0;&amp;#23;delAnswerEventConfnById&amp;#1;&amp;#0;&amp;#24;getUserAnswerRecordList1&amp;#1;&amp;#0;&amp;#15;insertRdoEnitiy&amp;#1;&amp;#0;&apos;(Lcom/zl/mybatis/entity/RdoOrderInfo;)V&amp;#1;&amp;#0;
11:39:20,949 DEBUG DefaultVFS:222 - Find JAR URL: file:/E:/develop/workSpaceSelf/exercise/target/classes/com/zl/mybatis/dao/UserAnswerRecordMapper.xml
11:39:20,949 DEBUG DefaultVFS:248 - Not a JAR: file:/E:/develop/workSpaceSelf/exercise/target/classes/com/zl/mybatis/dao/UserAnswerRecordMapper.xml
11:39:20,949 DEBUG DefaultVFS:102 - Reader entry: &lt;?xml version=&quot;1.0&quot; encoding=&quot;UTF-8&quot;?&gt;
11:39:20,950 DEBUG DefaultVFS:222 - Find JAR URL: file:/E:/develop/workSpaceSelf/exercise/target/classes/com/zl/mybatis/dao/UserMapper.class
11:39:20,950 DEBUG DefaultVFS:248 - Not a JAR: file:/E:/develop/workSpaceSelf/exercise/target/classes/com/zl/mybatis/dao/UserMapper.class
11:39:20,950 DEBUG DefaultVFS:102 - Reader entry: 漱壕&amp;#0;&amp;#0;&amp;#0;4&amp;#0; &amp;#7;&amp;#0;&amp;#2;&amp;#1;&amp;#0;&amp;#29;com/zl/mybatis/dao/UserMapper&amp;#7;&amp;#0;&amp;#4;&amp;#1;&amp;#0;&amp;#16;java/lang/Object&amp;#1;&amp;#0;&amp;#11;getUserById&amp;#1;&amp;#0;&amp;#29;(I)Lcom/zl/mybatis/pojo/User;&amp;#1;&amp;#0;
11:39:20,950 DEBUG DefaultVFS:222 - Find JAR URL: file:/E:/develop/workSpaceSelf/exercise/target/classes/com/zl/mybatis/dao/UserMapper.xml
11:39:20,950 DEBUG DefaultVFS:248 - Not a JAR: file:/E:/develop/workSpaceSelf/exercise/target/classes/com/zl/mybatis/dao/UserMapper.xml
11:39:20,951 DEBUG DefaultVFS:102 - Reader entry: &lt;?xml version=&quot;1.0&quot; encoding=&quot;UTF-8&quot;?&gt;
11:39:20,951 DEBUG ResolverUtil:256 - Checking to see if class com.zl.mybatis.dao.OrderMapper matches criteria [is assignable to Object]
11:39:20,951 DEBUG ResolverUtil:256 - Checking to see if class com.zl.mybatis.dao.OrderResultTypeMapper matches criteria [is assignable to Object]
11:39:20,951 DEBUG ResolverUtil:256 - Checking to see if class com.zl.mybatis.dao.PromotionMapper matches criteria [is assignable to Object]
11:39:20,952 DEBUG ResolverUtil:256 - Checking to see if class com.zl.mybatis.dao.UserAnswerRecordMapper matches criteria [is assignable to Object]
11:39:20,952 DEBUG ResolverUtil:256 - Checking to see if class com.zl.mybatis.dao.UserMapper matches criteria [is assignable to Object]
11:39:20,966 DEBUG PooledDataSource:316 - PooledDataSource forcefully closed/removed all connections.
11:39:20,967 DEBUG PooledDataSource:316 - PooledDataSource forcefully closed/removed all connections.
11:39:20,968 DEBUG PooledDataSource:316 - PooledDataSource forcefully closed/removed all connections.
11:39:20,968 DEBUG PooledDataSource:316 - PooledDataSource forcefully closed/removed all connections.
11:39:20,968 DEBUG PooledDataSource:316 - PooledDataSource forcefully closed/removed all connections.
11:39:20,969 DEBUG PooledDataSource:316 - PooledDataSource forcefully closed/removed all connections.
</system-out>
  </testcase>
  <testcase classname="com.zl.test.sql.OrderDaoTest" name="test266" time="0.051">
    <error message="Could not initialize class org.mybatis.caches.ehcache.EhcacheCache" type="java.lang.NoClassDefFoundError">java.lang.NoClassDefFoundError: Could not initialize class org.mybatis.caches.ehcache.EhcacheCache
	at java.lang.Class.forName0(Native Method)
	at java.lang.Class.forName(Class.java:348)
	at org.apache.ibatis.io.ClassLoaderWrapper.classForName(ClassLoaderWrapper.java:186)
	at org.apache.ibatis.io.ClassLoaderWrapper.classForName(ClassLoaderWrapper.java:89)
	at org.apache.ibatis.io.Resources.classForName(Resources.java:261)
	at org.apache.ibatis.type.TypeAliasRegistry.resolveAlias(TypeAliasRegistry.java:116)
	at org.apache.ibatis.builder.xml.XMLMapperBuilder.cacheElement(XMLMapperBuilder.java:202)
	at org.apache.ibatis.builder.xml.XMLMapperBuilder.configurationElement(XMLMapperBuilder.java:114)
	at org.apache.ibatis.builder.xml.XMLMapperBuilder.parse(XMLMapperBuilder.java:92)
	at org.apache.ibatis.builder.annotation.MapperAnnotationBuilder.loadXmlResource(MapperAnnotationBuilder.java:173)
	at org.apache.ibatis.builder.annotation.MapperAnnotationBuilder.parse(MapperAnnotationBuilder.java:124)
	at org.apache.ibatis.binding.MapperRegistry.addMapper(MapperRegistry.java:72)
	at org.apache.ibatis.binding.MapperRegistry.addMappers(MapperRegistry.java:97)
	at org.apache.ibatis.binding.MapperRegistry.addMappers(MapperRegistry.java:105)
	at org.apache.ibatis.session.Configuration.addMappers(Configuration.java:724)
	at org.apache.ibatis.builder.xml.XMLConfigBuilder.mapperElement(XMLConfigBuilder.java:360)
	at org.apache.ibatis.builder.xml.XMLConfigBuilder.parseConfiguration(XMLConfigBuilder.java:118)
	at org.apache.ibatis.builder.xml.XMLConfigBuilder.parse(XMLConfigBuilder.java:98)
	at org.apache.ibatis.session.SqlSessionFactoryBuilder.build(SqlSessionFactoryBuilder.java:78)
	at org.apache.ibatis.session.SqlSessionFactoryBuilder.build(SqlSessionFactoryBuilder.java:64)
	at com.zl.utils.MyBatisUtils.getnewInstance(MyBatisUtils.java:28)
	at com.zl.test.sql.OrderDaoTest.before(OrderDaoTest.java:44)
	at sun.reflect.NativeMethodAccessorImpl.invoke0(Native Method)
	at sun.reflect.NativeMethodAccessorImpl.invoke(NativeMethodAccessorImpl.java:62)
	at sun.reflect.DelegatingMethodAccessorImpl.invoke(DelegatingMethodAccessorImpl.java:43)
	at java.lang.reflect.Method.invoke(Method.java:498)
	at org.junit.runners.model.FrameworkMethod$1.runReflectiveCall(FrameworkMethod.java:45)
	at org.junit.internal.runners.model.ReflectiveCallable.run(ReflectiveCallable.java:15)
	at org.junit.runners.model.FrameworkMethod.invokeExplosively(FrameworkMethod.java:42)
	at org.junit.internal.runners.statements.RunBefores.evaluate(RunBefores.java:27)
	at org.junit.runners.ParentRunner.runLeaf(ParentRunner.java:263)
	at org.junit.runners.BlockJUnit4ClassRunner.runChild(BlockJUnit4ClassRunner.java:68)
	at org.junit.runners.BlockJUnit4ClassRunner.runChild(BlockJUnit4ClassRunner.java:47)
	at org.junit.runners.ParentRunner$3.run(ParentRunner.java:231)
	at org.junit.runners.ParentRunner$1.schedule(ParentRunner.java:60)
	at org.junit.runners.ParentRunner.runChildren(ParentRunner.java:229)
	at org.junit.runners.ParentRunner.access$000(ParentRunner.java:50)
	at org.junit.runners.ParentRunner$2.evaluate(ParentRunner.java:222)
	at org.junit.runners.ParentRunner.run(ParentRunner.java:300)
	at org.apache.maven.surefire.junit4.JUnit4Provider.execute(JUnit4Provider.java:252)
	at org.apache.maven.surefire.junit4.JUnit4Provider.executeTestSet(JUnit4Provider.java:141)
	at org.apache.maven.surefire.junit4.JUnit4Provider.invoke(JUnit4Provider.java:112)
	at sun.reflect.NativeMethodAccessorImpl.invoke0(Native Method)
	at sun.reflect.NativeMethodAccessorImpl.invoke(NativeMethodAccessorImpl.java:62)
	at sun.reflect.DelegatingMethodAccessorImpl.invoke(DelegatingMethodAccessorImpl.java:43)
	at java.lang.reflect.Method.invoke(Method.java:498)
	at org.apache.maven.surefire.util.ReflectionUtils.invokeMethodWithArray(ReflectionUtils.java:189)
	at org.apache.maven.surefire.booter.ProviderFactory$ProviderProxy.invoke(ProviderFactory.java:165)
	at org.apache.maven.surefire.booter.ProviderFactory.invokeProvider(ProviderFactory.java:85)
	at org.apache.maven.surefire.booter.ForkedBooter.runSuitesInProcess(ForkedBooter.java:115)
	at org.apache.maven.surefire.booter.ForkedBooter.main(ForkedBooter.java:75)
</error>
    <system-out>11:39:20,994 DEBUG DefaultVFS:222 - Find JAR URL: file:/E:/develop/workSpaceSelf/exercise/target/classes/com/zl/mybatis/pojo
11:39:20,994 DEBUG DefaultVFS:248 - Not a JAR: file:/E:/develop/workSpaceSelf/exercise/target/classes/com/zl/mybatis/pojo
11:39:20,995 DEBUG DefaultVFS:102 - Reader entry: Items.class
11:39:20,995 DEBUG DefaultVFS:102 - Reader entry: Orderdetail.class
11:39:20,995 DEBUG DefaultVFS:102 - Reader entry: Orders.class
11:39:20,996 DEBUG DefaultVFS:102 - Reader entry: OrdersCustom.class
11:39:20,996 DEBUG DefaultVFS:102 - Reader entry: QueryVo.class
11:39:20,996 DEBUG DefaultVFS:102 - Reader entry: User.class
11:39:20,996 DEBUG DefaultVFS:102 - Reader entry: UserAnswerRecord.class
11:39:20,996 DEBUG DefaultVFS:102 - Reader entry: UserCustom.class
11:39:20,997 DEBUG DefaultVFS:113 - Listing file:/E:/develop/workSpaceSelf/exercise/target/classes/com/zl/mybatis/pojo
11:39:20,997 DEBUG DefaultVFS:222 - Find JAR URL: file:/E:/develop/workSpaceSelf/exercise/target/classes/com/zl/mybatis/pojo/Items.class
11:39:20,997 DEBUG DefaultVFS:248 - Not a JAR: file:/E:/develop/workSpaceSelf/exercise/target/classes/com/zl/mybatis/pojo/Items.class
11:39:20,997 DEBUG DefaultVFS:102 - Reader entry: 漱壕&amp;#0;&amp;#0;&amp;#0;4&amp;#0;k&amp;#7;&amp;#0;&amp;#2;&amp;#1;&amp;#0;&amp;#25;com/zl/mybatis/pojo/Items&amp;#7;&amp;#0;&amp;#4;&amp;#1;&amp;#0;&amp;#16;java/lang/Object&amp;#7;&amp;#0;&amp;#6;&amp;#1;&amp;#0;&amp;#20;java/io/Serializable&amp;#1;&amp;#0;&amp;#2;id&amp;#1;&amp;#0;&amp;#19;Ljava/lang/Integer;&amp;#1;&amp;#0;&amp;#4;name&amp;#1;&amp;#0;&amp;#18;Ljava/lang/String;&amp;#1;&amp;#0;&amp;#5;price&amp;#1;&amp;#0;&amp;#17;Ljava/lang/Float;&amp;#1;&amp;#0;&amp;#3;pic&amp;#1;&amp;#0;
11:39:20,998 DEBUG DefaultVFS:222 - Find JAR URL: file:/E:/develop/workSpaceSelf/exercise/target/classes/com/zl/mybatis/pojo/Orderdetail.class
11:39:20,998 DEBUG DefaultVFS:248 - Not a JAR: file:/E:/develop/workSpaceSelf/exercise/target/classes/com/zl/mybatis/pojo/Orderdetail.class
11:39:20,998 DEBUG DefaultVFS:102 - Reader entry: 漱壕&amp;#0;&amp;#0;&amp;#0;4&amp;#0;K&amp;#7;&amp;#0;&amp;#2;&amp;#1;&amp;#0;&amp;#31;com/zl/mybatis/pojo/Orderdetail&amp;#7;&amp;#0;&amp;#4;&amp;#1;&amp;#0;&amp;#16;java/lang/Object&amp;#7;&amp;#0;&amp;#6;&amp;#1;&amp;#0;&amp;#20;java/io/Serializable&amp;#1;&amp;#0;&amp;#2;id&amp;#1;&amp;#0;&amp;#19;Ljava/lang/Integer;&amp;#1;&amp;#0;&amp;#8;ordersId&amp;#1;&amp;#0;&amp;#7;itemsId&amp;#1;&amp;#0;&amp;#8;itemsNum&amp;#1;&amp;#0;&amp;#5;items&amp;#1;&amp;#0;&amp;#27;Lcom/zl/mybatis/pojo/Items;&amp;#1;&amp;#0;&amp;#6;&lt;init&gt;&amp;#1;&amp;#0;&amp;#3;()V&amp;#1;&amp;#0;&amp;#4;Code
11:39:20,998 DEBUG DefaultVFS:222 - Find JAR URL: file:/E:/develop/workSpaceSelf/exercise/target/classes/com/zl/mybatis/pojo/Orders.class
11:39:20,999 DEBUG DefaultVFS:248 - Not a JAR: file:/E:/develop/workSpaceSelf/exercise/target/classes/com/zl/mybatis/pojo/Orders.class
11:39:20,999 DEBUG DefaultVFS:102 - Reader entry: 漱壕&amp;#0;&amp;#0;&amp;#0;4&amp;#0;m&amp;#7;&amp;#0;&amp;#2;&amp;#1;&amp;#0;&amp;#26;com/zl/mybatis/pojo/Orders&amp;#7;&amp;#0;&amp;#4;&amp;#1;&amp;#0;&amp;#16;java/lang/Object&amp;#7;&amp;#0;&amp;#6;&amp;#1;&amp;#0;&amp;#20;java/io/Serializable&amp;#1;&amp;#0;&amp;#2;id&amp;#1;&amp;#0;&amp;#19;Ljava/lang/Integer;&amp;#1;&amp;#0;&amp;#6;userId&amp;#1;&amp;#0;&amp;#6;number&amp;#1;&amp;#0;&amp;#18;Ljava/lang/String;&amp;#1;&amp;#0;
11:39:20,999 DEBUG DefaultVFS:222 - Find JAR URL: file:/E:/develop/workSpaceSelf/exercise/target/classes/com/zl/mybatis/pojo/OrdersCustom.class
11:39:20,999 DEBUG DefaultVFS:248 - Not a JAR: file:/E:/develop/workSpaceSelf/exercise/target/classes/com/zl/mybatis/pojo/OrdersCustom.class
11:39:21,000 DEBUG DefaultVFS:102 - Reader entry: 漱壕&amp;#0;&amp;#0;&amp;#0;4&amp;#0;&amp;#29;&amp;#7;&amp;#0;&amp;#2;&amp;#1;&amp;#0; com/zl/mybatis/pojo/OrdersCustom&amp;#7;&amp;#0;&amp;#4;&amp;#1;&amp;#0;&amp;#26;com/zl/mybatis/pojo/Orders&amp;#1;&amp;#0;&amp;#8;username&amp;#1;&amp;#0;&amp;#18;Ljava/lang/String;&amp;#1;&amp;#0;&amp;#7;address&amp;#1;&amp;#0;&amp;#6;&lt;init&gt;&amp;#1;&amp;#0;&amp;#3;()V&amp;#1;&amp;#0;&amp;#4;Code
11:39:21,000 DEBUG DefaultVFS:222 - Find JAR URL: file:/E:/develop/workSpaceSelf/exercise/target/classes/com/zl/mybatis/pojo/QueryVo.class
11:39:21,000 DEBUG DefaultVFS:248 - Not a JAR: file:/E:/develop/workSpaceSelf/exercise/target/classes/com/zl/mybatis/pojo/QueryVo.class
11:39:21,000 DEBUG DefaultVFS:102 - Reader entry: 漱壕&amp;#0;&amp;#0;&amp;#0;4&amp;#0; &amp;#7;&amp;#0;&amp;#2;&amp;#1;&amp;#0;&amp;#27;com/zl/mybatis/pojo/QueryVo&amp;#7;&amp;#0;&amp;#4;&amp;#1;&amp;#0;&amp;#16;java/lang/Object&amp;#1;&amp;#0;&amp;#4;user&amp;#1;&amp;#0;&amp;#26;Lcom/zl/mybatis/pojo/User;&amp;#1;&amp;#0;
11:39:21,001 DEBUG DefaultVFS:222 - Find JAR URL: file:/E:/develop/workSpaceSelf/exercise/target/classes/com/zl/mybatis/pojo/User.class
11:39:21,001 DEBUG DefaultVFS:248 - Not a JAR: file:/E:/develop/workSpaceSelf/exercise/target/classes/com/zl/mybatis/pojo/User.class
11:39:21,002 DEBUG DefaultVFS:102 - Reader entry: 漱壕&amp;#0;&amp;#0;&amp;#0;4&amp;#0;U&amp;#7;&amp;#0;&amp;#2;&amp;#1;&amp;#0;&amp;#24;com/zl/mybatis/pojo/User&amp;#7;&amp;#0;&amp;#4;&amp;#1;&amp;#0;&amp;#16;java/lang/Object&amp;#7;&amp;#0;&amp;#6;&amp;#1;&amp;#0;&amp;#20;java/io/Serializable&amp;#1;&amp;#0;&amp;#2;id&amp;#1;&amp;#0;&amp;#1;I&amp;#1;&amp;#0;&amp;#8;username&amp;#1;&amp;#0;&amp;#18;Ljava/lang/String;&amp;#1;&amp;#0;&amp;#3;sex&amp;#1;&amp;#0;&amp;#8;birthday&amp;#1;&amp;#0;&amp;#16;Ljava/util/Date;&amp;#1;&amp;#0;&amp;#7;address&amp;#1;&amp;#0;&amp;#6;orders&amp;#1;&amp;#0;&amp;#16;Ljava/util/List;&amp;#1;&amp;#0;	Signature&amp;#1;&amp;#0;.Ljava/util/List&lt;Lcom/zl/mybatis/pojo/Orders;&gt;;&amp;#1;&amp;#0;&amp;#6;&lt;init&gt;&amp;#1;&amp;#0;&amp;#3;()V&amp;#1;&amp;#0;&amp;#4;Code
11:39:21,002 DEBUG DefaultVFS:222 - Find JAR URL: file:/E:/develop/workSpaceSelf/exercise/target/classes/com/zl/mybatis/pojo/UserAnswerRecord.class
11:39:21,003 DEBUG DefaultVFS:248 - Not a JAR: file:/E:/develop/workSpaceSelf/exercise/target/classes/com/zl/mybatis/pojo/UserAnswerRecord.class
11:39:21,003 DEBUG DefaultVFS:102 - Reader entry: 漱壕&amp;#0;&amp;#0;&amp;#0;4&amp;#0;?&amp;#7;&amp;#0;&amp;#2;&amp;#1;&amp;#0;$com/zl/mybatis/pojo/UserAnswerRecord&amp;#7;&amp;#0;&amp;#4;&amp;#1;&amp;#0;&amp;#16;java/lang/Object&amp;#1;&amp;#0;&amp;#2;id&amp;#1;&amp;#0;&amp;#18;Ljava/lang/String;&amp;#1;&amp;#0;&amp;#7;eventid&amp;#1;&amp;#0;
11:39:21,004 DEBUG DefaultVFS:222 - Find JAR URL: file:/E:/develop/workSpaceSelf/exercise/target/classes/com/zl/mybatis/pojo/UserCustom.class
11:39:21,004 DEBUG DefaultVFS:248 - Not a JAR: file:/E:/develop/workSpaceSelf/exercise/target/classes/com/zl/mybatis/pojo/UserCustom.class
11:39:21,004 DEBUG DefaultVFS:102 - Reader entry: 漱壕&amp;#0;&amp;#0;&amp;#0;4&amp;#0;&amp;#19;&amp;#7;&amp;#0;&amp;#2;&amp;#1;&amp;#0;&amp;#30;com/zl/mybatis/pojo/UserCustom&amp;#7;&amp;#0;&amp;#4;&amp;#1;&amp;#0;&amp;#24;com/zl/mybatis/pojo/User&amp;#1;&amp;#0;&amp;#14;birthday_start&amp;#1;&amp;#0;&amp;#16;Ljava/util/Date;&amp;#1;&amp;#0;&amp;#12;birthday_end&amp;#1;&amp;#0;&amp;#6;&lt;init&gt;&amp;#1;&amp;#0;&amp;#3;()V&amp;#1;&amp;#0;&amp;#4;Code
11:39:21,005 DEBUG ResolverUtil:256 - Checking to see if class com.zl.mybatis.pojo.Items matches criteria [is assignable to Object]
11:39:21,005 DEBUG ResolverUtil:256 - Checking to see if class com.zl.mybatis.pojo.Orderdetail matches criteria [is assignable to Object]
11:39:21,005 DEBUG ResolverUtil:256 - Checking to see if class com.zl.mybatis.pojo.Orders matches criteria [is assignable to Object]
11:39:21,006 DEBUG ResolverUtil:256 - Checking to see if class com.zl.mybatis.pojo.OrdersCustom matches criteria [is assignable to Object]
11:39:21,006 DEBUG ResolverUtil:256 - Checking to see if class com.zl.mybatis.pojo.QueryVo matches criteria [is assignable to Object]
11:39:21,006 DEBUG ResolverUtil:256 - Checking to see if class com.zl.mybatis.pojo.User matches criteria [is assignable to Object]
11:39:21,006 DEBUG ResolverUtil:256 - Checking to see if class com.zl.mybatis.pojo.UserAnswerRecord matches criteria [is assignable to Object]
11:39:21,006 DEBUG ResolverUtil:256 - Checking to see if class com.zl.mybatis.pojo.UserCustom matches criteria [is assignable to Object]
11:39:21,008 DEBUG LogFactory:135 - Logging initialized using &apos;class org.apache.ibatis.logging.log4j.Log4jImpl&apos; adapter.
11:39:21,009 DEBUG PooledDataSource:316 - PooledDataSource forcefully closed/removed all connections.
11:39:21,009 DEBUG PooledDataSource:316 - PooledDataSource forcefully closed/removed all connections.
11:39:21,009 DEBUG PooledDataSource:316 - PooledDataSource forcefully closed/removed all connections.
11:39:21,009 DEBUG PooledDataSource:316 - PooledDataSource forcefully closed/removed all connections.
11:39:21,010 DEBUG DefaultVFS:222 - Find JAR URL: file:/E:/develop/workSpaceSelf/exercise/target/classes/com/zl/mybatis/dao
11:39:21,010 DEBUG DefaultVFS:248 - Not a JAR: file:/E:/develop/workSpaceSelf/exercise/target/classes/com/zl/mybatis/dao
11:39:21,011 DEBUG DefaultVFS:102 - Reader entry: OrderMapper.class
11:39:21,011 DEBUG DefaultVFS:102 - Reader entry: OrderMapper.xml
11:39:21,011 DEBUG DefaultVFS:102 - Reader entry: OrderResultTypeMapper.class
11:39:21,011 DEBUG DefaultVFS:102 - Reader entry: OrderResultTypeMapper.xml
11:39:21,012 DEBUG DefaultVFS:102 - Reader entry: PromotionMapper.class
11:39:21,012 DEBUG DefaultVFS:102 - Reader entry: PromotionMapper.xml
11:39:21,012 DEBUG DefaultVFS:102 - Reader entry: UserAnswerRecordMapper.class
11:39:21,012 DEBUG DefaultVFS:102 - Reader entry: UserAnswerRecordMapper.xml
11:39:21,013 DEBUG DefaultVFS:102 - Reader entry: UserMapper.class
11:39:21,013 DEBUG DefaultVFS:102 - Reader entry: UserMapper.xml
11:39:21,013 DEBUG DefaultVFS:113 - Listing file:/E:/develop/workSpaceSelf/exercise/target/classes/com/zl/mybatis/dao
11:39:21,013 DEBUG DefaultVFS:222 - Find JAR URL: file:/E:/develop/workSpaceSelf/exercise/target/classes/com/zl/mybatis/dao/OrderMapper.class
11:39:21,013 DEBUG DefaultVFS:248 - Not a JAR: file:/E:/develop/workSpaceSelf/exercise/target/classes/com/zl/mybatis/dao/OrderMapper.class
11:39:21,014 DEBUG DefaultVFS:102 - Reader entry: 漱壕&amp;#0;&amp;#0;&amp;#0;4&amp;#0;&amp;#17;&amp;#7;&amp;#0;&amp;#2;&amp;#1;&amp;#0;&amp;#30;com/zl/mybatis/dao/OrderMapper&amp;#7;&amp;#0;&amp;#4;&amp;#1;&amp;#0;&amp;#16;java/lang/Object&amp;#1;&amp;#0;&amp;#22;findOrderListResultMap&amp;#1;&amp;#0;&amp;#18;()Ljava/util/List;&amp;#1;&amp;#0;
11:39:21,014 DEBUG DefaultVFS:222 - Find JAR URL: file:/E:/develop/workSpaceSelf/exercise/target/classes/com/zl/mybatis/dao/OrderMapper.xml
11:39:21,014 DEBUG DefaultVFS:248 - Not a JAR: file:/E:/develop/workSpaceSelf/exercise/target/classes/com/zl/mybatis/dao/OrderMapper.xml
11:39:21,014 DEBUG DefaultVFS:102 - Reader entry: &lt;?xml version=&quot;1.0&quot; encoding=&quot;UTF-8&quot;?&gt;
11:39:21,015 DEBUG DefaultVFS:222 - Find JAR URL: file:/E:/develop/workSpaceSelf/exercise/target/classes/com/zl/mybatis/dao/OrderResultTypeMapper.class
11:39:21,015 DEBUG DefaultVFS:248 - Not a JAR: file:/E:/develop/workSpaceSelf/exercise/target/classes/com/zl/mybatis/dao/OrderResultTypeMapper.class
11:39:21,015 DEBUG DefaultVFS:102 - Reader entry: 漱壕&amp;#0;&amp;#0;&amp;#0;4&amp;#0;&amp;#14;&amp;#7;&amp;#0;&amp;#2;&amp;#1;&amp;#0;(com/zl/mybatis/dao/OrderResultTypeMapper&amp;#7;&amp;#0;&amp;#4;&amp;#1;&amp;#0;&amp;#16;java/lang/Object&amp;#1;&amp;#0;&amp;#23;findOrderListResultType&amp;#1;&amp;#0;&amp;#18;()Ljava/util/List;&amp;#1;&amp;#0;
11:39:21,015 DEBUG DefaultVFS:222 - Find JAR URL: file:/E:/develop/workSpaceSelf/exercise/target/classes/com/zl/mybatis/dao/OrderResultTypeMapper.xml
11:39:21,015 DEBUG DefaultVFS:248 - Not a JAR: file:/E:/develop/workSpaceSelf/exercise/target/classes/com/zl/mybatis/dao/OrderResultTypeMapper.xml
11:39:21,016 DEBUG DefaultVFS:102 - Reader entry: &lt;?xml version=&quot;1.0&quot; encoding=&quot;UTF-8&quot;?&gt;
11:39:21,016 DEBUG DefaultVFS:222 - Find JAR URL: file:/E:/develop/workSpaceSelf/exercise/target/classes/com/zl/mybatis/dao/PromotionMapper.class
11:39:21,016 DEBUG DefaultVFS:248 - Not a JAR: file:/E:/develop/workSpaceSelf/exercise/target/classes/com/zl/mybatis/dao/PromotionMapper.class
11:39:21,016 DEBUG DefaultVFS:102 - Reader entry: 漱壕&amp;#0;&amp;#0;&amp;#0;4&amp;#0;&amp;#19;&amp;#7;&amp;#0;&amp;#2;&amp;#1;&amp;#0;&quot;com/zl/mybatis/dao/PromotionMapper&amp;#7;&amp;#0;&amp;#4;&amp;#1;&amp;#0;&amp;#16;java/lang/Object&amp;#1;&amp;#0;
11:39:21,017 DEBUG DefaultVFS:222 - Find JAR URL: file:/E:/develop/workSpaceSelf/exercise/target/classes/com/zl/mybatis/dao/PromotionMapper.xml
11:39:21,017 DEBUG DefaultVFS:248 - Not a JAR: file:/E:/develop/workSpaceSelf/exercise/target/classes/com/zl/mybatis/dao/PromotionMapper.xml
11:39:21,017 DEBUG DefaultVFS:102 - Reader entry: &lt;?xml version=&quot;1.0&quot; encoding=&quot;UTF-8&quot;?&gt;
11:39:21,018 DEBUG DefaultVFS:222 - Find JAR URL: file:/E:/develop/workSpaceSelf/exercise/target/classes/com/zl/mybatis/dao/UserAnswerRecordMapper.class
11:39:21,018 DEBUG DefaultVFS:248 - Not a JAR: file:/E:/develop/workSpaceSelf/exercise/target/classes/com/zl/mybatis/dao/UserAnswerRecordMapper.class
11:39:21,018 DEBUG DefaultVFS:102 - Reader entry: 漱壕&amp;#0;&amp;#0;&amp;#0;4&amp;#0;&amp;#20;&amp;#7;&amp;#0;&amp;#2;&amp;#1;&amp;#0;)com/zl/mybatis/dao/UserAnswerRecordMapper&amp;#7;&amp;#0;&amp;#4;&amp;#1;&amp;#0;&amp;#16;java/lang/Object&amp;#1;&amp;#0;&amp;#23;getUserAnswerRecordList&amp;#1;&amp;#0;;(Lcom/zl/mybatis/entity/UserAnswerQueryVo;)Ljava/util/List;&amp;#1;&amp;#0;	Signature&amp;#1;&amp;#0;c(Lcom/zl/mybatis/entity/UserAnswerQueryVo;)Ljava/util/List&lt;Lcom/zl/mybatis/pojo/UserAnswerRecord;&gt;;&amp;#1;&amp;#0;&amp;#22;delAnswerEvertRuleById&amp;#1;&amp;#0;&amp;#21;(Ljava/lang/String;)I&amp;#1;&amp;#0;&amp;#25;selectAnswerEvertRuleById&amp;#1;&amp;#0;$(Ljava/lang/String;)Ljava/util/List;&amp;#1;&amp;#0;9(Ljava/lang/String;)Ljava/util/List&lt;Ljava/lang/Integer;&gt;;&amp;#1;&amp;#0;&amp;#23;delAnswerEventConfnById&amp;#1;&amp;#0;&amp;#24;getUserAnswerRecordList1&amp;#1;&amp;#0;&amp;#15;insertRdoEnitiy&amp;#1;&amp;#0;&apos;(Lcom/zl/mybatis/entity/RdoOrderInfo;)V&amp;#1;&amp;#0;
11:39:21,019 DEBUG DefaultVFS:222 - Find JAR URL: file:/E:/develop/workSpaceSelf/exercise/target/classes/com/zl/mybatis/dao/UserAnswerRecordMapper.xml
11:39:21,019 DEBUG DefaultVFS:248 - Not a JAR: file:/E:/develop/workSpaceSelf/exercise/target/classes/com/zl/mybatis/dao/UserAnswerRecordMapper.xml
11:39:21,019 DEBUG DefaultVFS:102 - Reader entry: &lt;?xml version=&quot;1.0&quot; encoding=&quot;UTF-8&quot;?&gt;
11:39:21,019 DEBUG DefaultVFS:222 - Find JAR URL: file:/E:/develop/workSpaceSelf/exercise/target/classes/com/zl/mybatis/dao/UserMapper.class
11:39:21,019 DEBUG DefaultVFS:248 - Not a JAR: file:/E:/develop/workSpaceSelf/exercise/target/classes/com/zl/mybatis/dao/UserMapper.class
11:39:21,020 DEBUG DefaultVFS:102 - Reader entry: 漱壕&amp;#0;&amp;#0;&amp;#0;4&amp;#0; &amp;#7;&amp;#0;&amp;#2;&amp;#1;&amp;#0;&amp;#29;com/zl/mybatis/dao/UserMapper&amp;#7;&amp;#0;&amp;#4;&amp;#1;&amp;#0;&amp;#16;java/lang/Object&amp;#1;&amp;#0;&amp;#11;getUserById&amp;#1;&amp;#0;&amp;#29;(I)Lcom/zl/mybatis/pojo/User;&amp;#1;&amp;#0;
11:39:21,020 DEBUG DefaultVFS:222 - Find JAR URL: file:/E:/develop/workSpaceSelf/exercise/target/classes/com/zl/mybatis/dao/UserMapper.xml
11:39:21,020 DEBUG DefaultVFS:248 - Not a JAR: file:/E:/develop/workSpaceSelf/exercise/target/classes/com/zl/mybatis/dao/UserMapper.xml
11:39:21,020 DEBUG DefaultVFS:102 - Reader entry: &lt;?xml version=&quot;1.0&quot; encoding=&quot;UTF-8&quot;?&gt;
11:39:21,021 DEBUG ResolverUtil:256 - Checking to see if class com.zl.mybatis.dao.OrderMapper matches criteria [is assignable to Object]
11:39:21,021 DEBUG ResolverUtil:256 - Checking to see if class com.zl.mybatis.dao.OrderResultTypeMapper matches criteria [is assignable to Object]
11:39:21,021 DEBUG ResolverUtil:256 - Checking to see if class com.zl.mybatis.dao.PromotionMapper matches criteria [is assignable to Object]
11:39:21,021 DEBUG ResolverUtil:256 - Checking to see if class com.zl.mybatis.dao.UserAnswerRecordMapper matches criteria [is assignable to Object]
11:39:21,021 DEBUG ResolverUtil:256 - Checking to see if class com.zl.mybatis.dao.UserMapper matches criteria [is assignable to Object]
</system-out>
  </testcase>
  <testcase classname="com.zl.test.sql.OrderDaoTest" name="test24" time="0.071">
    <error message="Could not initialize class org.mybatis.caches.ehcache.EhcacheCache" type="java.lang.NoClassDefFoundError">java.lang.NoClassDefFoundError: Could not initialize class org.mybatis.caches.ehcache.EhcacheCache
	at java.lang.Class.forName0(Native Method)
	at java.lang.Class.forName(Class.java:348)
	at org.apache.ibatis.io.ClassLoaderWrapper.classForName(ClassLoaderWrapper.java:186)
	at org.apache.ibatis.io.ClassLoaderWrapper.classForName(ClassLoaderWrapper.java:89)
	at org.apache.ibatis.io.Resources.classForName(Resources.java:261)
	at org.apache.ibatis.type.TypeAliasRegistry.resolveAlias(TypeAliasRegistry.java:116)
	at org.apache.ibatis.builder.xml.XMLMapperBuilder.cacheElement(XMLMapperBuilder.java:202)
	at org.apache.ibatis.builder.xml.XMLMapperBuilder.configurationElement(XMLMapperBuilder.java:114)
	at org.apache.ibatis.builder.xml.XMLMapperBuilder.parse(XMLMapperBuilder.java:92)
	at org.apache.ibatis.builder.annotation.MapperAnnotationBuilder.loadXmlResource(MapperAnnotationBuilder.java:173)
	at org.apache.ibatis.builder.annotation.MapperAnnotationBuilder.parse(MapperAnnotationBuilder.java:124)
	at org.apache.ibatis.binding.MapperRegistry.addMapper(MapperRegistry.java:72)
	at org.apache.ibatis.binding.MapperRegistry.addMappers(MapperRegistry.java:97)
	at org.apache.ibatis.binding.MapperRegistry.addMappers(MapperRegistry.java:105)
	at org.apache.ibatis.session.Configuration.addMappers(Configuration.java:724)
	at org.apache.ibatis.builder.xml.XMLConfigBuilder.mapperElement(XMLConfigBuilder.java:360)
	at org.apache.ibatis.builder.xml.XMLConfigBuilder.parseConfiguration(XMLConfigBuilder.java:118)
	at org.apache.ibatis.builder.xml.XMLConfigBuilder.parse(XMLConfigBuilder.java:98)
	at org.apache.ibatis.session.SqlSessionFactoryBuilder.build(SqlSessionFactoryBuilder.java:78)
	at org.apache.ibatis.session.SqlSessionFactoryBuilder.build(SqlSessionFactoryBuilder.java:64)
	at com.zl.utils.MyBatisUtils.getnewInstance(MyBatisUtils.java:28)
	at com.zl.test.sql.OrderDaoTest.before(OrderDaoTest.java:44)
	at sun.reflect.NativeMethodAccessorImpl.invoke0(Native Method)
	at sun.reflect.NativeMethodAccessorImpl.invoke(NativeMethodAccessorImpl.java:62)
	at sun.reflect.DelegatingMethodAccessorImpl.invoke(DelegatingMethodAccessorImpl.java:43)
	at java.lang.reflect.Method.invoke(Method.java:498)
	at org.junit.runners.model.FrameworkMethod$1.runReflectiveCall(FrameworkMethod.java:45)
	at org.junit.internal.runners.model.ReflectiveCallable.run(ReflectiveCallable.java:15)
	at org.junit.runners.model.FrameworkMethod.invokeExplosively(FrameworkMethod.java:42)
	at org.junit.internal.runners.statements.RunBefores.evaluate(RunBefores.java:27)
	at org.junit.runners.ParentRunner.runLeaf(ParentRunner.java:263)
	at org.junit.runners.BlockJUnit4ClassRunner.runChild(BlockJUnit4ClassRunner.java:68)
	at org.junit.runners.BlockJUnit4ClassRunner.runChild(BlockJUnit4ClassRunner.java:47)
	at org.junit.runners.ParentRunner$3.run(ParentRunner.java:231)
	at org.junit.runners.ParentRunner$1.schedule(ParentRunner.java:60)
	at org.junit.runners.ParentRunner.runChildren(ParentRunner.java:229)
	at org.junit.runners.ParentRunner.access$000(ParentRunner.java:50)
	at org.junit.runners.ParentRunner$2.evaluate(ParentRunner.java:222)
	at org.junit.runners.ParentRunner.run(ParentRunner.java:300)
	at org.apache.maven.surefire.junit4.JUnit4Provider.execute(JUnit4Provider.java:252)
	at org.apache.maven.surefire.junit4.JUnit4Provider.executeTestSet(JUnit4Provider.java:141)
	at org.apache.maven.surefire.junit4.JUnit4Provider.invoke(JUnit4Provider.java:112)
	at sun.reflect.NativeMethodAccessorImpl.invoke0(Native Method)
	at sun.reflect.NativeMethodAccessorImpl.invoke(NativeMethodAccessorImpl.java:62)
	at sun.reflect.DelegatingMethodAccessorImpl.invoke(DelegatingMethodAccessorImpl.java:43)
	at java.lang.reflect.Method.invoke(Method.java:498)
	at org.apache.maven.surefire.util.ReflectionUtils.invokeMethodWithArray(ReflectionUtils.java:189)
	at org.apache.maven.surefire.booter.ProviderFactory$ProviderProxy.invoke(ProviderFactory.java:165)
	at org.apache.maven.surefire.booter.ProviderFactory.invokeProvider(ProviderFactory.java:85)
	at org.apache.maven.surefire.booter.ForkedBooter.runSuitesInProcess(ForkedBooter.java:115)
	at org.apache.maven.surefire.booter.ForkedBooter.main(ForkedBooter.java:75)
</error>
    <system-out>11:39:21,043 DEBUG DefaultVFS:222 - Find JAR URL: file:/E:/develop/workSpaceSelf/exercise/target/classes/com/zl/mybatis/pojo
11:39:21,044 DEBUG DefaultVFS:248 - Not a JAR: file:/E:/develop/workSpaceSelf/exercise/target/classes/com/zl/mybatis/pojo
11:39:21,044 DEBUG DefaultVFS:102 - Reader entry: Items.class
11:39:21,045 DEBUG DefaultVFS:102 - Reader entry: Orderdetail.class
11:39:21,045 DEBUG DefaultVFS:102 - Reader entry: Orders.class
11:39:21,045 DEBUG DefaultVFS:102 - Reader entry: OrdersCustom.class
11:39:21,045 DEBUG DefaultVFS:102 - Reader entry: QueryVo.class
11:39:21,045 DEBUG DefaultVFS:102 - Reader entry: User.class
11:39:21,046 DEBUG DefaultVFS:102 - Reader entry: UserAnswerRecord.class
11:39:21,046 DEBUG DefaultVFS:102 - Reader entry: UserCustom.class
11:39:21,046 DEBUG DefaultVFS:113 - Listing file:/E:/develop/workSpaceSelf/exercise/target/classes/com/zl/mybatis/pojo
11:39:21,046 DEBUG DefaultVFS:222 - Find JAR URL: file:/E:/develop/workSpaceSelf/exercise/target/classes/com/zl/mybatis/pojo/Items.class
11:39:21,046 DEBUG DefaultVFS:248 - Not a JAR: file:/E:/develop/workSpaceSelf/exercise/target/classes/com/zl/mybatis/pojo/Items.class
11:39:21,047 DEBUG DefaultVFS:102 - Reader entry: 漱壕&amp;#0;&amp;#0;&amp;#0;4&amp;#0;k&amp;#7;&amp;#0;&amp;#2;&amp;#1;&amp;#0;&amp;#25;com/zl/mybatis/pojo/Items&amp;#7;&amp;#0;&amp;#4;&amp;#1;&amp;#0;&amp;#16;java/lang/Object&amp;#7;&amp;#0;&amp;#6;&amp;#1;&amp;#0;&amp;#20;java/io/Serializable&amp;#1;&amp;#0;&amp;#2;id&amp;#1;&amp;#0;&amp;#19;Ljava/lang/Integer;&amp;#1;&amp;#0;&amp;#4;name&amp;#1;&amp;#0;&amp;#18;Ljava/lang/String;&amp;#1;&amp;#0;&amp;#5;price&amp;#1;&amp;#0;&amp;#17;Ljava/lang/Float;&amp;#1;&amp;#0;&amp;#3;pic&amp;#1;&amp;#0;
11:39:21,047 DEBUG DefaultVFS:222 - Find JAR URL: file:/E:/develop/workSpaceSelf/exercise/target/classes/com/zl/mybatis/pojo/Orderdetail.class
11:39:21,047 DEBUG DefaultVFS:248 - Not a JAR: file:/E:/develop/workSpaceSelf/exercise/target/classes/com/zl/mybatis/pojo/Orderdetail.class
11:39:21,048 DEBUG DefaultVFS:102 - Reader entry: 漱壕&amp;#0;&amp;#0;&amp;#0;4&amp;#0;K&amp;#7;&amp;#0;&amp;#2;&amp;#1;&amp;#0;&amp;#31;com/zl/mybatis/pojo/Orderdetail&amp;#7;&amp;#0;&amp;#4;&amp;#1;&amp;#0;&amp;#16;java/lang/Object&amp;#7;&amp;#0;&amp;#6;&amp;#1;&amp;#0;&amp;#20;java/io/Serializable&amp;#1;&amp;#0;&amp;#2;id&amp;#1;&amp;#0;&amp;#19;Ljava/lang/Integer;&amp;#1;&amp;#0;&amp;#8;ordersId&amp;#1;&amp;#0;&amp;#7;itemsId&amp;#1;&amp;#0;&amp;#8;itemsNum&amp;#1;&amp;#0;&amp;#5;items&amp;#1;&amp;#0;&amp;#27;Lcom/zl/mybatis/pojo/Items;&amp;#1;&amp;#0;&amp;#6;&lt;init&gt;&amp;#1;&amp;#0;&amp;#3;()V&amp;#1;&amp;#0;&amp;#4;Code
11:39:21,048 DEBUG DefaultVFS:222 - Find JAR URL: file:/E:/develop/workSpaceSelf/exercise/target/classes/com/zl/mybatis/pojo/Orders.class
11:39:21,048 DEBUG DefaultVFS:248 - Not a JAR: file:/E:/develop/workSpaceSelf/exercise/target/classes/com/zl/mybatis/pojo/Orders.class
11:39:21,048 DEBUG DefaultVFS:102 - Reader entry: 漱壕&amp;#0;&amp;#0;&amp;#0;4&amp;#0;m&amp;#7;&amp;#0;&amp;#2;&amp;#1;&amp;#0;&amp;#26;com/zl/mybatis/pojo/Orders&amp;#7;&amp;#0;&amp;#4;&amp;#1;&amp;#0;&amp;#16;java/lang/Object&amp;#7;&amp;#0;&amp;#6;&amp;#1;&amp;#0;&amp;#20;java/io/Serializable&amp;#1;&amp;#0;&amp;#2;id&amp;#1;&amp;#0;&amp;#19;Ljava/lang/Integer;&amp;#1;&amp;#0;&amp;#6;userId&amp;#1;&amp;#0;&amp;#6;number&amp;#1;&amp;#0;&amp;#18;Ljava/lang/String;&amp;#1;&amp;#0;
11:39:21,049 DEBUG DefaultVFS:222 - Find JAR URL: file:/E:/develop/workSpaceSelf/exercise/target/classes/com/zl/mybatis/pojo/OrdersCustom.class
11:39:21,049 DEBUG DefaultVFS:248 - Not a JAR: file:/E:/develop/workSpaceSelf/exercise/target/classes/com/zl/mybatis/pojo/OrdersCustom.class
11:39:21,050 DEBUG DefaultVFS:102 - Reader entry: 漱壕&amp;#0;&amp;#0;&amp;#0;4&amp;#0;&amp;#29;&amp;#7;&amp;#0;&amp;#2;&amp;#1;&amp;#0; com/zl/mybatis/pojo/OrdersCustom&amp;#7;&amp;#0;&amp;#4;&amp;#1;&amp;#0;&amp;#26;com/zl/mybatis/pojo/Orders&amp;#1;&amp;#0;&amp;#8;username&amp;#1;&amp;#0;&amp;#18;Ljava/lang/String;&amp;#1;&amp;#0;&amp;#7;address&amp;#1;&amp;#0;&amp;#6;&lt;init&gt;&amp;#1;&amp;#0;&amp;#3;()V&amp;#1;&amp;#0;&amp;#4;Code
11:39:21,050 DEBUG DefaultVFS:222 - Find JAR URL: file:/E:/develop/workSpaceSelf/exercise/target/classes/com/zl/mybatis/pojo/QueryVo.class
11:39:21,050 DEBUG DefaultVFS:248 - Not a JAR: file:/E:/develop/workSpaceSelf/exercise/target/classes/com/zl/mybatis/pojo/QueryVo.class
11:39:21,051 DEBUG DefaultVFS:102 - Reader entry: 漱壕&amp;#0;&amp;#0;&amp;#0;4&amp;#0; &amp;#7;&amp;#0;&amp;#2;&amp;#1;&amp;#0;&amp;#27;com/zl/mybatis/pojo/QueryVo&amp;#7;&amp;#0;&amp;#4;&amp;#1;&amp;#0;&amp;#16;java/lang/Object&amp;#1;&amp;#0;&amp;#4;user&amp;#1;&amp;#0;&amp;#26;Lcom/zl/mybatis/pojo/User;&amp;#1;&amp;#0;
11:39:21,052 DEBUG DefaultVFS:222 - Find JAR URL: file:/E:/develop/workSpaceSelf/exercise/target/classes/com/zl/mybatis/pojo/User.class
11:39:21,052 DEBUG DefaultVFS:248 - Not a JAR: file:/E:/develop/workSpaceSelf/exercise/target/classes/com/zl/mybatis/pojo/User.class
11:39:21,053 DEBUG DefaultVFS:102 - Reader entry: 漱壕&amp;#0;&amp;#0;&amp;#0;4&amp;#0;U&amp;#7;&amp;#0;&amp;#2;&amp;#1;&amp;#0;&amp;#24;com/zl/mybatis/pojo/User&amp;#7;&amp;#0;&amp;#4;&amp;#1;&amp;#0;&amp;#16;java/lang/Object&amp;#7;&amp;#0;&amp;#6;&amp;#1;&amp;#0;&amp;#20;java/io/Serializable&amp;#1;&amp;#0;&amp;#2;id&amp;#1;&amp;#0;&amp;#1;I&amp;#1;&amp;#0;&amp;#8;username&amp;#1;&amp;#0;&amp;#18;Ljava/lang/String;&amp;#1;&amp;#0;&amp;#3;sex&amp;#1;&amp;#0;&amp;#8;birthday&amp;#1;&amp;#0;&amp;#16;Ljava/util/Date;&amp;#1;&amp;#0;&amp;#7;address&amp;#1;&amp;#0;&amp;#6;orders&amp;#1;&amp;#0;&amp;#16;Ljava/util/List;&amp;#1;&amp;#0;	Signature&amp;#1;&amp;#0;.Ljava/util/List&lt;Lcom/zl/mybatis/pojo/Orders;&gt;;&amp;#1;&amp;#0;&amp;#6;&lt;init&gt;&amp;#1;&amp;#0;&amp;#3;()V&amp;#1;&amp;#0;&amp;#4;Code
11:39:21,053 DEBUG DefaultVFS:222 - Find JAR URL: file:/E:/develop/workSpaceSelf/exercise/target/classes/com/zl/mybatis/pojo/UserAnswerRecord.class
11:39:21,053 DEBUG DefaultVFS:248 - Not a JAR: file:/E:/develop/workSpaceSelf/exercise/target/classes/com/zl/mybatis/pojo/UserAnswerRecord.class
11:39:21,054 DEBUG DefaultVFS:102 - Reader entry: 漱壕&amp;#0;&amp;#0;&amp;#0;4&amp;#0;?&amp;#7;&amp;#0;&amp;#2;&amp;#1;&amp;#0;$com/zl/mybatis/pojo/UserAnswerRecord&amp;#7;&amp;#0;&amp;#4;&amp;#1;&amp;#0;&amp;#16;java/lang/Object&amp;#1;&amp;#0;&amp;#2;id&amp;#1;&amp;#0;&amp;#18;Ljava/lang/String;&amp;#1;&amp;#0;&amp;#7;eventid&amp;#1;&amp;#0;
11:39:21,054 DEBUG DefaultVFS:222 - Find JAR URL: file:/E:/develop/workSpaceSelf/exercise/target/classes/com/zl/mybatis/pojo/UserCustom.class
11:39:21,055 DEBUG DefaultVFS:248 - Not a JAR: file:/E:/develop/workSpaceSelf/exercise/target/classes/com/zl/mybatis/pojo/UserCustom.class
11:39:21,055 DEBUG DefaultVFS:102 - Reader entry: 漱壕&amp;#0;&amp;#0;&amp;#0;4&amp;#0;&amp;#19;&amp;#7;&amp;#0;&amp;#2;&amp;#1;&amp;#0;&amp;#30;com/zl/mybatis/pojo/UserCustom&amp;#7;&amp;#0;&amp;#4;&amp;#1;&amp;#0;&amp;#24;com/zl/mybatis/pojo/User&amp;#1;&amp;#0;&amp;#14;birthday_start&amp;#1;&amp;#0;&amp;#16;Ljava/util/Date;&amp;#1;&amp;#0;&amp;#12;birthday_end&amp;#1;&amp;#0;&amp;#6;&lt;init&gt;&amp;#1;&amp;#0;&amp;#3;()V&amp;#1;&amp;#0;&amp;#4;Code
11:39:21,056 DEBUG ResolverUtil:256 - Checking to see if class com.zl.mybatis.pojo.Items matches criteria [is assignable to Object]
11:39:21,056 DEBUG ResolverUtil:256 - Checking to see if class com.zl.mybatis.pojo.Orderdetail matches criteria [is assignable to Object]
11:39:21,056 DEBUG ResolverUtil:256 - Checking to see if class com.zl.mybatis.pojo.Orders matches criteria [is assignable to Object]
11:39:21,056 DEBUG ResolverUtil:256 - Checking to see if class com.zl.mybatis.pojo.OrdersCustom matches criteria [is assignable to Object]
11:39:21,057 DEBUG ResolverUtil:256 - Checking to see if class com.zl.mybatis.pojo.QueryVo matches criteria [is assignable to Object]
11:39:21,057 DEBUG ResolverUtil:256 - Checking to see if class com.zl.mybatis.pojo.User matches criteria [is assignable to Object]
11:39:21,057 DEBUG ResolverUtil:256 - Checking to see if class com.zl.mybatis.pojo.UserAnswerRecord matches criteria [is assignable to Object]
11:39:21,057 DEBUG ResolverUtil:256 - Checking to see if class com.zl.mybatis.pojo.UserCustom matches criteria [is assignable to Object]
11:39:21,059 DEBUG LogFactory:135 - Logging initialized using &apos;class org.apache.ibatis.logging.log4j.Log4jImpl&apos; adapter.
11:39:21,060 DEBUG PooledDataSource:316 - PooledDataSource forcefully closed/removed all connections.
11:39:21,060 DEBUG PooledDataSource:316 - PooledDataSource forcefully closed/removed all connections.
11:39:21,061 DEBUG PooledDataSource:316 - PooledDataSource forcefully closed/removed all connections.
11:39:21,061 DEBUG PooledDataSource:316 - PooledDataSource forcefully closed/removed all connections.
11:39:21,061 DEBUG DefaultVFS:222 - Find JAR URL: file:/E:/develop/workSpaceSelf/exercise/target/classes/com/zl/mybatis/dao
11:39:21,062 DEBUG DefaultVFS:248 - Not a JAR: file:/E:/develop/workSpaceSelf/exercise/target/classes/com/zl/mybatis/dao
11:39:21,062 DEBUG DefaultVFS:102 - Reader entry: OrderMapper.class
11:39:21,062 DEBUG DefaultVFS:102 - Reader entry: OrderMapper.xml
11:39:21,063 DEBUG DefaultVFS:102 - Reader entry: OrderResultTypeMapper.class
11:39:21,063 DEBUG DefaultVFS:102 - Reader entry: OrderResultTypeMapper.xml
11:39:21,063 DEBUG DefaultVFS:102 - Reader entry: PromotionMapper.class
11:39:21,063 DEBUG DefaultVFS:102 - Reader entry: PromotionMapper.xml
11:39:21,063 DEBUG DefaultVFS:102 - Reader entry: UserAnswerRecordMapper.class
11:39:21,064 DEBUG DefaultVFS:102 - Reader entry: UserAnswerRecordMapper.xml
11:39:21,064 DEBUG DefaultVFS:102 - Reader entry: UserMapper.class
11:39:21,065 DEBUG DefaultVFS:102 - Reader entry: UserMapper.xml
11:39:21,065 DEBUG DefaultVFS:113 - Listing file:/E:/develop/workSpaceSelf/exercise/target/classes/com/zl/mybatis/dao
11:39:21,065 DEBUG DefaultVFS:222 - Find JAR URL: file:/E:/develop/workSpaceSelf/exercise/target/classes/com/zl/mybatis/dao/OrderMapper.class
11:39:21,065 DEBUG DefaultVFS:248 - Not a JAR: file:/E:/develop/workSpaceSelf/exercise/target/classes/com/zl/mybatis/dao/OrderMapper.class
11:39:21,066 DEBUG DefaultVFS:102 - Reader entry: 漱壕&amp;#0;&amp;#0;&amp;#0;4&amp;#0;&amp;#17;&amp;#7;&amp;#0;&amp;#2;&amp;#1;&amp;#0;&amp;#30;com/zl/mybatis/dao/OrderMapper&amp;#7;&amp;#0;&amp;#4;&amp;#1;&amp;#0;&amp;#16;java/lang/Object&amp;#1;&amp;#0;&amp;#22;findOrderListResultMap&amp;#1;&amp;#0;&amp;#18;()Ljava/util/List;&amp;#1;&amp;#0;
11:39:21,066 DEBUG DefaultVFS:222 - Find JAR URL: file:/E:/develop/workSpaceSelf/exercise/target/classes/com/zl/mybatis/dao/OrderMapper.xml
11:39:21,066 DEBUG DefaultVFS:248 - Not a JAR: file:/E:/develop/workSpaceSelf/exercise/target/classes/com/zl/mybatis/dao/OrderMapper.xml
11:39:21,066 DEBUG DefaultVFS:102 - Reader entry: &lt;?xml version=&quot;1.0&quot; encoding=&quot;UTF-8&quot;?&gt;
11:39:21,067 DEBUG DefaultVFS:222 - Find JAR URL: file:/E:/develop/workSpaceSelf/exercise/target/classes/com/zl/mybatis/dao/OrderResultTypeMapper.class
11:39:21,067 DEBUG DefaultVFS:248 - Not a JAR: file:/E:/develop/workSpaceSelf/exercise/target/classes/com/zl/mybatis/dao/OrderResultTypeMapper.class
11:39:21,068 DEBUG DefaultVFS:102 - Reader entry: 漱壕&amp;#0;&amp;#0;&amp;#0;4&amp;#0;&amp;#14;&amp;#7;&amp;#0;&amp;#2;&amp;#1;&amp;#0;(com/zl/mybatis/dao/OrderResultTypeMapper&amp;#7;&amp;#0;&amp;#4;&amp;#1;&amp;#0;&amp;#16;java/lang/Object&amp;#1;&amp;#0;&amp;#23;findOrderListResultType&amp;#1;&amp;#0;&amp;#18;()Ljava/util/List;&amp;#1;&amp;#0;
11:39:21,068 DEBUG DefaultVFS:222 - Find JAR URL: file:/E:/develop/workSpaceSelf/exercise/target/classes/com/zl/mybatis/dao/OrderResultTypeMapper.xml
11:39:21,069 DEBUG DefaultVFS:248 - Not a JAR: file:/E:/develop/workSpaceSelf/exercise/target/classes/com/zl/mybatis/dao/OrderResultTypeMapper.xml
11:39:21,069 DEBUG DefaultVFS:102 - Reader entry: &lt;?xml version=&quot;1.0&quot; encoding=&quot;UTF-8&quot;?&gt;
11:39:21,070 DEBUG DefaultVFS:222 - Find JAR URL: file:/E:/develop/workSpaceSelf/exercise/target/classes/com/zl/mybatis/dao/PromotionMapper.class
11:39:21,070 DEBUG DefaultVFS:248 - Not a JAR: file:/E:/develop/workSpaceSelf/exercise/target/classes/com/zl/mybatis/dao/PromotionMapper.class
11:39:21,070 DEBUG DefaultVFS:102 - Reader entry: 漱壕&amp;#0;&amp;#0;&amp;#0;4&amp;#0;&amp;#19;&amp;#7;&amp;#0;&amp;#2;&amp;#1;&amp;#0;&quot;com/zl/mybatis/dao/PromotionMapper&amp;#7;&amp;#0;&amp;#4;&amp;#1;&amp;#0;&amp;#16;java/lang/Object&amp;#1;&amp;#0;
11:39:21,071 DEBUG DefaultVFS:222 - Find JAR URL: file:/E:/develop/workSpaceSelf/exercise/target/classes/com/zl/mybatis/dao/PromotionMapper.xml
11:39:21,071 DEBUG DefaultVFS:248 - Not a JAR: file:/E:/develop/workSpaceSelf/exercise/target/classes/com/zl/mybatis/dao/PromotionMapper.xml
11:39:21,071 DEBUG DefaultVFS:102 - Reader entry: &lt;?xml version=&quot;1.0&quot; encoding=&quot;UTF-8&quot;?&gt;
11:39:21,072 DEBUG DefaultVFS:222 - Find JAR URL: file:/E:/develop/workSpaceSelf/exercise/target/classes/com/zl/mybatis/dao/UserAnswerRecordMapper.class
11:39:21,072 DEBUG DefaultVFS:248 - Not a JAR: file:/E:/develop/workSpaceSelf/exercise/target/classes/com/zl/mybatis/dao/UserAnswerRecordMapper.class
11:39:21,072 DEBUG DefaultVFS:102 - Reader entry: 漱壕&amp;#0;&amp;#0;&amp;#0;4&amp;#0;&amp;#20;&amp;#7;&amp;#0;&amp;#2;&amp;#1;&amp;#0;)com/zl/mybatis/dao/UserAnswerRecordMapper&amp;#7;&amp;#0;&amp;#4;&amp;#1;&amp;#0;&amp;#16;java/lang/Object&amp;#1;&amp;#0;&amp;#23;getUserAnswerRecordList&amp;#1;&amp;#0;;(Lcom/zl/mybatis/entity/UserAnswerQueryVo;)Ljava/util/List;&amp;#1;&amp;#0;	Signature&amp;#1;&amp;#0;c(Lcom/zl/mybatis/entity/UserAnswerQueryVo;)Ljava/util/List&lt;Lcom/zl/mybatis/pojo/UserAnswerRecord;&gt;;&amp;#1;&amp;#0;&amp;#22;delAnswerEvertRuleById&amp;#1;&amp;#0;&amp;#21;(Ljava/lang/String;)I&amp;#1;&amp;#0;&amp;#25;selectAnswerEvertRuleById&amp;#1;&amp;#0;$(Ljava/lang/String;)Ljava/util/List;&amp;#1;&amp;#0;9(Ljava/lang/String;)Ljava/util/List&lt;Ljava/lang/Integer;&gt;;&amp;#1;&amp;#0;&amp;#23;delAnswerEventConfnById&amp;#1;&amp;#0;&amp;#24;getUserAnswerRecordList1&amp;#1;&amp;#0;&amp;#15;insertRdoEnitiy&amp;#1;&amp;#0;&apos;(Lcom/zl/mybatis/entity/RdoOrderInfo;)V&amp;#1;&amp;#0;
11:39:21,073 DEBUG DefaultVFS:222 - Find JAR URL: file:/E:/develop/workSpaceSelf/exercise/target/classes/com/zl/mybatis/dao/UserAnswerRecordMapper.xml
11:39:21,073 DEBUG DefaultVFS:248 - Not a JAR: file:/E:/develop/workSpaceSelf/exercise/target/classes/com/zl/mybatis/dao/UserAnswerRecordMapper.xml
11:39:21,073 DEBUG DefaultVFS:102 - Reader entry: &lt;?xml version=&quot;1.0&quot; encoding=&quot;UTF-8&quot;?&gt;
11:39:21,074 DEBUG DefaultVFS:222 - Find JAR URL: file:/E:/develop/workSpaceSelf/exercise/target/classes/com/zl/mybatis/dao/UserMapper.class
11:39:21,074 DEBUG DefaultVFS:248 - Not a JAR: file:/E:/develop/workSpaceSelf/exercise/target/classes/com/zl/mybatis/dao/UserMapper.class
11:39:21,074 DEBUG DefaultVFS:102 - Reader entry: 漱壕&amp;#0;&amp;#0;&amp;#0;4&amp;#0; &amp;#7;&amp;#0;&amp;#2;&amp;#1;&amp;#0;&amp;#29;com/zl/mybatis/dao/UserMapper&amp;#7;&amp;#0;&amp;#4;&amp;#1;&amp;#0;&amp;#16;java/lang/Object&amp;#1;&amp;#0;&amp;#11;getUserById&amp;#1;&amp;#0;&amp;#29;(I)Lcom/zl/mybatis/pojo/User;&amp;#1;&amp;#0;
11:39:21,075 DEBUG DefaultVFS:222 - Find JAR URL: file:/E:/develop/workSpaceSelf/exercise/target/classes/com/zl/mybatis/dao/UserMapper.xml
11:39:21,075 DEBUG DefaultVFS:248 - Not a JAR: file:/E:/develop/workSpaceSelf/exercise/target/classes/com/zl/mybatis/dao/UserMapper.xml
11:39:21,075 DEBUG DefaultVFS:102 - Reader entry: &lt;?xml version=&quot;1.0&quot; encoding=&quot;UTF-8&quot;?&gt;
11:39:21,076 DEBUG ResolverUtil:256 - Checking to see if class com.zl.mybatis.dao.OrderMapper matches criteria [is assignable to Object]
11:39:21,076 DEBUG ResolverUtil:256 - Checking to see if class com.zl.mybatis.dao.OrderResultTypeMapper matches criteria [is assignable to Object]
11:39:21,076 DEBUG ResolverUtil:256 - Checking to see if class com.zl.mybatis.dao.PromotionMapper matches criteria [is assignable to Object]
11:39:21,077 DEBUG ResolverUtil:256 - Checking to see if class com.zl.mybatis.dao.UserAnswerRecordMapper matches criteria [is assignable to Object]
11:39:21,077 DEBUG ResolverUtil:256 - Checking to see if class com.zl.mybatis.dao.UserMapper matches criteria [is assignable to Object]
</system-out>
  </testcase>
  <testcase classname="com.zl.test.sql.OrderDaoTest" name="test26" time="0.081">
    <error message="Could not initialize class org.mybatis.caches.ehcache.EhcacheCache" type="java.lang.NoClassDefFoundError">java.lang.NoClassDefFoundError: Could not initialize class org.mybatis.caches.ehcache.EhcacheCache
	at java.lang.Class.forName0(Native Method)
	at java.lang.Class.forName(Class.java:348)
	at org.apache.ibatis.io.ClassLoaderWrapper.classForName(ClassLoaderWrapper.java:186)
	at org.apache.ibatis.io.ClassLoaderWrapper.classForName(ClassLoaderWrapper.java:89)
	at org.apache.ibatis.io.Resources.classForName(Resources.java:261)
	at org.apache.ibatis.type.TypeAliasRegistry.resolveAlias(TypeAliasRegistry.java:116)
	at org.apache.ibatis.builder.xml.XMLMapperBuilder.cacheElement(XMLMapperBuilder.java:202)
	at org.apache.ibatis.builder.xml.XMLMapperBuilder.configurationElement(XMLMapperBuilder.java:114)
	at org.apache.ibatis.builder.xml.XMLMapperBuilder.parse(XMLMapperBuilder.java:92)
	at org.apache.ibatis.builder.annotation.MapperAnnotationBuilder.loadXmlResource(MapperAnnotationBuilder.java:173)
	at org.apache.ibatis.builder.annotation.MapperAnnotationBuilder.parse(MapperAnnotationBuilder.java:124)
	at org.apache.ibatis.binding.MapperRegistry.addMapper(MapperRegistry.java:72)
	at org.apache.ibatis.binding.MapperRegistry.addMappers(MapperRegistry.java:97)
	at org.apache.ibatis.binding.MapperRegistry.addMappers(MapperRegistry.java:105)
	at org.apache.ibatis.session.Configuration.addMappers(Configuration.java:724)
	at org.apache.ibatis.builder.xml.XMLConfigBuilder.mapperElement(XMLConfigBuilder.java:360)
	at org.apache.ibatis.builder.xml.XMLConfigBuilder.parseConfiguration(XMLConfigBuilder.java:118)
	at org.apache.ibatis.builder.xml.XMLConfigBuilder.parse(XMLConfigBuilder.java:98)
	at org.apache.ibatis.session.SqlSessionFactoryBuilder.build(SqlSessionFactoryBuilder.java:78)
	at org.apache.ibatis.session.SqlSessionFactoryBuilder.build(SqlSessionFactoryBuilder.java:64)
	at com.zl.utils.MyBatisUtils.getnewInstance(MyBatisUtils.java:28)
	at com.zl.test.sql.OrderDaoTest.before(OrderDaoTest.java:44)
	at sun.reflect.NativeMethodAccessorImpl.invoke0(Native Method)
	at sun.reflect.NativeMethodAccessorImpl.invoke(NativeMethodAccessorImpl.java:62)
	at sun.reflect.DelegatingMethodAccessorImpl.invoke(DelegatingMethodAccessorImpl.java:43)
	at java.lang.reflect.Method.invoke(Method.java:498)
	at org.junit.runners.model.FrameworkMethod$1.runReflectiveCall(FrameworkMethod.java:45)
	at org.junit.internal.runners.model.ReflectiveCallable.run(ReflectiveCallable.java:15)
	at org.junit.runners.model.FrameworkMethod.invokeExplosively(FrameworkMethod.java:42)
	at org.junit.internal.runners.statements.RunBefores.evaluate(RunBefores.java:27)
	at org.junit.runners.ParentRunner.runLeaf(ParentRunner.java:263)
	at org.junit.runners.BlockJUnit4ClassRunner.runChild(BlockJUnit4ClassRunner.java:68)
	at org.junit.runners.BlockJUnit4ClassRunner.runChild(BlockJUnit4ClassRunner.java:47)
	at org.junit.runners.ParentRunner$3.run(ParentRunner.java:231)
	at org.junit.runners.ParentRunner$1.schedule(ParentRunner.java:60)
	at org.junit.runners.ParentRunner.runChildren(ParentRunner.java:229)
	at org.junit.runners.ParentRunner.access$000(ParentRunner.java:50)
	at org.junit.runners.ParentRunner$2.evaluate(ParentRunner.java:222)
	at org.junit.runners.ParentRunner.run(ParentRunner.java:300)
	at org.apache.maven.surefire.junit4.JUnit4Provider.execute(JUnit4Provider.java:252)
	at org.apache.maven.surefire.junit4.JUnit4Provider.executeTestSet(JUnit4Provider.java:141)
	at org.apache.maven.surefire.junit4.JUnit4Provider.invoke(JUnit4Provider.java:112)
	at sun.reflect.NativeMethodAccessorImpl.invoke0(Native Method)
	at sun.reflect.NativeMethodAccessorImpl.invoke(NativeMethodAccessorImpl.java:62)
	at sun.reflect.DelegatingMethodAccessorImpl.invoke(DelegatingMethodAccessorImpl.java:43)
	at java.lang.reflect.Method.invoke(Method.java:498)
	at org.apache.maven.surefire.util.ReflectionUtils.invokeMethodWithArray(ReflectionUtils.java:189)
	at org.apache.maven.surefire.booter.ProviderFactory$ProviderProxy.invoke(ProviderFactory.java:165)
	at org.apache.maven.surefire.booter.ProviderFactory.invokeProvider(ProviderFactory.java:85)
	at org.apache.maven.surefire.booter.ForkedBooter.runSuitesInProcess(ForkedBooter.java:115)
	at org.apache.maven.surefire.booter.ForkedBooter.main(ForkedBooter.java:75)
</error>
    <system-out>11:39:21,109 DEBUG DefaultVFS:222 - Find JAR URL: file:/E:/develop/workSpaceSelf/exercise/target/classes/com/zl/mybatis/pojo
11:39:21,110 DEBUG DefaultVFS:248 - Not a JAR: file:/E:/develop/workSpaceSelf/exercise/target/classes/com/zl/mybatis/pojo
11:39:21,110 DEBUG DefaultVFS:102 - Reader entry: Items.class
11:39:21,111 DEBUG DefaultVFS:102 - Reader entry: Orderdetail.class
11:39:21,112 DEBUG DefaultVFS:102 - Reader entry: Orders.class
11:39:21,112 DEBUG DefaultVFS:102 - Reader entry: OrdersCustom.class
11:39:21,113 DEBUG DefaultVFS:102 - Reader entry: QueryVo.class
11:39:21,113 DEBUG DefaultVFS:102 - Reader entry: User.class
11:39:21,114 DEBUG DefaultVFS:102 - Reader entry: UserAnswerRecord.class
11:39:21,114 DEBUG DefaultVFS:102 - Reader entry: UserCustom.class
11:39:21,114 DEBUG DefaultVFS:113 - Listing file:/E:/develop/workSpaceSelf/exercise/target/classes/com/zl/mybatis/pojo
11:39:21,115 DEBUG DefaultVFS:222 - Find JAR URL: file:/E:/develop/workSpaceSelf/exercise/target/classes/com/zl/mybatis/pojo/Items.class
11:39:21,115 DEBUG DefaultVFS:248 - Not a JAR: file:/E:/develop/workSpaceSelf/exercise/target/classes/com/zl/mybatis/pojo/Items.class
11:39:21,115 DEBUG DefaultVFS:102 - Reader entry: 漱壕&amp;#0;&amp;#0;&amp;#0;4&amp;#0;k&amp;#7;&amp;#0;&amp;#2;&amp;#1;&amp;#0;&amp;#25;com/zl/mybatis/pojo/Items&amp;#7;&amp;#0;&amp;#4;&amp;#1;&amp;#0;&amp;#16;java/lang/Object&amp;#7;&amp;#0;&amp;#6;&amp;#1;&amp;#0;&amp;#20;java/io/Serializable&amp;#1;&amp;#0;&amp;#2;id&amp;#1;&amp;#0;&amp;#19;Ljava/lang/Integer;&amp;#1;&amp;#0;&amp;#4;name&amp;#1;&amp;#0;&amp;#18;Ljava/lang/String;&amp;#1;&amp;#0;&amp;#5;price&amp;#1;&amp;#0;&amp;#17;Ljava/lang/Float;&amp;#1;&amp;#0;&amp;#3;pic&amp;#1;&amp;#0;
11:39:21,116 DEBUG DefaultVFS:222 - Find JAR URL: file:/E:/develop/workSpaceSelf/exercise/target/classes/com/zl/mybatis/pojo/Orderdetail.class
11:39:21,116 DEBUG DefaultVFS:248 - Not a JAR: file:/E:/develop/workSpaceSelf/exercise/target/classes/com/zl/mybatis/pojo/Orderdetail.class
11:39:21,117 DEBUG DefaultVFS:102 - Reader entry: 漱壕&amp;#0;&amp;#0;&amp;#0;4&amp;#0;K&amp;#7;&amp;#0;&amp;#2;&amp;#1;&amp;#0;&amp;#31;com/zl/mybatis/pojo/Orderdetail&amp;#7;&amp;#0;&amp;#4;&amp;#1;&amp;#0;&amp;#16;java/lang/Object&amp;#7;&amp;#0;&amp;#6;&amp;#1;&amp;#0;&amp;#20;java/io/Serializable&amp;#1;&amp;#0;&amp;#2;id&amp;#1;&amp;#0;&amp;#19;Ljava/lang/Integer;&amp;#1;&amp;#0;&amp;#8;ordersId&amp;#1;&amp;#0;&amp;#7;itemsId&amp;#1;&amp;#0;&amp;#8;itemsNum&amp;#1;&amp;#0;&amp;#5;items&amp;#1;&amp;#0;&amp;#27;Lcom/zl/mybatis/pojo/Items;&amp;#1;&amp;#0;&amp;#6;&lt;init&gt;&amp;#1;&amp;#0;&amp;#3;()V&amp;#1;&amp;#0;&amp;#4;Code
11:39:21,117 DEBUG DefaultVFS:222 - Find JAR URL: file:/E:/develop/workSpaceSelf/exercise/target/classes/com/zl/mybatis/pojo/Orders.class
11:39:21,117 DEBUG DefaultVFS:248 - Not a JAR: file:/E:/develop/workSpaceSelf/exercise/target/classes/com/zl/mybatis/pojo/Orders.class
11:39:21,118 DEBUG DefaultVFS:102 - Reader entry: 漱壕&amp;#0;&amp;#0;&amp;#0;4&amp;#0;m&amp;#7;&amp;#0;&amp;#2;&amp;#1;&amp;#0;&amp;#26;com/zl/mybatis/pojo/Orders&amp;#7;&amp;#0;&amp;#4;&amp;#1;&amp;#0;&amp;#16;java/lang/Object&amp;#7;&amp;#0;&amp;#6;&amp;#1;&amp;#0;&amp;#20;java/io/Serializable&amp;#1;&amp;#0;&amp;#2;id&amp;#1;&amp;#0;&amp;#19;Ljava/lang/Integer;&amp;#1;&amp;#0;&amp;#6;userId&amp;#1;&amp;#0;&amp;#6;number&amp;#1;&amp;#0;&amp;#18;Ljava/lang/String;&amp;#1;&amp;#0;
11:39:21,119 DEBUG DefaultVFS:222 - Find JAR URL: file:/E:/develop/workSpaceSelf/exercise/target/classes/com/zl/mybatis/pojo/OrdersCustom.class
11:39:21,119 DEBUG DefaultVFS:248 - Not a JAR: file:/E:/develop/workSpaceSelf/exercise/target/classes/com/zl/mybatis/pojo/OrdersCustom.class
11:39:21,119 DEBUG DefaultVFS:102 - Reader entry: 漱壕&amp;#0;&amp;#0;&amp;#0;4&amp;#0;&amp;#29;&amp;#7;&amp;#0;&amp;#2;&amp;#1;&amp;#0; com/zl/mybatis/pojo/OrdersCustom&amp;#7;&amp;#0;&amp;#4;&amp;#1;&amp;#0;&amp;#26;com/zl/mybatis/pojo/Orders&amp;#1;&amp;#0;&amp;#8;username&amp;#1;&amp;#0;&amp;#18;Ljava/lang/String;&amp;#1;&amp;#0;&amp;#7;address&amp;#1;&amp;#0;&amp;#6;&lt;init&gt;&amp;#1;&amp;#0;&amp;#3;()V&amp;#1;&amp;#0;&amp;#4;Code
11:39:21,120 DEBUG DefaultVFS:222 - Find JAR URL: file:/E:/develop/workSpaceSelf/exercise/target/classes/com/zl/mybatis/pojo/QueryVo.class
11:39:21,120 DEBUG DefaultVFS:248 - Not a JAR: file:/E:/develop/workSpaceSelf/exercise/target/classes/com/zl/mybatis/pojo/QueryVo.class
11:39:21,127 DEBUG DefaultVFS:102 - Reader entry: 漱壕&amp;#0;&amp;#0;&amp;#0;4&amp;#0; &amp;#7;&amp;#0;&amp;#2;&amp;#1;&amp;#0;&amp;#27;com/zl/mybatis/pojo/QueryVo&amp;#7;&amp;#0;&amp;#4;&amp;#1;&amp;#0;&amp;#16;java/lang/Object&amp;#1;&amp;#0;&amp;#4;user&amp;#1;&amp;#0;&amp;#26;Lcom/zl/mybatis/pojo/User;&amp;#1;&amp;#0;
11:39:21,127 DEBUG DefaultVFS:222 - Find JAR URL: file:/E:/develop/workSpaceSelf/exercise/target/classes/com/zl/mybatis/pojo/User.class
11:39:21,128 DEBUG DefaultVFS:248 - Not a JAR: file:/E:/develop/workSpaceSelf/exercise/target/classes/com/zl/mybatis/pojo/User.class
11:39:21,128 DEBUG DefaultVFS:102 - Reader entry: 漱壕&amp;#0;&amp;#0;&amp;#0;4&amp;#0;U&amp;#7;&amp;#0;&amp;#2;&amp;#1;&amp;#0;&amp;#24;com/zl/mybatis/pojo/User&amp;#7;&amp;#0;&amp;#4;&amp;#1;&amp;#0;&amp;#16;java/lang/Object&amp;#7;&amp;#0;&amp;#6;&amp;#1;&amp;#0;&amp;#20;java/io/Serializable&amp;#1;&amp;#0;&amp;#2;id&amp;#1;&amp;#0;&amp;#1;I&amp;#1;&amp;#0;&amp;#8;username&amp;#1;&amp;#0;&amp;#18;Ljava/lang/String;&amp;#1;&amp;#0;&amp;#3;sex&amp;#1;&amp;#0;&amp;#8;birthday&amp;#1;&amp;#0;&amp;#16;Ljava/util/Date;&amp;#1;&amp;#0;&amp;#7;address&amp;#1;&amp;#0;&amp;#6;orders&amp;#1;&amp;#0;&amp;#16;Ljava/util/List;&amp;#1;&amp;#0;	Signature&amp;#1;&amp;#0;.Ljava/util/List&lt;Lcom/zl/mybatis/pojo/Orders;&gt;;&amp;#1;&amp;#0;&amp;#6;&lt;init&gt;&amp;#1;&amp;#0;&amp;#3;()V&amp;#1;&amp;#0;&amp;#4;Code
11:39:21,129 DEBUG DefaultVFS:222 - Find JAR URL: file:/E:/develop/workSpaceSelf/exercise/target/classes/com/zl/mybatis/pojo/UserAnswerRecord.class
11:39:21,129 DEBUG DefaultVFS:248 - Not a JAR: file:/E:/develop/workSpaceSelf/exercise/target/classes/com/zl/mybatis/pojo/UserAnswerRecord.class
11:39:21,130 DEBUG DefaultVFS:102 - Reader entry: 漱壕&amp;#0;&amp;#0;&amp;#0;4&amp;#0;?&amp;#7;&amp;#0;&amp;#2;&amp;#1;&amp;#0;$com/zl/mybatis/pojo/UserAnswerRecord&amp;#7;&amp;#0;&amp;#4;&amp;#1;&amp;#0;&amp;#16;java/lang/Object&amp;#1;&amp;#0;&amp;#2;id&amp;#1;&amp;#0;&amp;#18;Ljava/lang/String;&amp;#1;&amp;#0;&amp;#7;eventid&amp;#1;&amp;#0;
11:39:21,130 DEBUG DefaultVFS:222 - Find JAR URL: file:/E:/develop/workSpaceSelf/exercise/target/classes/com/zl/mybatis/pojo/UserCustom.class
11:39:21,131 DEBUG DefaultVFS:248 - Not a JAR: file:/E:/develop/workSpaceSelf/exercise/target/classes/com/zl/mybatis/pojo/UserCustom.class
11:39:21,131 DEBUG DefaultVFS:102 - Reader entry: 漱壕&amp;#0;&amp;#0;&amp;#0;4&amp;#0;&amp;#19;&amp;#7;&amp;#0;&amp;#2;&amp;#1;&amp;#0;&amp;#30;com/zl/mybatis/pojo/UserCustom&amp;#7;&amp;#0;&amp;#4;&amp;#1;&amp;#0;&amp;#24;com/zl/mybatis/pojo/User&amp;#1;&amp;#0;&amp;#14;birthday_start&amp;#1;&amp;#0;&amp;#16;Ljava/util/Date;&amp;#1;&amp;#0;&amp;#12;birthday_end&amp;#1;&amp;#0;&amp;#6;&lt;init&gt;&amp;#1;&amp;#0;&amp;#3;()V&amp;#1;&amp;#0;&amp;#4;Code
11:39:21,132 DEBUG ResolverUtil:256 - Checking to see if class com.zl.mybatis.pojo.Items matches criteria [is assignable to Object]
11:39:21,132 DEBUG ResolverUtil:256 - Checking to see if class com.zl.mybatis.pojo.Orderdetail matches criteria [is assignable to Object]
11:39:21,132 DEBUG ResolverUtil:256 - Checking to see if class com.zl.mybatis.pojo.Orders matches criteria [is assignable to Object]
11:39:21,133 DEBUG ResolverUtil:256 - Checking to see if class com.zl.mybatis.pojo.OrdersCustom matches criteria [is assignable to Object]
11:39:21,133 DEBUG ResolverUtil:256 - Checking to see if class com.zl.mybatis.pojo.QueryVo matches criteria [is assignable to Object]
11:39:21,133 DEBUG ResolverUtil:256 - Checking to see if class com.zl.mybatis.pojo.User matches criteria [is assignable to Object]
11:39:21,133 DEBUG ResolverUtil:256 - Checking to see if class com.zl.mybatis.pojo.UserAnswerRecord matches criteria [is assignable to Object]
11:39:21,134 DEBUG ResolverUtil:256 - Checking to see if class com.zl.mybatis.pojo.UserCustom matches criteria [is assignable to Object]
11:39:21,136 DEBUG LogFactory:135 - Logging initialized using &apos;class org.apache.ibatis.logging.log4j.Log4jImpl&apos; adapter.
11:39:21,137 DEBUG PooledDataSource:316 - PooledDataSource forcefully closed/removed all connections.
11:39:21,138 DEBUG PooledDataSource:316 - PooledDataSource forcefully closed/removed all connections.
11:39:21,138 DEBUG PooledDataSource:316 - PooledDataSource forcefully closed/removed all connections.
11:39:21,138 DEBUG PooledDataSource:316 - PooledDataSource forcefully closed/removed all connections.
11:39:21,139 DEBUG DefaultVFS:222 - Find JAR URL: file:/E:/develop/workSpaceSelf/exercise/target/classes/com/zl/mybatis/dao
11:39:21,140 DEBUG DefaultVFS:248 - Not a JAR: file:/E:/develop/workSpaceSelf/exercise/target/classes/com/zl/mybatis/dao
11:39:21,141 DEBUG DefaultVFS:102 - Reader entry: OrderMapper.class
11:39:21,141 DEBUG DefaultVFS:102 - Reader entry: OrderMapper.xml
11:39:21,142 DEBUG DefaultVFS:102 - Reader entry: OrderResultTypeMapper.class
11:39:21,142 DEBUG DefaultVFS:102 - Reader entry: OrderResultTypeMapper.xml
11:39:21,143 DEBUG DefaultVFS:102 - Reader entry: PromotionMapper.class
11:39:21,143 DEBUG DefaultVFS:102 - Reader entry: PromotionMapper.xml
11:39:21,144 DEBUG DefaultVFS:102 - Reader entry: UserAnswerRecordMapper.class
11:39:21,144 DEBUG DefaultVFS:102 - Reader entry: UserAnswerRecordMapper.xml
11:39:21,144 DEBUG DefaultVFS:102 - Reader entry: UserMapper.class
11:39:21,145 DEBUG DefaultVFS:102 - Reader entry: UserMapper.xml
11:39:21,145 DEBUG DefaultVFS:113 - Listing file:/E:/develop/workSpaceSelf/exercise/target/classes/com/zl/mybatis/dao
11:39:21,145 DEBUG DefaultVFS:222 - Find JAR URL: file:/E:/develop/workSpaceSelf/exercise/target/classes/com/zl/mybatis/dao/OrderMapper.class
11:39:21,145 DEBUG DefaultVFS:248 - Not a JAR: file:/E:/develop/workSpaceSelf/exercise/target/classes/com/zl/mybatis/dao/OrderMapper.class
11:39:21,146 DEBUG DefaultVFS:102 - Reader entry: 漱壕&amp;#0;&amp;#0;&amp;#0;4&amp;#0;&amp;#17;&amp;#7;&amp;#0;&amp;#2;&amp;#1;&amp;#0;&amp;#30;com/zl/mybatis/dao/OrderMapper&amp;#7;&amp;#0;&amp;#4;&amp;#1;&amp;#0;&amp;#16;java/lang/Object&amp;#1;&amp;#0;&amp;#22;findOrderListResultMap&amp;#1;&amp;#0;&amp;#18;()Ljava/util/List;&amp;#1;&amp;#0;
11:39:21,146 DEBUG DefaultVFS:222 - Find JAR URL: file:/E:/develop/workSpaceSelf/exercise/target/classes/com/zl/mybatis/dao/OrderMapper.xml
11:39:21,146 DEBUG DefaultVFS:248 - Not a JAR: file:/E:/develop/workSpaceSelf/exercise/target/classes/com/zl/mybatis/dao/OrderMapper.xml
11:39:21,147 DEBUG DefaultVFS:102 - Reader entry: &lt;?xml version=&quot;1.0&quot; encoding=&quot;UTF-8&quot;?&gt;
11:39:21,147 DEBUG DefaultVFS:222 - Find JAR URL: file:/E:/develop/workSpaceSelf/exercise/target/classes/com/zl/mybatis/dao/OrderResultTypeMapper.class
11:39:21,147 DEBUG DefaultVFS:248 - Not a JAR: file:/E:/develop/workSpaceSelf/exercise/target/classes/com/zl/mybatis/dao/OrderResultTypeMapper.class
11:39:21,148 DEBUG DefaultVFS:102 - Reader entry: 漱壕&amp;#0;&amp;#0;&amp;#0;4&amp;#0;&amp;#14;&amp;#7;&amp;#0;&amp;#2;&amp;#1;&amp;#0;(com/zl/mybatis/dao/OrderResultTypeMapper&amp;#7;&amp;#0;&amp;#4;&amp;#1;&amp;#0;&amp;#16;java/lang/Object&amp;#1;&amp;#0;&amp;#23;findOrderListResultType&amp;#1;&amp;#0;&amp;#18;()Ljava/util/List;&amp;#1;&amp;#0;
11:39:21,148 DEBUG DefaultVFS:222 - Find JAR URL: file:/E:/develop/workSpaceSelf/exercise/target/classes/com/zl/mybatis/dao/OrderResultTypeMapper.xml
11:39:21,148 DEBUG DefaultVFS:248 - Not a JAR: file:/E:/develop/workSpaceSelf/exercise/target/classes/com/zl/mybatis/dao/OrderResultTypeMapper.xml
11:39:21,149 DEBUG DefaultVFS:102 - Reader entry: &lt;?xml version=&quot;1.0&quot; encoding=&quot;UTF-8&quot;?&gt;
11:39:21,149 DEBUG DefaultVFS:222 - Find JAR URL: file:/E:/develop/workSpaceSelf/exercise/target/classes/com/zl/mybatis/dao/PromotionMapper.class
11:39:21,150 DEBUG DefaultVFS:248 - Not a JAR: file:/E:/develop/workSpaceSelf/exercise/target/classes/com/zl/mybatis/dao/PromotionMapper.class
11:39:21,150 DEBUG DefaultVFS:102 - Reader entry: 漱壕&amp;#0;&amp;#0;&amp;#0;4&amp;#0;&amp;#19;&amp;#7;&amp;#0;&amp;#2;&amp;#1;&amp;#0;&quot;com/zl/mybatis/dao/PromotionMapper&amp;#7;&amp;#0;&amp;#4;&amp;#1;&amp;#0;&amp;#16;java/lang/Object&amp;#1;&amp;#0;
11:39:21,151 DEBUG DefaultVFS:222 - Find JAR URL: file:/E:/develop/workSpaceSelf/exercise/target/classes/com/zl/mybatis/dao/PromotionMapper.xml
11:39:21,151 DEBUG DefaultVFS:248 - Not a JAR: file:/E:/develop/workSpaceSelf/exercise/target/classes/com/zl/mybatis/dao/PromotionMapper.xml
11:39:21,151 DEBUG DefaultVFS:102 - Reader entry: &lt;?xml version=&quot;1.0&quot; encoding=&quot;UTF-8&quot;?&gt;
11:39:21,152 DEBUG DefaultVFS:222 - Find JAR URL: file:/E:/develop/workSpaceSelf/exercise/target/classes/com/zl/mybatis/dao/UserAnswerRecordMapper.class
11:39:21,152 DEBUG DefaultVFS:248 - Not a JAR: file:/E:/develop/workSpaceSelf/exercise/target/classes/com/zl/mybatis/dao/UserAnswerRecordMapper.class
11:39:21,153 DEBUG DefaultVFS:102 - Reader entry: 漱壕&amp;#0;&amp;#0;&amp;#0;4&amp;#0;&amp;#20;&amp;#7;&amp;#0;&amp;#2;&amp;#1;&amp;#0;)com/zl/mybatis/dao/UserAnswerRecordMapper&amp;#7;&amp;#0;&amp;#4;&amp;#1;&amp;#0;&amp;#16;java/lang/Object&amp;#1;&amp;#0;&amp;#23;getUserAnswerRecordList&amp;#1;&amp;#0;;(Lcom/zl/mybatis/entity/UserAnswerQueryVo;)Ljava/util/List;&amp;#1;&amp;#0;	Signature&amp;#1;&amp;#0;c(Lcom/zl/mybatis/entity/UserAnswerQueryVo;)Ljava/util/List&lt;Lcom/zl/mybatis/pojo/UserAnswerRecord;&gt;;&amp;#1;&amp;#0;&amp;#22;delAnswerEvertRuleById&amp;#1;&amp;#0;&amp;#21;(Ljava/lang/String;)I&amp;#1;&amp;#0;&amp;#25;selectAnswerEvertRuleById&amp;#1;&amp;#0;$(Ljava/lang/String;)Ljava/util/List;&amp;#1;&amp;#0;9(Ljava/lang/String;)Ljava/util/List&lt;Ljava/lang/Integer;&gt;;&amp;#1;&amp;#0;&amp;#23;delAnswerEventConfnById&amp;#1;&amp;#0;&amp;#24;getUserAnswerRecordList1&amp;#1;&amp;#0;&amp;#15;insertRdoEnitiy&amp;#1;&amp;#0;&apos;(Lcom/zl/mybatis/entity/RdoOrderInfo;)V&amp;#1;&amp;#0;
11:39:21,154 DEBUG DefaultVFS:222 - Find JAR URL: file:/E:/develop/workSpaceSelf/exercise/target/classes/com/zl/mybatis/dao/UserAnswerRecordMapper.xml
11:39:21,154 DEBUG DefaultVFS:248 - Not a JAR: file:/E:/develop/workSpaceSelf/exercise/target/classes/com/zl/mybatis/dao/UserAnswerRecordMapper.xml
11:39:21,154 DEBUG DefaultVFS:102 - Reader entry: &lt;?xml version=&quot;1.0&quot; encoding=&quot;UTF-8&quot;?&gt;
11:39:21,155 DEBUG DefaultVFS:222 - Find JAR URL: file:/E:/develop/workSpaceSelf/exercise/target/classes/com/zl/mybatis/dao/UserMapper.class
11:39:21,155 DEBUG DefaultVFS:248 - Not a JAR: file:/E:/develop/workSpaceSelf/exercise/target/classes/com/zl/mybatis/dao/UserMapper.class
11:39:21,156 DEBUG DefaultVFS:102 - Reader entry: 漱壕&amp;#0;&amp;#0;&amp;#0;4&amp;#0; &amp;#7;&amp;#0;&amp;#2;&amp;#1;&amp;#0;&amp;#29;com/zl/mybatis/dao/UserMapper&amp;#7;&amp;#0;&amp;#4;&amp;#1;&amp;#0;&amp;#16;java/lang/Object&amp;#1;&amp;#0;&amp;#11;getUserById&amp;#1;&amp;#0;&amp;#29;(I)Lcom/zl/mybatis/pojo/User;&amp;#1;&amp;#0;
11:39:21,156 DEBUG DefaultVFS:222 - Find JAR URL: file:/E:/develop/workSpaceSelf/exercise/target/classes/com/zl/mybatis/dao/UserMapper.xml
11:39:21,157 DEBUG DefaultVFS:248 - Not a JAR: file:/E:/develop/workSpaceSelf/exercise/target/classes/com/zl/mybatis/dao/UserMapper.xml
11:39:21,157 DEBUG DefaultVFS:102 - Reader entry: &lt;?xml version=&quot;1.0&quot; encoding=&quot;UTF-8&quot;?&gt;
11:39:21,158 DEBUG ResolverUtil:256 - Checking to see if class com.zl.mybatis.dao.OrderMapper matches criteria [is assignable to Object]
11:39:21,158 DEBUG ResolverUtil:256 - Checking to see if class com.zl.mybatis.dao.OrderResultTypeMapper matches criteria [is assignable to Object]
11:39:21,158 DEBUG ResolverUtil:256 - Checking to see if class com.zl.mybatis.dao.PromotionMapper matches criteria [is assignable to Object]
11:39:21,159 DEBUG ResolverUtil:256 - Checking to see if class com.zl.mybatis.dao.UserAnswerRecordMapper matches criteria [is assignable to Object]
11:39:21,159 DEBUG ResolverUtil:256 - Checking to see if class com.zl.mybatis.dao.UserMapper matches criteria [is assignable to Object]
</system-out>
  </testcase>
  <testcase classname="com.zl.test.sql.OrderDaoTest" name="test25" time="0.095">
    <error message="Could not initialize class org.mybatis.caches.ehcache.EhcacheCache" type="java.lang.NoClassDefFoundError">java.lang.NoClassDefFoundError: Could not initialize class org.mybatis.caches.ehcache.EhcacheCache
	at java.lang.Class.forName0(Native Method)
	at java.lang.Class.forName(Class.java:348)
	at org.apache.ibatis.io.ClassLoaderWrapper.classForName(ClassLoaderWrapper.java:186)
	at org.apache.ibatis.io.ClassLoaderWrapper.classForName(ClassLoaderWrapper.java:89)
	at org.apache.ibatis.io.Resources.classForName(Resources.java:261)
	at org.apache.ibatis.type.TypeAliasRegistry.resolveAlias(TypeAliasRegistry.java:116)
	at org.apache.ibatis.builder.xml.XMLMapperBuilder.cacheElement(XMLMapperBuilder.java:202)
	at org.apache.ibatis.builder.xml.XMLMapperBuilder.configurationElement(XMLMapperBuilder.java:114)
	at org.apache.ibatis.builder.xml.XMLMapperBuilder.parse(XMLMapperBuilder.java:92)
	at org.apache.ibatis.builder.annotation.MapperAnnotationBuilder.loadXmlResource(MapperAnnotationBuilder.java:173)
	at org.apache.ibatis.builder.annotation.MapperAnnotationBuilder.parse(MapperAnnotationBuilder.java:124)
	at org.apache.ibatis.binding.MapperRegistry.addMapper(MapperRegistry.java:72)
	at org.apache.ibatis.binding.MapperRegistry.addMappers(MapperRegistry.java:97)
	at org.apache.ibatis.binding.MapperRegistry.addMappers(MapperRegistry.java:105)
	at org.apache.ibatis.session.Configuration.addMappers(Configuration.java:724)
	at org.apache.ibatis.builder.xml.XMLConfigBuilder.mapperElement(XMLConfigBuilder.java:360)
	at org.apache.ibatis.builder.xml.XMLConfigBuilder.parseConfiguration(XMLConfigBuilder.java:118)
	at org.apache.ibatis.builder.xml.XMLConfigBuilder.parse(XMLConfigBuilder.java:98)
	at org.apache.ibatis.session.SqlSessionFactoryBuilder.build(SqlSessionFactoryBuilder.java:78)
	at org.apache.ibatis.session.SqlSessionFactoryBuilder.build(SqlSessionFactoryBuilder.java:64)
	at com.zl.utils.MyBatisUtils.getnewInstance(MyBatisUtils.java:28)
	at com.zl.test.sql.OrderDaoTest.before(OrderDaoTest.java:44)
	at sun.reflect.NativeMethodAccessorImpl.invoke0(Native Method)
	at sun.reflect.NativeMethodAccessorImpl.invoke(NativeMethodAccessorImpl.java:62)
	at sun.reflect.DelegatingMethodAccessorImpl.invoke(DelegatingMethodAccessorImpl.java:43)
	at java.lang.reflect.Method.invoke(Method.java:498)
	at org.junit.runners.model.FrameworkMethod$1.runReflectiveCall(FrameworkMethod.java:45)
	at org.junit.internal.runners.model.ReflectiveCallable.run(ReflectiveCallable.java:15)
	at org.junit.runners.model.FrameworkMethod.invokeExplosively(FrameworkMethod.java:42)
	at org.junit.internal.runners.statements.RunBefores.evaluate(RunBefores.java:27)
	at org.junit.runners.ParentRunner.runLeaf(ParentRunner.java:263)
	at org.junit.runners.BlockJUnit4ClassRunner.runChild(BlockJUnit4ClassRunner.java:68)
	at org.junit.runners.BlockJUnit4ClassRunner.runChild(BlockJUnit4ClassRunner.java:47)
	at org.junit.runners.ParentRunner$3.run(ParentRunner.java:231)
	at org.junit.runners.ParentRunner$1.schedule(ParentRunner.java:60)
	at org.junit.runners.ParentRunner.runChildren(ParentRunner.java:229)
	at org.junit.runners.ParentRunner.access$000(ParentRunner.java:50)
	at org.junit.runners.ParentRunner$2.evaluate(ParentRunner.java:222)
	at org.junit.runners.ParentRunner.run(ParentRunner.java:300)
	at org.apache.maven.surefire.junit4.JUnit4Provider.execute(JUnit4Provider.java:252)
	at org.apache.maven.surefire.junit4.JUnit4Provider.executeTestSet(JUnit4Provider.java:141)
	at org.apache.maven.surefire.junit4.JUnit4Provider.invoke(JUnit4Provider.java:112)
	at sun.reflect.NativeMethodAccessorImpl.invoke0(Native Method)
	at sun.reflect.NativeMethodAccessorImpl.invoke(NativeMethodAccessorImpl.java:62)
	at sun.reflect.DelegatingMethodAccessorImpl.invoke(DelegatingMethodAccessorImpl.java:43)
	at java.lang.reflect.Method.invoke(Method.java:498)
	at org.apache.maven.surefire.util.ReflectionUtils.invokeMethodWithArray(ReflectionUtils.java:189)
	at org.apache.maven.surefire.booter.ProviderFactory$ProviderProxy.invoke(ProviderFactory.java:165)
	at org.apache.maven.surefire.booter.ProviderFactory.invokeProvider(ProviderFactory.java:85)
	at org.apache.maven.surefire.booter.ForkedBooter.runSuitesInProcess(ForkedBooter.java:115)
	at org.apache.maven.surefire.booter.ForkedBooter.main(ForkedBooter.java:75)
</error>
    <system-out>11:39:21,209 DEBUG DefaultVFS:222 - Find JAR URL: file:/E:/develop/workSpaceSelf/exercise/target/classes/com/zl/mybatis/pojo
11:39:21,209 DEBUG DefaultVFS:248 - Not a JAR: file:/E:/develop/workSpaceSelf/exercise/target/classes/com/zl/mybatis/pojo
11:39:21,210 DEBUG DefaultVFS:102 - Reader entry: Items.class
11:39:21,211 DEBUG DefaultVFS:102 - Reader entry: Orderdetail.class
11:39:21,212 DEBUG DefaultVFS:102 - Reader entry: Orders.class
11:39:21,212 DEBUG DefaultVFS:102 - Reader entry: OrdersCustom.class
11:39:21,213 DEBUG DefaultVFS:102 - Reader entry: QueryVo.class
11:39:21,213 DEBUG DefaultVFS:102 - Reader entry: User.class
11:39:21,214 DEBUG DefaultVFS:102 - Reader entry: UserAnswerRecord.class
11:39:21,214 DEBUG DefaultVFS:102 - Reader entry: UserCustom.class
11:39:21,214 DEBUG DefaultVFS:113 - Listing file:/E:/develop/workSpaceSelf/exercise/target/classes/com/zl/mybatis/pojo
11:39:21,215 DEBUG DefaultVFS:222 - Find JAR URL: file:/E:/develop/workSpaceSelf/exercise/target/classes/com/zl/mybatis/pojo/Items.class
11:39:21,215 DEBUG DefaultVFS:248 - Not a JAR: file:/E:/develop/workSpaceSelf/exercise/target/classes/com/zl/mybatis/pojo/Items.class
11:39:21,215 DEBUG DefaultVFS:102 - Reader entry: 漱壕&amp;#0;&amp;#0;&amp;#0;4&amp;#0;k&amp;#7;&amp;#0;&amp;#2;&amp;#1;&amp;#0;&amp;#25;com/zl/mybatis/pojo/Items&amp;#7;&amp;#0;&amp;#4;&amp;#1;&amp;#0;&amp;#16;java/lang/Object&amp;#7;&amp;#0;&amp;#6;&amp;#1;&amp;#0;&amp;#20;java/io/Serializable&amp;#1;&amp;#0;&amp;#2;id&amp;#1;&amp;#0;&amp;#19;Ljava/lang/Integer;&amp;#1;&amp;#0;&amp;#4;name&amp;#1;&amp;#0;&amp;#18;Ljava/lang/String;&amp;#1;&amp;#0;&amp;#5;price&amp;#1;&amp;#0;&amp;#17;Ljava/lang/Float;&amp;#1;&amp;#0;&amp;#3;pic&amp;#1;&amp;#0;
11:39:21,216 DEBUG DefaultVFS:222 - Find JAR URL: file:/E:/develop/workSpaceSelf/exercise/target/classes/com/zl/mybatis/pojo/Orderdetail.class
11:39:21,216 DEBUG DefaultVFS:248 - Not a JAR: file:/E:/develop/workSpaceSelf/exercise/target/classes/com/zl/mybatis/pojo/Orderdetail.class
11:39:21,217 DEBUG DefaultVFS:102 - Reader entry: 漱壕&amp;#0;&amp;#0;&amp;#0;4&amp;#0;K&amp;#7;&amp;#0;&amp;#2;&amp;#1;&amp;#0;&amp;#31;com/zl/mybatis/pojo/Orderdetail&amp;#7;&amp;#0;&amp;#4;&amp;#1;&amp;#0;&amp;#16;java/lang/Object&amp;#7;&amp;#0;&amp;#6;&amp;#1;&amp;#0;&amp;#20;java/io/Serializable&amp;#1;&amp;#0;&amp;#2;id&amp;#1;&amp;#0;&amp;#19;Ljava/lang/Integer;&amp;#1;&amp;#0;&amp;#8;ordersId&amp;#1;&amp;#0;&amp;#7;itemsId&amp;#1;&amp;#0;&amp;#8;itemsNum&amp;#1;&amp;#0;&amp;#5;items&amp;#1;&amp;#0;&amp;#27;Lcom/zl/mybatis/pojo/Items;&amp;#1;&amp;#0;&amp;#6;&lt;init&gt;&amp;#1;&amp;#0;&amp;#3;()V&amp;#1;&amp;#0;&amp;#4;Code
11:39:21,217 DEBUG DefaultVFS:222 - Find JAR URL: file:/E:/develop/workSpaceSelf/exercise/target/classes/com/zl/mybatis/pojo/Orders.class
11:39:21,218 DEBUG DefaultVFS:248 - Not a JAR: file:/E:/develop/workSpaceSelf/exercise/target/classes/com/zl/mybatis/pojo/Orders.class
11:39:21,218 DEBUG DefaultVFS:102 - Reader entry: 漱壕&amp;#0;&amp;#0;&amp;#0;4&amp;#0;m&amp;#7;&amp;#0;&amp;#2;&amp;#1;&amp;#0;&amp;#26;com/zl/mybatis/pojo/Orders&amp;#7;&amp;#0;&amp;#4;&amp;#1;&amp;#0;&amp;#16;java/lang/Object&amp;#7;&amp;#0;&amp;#6;&amp;#1;&amp;#0;&amp;#20;java/io/Serializable&amp;#1;&amp;#0;&amp;#2;id&amp;#1;&amp;#0;&amp;#19;Ljava/lang/Integer;&amp;#1;&amp;#0;&amp;#6;userId&amp;#1;&amp;#0;&amp;#6;number&amp;#1;&amp;#0;&amp;#18;Ljava/lang/String;&amp;#1;&amp;#0;
11:39:21,219 DEBUG DefaultVFS:222 - Find JAR URL: file:/E:/develop/workSpaceSelf/exercise/target/classes/com/zl/mybatis/pojo/OrdersCustom.class
11:39:21,219 DEBUG DefaultVFS:248 - Not a JAR: file:/E:/develop/workSpaceSelf/exercise/target/classes/com/zl/mybatis/pojo/OrdersCustom.class
11:39:21,220 DEBUG DefaultVFS:102 - Reader entry: 漱壕&amp;#0;&amp;#0;&amp;#0;4&amp;#0;&amp;#29;&amp;#7;&amp;#0;&amp;#2;&amp;#1;&amp;#0; com/zl/mybatis/pojo/OrdersCustom&amp;#7;&amp;#0;&amp;#4;&amp;#1;&amp;#0;&amp;#26;com/zl/mybatis/pojo/Orders&amp;#1;&amp;#0;&amp;#8;username&amp;#1;&amp;#0;&amp;#18;Ljava/lang/String;&amp;#1;&amp;#0;&amp;#7;address&amp;#1;&amp;#0;&amp;#6;&lt;init&gt;&amp;#1;&amp;#0;&amp;#3;()V&amp;#1;&amp;#0;&amp;#4;Code
11:39:21,220 DEBUG DefaultVFS:222 - Find JAR URL: file:/E:/develop/workSpaceSelf/exercise/target/classes/com/zl/mybatis/pojo/QueryVo.class
11:39:21,221 DEBUG DefaultVFS:248 - Not a JAR: file:/E:/develop/workSpaceSelf/exercise/target/classes/com/zl/mybatis/pojo/QueryVo.class
11:39:21,221 DEBUG DefaultVFS:102 - Reader entry: 漱壕&amp;#0;&amp;#0;&amp;#0;4&amp;#0; &amp;#7;&amp;#0;&amp;#2;&amp;#1;&amp;#0;&amp;#27;com/zl/mybatis/pojo/QueryVo&amp;#7;&amp;#0;&amp;#4;&amp;#1;&amp;#0;&amp;#16;java/lang/Object&amp;#1;&amp;#0;&amp;#4;user&amp;#1;&amp;#0;&amp;#26;Lcom/zl/mybatis/pojo/User;&amp;#1;&amp;#0;
11:39:21,222 DEBUG DefaultVFS:222 - Find JAR URL: file:/E:/develop/workSpaceSelf/exercise/target/classes/com/zl/mybatis/pojo/User.class
11:39:21,222 DEBUG DefaultVFS:248 - Not a JAR: file:/E:/develop/workSpaceSelf/exercise/target/classes/com/zl/mybatis/pojo/User.class
11:39:21,223 DEBUG DefaultVFS:102 - Reader entry: 漱壕&amp;#0;&amp;#0;&amp;#0;4&amp;#0;U&amp;#7;&amp;#0;&amp;#2;&amp;#1;&amp;#0;&amp;#24;com/zl/mybatis/pojo/User&amp;#7;&amp;#0;&amp;#4;&amp;#1;&amp;#0;&amp;#16;java/lang/Object&amp;#7;&amp;#0;&amp;#6;&amp;#1;&amp;#0;&amp;#20;java/io/Serializable&amp;#1;&amp;#0;&amp;#2;id&amp;#1;&amp;#0;&amp;#1;I&amp;#1;&amp;#0;&amp;#8;username&amp;#1;&amp;#0;&amp;#18;Ljava/lang/String;&amp;#1;&amp;#0;&amp;#3;sex&amp;#1;&amp;#0;&amp;#8;birthday&amp;#1;&amp;#0;&amp;#16;Ljava/util/Date;&amp;#1;&amp;#0;&amp;#7;address&amp;#1;&amp;#0;&amp;#6;orders&amp;#1;&amp;#0;&amp;#16;Ljava/util/List;&amp;#1;&amp;#0;	Signature&amp;#1;&amp;#0;.Ljava/util/List&lt;Lcom/zl/mybatis/pojo/Orders;&gt;;&amp;#1;&amp;#0;&amp;#6;&lt;init&gt;&amp;#1;&amp;#0;&amp;#3;()V&amp;#1;&amp;#0;&amp;#4;Code
11:39:21,223 DEBUG DefaultVFS:222 - Find JAR URL: file:/E:/develop/workSpaceSelf/exercise/target/classes/com/zl/mybatis/pojo/UserAnswerRecord.class
11:39:21,224 DEBUG DefaultVFS:248 - Not a JAR: file:/E:/develop/workSpaceSelf/exercise/target/classes/com/zl/mybatis/pojo/UserAnswerRecord.class
11:39:21,224 DEBUG DefaultVFS:102 - Reader entry: 漱壕&amp;#0;&amp;#0;&amp;#0;4&amp;#0;?&amp;#7;&amp;#0;&amp;#2;&amp;#1;&amp;#0;$com/zl/mybatis/pojo/UserAnswerRecord&amp;#7;&amp;#0;&amp;#4;&amp;#1;&amp;#0;&amp;#16;java/lang/Object&amp;#1;&amp;#0;&amp;#2;id&amp;#1;&amp;#0;&amp;#18;Ljava/lang/String;&amp;#1;&amp;#0;&amp;#7;eventid&amp;#1;&amp;#0;
11:39:21,225 DEBUG DefaultVFS:222 - Find JAR URL: file:/E:/develop/workSpaceSelf/exercise/target/classes/com/zl/mybatis/pojo/UserCustom.class
11:39:21,225 DEBUG DefaultVFS:248 - Not a JAR: file:/E:/develop/workSpaceSelf/exercise/target/classes/com/zl/mybatis/pojo/UserCustom.class
11:39:21,226 DEBUG DefaultVFS:102 - Reader entry: 漱壕&amp;#0;&amp;#0;&amp;#0;4&amp;#0;&amp;#19;&amp;#7;&amp;#0;&amp;#2;&amp;#1;&amp;#0;&amp;#30;com/zl/mybatis/pojo/UserCustom&amp;#7;&amp;#0;&amp;#4;&amp;#1;&amp;#0;&amp;#24;com/zl/mybatis/pojo/User&amp;#1;&amp;#0;&amp;#14;birthday_start&amp;#1;&amp;#0;&amp;#16;Ljava/util/Date;&amp;#1;&amp;#0;&amp;#12;birthday_end&amp;#1;&amp;#0;&amp;#6;&lt;init&gt;&amp;#1;&amp;#0;&amp;#3;()V&amp;#1;&amp;#0;&amp;#4;Code
11:39:21,226 DEBUG ResolverUtil:256 - Checking to see if class com.zl.mybatis.pojo.Items matches criteria [is assignable to Object]
11:39:21,226 DEBUG ResolverUtil:256 - Checking to see if class com.zl.mybatis.pojo.Orderdetail matches criteria [is assignable to Object]
11:39:21,227 DEBUG ResolverUtil:256 - Checking to see if class com.zl.mybatis.pojo.Orders matches criteria [is assignable to Object]
11:39:21,227 DEBUG ResolverUtil:256 - Checking to see if class com.zl.mybatis.pojo.OrdersCustom matches criteria [is assignable to Object]
11:39:21,227 DEBUG ResolverUtil:256 - Checking to see if class com.zl.mybatis.pojo.QueryVo matches criteria [is assignable to Object]
11:39:21,228 DEBUG ResolverUtil:256 - Checking to see if class com.zl.mybatis.pojo.User matches criteria [is assignable to Object]
11:39:21,228 DEBUG ResolverUtil:256 - Checking to see if class com.zl.mybatis.pojo.UserAnswerRecord matches criteria [is assignable to Object]
11:39:21,228 DEBUG ResolverUtil:256 - Checking to see if class com.zl.mybatis.pojo.UserCustom matches criteria [is assignable to Object]
11:39:21,230 DEBUG LogFactory:135 - Logging initialized using &apos;class org.apache.ibatis.logging.log4j.Log4jImpl&apos; adapter.
11:39:21,231 DEBUG PooledDataSource:316 - PooledDataSource forcefully closed/removed all connections.
11:39:21,232 DEBUG PooledDataSource:316 - PooledDataSource forcefully closed/removed all connections.
11:39:21,232 DEBUG PooledDataSource:316 - PooledDataSource forcefully closed/removed all connections.
11:39:21,232 DEBUG PooledDataSource:316 - PooledDataSource forcefully closed/removed all connections.
11:39:21,234 DEBUG DefaultVFS:222 - Find JAR URL: file:/E:/develop/workSpaceSelf/exercise/target/classes/com/zl/mybatis/dao
11:39:21,234 DEBUG DefaultVFS:248 - Not a JAR: file:/E:/develop/workSpaceSelf/exercise/target/classes/com/zl/mybatis/dao
11:39:21,235 DEBUG DefaultVFS:102 - Reader entry: OrderMapper.class
11:39:21,236 DEBUG DefaultVFS:102 - Reader entry: OrderMapper.xml
11:39:21,236 DEBUG DefaultVFS:102 - Reader entry: OrderResultTypeMapper.class
11:39:21,237 DEBUG DefaultVFS:102 - Reader entry: OrderResultTypeMapper.xml
11:39:21,237 DEBUG DefaultVFS:102 - Reader entry: PromotionMapper.class
11:39:21,238 DEBUG DefaultVFS:102 - Reader entry: PromotionMapper.xml
11:39:21,239 DEBUG DefaultVFS:102 - Reader entry: UserAnswerRecordMapper.class
11:39:21,239 DEBUG DefaultVFS:102 - Reader entry: UserAnswerRecordMapper.xml
11:39:21,240 DEBUG DefaultVFS:102 - Reader entry: UserMapper.class
11:39:21,240 DEBUG DefaultVFS:102 - Reader entry: UserMapper.xml
11:39:21,240 DEBUG DefaultVFS:113 - Listing file:/E:/develop/workSpaceSelf/exercise/target/classes/com/zl/mybatis/dao
11:39:21,241 DEBUG DefaultVFS:222 - Find JAR URL: file:/E:/develop/workSpaceSelf/exercise/target/classes/com/zl/mybatis/dao/OrderMapper.class
11:39:21,241 DEBUG DefaultVFS:248 - Not a JAR: file:/E:/develop/workSpaceSelf/exercise/target/classes/com/zl/mybatis/dao/OrderMapper.class
11:39:21,242 DEBUG DefaultVFS:102 - Reader entry: 漱壕&amp;#0;&amp;#0;&amp;#0;4&amp;#0;&amp;#17;&amp;#7;&amp;#0;&amp;#2;&amp;#1;&amp;#0;&amp;#30;com/zl/mybatis/dao/OrderMapper&amp;#7;&amp;#0;&amp;#4;&amp;#1;&amp;#0;&amp;#16;java/lang/Object&amp;#1;&amp;#0;&amp;#22;findOrderListResultMap&amp;#1;&amp;#0;&amp;#18;()Ljava/util/List;&amp;#1;&amp;#0;
11:39:21,242 DEBUG DefaultVFS:222 - Find JAR URL: file:/E:/develop/workSpaceSelf/exercise/target/classes/com/zl/mybatis/dao/OrderMapper.xml
11:39:21,243 DEBUG DefaultVFS:248 - Not a JAR: file:/E:/develop/workSpaceSelf/exercise/target/classes/com/zl/mybatis/dao/OrderMapper.xml
11:39:21,243 DEBUG DefaultVFS:102 - Reader entry: &lt;?xml version=&quot;1.0&quot; encoding=&quot;UTF-8&quot;?&gt;
11:39:21,244 DEBUG DefaultVFS:222 - Find JAR URL: file:/E:/develop/workSpaceSelf/exercise/target/classes/com/zl/mybatis/dao/OrderResultTypeMapper.class
11:39:21,244 DEBUG DefaultVFS:248 - Not a JAR: file:/E:/develop/workSpaceSelf/exercise/target/classes/com/zl/mybatis/dao/OrderResultTypeMapper.class
11:39:21,245 DEBUG DefaultVFS:102 - Reader entry: 漱壕&amp;#0;&amp;#0;&amp;#0;4&amp;#0;&amp;#14;&amp;#7;&amp;#0;&amp;#2;&amp;#1;&amp;#0;(com/zl/mybatis/dao/OrderResultTypeMapper&amp;#7;&amp;#0;&amp;#4;&amp;#1;&amp;#0;&amp;#16;java/lang/Object&amp;#1;&amp;#0;&amp;#23;findOrderListResultType&amp;#1;&amp;#0;&amp;#18;()Ljava/util/List;&amp;#1;&amp;#0;
11:39:21,245 DEBUG DefaultVFS:222 - Find JAR URL: file:/E:/develop/workSpaceSelf/exercise/target/classes/com/zl/mybatis/dao/OrderResultTypeMapper.xml
11:39:21,245 DEBUG DefaultVFS:248 - Not a JAR: file:/E:/develop/workSpaceSelf/exercise/target/classes/com/zl/mybatis/dao/OrderResultTypeMapper.xml
11:39:21,246 DEBUG DefaultVFS:102 - Reader entry: &lt;?xml version=&quot;1.0&quot; encoding=&quot;UTF-8&quot;?&gt;
11:39:21,246 DEBUG DefaultVFS:222 - Find JAR URL: file:/E:/develop/workSpaceSelf/exercise/target/classes/com/zl/mybatis/dao/PromotionMapper.class
11:39:21,247 DEBUG DefaultVFS:248 - Not a JAR: file:/E:/develop/workSpaceSelf/exercise/target/classes/com/zl/mybatis/dao/PromotionMapper.class
11:39:21,247 DEBUG DefaultVFS:102 - Reader entry: 漱壕&amp;#0;&amp;#0;&amp;#0;4&amp;#0;&amp;#19;&amp;#7;&amp;#0;&amp;#2;&amp;#1;&amp;#0;&quot;com/zl/mybatis/dao/PromotionMapper&amp;#7;&amp;#0;&amp;#4;&amp;#1;&amp;#0;&amp;#16;java/lang/Object&amp;#1;&amp;#0;
11:39:21,248 DEBUG DefaultVFS:222 - Find JAR URL: file:/E:/develop/workSpaceSelf/exercise/target/classes/com/zl/mybatis/dao/PromotionMapper.xml
11:39:21,249 DEBUG DefaultVFS:248 - Not a JAR: file:/E:/develop/workSpaceSelf/exercise/target/classes/com/zl/mybatis/dao/PromotionMapper.xml
11:39:21,250 DEBUG DefaultVFS:102 - Reader entry: &lt;?xml version=&quot;1.0&quot; encoding=&quot;UTF-8&quot;?&gt;
11:39:21,250 DEBUG DefaultVFS:222 - Find JAR URL: file:/E:/develop/workSpaceSelf/exercise/target/classes/com/zl/mybatis/dao/UserAnswerRecordMapper.class
11:39:21,251 DEBUG DefaultVFS:248 - Not a JAR: file:/E:/develop/workSpaceSelf/exercise/target/classes/com/zl/mybatis/dao/UserAnswerRecordMapper.class
11:39:21,251 DEBUG DefaultVFS:102 - Reader entry: 漱壕&amp;#0;&amp;#0;&amp;#0;4&amp;#0;&amp;#20;&amp;#7;&amp;#0;&amp;#2;&amp;#1;&amp;#0;)com/zl/mybatis/dao/UserAnswerRecordMapper&amp;#7;&amp;#0;&amp;#4;&amp;#1;&amp;#0;&amp;#16;java/lang/Object&amp;#1;&amp;#0;&amp;#23;getUserAnswerRecordList&amp;#1;&amp;#0;;(Lcom/zl/mybatis/entity/UserAnswerQueryVo;)Ljava/util/List;&amp;#1;&amp;#0;	Signature&amp;#1;&amp;#0;c(Lcom/zl/mybatis/entity/UserAnswerQueryVo;)Ljava/util/List&lt;Lcom/zl/mybatis/pojo/UserAnswerRecord;&gt;;&amp;#1;&amp;#0;&amp;#22;delAnswerEvertRuleById&amp;#1;&amp;#0;&amp;#21;(Ljava/lang/String;)I&amp;#1;&amp;#0;&amp;#25;selectAnswerEvertRuleById&amp;#1;&amp;#0;$(Ljava/lang/String;)Ljava/util/List;&amp;#1;&amp;#0;9(Ljava/lang/String;)Ljava/util/List&lt;Ljava/lang/Integer;&gt;;&amp;#1;&amp;#0;&amp;#23;delAnswerEventConfnById&amp;#1;&amp;#0;&amp;#24;getUserAnswerRecordList1&amp;#1;&amp;#0;&amp;#15;insertRdoEnitiy&amp;#1;&amp;#0;&apos;(Lcom/zl/mybatis/entity/RdoOrderInfo;)V&amp;#1;&amp;#0;
11:39:21,252 DEBUG DefaultVFS:222 - Find JAR URL: file:/E:/develop/workSpaceSelf/exercise/target/classes/com/zl/mybatis/dao/UserAnswerRecordMapper.xml
11:39:21,252 DEBUG DefaultVFS:248 - Not a JAR: file:/E:/develop/workSpaceSelf/exercise/target/classes/com/zl/mybatis/dao/UserAnswerRecordMapper.xml
11:39:21,253 DEBUG DefaultVFS:102 - Reader entry: &lt;?xml version=&quot;1.0&quot; encoding=&quot;UTF-8&quot;?&gt;
11:39:21,254 DEBUG DefaultVFS:222 - Find JAR URL: file:/E:/develop/workSpaceSelf/exercise/target/classes/com/zl/mybatis/dao/UserMapper.class
11:39:21,255 DEBUG DefaultVFS:248 - Not a JAR: file:/E:/develop/workSpaceSelf/exercise/target/classes/com/zl/mybatis/dao/UserMapper.class
11:39:21,255 DEBUG DefaultVFS:102 - Reader entry: 漱壕&amp;#0;&amp;#0;&amp;#0;4&amp;#0; &amp;#7;&amp;#0;&amp;#2;&amp;#1;&amp;#0;&amp;#29;com/zl/mybatis/dao/UserMapper&amp;#7;&amp;#0;&amp;#4;&amp;#1;&amp;#0;&amp;#16;java/lang/Object&amp;#1;&amp;#0;&amp;#11;getUserById&amp;#1;&amp;#0;&amp;#29;(I)Lcom/zl/mybatis/pojo/User;&amp;#1;&amp;#0;
11:39:21,256 DEBUG DefaultVFS:222 - Find JAR URL: file:/E:/develop/workSpaceSelf/exercise/target/classes/com/zl/mybatis/dao/UserMapper.xml
11:39:21,256 DEBUG DefaultVFS:248 - Not a JAR: file:/E:/develop/workSpaceSelf/exercise/target/classes/com/zl/mybatis/dao/UserMapper.xml
11:39:21,257 DEBUG DefaultVFS:102 - Reader entry: &lt;?xml version=&quot;1.0&quot; encoding=&quot;UTF-8&quot;?&gt;
11:39:21,258 DEBUG ResolverUtil:256 - Checking to see if class com.zl.mybatis.dao.OrderMapper matches criteria [is assignable to Object]
11:39:21,258 DEBUG ResolverUtil:256 - Checking to see if class com.zl.mybatis.dao.OrderResultTypeMapper matches criteria [is assignable to Object]
11:39:21,258 DEBUG ResolverUtil:256 - Checking to see if class com.zl.mybatis.dao.PromotionMapper matches criteria [is assignable to Object]
11:39:21,258 DEBUG ResolverUtil:256 - Checking to see if class com.zl.mybatis.dao.UserAnswerRecordMapper matches criteria [is assignable to Object]
11:39:21,259 DEBUG ResolverUtil:256 - Checking to see if class com.zl.mybatis.dao.UserMapper matches criteria [is assignable to Object]
</system-out>
  </testcase>
  <testcase classname="com.zl.test.sql.OrderDaoTest" name="test333" time="0.062">
    <error message="Could not initialize class org.mybatis.caches.ehcache.EhcacheCache" type="java.lang.NoClassDefFoundError">java.lang.NoClassDefFoundError: Could not initialize class org.mybatis.caches.ehcache.EhcacheCache
	at java.lang.Class.forName0(Native Method)
	at java.lang.Class.forName(Class.java:348)
	at org.apache.ibatis.io.ClassLoaderWrapper.classForName(ClassLoaderWrapper.java:186)
	at org.apache.ibatis.io.ClassLoaderWrapper.classForName(ClassLoaderWrapper.java:89)
	at org.apache.ibatis.io.Resources.classForName(Resources.java:261)
	at org.apache.ibatis.type.TypeAliasRegistry.resolveAlias(TypeAliasRegistry.java:116)
	at org.apache.ibatis.builder.xml.XMLMapperBuilder.cacheElement(XMLMapperBuilder.java:202)
	at org.apache.ibatis.builder.xml.XMLMapperBuilder.configurationElement(XMLMapperBuilder.java:114)
	at org.apache.ibatis.builder.xml.XMLMapperBuilder.parse(XMLMapperBuilder.java:92)
	at org.apache.ibatis.builder.annotation.MapperAnnotationBuilder.loadXmlResource(MapperAnnotationBuilder.java:173)
	at org.apache.ibatis.builder.annotation.MapperAnnotationBuilder.parse(MapperAnnotationBuilder.java:124)
	at org.apache.ibatis.binding.MapperRegistry.addMapper(MapperRegistry.java:72)
	at org.apache.ibatis.binding.MapperRegistry.addMappers(MapperRegistry.java:97)
	at org.apache.ibatis.binding.MapperRegistry.addMappers(MapperRegistry.java:105)
	at org.apache.ibatis.session.Configuration.addMappers(Configuration.java:724)
	at org.apache.ibatis.builder.xml.XMLConfigBuilder.mapperElement(XMLConfigBuilder.java:360)
	at org.apache.ibatis.builder.xml.XMLConfigBuilder.parseConfiguration(XMLConfigBuilder.java:118)
	at org.apache.ibatis.builder.xml.XMLConfigBuilder.parse(XMLConfigBuilder.java:98)
	at org.apache.ibatis.session.SqlSessionFactoryBuilder.build(SqlSessionFactoryBuilder.java:78)
	at org.apache.ibatis.session.SqlSessionFactoryBuilder.build(SqlSessionFactoryBuilder.java:64)
	at com.zl.utils.MyBatisUtils.getnewInstance(MyBatisUtils.java:28)
	at com.zl.test.sql.OrderDaoTest.before(OrderDaoTest.java:44)
	at sun.reflect.GeneratedMethodAccessor10.invoke(Unknown Source)
	at sun.reflect.DelegatingMethodAccessorImpl.invoke(DelegatingMethodAccessorImpl.java:43)
	at java.lang.reflect.Method.invoke(Method.java:498)
	at org.junit.runners.model.FrameworkMethod$1.runReflectiveCall(FrameworkMethod.java:45)
	at org.junit.internal.runners.model.ReflectiveCallable.run(ReflectiveCallable.java:15)
	at org.junit.runners.model.FrameworkMethod.invokeExplosively(FrameworkMethod.java:42)
	at org.junit.internal.runners.statements.RunBefores.evaluate(RunBefores.java:27)
	at org.junit.runners.ParentRunner.runLeaf(ParentRunner.java:263)
	at org.junit.runners.BlockJUnit4ClassRunner.runChild(BlockJUnit4ClassRunner.java:68)
	at org.junit.runners.BlockJUnit4ClassRunner.runChild(BlockJUnit4ClassRunner.java:47)
	at org.junit.runners.ParentRunner$3.run(ParentRunner.java:231)
	at org.junit.runners.ParentRunner$1.schedule(ParentRunner.java:60)
	at org.junit.runners.ParentRunner.runChildren(ParentRunner.java:229)
	at org.junit.runners.ParentRunner.access$000(ParentRunner.java:50)
	at org.junit.runners.ParentRunner$2.evaluate(ParentRunner.java:222)
	at org.junit.runners.ParentRunner.run(ParentRunner.java:300)
	at org.apache.maven.surefire.junit4.JUnit4Provider.execute(JUnit4Provider.java:252)
	at org.apache.maven.surefire.junit4.JUnit4Provider.executeTestSet(JUnit4Provider.java:141)
	at org.apache.maven.surefire.junit4.JUnit4Provider.invoke(JUnit4Provider.java:112)
	at sun.reflect.NativeMethodAccessorImpl.invoke0(Native Method)
	at sun.reflect.NativeMethodAccessorImpl.invoke(NativeMethodAccessorImpl.java:62)
	at sun.reflect.DelegatingMethodAccessorImpl.invoke(DelegatingMethodAccessorImpl.java:43)
	at java.lang.reflect.Method.invoke(Method.java:498)
	at org.apache.maven.surefire.util.ReflectionUtils.invokeMethodWithArray(ReflectionUtils.java:189)
	at org.apache.maven.surefire.booter.ProviderFactory$ProviderProxy.invoke(ProviderFactory.java:165)
	at org.apache.maven.surefire.booter.ProviderFactory.invokeProvider(ProviderFactory.java:85)
	at org.apache.maven.surefire.booter.ForkedBooter.runSuitesInProcess(ForkedBooter.java:115)
	at org.apache.maven.surefire.booter.ForkedBooter.main(ForkedBooter.java:75)
</error>
    <system-out>11:39:21,301 DEBUG DefaultVFS:222 - Find JAR URL: file:/E:/develop/workSpaceSelf/exercise/target/classes/com/zl/mybatis/pojo
11:39:21,302 DEBUG DefaultVFS:248 - Not a JAR: file:/E:/develop/workSpaceSelf/exercise/target/classes/com/zl/mybatis/pojo
11:39:21,303 DEBUG DefaultVFS:102 - Reader entry: Items.class
11:39:21,303 DEBUG DefaultVFS:102 - Reader entry: Orderdetail.class
11:39:21,304 DEBUG DefaultVFS:102 - Reader entry: Orders.class
11:39:21,304 DEBUG DefaultVFS:102 - Reader entry: OrdersCustom.class
11:39:21,304 DEBUG DefaultVFS:102 - Reader entry: QueryVo.class
11:39:21,305 DEBUG DefaultVFS:102 - Reader entry: User.class
11:39:21,305 DEBUG DefaultVFS:102 - Reader entry: UserAnswerRecord.class
11:39:21,305 DEBUG DefaultVFS:102 - Reader entry: UserCustom.class
11:39:21,305 DEBUG DefaultVFS:113 - Listing file:/E:/develop/workSpaceSelf/exercise/target/classes/com/zl/mybatis/pojo
11:39:21,306 DEBUG DefaultVFS:222 - Find JAR URL: file:/E:/develop/workSpaceSelf/exercise/target/classes/com/zl/mybatis/pojo/Items.class
11:39:21,306 DEBUG DefaultVFS:248 - Not a JAR: file:/E:/develop/workSpaceSelf/exercise/target/classes/com/zl/mybatis/pojo/Items.class
11:39:21,306 DEBUG DefaultVFS:102 - Reader entry: 漱壕&amp;#0;&amp;#0;&amp;#0;4&amp;#0;k&amp;#7;&amp;#0;&amp;#2;&amp;#1;&amp;#0;&amp;#25;com/zl/mybatis/pojo/Items&amp;#7;&amp;#0;&amp;#4;&amp;#1;&amp;#0;&amp;#16;java/lang/Object&amp;#7;&amp;#0;&amp;#6;&amp;#1;&amp;#0;&amp;#20;java/io/Serializable&amp;#1;&amp;#0;&amp;#2;id&amp;#1;&amp;#0;&amp;#19;Ljava/lang/Integer;&amp;#1;&amp;#0;&amp;#4;name&amp;#1;&amp;#0;&amp;#18;Ljava/lang/String;&amp;#1;&amp;#0;&amp;#5;price&amp;#1;&amp;#0;&amp;#17;Ljava/lang/Float;&amp;#1;&amp;#0;&amp;#3;pic&amp;#1;&amp;#0;
11:39:21,306 DEBUG DefaultVFS:222 - Find JAR URL: file:/E:/develop/workSpaceSelf/exercise/target/classes/com/zl/mybatis/pojo/Orderdetail.class
11:39:21,307 DEBUG DefaultVFS:248 - Not a JAR: file:/E:/develop/workSpaceSelf/exercise/target/classes/com/zl/mybatis/pojo/Orderdetail.class
11:39:21,307 DEBUG DefaultVFS:102 - Reader entry: 漱壕&amp;#0;&amp;#0;&amp;#0;4&amp;#0;K&amp;#7;&amp;#0;&amp;#2;&amp;#1;&amp;#0;&amp;#31;com/zl/mybatis/pojo/Orderdetail&amp;#7;&amp;#0;&amp;#4;&amp;#1;&amp;#0;&amp;#16;java/lang/Object&amp;#7;&amp;#0;&amp;#6;&amp;#1;&amp;#0;&amp;#20;java/io/Serializable&amp;#1;&amp;#0;&amp;#2;id&amp;#1;&amp;#0;&amp;#19;Ljava/lang/Integer;&amp;#1;&amp;#0;&amp;#8;ordersId&amp;#1;&amp;#0;&amp;#7;itemsId&amp;#1;&amp;#0;&amp;#8;itemsNum&amp;#1;&amp;#0;&amp;#5;items&amp;#1;&amp;#0;&amp;#27;Lcom/zl/mybatis/pojo/Items;&amp;#1;&amp;#0;&amp;#6;&lt;init&gt;&amp;#1;&amp;#0;&amp;#3;()V&amp;#1;&amp;#0;&amp;#4;Code
11:39:21,308 DEBUG DefaultVFS:222 - Find JAR URL: file:/E:/develop/workSpaceSelf/exercise/target/classes/com/zl/mybatis/pojo/Orders.class
11:39:21,308 DEBUG DefaultVFS:248 - Not a JAR: file:/E:/develop/workSpaceSelf/exercise/target/classes/com/zl/mybatis/pojo/Orders.class
11:39:21,308 DEBUG DefaultVFS:102 - Reader entry: 漱壕&amp;#0;&amp;#0;&amp;#0;4&amp;#0;m&amp;#7;&amp;#0;&amp;#2;&amp;#1;&amp;#0;&amp;#26;com/zl/mybatis/pojo/Orders&amp;#7;&amp;#0;&amp;#4;&amp;#1;&amp;#0;&amp;#16;java/lang/Object&amp;#7;&amp;#0;&amp;#6;&amp;#1;&amp;#0;&amp;#20;java/io/Serializable&amp;#1;&amp;#0;&amp;#2;id&amp;#1;&amp;#0;&amp;#19;Ljava/lang/Integer;&amp;#1;&amp;#0;&amp;#6;userId&amp;#1;&amp;#0;&amp;#6;number&amp;#1;&amp;#0;&amp;#18;Ljava/lang/String;&amp;#1;&amp;#0;
11:39:21,309 DEBUG DefaultVFS:222 - Find JAR URL: file:/E:/develop/workSpaceSelf/exercise/target/classes/com/zl/mybatis/pojo/OrdersCustom.class
11:39:21,309 DEBUG DefaultVFS:248 - Not a JAR: file:/E:/develop/workSpaceSelf/exercise/target/classes/com/zl/mybatis/pojo/OrdersCustom.class
11:39:21,309 DEBUG DefaultVFS:102 - Reader entry: 漱壕&amp;#0;&amp;#0;&amp;#0;4&amp;#0;&amp;#29;&amp;#7;&amp;#0;&amp;#2;&amp;#1;&amp;#0; com/zl/mybatis/pojo/OrdersCustom&amp;#7;&amp;#0;&amp;#4;&amp;#1;&amp;#0;&amp;#26;com/zl/mybatis/pojo/Orders&amp;#1;&amp;#0;&amp;#8;username&amp;#1;&amp;#0;&amp;#18;Ljava/lang/String;&amp;#1;&amp;#0;&amp;#7;address&amp;#1;&amp;#0;&amp;#6;&lt;init&gt;&amp;#1;&amp;#0;&amp;#3;()V&amp;#1;&amp;#0;&amp;#4;Code
11:39:21,309 DEBUG DefaultVFS:222 - Find JAR URL: file:/E:/develop/workSpaceSelf/exercise/target/classes/com/zl/mybatis/pojo/QueryVo.class
11:39:21,310 DEBUG DefaultVFS:248 - Not a JAR: file:/E:/develop/workSpaceSelf/exercise/target/classes/com/zl/mybatis/pojo/QueryVo.class
11:39:21,310 DEBUG DefaultVFS:102 - Reader entry: 漱壕&amp;#0;&amp;#0;&amp;#0;4&amp;#0; &amp;#7;&amp;#0;&amp;#2;&amp;#1;&amp;#0;&amp;#27;com/zl/mybatis/pojo/QueryVo&amp;#7;&amp;#0;&amp;#4;&amp;#1;&amp;#0;&amp;#16;java/lang/Object&amp;#1;&amp;#0;&amp;#4;user&amp;#1;&amp;#0;&amp;#26;Lcom/zl/mybatis/pojo/User;&amp;#1;&amp;#0;
11:39:21,310 DEBUG DefaultVFS:222 - Find JAR URL: file:/E:/develop/workSpaceSelf/exercise/target/classes/com/zl/mybatis/pojo/User.class
11:39:21,311 DEBUG DefaultVFS:248 - Not a JAR: file:/E:/develop/workSpaceSelf/exercise/target/classes/com/zl/mybatis/pojo/User.class
11:39:21,311 DEBUG DefaultVFS:102 - Reader entry: 漱壕&amp;#0;&amp;#0;&amp;#0;4&amp;#0;U&amp;#7;&amp;#0;&amp;#2;&amp;#1;&amp;#0;&amp;#24;com/zl/mybatis/pojo/User&amp;#7;&amp;#0;&amp;#4;&amp;#1;&amp;#0;&amp;#16;java/lang/Object&amp;#7;&amp;#0;&amp;#6;&amp;#1;&amp;#0;&amp;#20;java/io/Serializable&amp;#1;&amp;#0;&amp;#2;id&amp;#1;&amp;#0;&amp;#1;I&amp;#1;&amp;#0;&amp;#8;username&amp;#1;&amp;#0;&amp;#18;Ljava/lang/String;&amp;#1;&amp;#0;&amp;#3;sex&amp;#1;&amp;#0;&amp;#8;birthday&amp;#1;&amp;#0;&amp;#16;Ljava/util/Date;&amp;#1;&amp;#0;&amp;#7;address&amp;#1;&amp;#0;&amp;#6;orders&amp;#1;&amp;#0;&amp;#16;Ljava/util/List;&amp;#1;&amp;#0;	Signature&amp;#1;&amp;#0;.Ljava/util/List&lt;Lcom/zl/mybatis/pojo/Orders;&gt;;&amp;#1;&amp;#0;&amp;#6;&lt;init&gt;&amp;#1;&amp;#0;&amp;#3;()V&amp;#1;&amp;#0;&amp;#4;Code
11:39:21,312 DEBUG DefaultVFS:222 - Find JAR URL: file:/E:/develop/workSpaceSelf/exercise/target/classes/com/zl/mybatis/pojo/UserAnswerRecord.class
11:39:21,312 DEBUG DefaultVFS:248 - Not a JAR: file:/E:/develop/workSpaceSelf/exercise/target/classes/com/zl/mybatis/pojo/UserAnswerRecord.class
11:39:21,313 DEBUG DefaultVFS:102 - Reader entry: 漱壕&amp;#0;&amp;#0;&amp;#0;4&amp;#0;?&amp;#7;&amp;#0;&amp;#2;&amp;#1;&amp;#0;$com/zl/mybatis/pojo/UserAnswerRecord&amp;#7;&amp;#0;&amp;#4;&amp;#1;&amp;#0;&amp;#16;java/lang/Object&amp;#1;&amp;#0;&amp;#2;id&amp;#1;&amp;#0;&amp;#18;Ljava/lang/String;&amp;#1;&amp;#0;&amp;#7;eventid&amp;#1;&amp;#0;
11:39:21,313 DEBUG DefaultVFS:222 - Find JAR URL: file:/E:/develop/workSpaceSelf/exercise/target/classes/com/zl/mybatis/pojo/UserCustom.class
11:39:21,313 DEBUG DefaultVFS:248 - Not a JAR: file:/E:/develop/workSpaceSelf/exercise/target/classes/com/zl/mybatis/pojo/UserCustom.class
11:39:21,314 DEBUG DefaultVFS:102 - Reader entry: 漱壕&amp;#0;&amp;#0;&amp;#0;4&amp;#0;&amp;#19;&amp;#7;&amp;#0;&amp;#2;&amp;#1;&amp;#0;&amp;#30;com/zl/mybatis/pojo/UserCustom&amp;#7;&amp;#0;&amp;#4;&amp;#1;&amp;#0;&amp;#24;com/zl/mybatis/pojo/User&amp;#1;&amp;#0;&amp;#14;birthday_start&amp;#1;&amp;#0;&amp;#16;Ljava/util/Date;&amp;#1;&amp;#0;&amp;#12;birthday_end&amp;#1;&amp;#0;&amp;#6;&lt;init&gt;&amp;#1;&amp;#0;&amp;#3;()V&amp;#1;&amp;#0;&amp;#4;Code
11:39:21,315 DEBUG ResolverUtil:256 - Checking to see if class com.zl.mybatis.pojo.Items matches criteria [is assignable to Object]
11:39:21,315 DEBUG ResolverUtil:256 - Checking to see if class com.zl.mybatis.pojo.Orderdetail matches criteria [is assignable to Object]
11:39:21,315 DEBUG ResolverUtil:256 - Checking to see if class com.zl.mybatis.pojo.Orders matches criteria [is assignable to Object]
11:39:21,315 DEBUG ResolverUtil:256 - Checking to see if class com.zl.mybatis.pojo.OrdersCustom matches criteria [is assignable to Object]
11:39:21,315 DEBUG ResolverUtil:256 - Checking to see if class com.zl.mybatis.pojo.QueryVo matches criteria [is assignable to Object]
11:39:21,316 DEBUG ResolverUtil:256 - Checking to see if class com.zl.mybatis.pojo.User matches criteria [is assignable to Object]
11:39:21,316 DEBUG ResolverUtil:256 - Checking to see if class com.zl.mybatis.pojo.UserAnswerRecord matches criteria [is assignable to Object]
11:39:21,316 DEBUG ResolverUtil:256 - Checking to see if class com.zl.mybatis.pojo.UserCustom matches criteria [is assignable to Object]
11:39:21,317 DEBUG LogFactory:135 - Logging initialized using &apos;class org.apache.ibatis.logging.log4j.Log4jImpl&apos; adapter.
11:39:21,319 DEBUG PooledDataSource:316 - PooledDataSource forcefully closed/removed all connections.
11:39:21,319 DEBUG PooledDataSource:316 - PooledDataSource forcefully closed/removed all connections.
11:39:21,320 DEBUG PooledDataSource:316 - PooledDataSource forcefully closed/removed all connections.
11:39:21,320 DEBUG PooledDataSource:316 - PooledDataSource forcefully closed/removed all connections.
11:39:21,320 DEBUG DefaultVFS:222 - Find JAR URL: file:/E:/develop/workSpaceSelf/exercise/target/classes/com/zl/mybatis/dao
11:39:21,321 DEBUG DefaultVFS:248 - Not a JAR: file:/E:/develop/workSpaceSelf/exercise/target/classes/com/zl/mybatis/dao
11:39:21,321 DEBUG DefaultVFS:102 - Reader entry: OrderMapper.class
11:39:21,321 DEBUG DefaultVFS:102 - Reader entry: OrderMapper.xml
11:39:21,322 DEBUG DefaultVFS:102 - Reader entry: OrderResultTypeMapper.class
11:39:21,322 DEBUG DefaultVFS:102 - Reader entry: OrderResultTypeMapper.xml
11:39:21,322 DEBUG DefaultVFS:102 - Reader entry: PromotionMapper.class
11:39:21,322 DEBUG DefaultVFS:102 - Reader entry: PromotionMapper.xml
11:39:21,323 DEBUG DefaultVFS:102 - Reader entry: UserAnswerRecordMapper.class
11:39:21,323 DEBUG DefaultVFS:102 - Reader entry: UserAnswerRecordMapper.xml
11:39:21,323 DEBUG DefaultVFS:102 - Reader entry: UserMapper.class
11:39:21,323 DEBUG DefaultVFS:102 - Reader entry: UserMapper.xml
11:39:21,324 DEBUG DefaultVFS:113 - Listing file:/E:/develop/workSpaceSelf/exercise/target/classes/com/zl/mybatis/dao
11:39:21,324 DEBUG DefaultVFS:222 - Find JAR URL: file:/E:/develop/workSpaceSelf/exercise/target/classes/com/zl/mybatis/dao/OrderMapper.class
11:39:21,324 DEBUG DefaultVFS:248 - Not a JAR: file:/E:/develop/workSpaceSelf/exercise/target/classes/com/zl/mybatis/dao/OrderMapper.class
11:39:21,325 DEBUG DefaultVFS:102 - Reader entry: 漱壕&amp;#0;&amp;#0;&amp;#0;4&amp;#0;&amp;#17;&amp;#7;&amp;#0;&amp;#2;&amp;#1;&amp;#0;&amp;#30;com/zl/mybatis/dao/OrderMapper&amp;#7;&amp;#0;&amp;#4;&amp;#1;&amp;#0;&amp;#16;java/lang/Object&amp;#1;&amp;#0;&amp;#22;findOrderListResultMap&amp;#1;&amp;#0;&amp;#18;()Ljava/util/List;&amp;#1;&amp;#0;
11:39:21,325 DEBUG DefaultVFS:222 - Find JAR URL: file:/E:/develop/workSpaceSelf/exercise/target/classes/com/zl/mybatis/dao/OrderMapper.xml
11:39:21,325 DEBUG DefaultVFS:248 - Not a JAR: file:/E:/develop/workSpaceSelf/exercise/target/classes/com/zl/mybatis/dao/OrderMapper.xml
11:39:21,326 DEBUG DefaultVFS:102 - Reader entry: &lt;?xml version=&quot;1.0&quot; encoding=&quot;UTF-8&quot;?&gt;
11:39:21,326 DEBUG DefaultVFS:222 - Find JAR URL: file:/E:/develop/workSpaceSelf/exercise/target/classes/com/zl/mybatis/dao/OrderResultTypeMapper.class
11:39:21,327 DEBUG DefaultVFS:248 - Not a JAR: file:/E:/develop/workSpaceSelf/exercise/target/classes/com/zl/mybatis/dao/OrderResultTypeMapper.class
11:39:21,327 DEBUG DefaultVFS:102 - Reader entry: 漱壕&amp;#0;&amp;#0;&amp;#0;4&amp;#0;&amp;#14;&amp;#7;&amp;#0;&amp;#2;&amp;#1;&amp;#0;(com/zl/mybatis/dao/OrderResultTypeMapper&amp;#7;&amp;#0;&amp;#4;&amp;#1;&amp;#0;&amp;#16;java/lang/Object&amp;#1;&amp;#0;&amp;#23;findOrderListResultType&amp;#1;&amp;#0;&amp;#18;()Ljava/util/List;&amp;#1;&amp;#0;
11:39:21,327 DEBUG DefaultVFS:222 - Find JAR URL: file:/E:/develop/workSpaceSelf/exercise/target/classes/com/zl/mybatis/dao/OrderResultTypeMapper.xml
11:39:21,328 DEBUG DefaultVFS:248 - Not a JAR: file:/E:/develop/workSpaceSelf/exercise/target/classes/com/zl/mybatis/dao/OrderResultTypeMapper.xml
11:39:21,328 DEBUG DefaultVFS:102 - Reader entry: &lt;?xml version=&quot;1.0&quot; encoding=&quot;UTF-8&quot;?&gt;
11:39:21,329 DEBUG DefaultVFS:222 - Find JAR URL: file:/E:/develop/workSpaceSelf/exercise/target/classes/com/zl/mybatis/dao/PromotionMapper.class
11:39:21,329 DEBUG DefaultVFS:248 - Not a JAR: file:/E:/develop/workSpaceSelf/exercise/target/classes/com/zl/mybatis/dao/PromotionMapper.class
11:39:21,329 DEBUG DefaultVFS:102 - Reader entry: 漱壕&amp;#0;&amp;#0;&amp;#0;4&amp;#0;&amp;#19;&amp;#7;&amp;#0;&amp;#2;&amp;#1;&amp;#0;&quot;com/zl/mybatis/dao/PromotionMapper&amp;#7;&amp;#0;&amp;#4;&amp;#1;&amp;#0;&amp;#16;java/lang/Object&amp;#1;&amp;#0;
11:39:21,330 DEBUG DefaultVFS:222 - Find JAR URL: file:/E:/develop/workSpaceSelf/exercise/target/classes/com/zl/mybatis/dao/PromotionMapper.xml
11:39:21,330 DEBUG DefaultVFS:248 - Not a JAR: file:/E:/develop/workSpaceSelf/exercise/target/classes/com/zl/mybatis/dao/PromotionMapper.xml
11:39:21,330 DEBUG DefaultVFS:102 - Reader entry: &lt;?xml version=&quot;1.0&quot; encoding=&quot;UTF-8&quot;?&gt;
11:39:21,331 DEBUG DefaultVFS:222 - Find JAR URL: file:/E:/develop/workSpaceSelf/exercise/target/classes/com/zl/mybatis/dao/UserAnswerRecordMapper.class
11:39:21,331 DEBUG DefaultVFS:248 - Not a JAR: file:/E:/develop/workSpaceSelf/exercise/target/classes/com/zl/mybatis/dao/UserAnswerRecordMapper.class
11:39:21,332 DEBUG DefaultVFS:102 - Reader entry: 漱壕&amp;#0;&amp;#0;&amp;#0;4&amp;#0;&amp;#20;&amp;#7;&amp;#0;&amp;#2;&amp;#1;&amp;#0;)com/zl/mybatis/dao/UserAnswerRecordMapper&amp;#7;&amp;#0;&amp;#4;&amp;#1;&amp;#0;&amp;#16;java/lang/Object&amp;#1;&amp;#0;&amp;#23;getUserAnswerRecordList&amp;#1;&amp;#0;;(Lcom/zl/mybatis/entity/UserAnswerQueryVo;)Ljava/util/List;&amp;#1;&amp;#0;	Signature&amp;#1;&amp;#0;c(Lcom/zl/mybatis/entity/UserAnswerQueryVo;)Ljava/util/List&lt;Lcom/zl/mybatis/pojo/UserAnswerRecord;&gt;;&amp;#1;&amp;#0;&amp;#22;delAnswerEvertRuleById&amp;#1;&amp;#0;&amp;#21;(Ljava/lang/String;)I&amp;#1;&amp;#0;&amp;#25;selectAnswerEvertRuleById&amp;#1;&amp;#0;$(Ljava/lang/String;)Ljava/util/List;&amp;#1;&amp;#0;9(Ljava/lang/String;)Ljava/util/List&lt;Ljava/lang/Integer;&gt;;&amp;#1;&amp;#0;&amp;#23;delAnswerEventConfnById&amp;#1;&amp;#0;&amp;#24;getUserAnswerRecordList1&amp;#1;&amp;#0;&amp;#15;insertRdoEnitiy&amp;#1;&amp;#0;&apos;(Lcom/zl/mybatis/entity/RdoOrderInfo;)V&amp;#1;&amp;#0;
11:39:21,332 DEBUG DefaultVFS:222 - Find JAR URL: file:/E:/develop/workSpaceSelf/exercise/target/classes/com/zl/mybatis/dao/UserAnswerRecordMapper.xml
11:39:21,332 DEBUG DefaultVFS:248 - Not a JAR: file:/E:/develop/workSpaceSelf/exercise/target/classes/com/zl/mybatis/dao/UserAnswerRecordMapper.xml
11:39:21,333 DEBUG DefaultVFS:102 - Reader entry: &lt;?xml version=&quot;1.0&quot; encoding=&quot;UTF-8&quot;?&gt;
11:39:21,333 DEBUG DefaultVFS:222 - Find JAR URL: file:/E:/develop/workSpaceSelf/exercise/target/classes/com/zl/mybatis/dao/UserMapper.class
11:39:21,334 DEBUG DefaultVFS:248 - Not a JAR: file:/E:/develop/workSpaceSelf/exercise/target/classes/com/zl/mybatis/dao/UserMapper.class
11:39:21,334 DEBUG DefaultVFS:102 - Reader entry: 漱壕&amp;#0;&amp;#0;&amp;#0;4&amp;#0; &amp;#7;&amp;#0;&amp;#2;&amp;#1;&amp;#0;&amp;#29;com/zl/mybatis/dao/UserMapper&amp;#7;&amp;#0;&amp;#4;&amp;#1;&amp;#0;&amp;#16;java/lang/Object&amp;#1;&amp;#0;&amp;#11;getUserById&amp;#1;&amp;#0;&amp;#29;(I)Lcom/zl/mybatis/pojo/User;&amp;#1;&amp;#0;
11:39:21,335 DEBUG DefaultVFS:222 - Find JAR URL: file:/E:/develop/workSpaceSelf/exercise/target/classes/com/zl/mybatis/dao/UserMapper.xml
11:39:21,335 DEBUG DefaultVFS:248 - Not a JAR: file:/E:/develop/workSpaceSelf/exercise/target/classes/com/zl/mybatis/dao/UserMapper.xml
11:39:21,336 DEBUG DefaultVFS:102 - Reader entry: &lt;?xml version=&quot;1.0&quot; encoding=&quot;UTF-8&quot;?&gt;
11:39:21,336 DEBUG ResolverUtil:256 - Checking to see if class com.zl.mybatis.dao.OrderMapper matches criteria [is assignable to Object]
11:39:21,336 DEBUG ResolverUtil:256 - Checking to see if class com.zl.mybatis.dao.OrderResultTypeMapper matches criteria [is assignable to Object]
11:39:21,337 DEBUG ResolverUtil:256 - Checking to see if class com.zl.mybatis.dao.PromotionMapper matches criteria [is assignable to Object]
11:39:21,337 DEBUG ResolverUtil:256 - Checking to see if class com.zl.mybatis.dao.UserAnswerRecordMapper matches criteria [is assignable to Object]
11:39:21,337 DEBUG ResolverUtil:256 - Checking to see if class com.zl.mybatis.dao.UserMapper matches criteria [is assignable to Object]
</system-out>
  </testcase>
  <testcase classname="com.zl.test.sql.OrderDaoTest" name="test444" time="0.059">
    <error message="Could not initialize class org.mybatis.caches.ehcache.EhcacheCache" type="java.lang.NoClassDefFoundError">java.lang.NoClassDefFoundError: Could not initialize class org.mybatis.caches.ehcache.EhcacheCache
	at java.lang.Class.forName0(Native Method)
	at java.lang.Class.forName(Class.java:348)
	at org.apache.ibatis.io.ClassLoaderWrapper.classForName(ClassLoaderWrapper.java:186)
	at org.apache.ibatis.io.ClassLoaderWrapper.classForName(ClassLoaderWrapper.java:89)
	at org.apache.ibatis.io.Resources.classForName(Resources.java:261)
	at org.apache.ibatis.type.TypeAliasRegistry.resolveAlias(TypeAliasRegistry.java:116)
	at org.apache.ibatis.builder.xml.XMLMapperBuilder.cacheElement(XMLMapperBuilder.java:202)
	at org.apache.ibatis.builder.xml.XMLMapperBuilder.configurationElement(XMLMapperBuilder.java:114)
	at org.apache.ibatis.builder.xml.XMLMapperBuilder.parse(XMLMapperBuilder.java:92)
	at org.apache.ibatis.builder.annotation.MapperAnnotationBuilder.loadXmlResource(MapperAnnotationBuilder.java:173)
	at org.apache.ibatis.builder.annotation.MapperAnnotationBuilder.parse(MapperAnnotationBuilder.java:124)
	at org.apache.ibatis.binding.MapperRegistry.addMapper(MapperRegistry.java:72)
	at org.apache.ibatis.binding.MapperRegistry.addMappers(MapperRegistry.java:97)
	at org.apache.ibatis.binding.MapperRegistry.addMappers(MapperRegistry.java:105)
	at org.apache.ibatis.session.Configuration.addMappers(Configuration.java:724)
	at org.apache.ibatis.builder.xml.XMLConfigBuilder.mapperElement(XMLConfigBuilder.java:360)
	at org.apache.ibatis.builder.xml.XMLConfigBuilder.parseConfiguration(XMLConfigBuilder.java:118)
	at org.apache.ibatis.builder.xml.XMLConfigBuilder.parse(XMLConfigBuilder.java:98)
	at org.apache.ibatis.session.SqlSessionFactoryBuilder.build(SqlSessionFactoryBuilder.java:78)
	at org.apache.ibatis.session.SqlSessionFactoryBuilder.build(SqlSessionFactoryBuilder.java:64)
	at com.zl.utils.MyBatisUtils.getnewInstance(MyBatisUtils.java:28)
	at com.zl.test.sql.OrderDaoTest.before(OrderDaoTest.java:44)
	at sun.reflect.GeneratedMethodAccessor10.invoke(Unknown Source)
	at sun.reflect.DelegatingMethodAccessorImpl.invoke(DelegatingMethodAccessorImpl.java:43)
	at java.lang.reflect.Method.invoke(Method.java:498)
	at org.junit.runners.model.FrameworkMethod$1.runReflectiveCall(FrameworkMethod.java:45)
	at org.junit.internal.runners.model.ReflectiveCallable.run(ReflectiveCallable.java:15)
	at org.junit.runners.model.FrameworkMethod.invokeExplosively(FrameworkMethod.java:42)
	at org.junit.internal.runners.statements.RunBefores.evaluate(RunBefores.java:27)
	at org.junit.runners.ParentRunner.runLeaf(ParentRunner.java:263)
	at org.junit.runners.BlockJUnit4ClassRunner.runChild(BlockJUnit4ClassRunner.java:68)
	at org.junit.runners.BlockJUnit4ClassRunner.runChild(BlockJUnit4ClassRunner.java:47)
	at org.junit.runners.ParentRunner$3.run(ParentRunner.java:231)
	at org.junit.runners.ParentRunner$1.schedule(ParentRunner.java:60)
	at org.junit.runners.ParentRunner.runChildren(ParentRunner.java:229)
	at org.junit.runners.ParentRunner.access$000(ParentRunner.java:50)
	at org.junit.runners.ParentRunner$2.evaluate(ParentRunner.java:222)
	at org.junit.runners.ParentRunner.run(ParentRunner.java:300)
	at org.apache.maven.surefire.junit4.JUnit4Provider.execute(JUnit4Provider.java:252)
	at org.apache.maven.surefire.junit4.JUnit4Provider.executeTestSet(JUnit4Provider.java:141)
	at org.apache.maven.surefire.junit4.JUnit4Provider.invoke(JUnit4Provider.java:112)
	at sun.reflect.NativeMethodAccessorImpl.invoke0(Native Method)
	at sun.reflect.NativeMethodAccessorImpl.invoke(NativeMethodAccessorImpl.java:62)
	at sun.reflect.DelegatingMethodAccessorImpl.invoke(DelegatingMethodAccessorImpl.java:43)
	at java.lang.reflect.Method.invoke(Method.java:498)
	at org.apache.maven.surefire.util.ReflectionUtils.invokeMethodWithArray(ReflectionUtils.java:189)
	at org.apache.maven.surefire.booter.ProviderFactory$ProviderProxy.invoke(ProviderFactory.java:165)
	at org.apache.maven.surefire.booter.ProviderFactory.invokeProvider(ProviderFactory.java:85)
	at org.apache.maven.surefire.booter.ForkedBooter.runSuitesInProcess(ForkedBooter.java:115)
	at org.apache.maven.surefire.booter.ForkedBooter.main(ForkedBooter.java:75)
</error>
    <system-out>11:39:21,365 DEBUG DefaultVFS:222 - Find JAR URL: file:/E:/develop/workSpaceSelf/exercise/target/classes/com/zl/mybatis/pojo
11:39:21,365 DEBUG DefaultVFS:248 - Not a JAR: file:/E:/develop/workSpaceSelf/exercise/target/classes/com/zl/mybatis/pojo
11:39:21,366 DEBUG DefaultVFS:102 - Reader entry: Items.class
11:39:21,367 DEBUG DefaultVFS:102 - Reader entry: Orderdetail.class
11:39:21,367 DEBUG DefaultVFS:102 - Reader entry: Orders.class
11:39:21,367 DEBUG DefaultVFS:102 - Reader entry: OrdersCustom.class
11:39:21,368 DEBUG DefaultVFS:102 - Reader entry: QueryVo.class
11:39:21,368 DEBUG DefaultVFS:102 - Reader entry: User.class
11:39:21,369 DEBUG DefaultVFS:102 - Reader entry: UserAnswerRecord.class
11:39:21,369 DEBUG DefaultVFS:102 - Reader entry: UserCustom.class
11:39:21,370 DEBUG DefaultVFS:113 - Listing file:/E:/develop/workSpaceSelf/exercise/target/classes/com/zl/mybatis/pojo
11:39:21,370 DEBUG DefaultVFS:222 - Find JAR URL: file:/E:/develop/workSpaceSelf/exercise/target/classes/com/zl/mybatis/pojo/Items.class
11:39:21,370 DEBUG DefaultVFS:248 - Not a JAR: file:/E:/develop/workSpaceSelf/exercise/target/classes/com/zl/mybatis/pojo/Items.class
11:39:21,371 DEBUG DefaultVFS:102 - Reader entry: 漱壕&amp;#0;&amp;#0;&amp;#0;4&amp;#0;k&amp;#7;&amp;#0;&amp;#2;&amp;#1;&amp;#0;&amp;#25;com/zl/mybatis/pojo/Items&amp;#7;&amp;#0;&amp;#4;&amp;#1;&amp;#0;&amp;#16;java/lang/Object&amp;#7;&amp;#0;&amp;#6;&amp;#1;&amp;#0;&amp;#20;java/io/Serializable&amp;#1;&amp;#0;&amp;#2;id&amp;#1;&amp;#0;&amp;#19;Ljava/lang/Integer;&amp;#1;&amp;#0;&amp;#4;name&amp;#1;&amp;#0;&amp;#18;Ljava/lang/String;&amp;#1;&amp;#0;&amp;#5;price&amp;#1;&amp;#0;&amp;#17;Ljava/lang/Float;&amp;#1;&amp;#0;&amp;#3;pic&amp;#1;&amp;#0;
11:39:21,371 DEBUG DefaultVFS:222 - Find JAR URL: file:/E:/develop/workSpaceSelf/exercise/target/classes/com/zl/mybatis/pojo/Orderdetail.class
11:39:21,372 DEBUG DefaultVFS:248 - Not a JAR: file:/E:/develop/workSpaceSelf/exercise/target/classes/com/zl/mybatis/pojo/Orderdetail.class
11:39:21,372 DEBUG DefaultVFS:102 - Reader entry: 漱壕&amp;#0;&amp;#0;&amp;#0;4&amp;#0;K&amp;#7;&amp;#0;&amp;#2;&amp;#1;&amp;#0;&amp;#31;com/zl/mybatis/pojo/Orderdetail&amp;#7;&amp;#0;&amp;#4;&amp;#1;&amp;#0;&amp;#16;java/lang/Object&amp;#7;&amp;#0;&amp;#6;&amp;#1;&amp;#0;&amp;#20;java/io/Serializable&amp;#1;&amp;#0;&amp;#2;id&amp;#1;&amp;#0;&amp;#19;Ljava/lang/Integer;&amp;#1;&amp;#0;&amp;#8;ordersId&amp;#1;&amp;#0;&amp;#7;itemsId&amp;#1;&amp;#0;&amp;#8;itemsNum&amp;#1;&amp;#0;&amp;#5;items&amp;#1;&amp;#0;&amp;#27;Lcom/zl/mybatis/pojo/Items;&amp;#1;&amp;#0;&amp;#6;&lt;init&gt;&amp;#1;&amp;#0;&amp;#3;()V&amp;#1;&amp;#0;&amp;#4;Code
11:39:21,373 DEBUG DefaultVFS:222 - Find JAR URL: file:/E:/develop/workSpaceSelf/exercise/target/classes/com/zl/mybatis/pojo/Orders.class
11:39:21,373 DEBUG DefaultVFS:248 - Not a JAR: file:/E:/develop/workSpaceSelf/exercise/target/classes/com/zl/mybatis/pojo/Orders.class
11:39:21,373 DEBUG DefaultVFS:102 - Reader entry: 漱壕&amp;#0;&amp;#0;&amp;#0;4&amp;#0;m&amp;#7;&amp;#0;&amp;#2;&amp;#1;&amp;#0;&amp;#26;com/zl/mybatis/pojo/Orders&amp;#7;&amp;#0;&amp;#4;&amp;#1;&amp;#0;&amp;#16;java/lang/Object&amp;#7;&amp;#0;&amp;#6;&amp;#1;&amp;#0;&amp;#20;java/io/Serializable&amp;#1;&amp;#0;&amp;#2;id&amp;#1;&amp;#0;&amp;#19;Ljava/lang/Integer;&amp;#1;&amp;#0;&amp;#6;userId&amp;#1;&amp;#0;&amp;#6;number&amp;#1;&amp;#0;&amp;#18;Ljava/lang/String;&amp;#1;&amp;#0;
11:39:21,374 DEBUG DefaultVFS:222 - Find JAR URL: file:/E:/develop/workSpaceSelf/exercise/target/classes/com/zl/mybatis/pojo/OrdersCustom.class
11:39:21,374 DEBUG DefaultVFS:248 - Not a JAR: file:/E:/develop/workSpaceSelf/exercise/target/classes/com/zl/mybatis/pojo/OrdersCustom.class
11:39:21,375 DEBUG DefaultVFS:102 - Reader entry: 漱壕&amp;#0;&amp;#0;&amp;#0;4&amp;#0;&amp;#29;&amp;#7;&amp;#0;&amp;#2;&amp;#1;&amp;#0; com/zl/mybatis/pojo/OrdersCustom&amp;#7;&amp;#0;&amp;#4;&amp;#1;&amp;#0;&amp;#26;com/zl/mybatis/pojo/Orders&amp;#1;&amp;#0;&amp;#8;username&amp;#1;&amp;#0;&amp;#18;Ljava/lang/String;&amp;#1;&amp;#0;&amp;#7;address&amp;#1;&amp;#0;&amp;#6;&lt;init&gt;&amp;#1;&amp;#0;&amp;#3;()V&amp;#1;&amp;#0;&amp;#4;Code
11:39:21,375 DEBUG DefaultVFS:222 - Find JAR URL: file:/E:/develop/workSpaceSelf/exercise/target/classes/com/zl/mybatis/pojo/QueryVo.class
11:39:21,376 DEBUG DefaultVFS:248 - Not a JAR: file:/E:/develop/workSpaceSelf/exercise/target/classes/com/zl/mybatis/pojo/QueryVo.class
11:39:21,376 DEBUG DefaultVFS:102 - Reader entry: 漱壕&amp;#0;&amp;#0;&amp;#0;4&amp;#0; &amp;#7;&amp;#0;&amp;#2;&amp;#1;&amp;#0;&amp;#27;com/zl/mybatis/pojo/QueryVo&amp;#7;&amp;#0;&amp;#4;&amp;#1;&amp;#0;&amp;#16;java/lang/Object&amp;#1;&amp;#0;&amp;#4;user&amp;#1;&amp;#0;&amp;#26;Lcom/zl/mybatis/pojo/User;&amp;#1;&amp;#0;
11:39:21,376 DEBUG DefaultVFS:222 - Find JAR URL: file:/E:/develop/workSpaceSelf/exercise/target/classes/com/zl/mybatis/pojo/User.class
11:39:21,377 DEBUG DefaultVFS:248 - Not a JAR: file:/E:/develop/workSpaceSelf/exercise/target/classes/com/zl/mybatis/pojo/User.class
11:39:21,377 DEBUG DefaultVFS:102 - Reader entry: 漱壕&amp;#0;&amp;#0;&amp;#0;4&amp;#0;U&amp;#7;&amp;#0;&amp;#2;&amp;#1;&amp;#0;&amp;#24;com/zl/mybatis/pojo/User&amp;#7;&amp;#0;&amp;#4;&amp;#1;&amp;#0;&amp;#16;java/lang/Object&amp;#7;&amp;#0;&amp;#6;&amp;#1;&amp;#0;&amp;#20;java/io/Serializable&amp;#1;&amp;#0;&amp;#2;id&amp;#1;&amp;#0;&amp;#1;I&amp;#1;&amp;#0;&amp;#8;username&amp;#1;&amp;#0;&amp;#18;Ljava/lang/String;&amp;#1;&amp;#0;&amp;#3;sex&amp;#1;&amp;#0;&amp;#8;birthday&amp;#1;&amp;#0;&amp;#16;Ljava/util/Date;&amp;#1;&amp;#0;&amp;#7;address&amp;#1;&amp;#0;&amp;#6;orders&amp;#1;&amp;#0;&amp;#16;Ljava/util/List;&amp;#1;&amp;#0;	Signature&amp;#1;&amp;#0;.Ljava/util/List&lt;Lcom/zl/mybatis/pojo/Orders;&gt;;&amp;#1;&amp;#0;&amp;#6;&lt;init&gt;&amp;#1;&amp;#0;&amp;#3;()V&amp;#1;&amp;#0;&amp;#4;Code
11:39:21,378 DEBUG DefaultVFS:222 - Find JAR URL: file:/E:/develop/workSpaceSelf/exercise/target/classes/com/zl/mybatis/pojo/UserAnswerRecord.class
11:39:21,378 DEBUG DefaultVFS:248 - Not a JAR: file:/E:/develop/workSpaceSelf/exercise/target/classes/com/zl/mybatis/pojo/UserAnswerRecord.class
11:39:21,379 DEBUG DefaultVFS:102 - Reader entry: 漱壕&amp;#0;&amp;#0;&amp;#0;4&amp;#0;?&amp;#7;&amp;#0;&amp;#2;&amp;#1;&amp;#0;$com/zl/mybatis/pojo/UserAnswerRecord&amp;#7;&amp;#0;&amp;#4;&amp;#1;&amp;#0;&amp;#16;java/lang/Object&amp;#1;&amp;#0;&amp;#2;id&amp;#1;&amp;#0;&amp;#18;Ljava/lang/String;&amp;#1;&amp;#0;&amp;#7;eventid&amp;#1;&amp;#0;
11:39:21,379 DEBUG DefaultVFS:222 - Find JAR URL: file:/E:/develop/workSpaceSelf/exercise/target/classes/com/zl/mybatis/pojo/UserCustom.class
11:39:21,379 DEBUG DefaultVFS:248 - Not a JAR: file:/E:/develop/workSpaceSelf/exercise/target/classes/com/zl/mybatis/pojo/UserCustom.class
11:39:21,380 DEBUG DefaultVFS:102 - Reader entry: 漱壕&amp;#0;&amp;#0;&amp;#0;4&amp;#0;&amp;#19;&amp;#7;&amp;#0;&amp;#2;&amp;#1;&amp;#0;&amp;#30;com/zl/mybatis/pojo/UserCustom&amp;#7;&amp;#0;&amp;#4;&amp;#1;&amp;#0;&amp;#24;com/zl/mybatis/pojo/User&amp;#1;&amp;#0;&amp;#14;birthday_start&amp;#1;&amp;#0;&amp;#16;Ljava/util/Date;&amp;#1;&amp;#0;&amp;#12;birthday_end&amp;#1;&amp;#0;&amp;#6;&lt;init&gt;&amp;#1;&amp;#0;&amp;#3;()V&amp;#1;&amp;#0;&amp;#4;Code
11:39:21,380 DEBUG ResolverUtil:256 - Checking to see if class com.zl.mybatis.pojo.Items matches criteria [is assignable to Object]
11:39:21,381 DEBUG ResolverUtil:256 - Checking to see if class com.zl.mybatis.pojo.Orderdetail matches criteria [is assignable to Object]
11:39:21,381 DEBUG ResolverUtil:256 - Checking to see if class com.zl.mybatis.pojo.Orders matches criteria [is assignable to Object]
11:39:21,381 DEBUG ResolverUtil:256 - Checking to see if class com.zl.mybatis.pojo.OrdersCustom matches criteria [is assignable to Object]
11:39:21,381 DEBUG ResolverUtil:256 - Checking to see if class com.zl.mybatis.pojo.QueryVo matches criteria [is assignable to Object]
11:39:21,382 DEBUG ResolverUtil:256 - Checking to see if class com.zl.mybatis.pojo.User matches criteria [is assignable to Object]
11:39:21,382 DEBUG ResolverUtil:256 - Checking to see if class com.zl.mybatis.pojo.UserAnswerRecord matches criteria [is assignable to Object]
11:39:21,382 DEBUG ResolverUtil:256 - Checking to see if class com.zl.mybatis.pojo.UserCustom matches criteria [is assignable to Object]
11:39:21,383 DEBUG LogFactory:135 - Logging initialized using &apos;class org.apache.ibatis.logging.log4j.Log4jImpl&apos; adapter.
11:39:21,385 DEBUG PooledDataSource:316 - PooledDataSource forcefully closed/removed all connections.
11:39:21,385 DEBUG PooledDataSource:316 - PooledDataSource forcefully closed/removed all connections.
11:39:21,385 DEBUG PooledDataSource:316 - PooledDataSource forcefully closed/removed all connections.
11:39:21,385 DEBUG PooledDataSource:316 - PooledDataSource forcefully closed/removed all connections.
11:39:21,386 DEBUG DefaultVFS:222 - Find JAR URL: file:/E:/develop/workSpaceSelf/exercise/target/classes/com/zl/mybatis/dao
11:39:21,387 DEBUG DefaultVFS:248 - Not a JAR: file:/E:/develop/workSpaceSelf/exercise/target/classes/com/zl/mybatis/dao
11:39:21,388 DEBUG DefaultVFS:102 - Reader entry: OrderMapper.class
11:39:21,388 DEBUG DefaultVFS:102 - Reader entry: OrderMapper.xml
11:39:21,388 DEBUG DefaultVFS:102 - Reader entry: OrderResultTypeMapper.class
11:39:21,389 DEBUG DefaultVFS:102 - Reader entry: OrderResultTypeMapper.xml
11:39:21,389 DEBUG DefaultVFS:102 - Reader entry: PromotionMapper.class
11:39:21,390 DEBUG DefaultVFS:102 - Reader entry: PromotionMapper.xml
11:39:21,390 DEBUG DefaultVFS:102 - Reader entry: UserAnswerRecordMapper.class
11:39:21,390 DEBUG DefaultVFS:102 - Reader entry: UserAnswerRecordMapper.xml
11:39:21,391 DEBUG DefaultVFS:102 - Reader entry: UserMapper.class
11:39:21,391 DEBUG DefaultVFS:102 - Reader entry: UserMapper.xml
11:39:21,391 DEBUG DefaultVFS:113 - Listing file:/E:/develop/workSpaceSelf/exercise/target/classes/com/zl/mybatis/dao
11:39:21,392 DEBUG DefaultVFS:222 - Find JAR URL: file:/E:/develop/workSpaceSelf/exercise/target/classes/com/zl/mybatis/dao/OrderMapper.class
11:39:21,392 DEBUG DefaultVFS:248 - Not a JAR: file:/E:/develop/workSpaceSelf/exercise/target/classes/com/zl/mybatis/dao/OrderMapper.class
11:39:21,392 DEBUG DefaultVFS:102 - Reader entry: 漱壕&amp;#0;&amp;#0;&amp;#0;4&amp;#0;&amp;#17;&amp;#7;&amp;#0;&amp;#2;&amp;#1;&amp;#0;&amp;#30;com/zl/mybatis/dao/OrderMapper&amp;#7;&amp;#0;&amp;#4;&amp;#1;&amp;#0;&amp;#16;java/lang/Object&amp;#1;&amp;#0;&amp;#22;findOrderListResultMap&amp;#1;&amp;#0;&amp;#18;()Ljava/util/List;&amp;#1;&amp;#0;
11:39:21,393 DEBUG DefaultVFS:222 - Find JAR URL: file:/E:/develop/workSpaceSelf/exercise/target/classes/com/zl/mybatis/dao/OrderMapper.xml
11:39:21,393 DEBUG DefaultVFS:248 - Not a JAR: file:/E:/develop/workSpaceSelf/exercise/target/classes/com/zl/mybatis/dao/OrderMapper.xml
11:39:21,394 DEBUG DefaultVFS:102 - Reader entry: &lt;?xml version=&quot;1.0&quot; encoding=&quot;UTF-8&quot;?&gt;
11:39:21,394 DEBUG DefaultVFS:222 - Find JAR URL: file:/E:/develop/workSpaceSelf/exercise/target/classes/com/zl/mybatis/dao/OrderResultTypeMapper.class
11:39:21,394 DEBUG DefaultVFS:248 - Not a JAR: file:/E:/develop/workSpaceSelf/exercise/target/classes/com/zl/mybatis/dao/OrderResultTypeMapper.class
11:39:21,395 DEBUG DefaultVFS:102 - Reader entry: 漱壕&amp;#0;&amp;#0;&amp;#0;4&amp;#0;&amp;#14;&amp;#7;&amp;#0;&amp;#2;&amp;#1;&amp;#0;(com/zl/mybatis/dao/OrderResultTypeMapper&amp;#7;&amp;#0;&amp;#4;&amp;#1;&amp;#0;&amp;#16;java/lang/Object&amp;#1;&amp;#0;&amp;#23;findOrderListResultType&amp;#1;&amp;#0;&amp;#18;()Ljava/util/List;&amp;#1;&amp;#0;
11:39:21,395 DEBUG DefaultVFS:222 - Find JAR URL: file:/E:/develop/workSpaceSelf/exercise/target/classes/com/zl/mybatis/dao/OrderResultTypeMapper.xml
11:39:21,395 DEBUG DefaultVFS:248 - Not a JAR: file:/E:/develop/workSpaceSelf/exercise/target/classes/com/zl/mybatis/dao/OrderResultTypeMapper.xml
11:39:21,396 DEBUG DefaultVFS:102 - Reader entry: &lt;?xml version=&quot;1.0&quot; encoding=&quot;UTF-8&quot;?&gt;
11:39:21,396 DEBUG DefaultVFS:222 - Find JAR URL: file:/E:/develop/workSpaceSelf/exercise/target/classes/com/zl/mybatis/dao/PromotionMapper.class
11:39:21,397 DEBUG DefaultVFS:248 - Not a JAR: file:/E:/develop/workSpaceSelf/exercise/target/classes/com/zl/mybatis/dao/PromotionMapper.class
11:39:21,397 DEBUG DefaultVFS:102 - Reader entry: 漱壕&amp;#0;&amp;#0;&amp;#0;4&amp;#0;&amp;#19;&amp;#7;&amp;#0;&amp;#2;&amp;#1;&amp;#0;&quot;com/zl/mybatis/dao/PromotionMapper&amp;#7;&amp;#0;&amp;#4;&amp;#1;&amp;#0;&amp;#16;java/lang/Object&amp;#1;&amp;#0;
11:39:21,397 DEBUG DefaultVFS:222 - Find JAR URL: file:/E:/develop/workSpaceSelf/exercise/target/classes/com/zl/mybatis/dao/PromotionMapper.xml
11:39:21,397 DEBUG DefaultVFS:248 - Not a JAR: file:/E:/develop/workSpaceSelf/exercise/target/classes/com/zl/mybatis/dao/PromotionMapper.xml
11:39:21,398 DEBUG DefaultVFS:102 - Reader entry: &lt;?xml version=&quot;1.0&quot; encoding=&quot;UTF-8&quot;?&gt;
11:39:21,398 DEBUG DefaultVFS:222 - Find JAR URL: file:/E:/develop/workSpaceSelf/exercise/target/classes/com/zl/mybatis/dao/UserAnswerRecordMapper.class
11:39:21,398 DEBUG DefaultVFS:248 - Not a JAR: file:/E:/develop/workSpaceSelf/exercise/target/classes/com/zl/mybatis/dao/UserAnswerRecordMapper.class
11:39:21,398 DEBUG DefaultVFS:102 - Reader entry: 漱壕&amp;#0;&amp;#0;&amp;#0;4&amp;#0;&amp;#20;&amp;#7;&amp;#0;&amp;#2;&amp;#1;&amp;#0;)com/zl/mybatis/dao/UserAnswerRecordMapper&amp;#7;&amp;#0;&amp;#4;&amp;#1;&amp;#0;&amp;#16;java/lang/Object&amp;#1;&amp;#0;&amp;#23;getUserAnswerRecordList&amp;#1;&amp;#0;;(Lcom/zl/mybatis/entity/UserAnswerQueryVo;)Ljava/util/List;&amp;#1;&amp;#0;	Signature&amp;#1;&amp;#0;c(Lcom/zl/mybatis/entity/UserAnswerQueryVo;)Ljava/util/List&lt;Lcom/zl/mybatis/pojo/UserAnswerRecord;&gt;;&amp;#1;&amp;#0;&amp;#22;delAnswerEvertRuleById&amp;#1;&amp;#0;&amp;#21;(Ljava/lang/String;)I&amp;#1;&amp;#0;&amp;#25;selectAnswerEvertRuleById&amp;#1;&amp;#0;$(Ljava/lang/String;)Ljava/util/List;&amp;#1;&amp;#0;9(Ljava/lang/String;)Ljava/util/List&lt;Ljava/lang/Integer;&gt;;&amp;#1;&amp;#0;&amp;#23;delAnswerEventConfnById&amp;#1;&amp;#0;&amp;#24;getUserAnswerRecordList1&amp;#1;&amp;#0;&amp;#15;insertRdoEnitiy&amp;#1;&amp;#0;&apos;(Lcom/zl/mybatis/entity/RdoOrderInfo;)V&amp;#1;&amp;#0;
11:39:21,399 DEBUG DefaultVFS:222 - Find JAR URL: file:/E:/develop/workSpaceSelf/exercise/target/classes/com/zl/mybatis/dao/UserAnswerRecordMapper.xml
11:39:21,399 DEBUG DefaultVFS:248 - Not a JAR: file:/E:/develop/workSpaceSelf/exercise/target/classes/com/zl/mybatis/dao/UserAnswerRecordMapper.xml
11:39:21,399 DEBUG DefaultVFS:102 - Reader entry: &lt;?xml version=&quot;1.0&quot; encoding=&quot;UTF-8&quot;?&gt;
11:39:21,400 DEBUG DefaultVFS:222 - Find JAR URL: file:/E:/develop/workSpaceSelf/exercise/target/classes/com/zl/mybatis/dao/UserMapper.class
11:39:21,400 DEBUG DefaultVFS:248 - Not a JAR: file:/E:/develop/workSpaceSelf/exercise/target/classes/com/zl/mybatis/dao/UserMapper.class
11:39:21,400 DEBUG DefaultVFS:102 - Reader entry: 漱壕&amp;#0;&amp;#0;&amp;#0;4&amp;#0; &amp;#7;&amp;#0;&amp;#2;&amp;#1;&amp;#0;&amp;#29;com/zl/mybatis/dao/UserMapper&amp;#7;&amp;#0;&amp;#4;&amp;#1;&amp;#0;&amp;#16;java/lang/Object&amp;#1;&amp;#0;&amp;#11;getUserById&amp;#1;&amp;#0;&amp;#29;(I)Lcom/zl/mybatis/pojo/User;&amp;#1;&amp;#0;
11:39:21,400 DEBUG DefaultVFS:222 - Find JAR URL: file:/E:/develop/workSpaceSelf/exercise/target/classes/com/zl/mybatis/dao/UserMapper.xml
11:39:21,400 DEBUG DefaultVFS:248 - Not a JAR: file:/E:/develop/workSpaceSelf/exercise/target/classes/com/zl/mybatis/dao/UserMapper.xml
11:39:21,401 DEBUG DefaultVFS:102 - Reader entry: &lt;?xml version=&quot;1.0&quot; encoding=&quot;UTF-8&quot;?&gt;
11:39:21,401 DEBUG ResolverUtil:256 - Checking to see if class com.zl.mybatis.dao.OrderMapper matches criteria [is assignable to Object]
11:39:21,401 DEBUG ResolverUtil:256 - Checking to see if class com.zl.mybatis.dao.OrderResultTypeMapper matches criteria [is assignable to Object]
11:39:21,402 DEBUG ResolverUtil:256 - Checking to see if class com.zl.mybatis.dao.PromotionMapper matches criteria [is assignable to Object]
11:39:21,402 DEBUG ResolverUtil:256 - Checking to see if class com.zl.mybatis.dao.UserAnswerRecordMapper matches criteria [is assignable to Object]
11:39:21,402 DEBUG ResolverUtil:256 - Checking to see if class com.zl.mybatis.dao.UserMapper matches criteria [is assignable to Object]
</system-out>
  </testcase>
</testsuite>